perl: warning: Setting locale failed.
perl: warning: Please check that your locale settings:
	LANGUAGE = (unset),
	LC_ALL = (unset),
	LC_PAPER = "de_DE.UTF-8",
	LC_ADDRESS = "de_DE.UTF-8",
	LC_MONETARY = "de_DE.UTF-8",
	LC_NUMERIC = "de_DE.UTF-8",
	LC_TELEPHONE = "de_DE.UTF-8",
	LC_IDENTIFICATION = "de_DE.UTF-8",
	LC_MEASUREMENT = "de_DE.UTF-8",
	LC_TIME = "de_DE.UTF-8",
	LC_NAME = "de_DE.UTF-8",
	LANG = "C"
    are supported and installed on your system.
perl: warning: Falling back to the standard locale ("C").
**** Following environment variables are going to be unset.
       UTM_XSD_DIR
       CMS_OPENLOOPS_PREFIX
       ROOT_TTREECACHE_PREFILL
       TEXMFHOME
       ROOT_TTREECACHE_SIZE
Missing variable CMS_bkg_fit_slope3_CMS_jj_ZZLP_13TeV declared as flatParam, will create one!
