000 (2018787.001.000) 06/09 14:21:51 Job submitted from host: <129.13.101.142:9618?addrs=129.13.101.142-9618&noUDP&sock=7538_ce86_4>
...
001 (2018787.001.000) 06/09 14:23:45 Job executing on host: <129.13.102.219:9618?addrs=129.13.102.219-9618&noUDP&sock=96349_4ae7_4>
...
005 (2018787.001.000) 06/09 14:23:52 Job terminated.
	(1) Normal termination (return value 0)
		Usr 0 00:00:00, Sys 0 00:00:00  -  Run Remote Usage
		Usr 0 00:00:00, Sys 0 00:00:00  -  Run Local Usage
		Usr 0 00:00:00, Sys 0 00:00:00  -  Total Remote Usage
		Usr 0 00:00:00, Sys 0 00:00:00  -  Total Local Usage
	2296  -  Run Bytes Sent By Job
	3004  -  Run Bytes Received By Job
	2296  -  Total Bytes Sent By Job
	3004  -  Total Bytes Received By Job
	Partitionable Resources :    Usage  Request Allocated
	   Cpus                 :                 1         1
	   Disk (KB)            :      207   750000    839840
	   Memory (MB)          :              3000      3000
...
000 (2018788.001.000) 06/09 14:30:12 Job submitted from host: <129.13.101.142:9618?addrs=129.13.101.142-9618&noUDP&sock=7538_ce86_4>
...
001 (2018788.001.000) 06/09 14:30:44 Job executing on host: <129.13.102.219:9618?addrs=129.13.102.219-9618&noUDP&sock=96349_4ae7_4>
...
005 (2018788.001.000) 06/09 14:30:47 Job terminated.
	(1) Normal termination (return value 0)
		Usr 0 00:00:00, Sys 0 00:00:00  -  Run Remote Usage
		Usr 0 00:00:00, Sys 0 00:00:00  -  Run Local Usage
		Usr 0 00:00:00, Sys 0 00:00:00  -  Total Remote Usage
		Usr 0 00:00:00, Sys 0 00:00:00  -  Total Local Usage
	3393  -  Run Bytes Sent By Job
	3004  -  Run Bytes Received By Job
	3393  -  Total Bytes Sent By Job
	3004  -  Total Bytes Received By Job
	Partitionable Resources :    Usage  Request Allocated
	   Cpus                 :                 1         1
	   Disk (KB)            :      211   750000    839824
	   Memory (MB)          :              3000      3000
...
000 (2018789.001.000) 06/09 14:34:22 Job submitted from host: <129.13.101.142:9618?addrs=129.13.101.142-9618&noUDP&sock=7538_ce86_4>
...
001 (2018789.001.000) 06/09 14:36:15 Job executing on host: <129.13.102.219:9618?addrs=129.13.102.219-9618&noUDP&sock=96349_4ae7_4>
...
006 (2018789.001.000) 06/09 14:36:19 Image size of job updated: 117
	117  -  MemoryUsage of job (MB)
	120416  -  ResidentSetSize of job (KB)
...
005 (2018789.001.000) 06/09 14:36:20 Job terminated.
	(1) Normal termination (return value 0)
		Usr 0 00:00:00, Sys 0 00:00:00  -  Run Remote Usage
		Usr 0 00:00:00, Sys 0 00:00:00  -  Run Local Usage
		Usr 0 00:00:00, Sys 0 00:00:00  -  Total Remote Usage
		Usr 0 00:00:00, Sys 0 00:00:00  -  Total Local Usage
	6716  -  Run Bytes Sent By Job
	3004  -  Run Bytes Received By Job
	6716  -  Total Bytes Sent By Job
	3004  -  Total Bytes Received By Job
	Partitionable Resources :    Usage  Request Allocated
	   Cpus                 :                 1         1
	   Disk (KB)            :      214   750000    839808
	   Memory (MB)          :      117     3000      3000
...
000 (2018790.001.000) 06/09 14:36:44 Job submitted from host: <129.13.101.142:9618?addrs=129.13.101.142-9618&noUDP&sock=7538_ce86_4>
...
001 (2018790.001.000) 06/09 14:36:45 Job executing on host: <129.13.102.219:9618?addrs=129.13.102.219-9618&noUDP&sock=96349_4ae7_4>
...
005 (2018790.001.000) 06/09 14:36:52 Job terminated.
	(1) Normal termination (return value 0)
		Usr 0 00:00:00, Sys 0 00:00:00  -  Run Remote Usage
		Usr 0 00:00:00, Sys 0 00:00:00  -  Run Local Usage
		Usr 0 00:00:00, Sys 0 00:00:00  -  Total Remote Usage
		Usr 0 00:00:00, Sys 0 00:00:00  -  Total Local Usage
	6644  -  Run Bytes Sent By Job
	3004  -  Run Bytes Received By Job
	6644  -  Total Bytes Sent By Job
	3004  -  Total Bytes Received By Job
	Partitionable Resources :    Usage  Request Allocated
	   Cpus                 :                 1         1
	   Disk (KB)            :      214   750000    839784
	   Memory (MB)          :              3000      3000
...
000 (2018791.001.000) 06/09 14:38:34 Job submitted from host: <129.13.101.142:9618?addrs=129.13.101.142-9618&noUDP&sock=7538_ce86_4>
...
001 (2018791.001.000) 06/09 14:39:15 Job executing on host: <129.13.102.219:9618?addrs=129.13.102.219-9618&noUDP&sock=96349_4ae7_4>
...
005 (2018791.001.000) 06/09 14:39:22 Job terminated.
	(1) Normal termination (return value 0)
		Usr 0 00:00:00, Sys 0 00:00:00  -  Run Remote Usage
		Usr 0 00:00:00, Sys 0 00:00:00  -  Run Local Usage
		Usr 0 00:00:00, Sys 0 00:00:00  -  Total Remote Usage
		Usr 0 00:00:00, Sys 0 00:00:00  -  Total Local Usage
	6624  -  Run Bytes Sent By Job
	2964  -  Run Bytes Received By Job
	6624  -  Total Bytes Sent By Job
	2964  -  Total Bytes Received By Job
	Partitionable Resources :    Usage  Request Allocated
	   Cpus                 :                 1         1
	   Disk (KB)            :      214   750000    839776
	   Memory (MB)          :              3000      3000
...
000 (2018792.001.000) 06/09 14:41:43 Job submitted from host: <129.13.101.142:9618?addrs=129.13.101.142-9618&noUDP&sock=7538_ce86_4>
...
001 (2018792.001.000) 06/09 14:43:15 Job executing on host: <129.13.102.219:9618?addrs=129.13.102.219-9618&noUDP&sock=96349_4ae7_4>
...
006 (2018792.001.000) 06/09 14:43:24 Image size of job updated: 154
	154  -  MemoryUsage of job (MB)
	158252  -  ResidentSetSize of job (KB)
...
005 (2018792.001.000) 06/09 14:43:29 Job terminated.
	(1) Normal termination (return value 0)
		Usr 0 00:00:00, Sys 0 00:00:00  -  Run Remote Usage
		Usr 0 00:00:00, Sys 0 00:00:00  -  Run Local Usage
		Usr 0 00:00:00, Sys 0 00:00:00  -  Total Remote Usage
		Usr 0 00:00:00, Sys 0 00:00:00  -  Total Local Usage
	28116  -  Run Bytes Sent By Job
	2964  -  Run Bytes Received By Job
	28116  -  Total Bytes Sent By Job
	2964  -  Total Bytes Received By Job
	Partitionable Resources :    Usage  Request Allocated
	   Cpus                 :                 1         1
	   Disk (KB)            :   300852   750000    839760
	   Memory (MB)          :      154     3000      3000
...
000 (2018793.001.000) 06/09 14:54:05 Job submitted from host: <129.13.101.142:9618?addrs=129.13.101.142-9618&noUDP&sock=7538_ce86_4>
...
001 (2018793.001.000) 06/09 14:54:46 Job executing on host: <129.13.102.219:9618?addrs=129.13.102.219-9618&noUDP&sock=96349_4ae7_4>
...
006 (2018793.001.000) 06/09 14:54:54 Image size of job updated: 277
	277  -  MemoryUsage of job (MB)
	284188  -  ResidentSetSize of job (KB)
...
005 (2018793.001.000) 06/09 14:54:55 Job terminated.
	(1) Normal termination (return value 0)
		Usr 0 00:00:00, Sys 0 00:00:00  -  Run Remote Usage
		Usr 0 00:00:00, Sys 0 00:00:00  -  Run Local Usage
		Usr 0 00:00:00, Sys 0 00:00:00  -  Total Remote Usage
		Usr 0 00:00:00, Sys 0 00:00:00  -  Total Local Usage
	7748  -  Run Bytes Sent By Job
	2964  -  Run Bytes Received By Job
	7748  -  Total Bytes Sent By Job
	2964  -  Total Bytes Received By Job
	Partitionable Resources :    Usage  Request Allocated
	   Cpus                 :                 1         1
	   Disk (KB)            :   300960   750000    839744
	   Memory (MB)          :      277     3000      3000
...
000 (2018794.001.000) 06/09 15:13:35 Job submitted from host: <129.13.101.142:9618?addrs=129.13.101.142-9618&noUDP&sock=7538_ce86_4>
...
001 (2018794.001.000) 06/09 15:15:16 Job executing on host: <129.13.102.219:9618?addrs=129.13.102.219-9618&noUDP&sock=96349_4ae7_4>
...
005 (2018794.001.000) 06/09 15:15:23 Job terminated.
	(1) Normal termination (return value 0)
		Usr 0 00:00:00, Sys 0 00:00:00  -  Run Remote Usage
		Usr 0 00:00:00, Sys 0 00:00:00  -  Run Local Usage
		Usr 0 00:00:00, Sys 0 00:00:00  -  Total Remote Usage
		Usr 0 00:00:00, Sys 0 00:00:00  -  Total Local Usage
	7482  -  Run Bytes Sent By Job
	2678  -  Run Bytes Received By Job
	7482  -  Total Bytes Sent By Job
	2678  -  Total Bytes Received By Job
	Partitionable Resources :    Usage  Request Allocated
	   Cpus                 :                 1         1
	   Disk (KB)            :      215   750000    839728
	   Memory (MB)          :              3000      3000
...
000 (2018795.001.000) 06/09 15:18:04 Job submitted from host: <129.13.101.142:9618?addrs=129.13.101.142-9618&noUDP&sock=7538_ce86_4>
...
001 (2018795.001.000) 06/09 15:19:16 Job executing on host: <129.13.102.219:9618?addrs=129.13.102.219-9618&noUDP&sock=96349_4ae7_4>
...
005 (2018795.001.000) 06/09 15:19:23 Job terminated.
	(1) Normal termination (return value 0)
		Usr 0 00:00:00, Sys 0 00:00:00  -  Run Remote Usage
		Usr 0 00:00:00, Sys 0 00:00:00  -  Run Local Usage
		Usr 0 00:00:00, Sys 0 00:00:00  -  Total Remote Usage
		Usr 0 00:00:00, Sys 0 00:00:00  -  Total Local Usage
	7214  -  Run Bytes Sent By Job
	2678  -  Run Bytes Received By Job
	7214  -  Total Bytes Sent By Job
	2678  -  Total Bytes Received By Job
	Partitionable Resources :    Usage  Request Allocated
	   Cpus                 :                 1         1
	   Disk (KB)            :      215   750000    839712
	   Memory (MB)          :              3000      3000
...
000 (2018796.001.000) 06/09 15:21:11 Job submitted from host: <129.13.101.142:9618?addrs=129.13.101.142-9618&noUDP&sock=7538_ce86_4>
...
001 (2018796.001.000) 06/09 15:21:45 Job executing on host: <129.13.102.219:9618?addrs=129.13.102.219-9618&noUDP&sock=96349_4ae7_4>
...
005 (2018796.001.000) 06/09 15:21:47 Job terminated.
	(1) Normal termination (return value 0)
		Usr 0 00:00:00, Sys 0 00:00:00  -  Run Remote Usage
		Usr 0 00:00:00, Sys 0 00:00:00  -  Run Local Usage
		Usr 0 00:00:00, Sys 0 00:00:00  -  Total Remote Usage
		Usr 0 00:00:00, Sys 0 00:00:00  -  Total Local Usage
	1934  -  Run Bytes Sent By Job
	2636  -  Run Bytes Received By Job
	1934  -  Total Bytes Sent By Job
	2636  -  Total Bytes Received By Job
	Partitionable Resources :    Usage  Request Allocated
	   Cpus                 :                 1         1
	   Disk (KB)            :       58   750000    839696
	   Memory (MB)          :              3000      3000
...
000 (2018797.001.000) 06/09 15:29:51 Job submitted from host: <129.13.101.142:9618?addrs=129.13.101.142-9618&noUDP&sock=7538_ce86_4>
...
001 (2018797.001.000) 06/09 15:31:46 Job executing on host: <129.13.102.219:9618?addrs=129.13.102.219-9618&noUDP&sock=96349_4ae7_4>
...
006 (2018797.001.000) 06/09 15:31:50 Image size of job updated: 174
	174  -  MemoryUsage of job (MB)
	178420  -  ResidentSetSize of job (KB)
...
005 (2018797.001.000) 06/09 15:31:50 Job terminated.
	(1) Normal termination (return value 0)
		Usr 0 00:00:00, Sys 0 00:00:00  -  Run Remote Usage
		Usr 0 00:00:00, Sys 0 00:00:00  -  Run Local Usage
		Usr 0 00:00:00, Sys 0 00:00:00  -  Total Remote Usage
		Usr 0 00:00:00, Sys 0 00:00:00  -  Total Local Usage
	6933  -  Run Bytes Sent By Job
	2562  -  Run Bytes Received By Job
	6933  -  Total Bytes Sent By Job
	2562  -  Total Bytes Received By Job
	Partitionable Resources :    Usage  Request Allocated
	   Cpus                 :                 1         1
	   Disk (KB)            :      214   750000    839680
	   Memory (MB)          :      174     3000      3000
...
000 (2018798.001.000) 06/09 15:36:18 Job submitted from host: <129.13.101.142:9618?addrs=129.13.101.142-9618&noUDP&sock=7538_ce86_4>
...
001 (2018798.001.000) 06/09 15:37:15 Job executing on host: <129.13.102.219:9618?addrs=129.13.102.219-9618&noUDP&sock=96349_4ae7_4>
...
006 (2018798.001.000) 06/09 15:37:24 Image size of job updated: 276
	276  -  MemoryUsage of job (MB)
	282912  -  ResidentSetSize of job (KB)
...
005 (2018798.001.000) 06/09 15:37:25 Job terminated.
	(1) Normal termination (return value 0)
		Usr 0 00:00:00, Sys 0 00:00:00  -  Run Remote Usage
		Usr 0 00:00:00, Sys 0 00:00:00  -  Run Local Usage
		Usr 0 00:00:00, Sys 0 00:00:00  -  Total Remote Usage
		Usr 0 00:00:00, Sys 0 00:00:00  -  Total Local Usage
	8144  -  Run Bytes Sent By Job
	2644  -  Run Bytes Received By Job
	8144  -  Total Bytes Sent By Job
	2644  -  Total Bytes Received By Job
	Partitionable Resources :    Usage  Request Allocated
	   Cpus                 :                 1         1
	   Disk (KB)            :   300833   750000    839664
	   Memory (MB)          :      276     3000      3000
...
000 (2018799.001.000) 06/09 15:44:47 Job submitted from host: <129.13.101.142:9618?addrs=129.13.101.142-9618&noUDP&sock=7538_ce86_4>
...
001 (2018799.001.000) 06/09 15:45:48 Job executing on host: <129.13.102.219:9618?addrs=129.13.102.219-9618&noUDP&sock=96349_4ae7_4>
...
006 (2018799.001.000) 06/09 15:45:56 Image size of job updated: 315
	315  -  MemoryUsage of job (MB)
	323028  -  ResidentSetSize of job (KB)
...
005 (2018799.001.000) 06/09 15:45:57 Job terminated.
	(1) Normal termination (return value 0)
		Usr 0 00:00:00, Sys 0 00:00:00  -  Run Remote Usage
		Usr 0 00:00:00, Sys 0 00:00:00  -  Run Local Usage
		Usr 0 00:00:00, Sys 0 00:00:00  -  Total Remote Usage
		Usr 0 00:00:00, Sys 0 00:00:00  -  Total Local Usage
	8144  -  Run Bytes Sent By Job
	2644  -  Run Bytes Received By Job
	8144  -  Total Bytes Sent By Job
	2644  -  Total Bytes Received By Job
	Partitionable Resources :    Usage  Request Allocated
	   Cpus                 :                 1         1
	   Disk (KB)            :   301458   750000    839648
	   Memory (MB)          :      315     3000      3000
...
000 (2019842.001.000) 06/12 10:17:42 Job submitted from host: <129.13.101.142:9618?addrs=129.13.101.142-9618&noUDP&sock=7538_ce86_4>
...
001 (2019842.001.000) 06/12 10:18:07 Job executing on host: <129.13.102.219:9618?addrs=129.13.102.219-9618&noUDP&sock=96349_4ae7_4>
...
006 (2019842.001.000) 06/12 10:18:48 Image size of job updated: 197
	197  -  MemoryUsage of job (MB)
	202036  -  ResidentSetSize of job (KB)
...
005 (2019842.001.000) 06/12 10:18:49 Job terminated.
	(1) Normal termination (return value 0)
		Usr 0 00:00:00, Sys 0 00:00:00  -  Run Remote Usage
		Usr 0 00:00:00, Sys 0 00:00:00  -  Run Local Usage
		Usr 0 00:00:00, Sys 0 00:00:00  -  Total Remote Usage
		Usr 0 00:00:00, Sys 0 00:00:00  -  Total Local Usage
	8144  -  Run Bytes Sent By Job
	2644  -  Run Bytes Received By Job
	8144  -  Total Bytes Sent By Job
	2644  -  Total Bytes Received By Job
	Partitionable Resources :    Usage  Request Allocated
	   Cpus                 :                 1         1
	   Disk (KB)            :   300833   750000    838592
	   Memory (MB)          :      197     3000      3000
...
000 (2019843.001.000) 06/12 10:34:32 Job submitted from host: <129.13.101.142:9618?addrs=129.13.101.142-9618&noUDP&sock=7538_ce86_4>
...
001 (2019843.001.000) 06/12 10:34:36 Job executing on host: <129.13.102.219:9618?addrs=129.13.102.219-9618&noUDP&sock=96349_4ae7_4>
...
006 (2019843.001.000) 06/12 10:34:44 Image size of job updated: 128
	128  -  MemoryUsage of job (MB)
	131536  -  ResidentSetSize of job (KB)
...
005 (2019843.001.000) 06/12 10:34:51 Job terminated.
	(1) Normal termination (return value 0)
		Usr 0 00:00:00, Sys 0 00:00:00  -  Run Remote Usage
		Usr 0 00:00:00, Sys 0 00:00:00  -  Run Local Usage
		Usr 0 00:00:00, Sys 0 00:00:00  -  Total Remote Usage
		Usr 0 00:00:00, Sys 0 00:00:00  -  Total Local Usage
	8144  -  Run Bytes Sent By Job
	2644  -  Run Bytes Received By Job
	8144  -  Total Bytes Sent By Job
	2644  -  Total Bytes Received By Job
	Partitionable Resources :    Usage  Request Allocated
	   Cpus                 :                 1         1
	   Disk (KB)            :   300833   750000    838584
	   Memory (MB)          :      128     3000      3000
...
000 (2019845.001.000) 06/12 11:07:39 Job submitted from host: <129.13.101.142:9618?addrs=129.13.101.142-9618&noUDP&sock=7538_ce86_4>
...
001 (2019845.001.000) 06/12 11:08:08 Job executing on host: <129.13.102.219:9618?addrs=129.13.102.219-9618&noUDP&sock=96349_4ae7_4>
...
006 (2019845.001.000) 06/12 11:08:17 Image size of job updated: 142
	142  -  MemoryUsage of job (MB)
	145512  -  ResidentSetSize of job (KB)
...
005 (2019845.001.000) 06/12 11:08:21 Job terminated.
	(1) Normal termination (return value 0)
		Usr 0 00:00:00, Sys 0 00:00:00  -  Run Remote Usage
		Usr 0 00:00:00, Sys 0 00:00:00  -  Run Local Usage
		Usr 0 00:00:00, Sys 0 00:00:00  -  Total Remote Usage
		Usr 0 00:00:00, Sys 0 00:00:00  -  Total Local Usage
	8144  -  Run Bytes Sent By Job
	2644  -  Run Bytes Received By Job
	8144  -  Total Bytes Sent By Job
	2644  -  Total Bytes Received By Job
	Partitionable Resources :    Usage  Request Allocated
	   Cpus                 :                 1         1
	   Disk (KB)            :   300833   750000    838560
	   Memory (MB)          :      142     3000      3000
...
000 (2019846.001.000) 06/12 11:08:57 Job submitted from host: <129.13.101.142:9618?addrs=129.13.101.142-9618&noUDP&sock=7538_ce86_4>
...
001 (2019846.001.000) 06/12 11:09:08 Job executing on host: <129.13.102.219:9618?addrs=129.13.102.219-9618&noUDP&sock=96349_4ae7_4>
...
006 (2019846.001.000) 06/12 11:09:16 Image size of job updated: 135
	135  -  MemoryUsage of job (MB)
	138348  -  ResidentSetSize of job (KB)
...
005 (2019846.001.000) 06/12 11:09:20 Job terminated.
	(1) Normal termination (return value 0)
		Usr 0 00:00:00, Sys 0 00:00:00  -  Run Remote Usage
		Usr 0 00:00:00, Sys 0 00:00:00  -  Run Local Usage
		Usr 0 00:00:00, Sys 0 00:00:00  -  Total Remote Usage
		Usr 0 00:00:00, Sys 0 00:00:00  -  Total Local Usage
	8144  -  Run Bytes Sent By Job
	2644  -  Run Bytes Received By Job
	8144  -  Total Bytes Sent By Job
	2644  -  Total Bytes Received By Job
	Partitionable Resources :    Usage  Request Allocated
	   Cpus                 :                 1         1
	   Disk (KB)            :   300833   750000    838544
	   Memory (MB)          :      135     3000      3000
...
000 (2019847.001.000) 06/12 11:10:46 Job submitted from host: <129.13.101.142:9618?addrs=129.13.101.142-9618&noUDP&sock=7538_ce86_4>
...
001 (2019847.001.000) 06/12 11:11:08 Job executing on host: <129.13.102.219:9618?addrs=129.13.102.219-9618&noUDP&sock=96349_4ae7_4>
...
006 (2019847.001.000) 06/12 11:11:16 Image size of job updated: 186
	186  -  MemoryUsage of job (MB)
	190600  -  ResidentSetSize of job (KB)
...
005 (2019847.001.000) 06/12 11:11:18 Job terminated.
	(1) Normal termination (return value 0)
		Usr 0 00:00:00, Sys 0 00:00:00  -  Run Remote Usage
		Usr 0 00:00:00, Sys 0 00:00:00  -  Run Local Usage
		Usr 0 00:00:00, Sys 0 00:00:00  -  Total Remote Usage
		Usr 0 00:00:00, Sys 0 00:00:00  -  Total Local Usage
	8144  -  Run Bytes Sent By Job
	2644  -  Run Bytes Received By Job
	8144  -  Total Bytes Sent By Job
	2644  -  Total Bytes Received By Job
	Partitionable Resources :    Usage  Request Allocated
	   Cpus                 :                 1         1
	   Disk (KB)            :   300833   750000    838536
	   Memory (MB)          :      186     3000      3000
...
000 (2019848.001.000) 06/12 11:11:43 Job submitted from host: <129.13.101.142:9618?addrs=129.13.101.142-9618&noUDP&sock=7538_ce86_4>
...
001 (2019848.001.000) 06/12 11:12:08 Job executing on host: <129.13.102.219:9618?addrs=129.13.102.219-9618&noUDP&sock=96349_4ae7_4>
...
006 (2019848.001.000) 06/12 11:12:16 Image size of job updated: 122
	122  -  MemoryUsage of job (MB)
	125360  -  ResidentSetSize of job (KB)
...
005 (2019848.001.000) 06/12 11:12:26 Job terminated.
	(1) Normal termination (return value 0)
		Usr 0 00:00:00, Sys 0 00:00:00  -  Run Remote Usage
		Usr 0 00:00:00, Sys 0 00:00:00  -  Run Local Usage
		Usr 0 00:00:00, Sys 0 00:00:00  -  Total Remote Usage
		Usr 0 00:00:00, Sys 0 00:00:00  -  Total Local Usage
	8144  -  Run Bytes Sent By Job
	2644  -  Run Bytes Received By Job
	8144  -  Total Bytes Sent By Job
	2644  -  Total Bytes Received By Job
	Partitionable Resources :    Usage  Request Allocated
	   Cpus                 :                 1         1
	   Disk (KB)            :   300833   750000    838512
	   Memory (MB)          :      122     3000      3000
...
000 (2019849.001.000) 06/12 11:14:58 Job submitted from host: <129.13.101.142:9618?addrs=129.13.101.142-9618&noUDP&sock=7538_ce86_4>
...
001 (2019849.001.000) 06/12 11:15:08 Job executing on host: <129.13.102.219:9618?addrs=129.13.102.219-9618&noUDP&sock=96349_4ae7_4>
...
006 (2019849.001.000) 06/12 11:15:16 Image size of job updated: 267
	267  -  MemoryUsage of job (MB)
	274128  -  ResidentSetSize of job (KB)
...
005 (2019849.001.000) 06/12 11:15:17 Job terminated.
	(1) Normal termination (return value 0)
		Usr 0 00:00:00, Sys 0 00:00:00  -  Run Remote Usage
		Usr 0 00:00:00, Sys 0 00:00:00  -  Run Local Usage
		Usr 0 00:00:00, Sys 0 00:00:00  -  Total Remote Usage
		Usr 0 00:00:00, Sys 0 00:00:00  -  Total Local Usage
	8144  -  Run Bytes Sent By Job
	2644  -  Run Bytes Received By Job
	8144  -  Total Bytes Sent By Job
	2644  -  Total Bytes Received By Job
	Partitionable Resources :    Usage  Request Allocated
	   Cpus                 :                 1         1
	   Disk (KB)            :   301731   750000    838496
	   Memory (MB)          :      267     3000      3000
...
000 (2019850.001.000) 06/12 13:22:00 Job submitted from host: <129.13.101.142:9618?addrs=129.13.101.142-9618&noUDP&sock=7538_ce86_4>
...
001 (2019850.001.000) 06/12 13:22:12 Job executing on host: <129.13.102.219:9618?addrs=129.13.102.219-9618&noUDP&sock=96349_4ae7_4>
...
006 (2019850.001.000) 06/12 13:22:20 Image size of job updated: 161
	161  -  MemoryUsage of job (MB)
	165644  -  ResidentSetSize of job (KB)
...
005 (2019850.001.000) 06/12 13:22:24 Job terminated.
	(1) Normal termination (return value 0)
		Usr 0 00:00:00, Sys 0 00:00:00  -  Run Remote Usage
		Usr 0 00:00:00, Sys 0 00:00:00  -  Run Local Usage
		Usr 0 00:00:00, Sys 0 00:00:00  -  Total Remote Usage
		Usr 0 00:00:00, Sys 0 00:00:00  -  Total Local Usage
	8144  -  Run Bytes Sent By Job
	2644  -  Run Bytes Received By Job
	8144  -  Total Bytes Sent By Job
	2644  -  Total Bytes Received By Job
	Partitionable Resources :    Usage  Request Allocated
	   Cpus                 :                 1         1
	   Disk (KB)            :   300833   750000    838472
	   Memory (MB)          :      161     3000      3000
...
000 (2019852.001.000) 06/12 13:30:04 Job submitted from host: <129.13.101.142:9618?addrs=129.13.101.142-9618&noUDP&sock=7538_ce86_4>
...
001 (2019852.001.000) 06/12 13:30:18 Job executing on host: <129.13.101.159:9618?addrs=129.13.101.159-9618&noUDP&sock=658033_7bcf_4>
...
006 (2019852.001.000) 06/12 13:30:27 Image size of job updated: 238
	238  -  MemoryUsage of job (MB)
	243712  -  ResidentSetSize of job (KB)
...
005 (2019852.001.000) 06/12 13:30:38 Job terminated.
	(1) Normal termination (return value 0)
		Usr 0 00:00:00, Sys 0 00:00:00  -  Run Remote Usage
		Usr 0 00:00:00, Sys 0 00:00:00  -  Run Local Usage
		Usr 0 00:00:00, Sys 0 00:00:00  -  Total Remote Usage
		Usr 0 00:00:00, Sys 0 00:00:00  -  Total Local Usage
	8570  -  Run Bytes Sent By Job
	2644  -  Run Bytes Received By Job
	8570  -  Total Bytes Sent By Job
	2644  -  Total Bytes Received By Job
	Partitionable Resources :    Usage  Request Allocated
	   Cpus                 :                 1         1
	   Disk (KB)            :   300832   750000   8310977
	   Memory (MB)          :      238     3000      3000
...
000 (2019853.001.000) 06/12 13:32:06 Job submitted from host: <129.13.101.142:9618?addrs=129.13.101.142-9618&noUDP&sock=7538_ce86_4>
...
001 (2019853.001.000) 06/12 13:32:12 Job executing on host: <129.13.102.185:9618?addrs=129.13.102.185-9618&noUDP&sock=2227_a889_4>
...
006 (2019853.001.000) 06/12 13:32:21 Image size of job updated: 198
	198  -  MemoryUsage of job (MB)
	202860  -  ResidentSetSize of job (KB)
...
005 (2019853.001.000) 06/12 13:32:28 Job terminated.
	(1) Normal termination (return value 0)
		Usr 0 00:00:00, Sys 0 00:00:00  -  Run Remote Usage
		Usr 0 00:00:00, Sys 0 00:00:00  -  Run Local Usage
		Usr 0 00:00:00, Sys 0 00:00:00  -  Total Remote Usage
		Usr 0 00:00:00, Sys 0 00:00:00  -  Total Local Usage
	8144  -  Run Bytes Sent By Job
	2644  -  Run Bytes Received By Job
	8144  -  Total Bytes Sent By Job
	2644  -  Total Bytes Received By Job
	Partitionable Resources :    Usage  Request Allocated
	   Cpus                 :                 1         1
	   Disk (KB)            :   300833   750000    991728
	   Memory (MB)          :      198     3000      3000
...
000 (2019855.001.000) 06/12 13:42:32 Job submitted from host: <129.13.101.142:9618?addrs=129.13.101.142-9618&noUDP&sock=7538_ce86_4>
...
001 (2019855.001.000) 06/12 13:42:49 Job executing on host: <129.13.101.159:9618?addrs=129.13.101.159-9618&noUDP&sock=658033_7bcf_4>
...
006 (2019855.001.000) 06/12 13:42:58 Image size of job updated: 303
	303  -  MemoryUsage of job (MB)
	311080  -  ResidentSetSize of job (KB)
...
005 (2019855.001.000) 06/12 13:43:02 Job terminated.
	(1) Normal termination (return value 0)
		Usr 0 00:00:00, Sys 0 00:00:00  -  Run Remote Usage
		Usr 0 00:00:00, Sys 0 00:00:00  -  Run Local Usage
		Usr 0 00:00:00, Sys 0 00:00:00  -  Total Remote Usage
		Usr 0 00:00:00, Sys 0 00:00:00  -  Total Local Usage
	8570  -  Run Bytes Sent By Job
	2644  -  Run Bytes Received By Job
	8570  -  Total Bytes Sent By Job
	2644  -  Total Bytes Received By Job
	Partitionable Resources :    Usage  Request Allocated
	   Cpus                 :                 1         1
	   Disk (KB)            :   300832   750000   8309167
	   Memory (MB)          :      303     3000      3000
...
000 (2019856.001.000) 06/12 13:45:09 Job submitted from host: <129.13.101.142:9618?addrs=129.13.101.142-9618&noUDP&sock=7538_ce86_4>
...
001 (2019856.001.000) 06/12 13:45:14 Job executing on host: <129.13.102.154:9618?addrs=129.13.102.154-9618&noUDP&sock=2865_68b4_4>
...
006 (2019856.001.000) 06/12 13:45:23 Image size of job updated: 336
	336  -  MemoryUsage of job (MB)
	344092  -  ResidentSetSize of job (KB)
...
005 (2019856.001.000) 06/12 13:45:28 Job terminated.
	(1) Normal termination (return value 0)
		Usr 0 00:00:00, Sys 0 00:00:00  -  Run Remote Usage
		Usr 0 00:00:00, Sys 0 00:00:00  -  Run Local Usage
		Usr 0 00:00:00, Sys 0 00:00:00  -  Total Remote Usage
		Usr 0 00:00:00, Sys 0 00:00:00  -  Total Local Usage
	8144  -  Run Bytes Sent By Job
	2644  -  Run Bytes Received By Job
	8144  -  Total Bytes Sent By Job
	2644  -  Total Bytes Received By Job
	Partitionable Resources :    Usage  Request Allocated
	   Cpus                 :                 1         1
	   Disk (KB)            :   300833   750000    990604
	   Memory (MB)          :      336     3000      3000
...
000 (2019879.001.000) 06/12 14:46:29 Job submitted from host: <129.13.101.142:9618?addrs=129.13.101.142-9618&noUDP&sock=7538_ce86_4>
...
001 (2019879.001.000) 06/12 14:46:45 Job executing on host: <129.13.102.154:9618?addrs=129.13.102.154-9618&noUDP&sock=2865_68b4_4>
...
006 (2019879.001.000) 06/12 14:46:54 Image size of job updated: 242
	242  -  MemoryUsage of job (MB)
	248616  -  ResidentSetSize of job (KB)
...
005 (2019879.001.000) 06/12 14:47:00 Job terminated.
	(1) Normal termination (return value 0)
		Usr 0 00:00:00, Sys 0 00:00:00  -  Run Remote Usage
		Usr 0 00:00:00, Sys 0 00:00:00  -  Run Local Usage
		Usr 0 00:00:00, Sys 0 00:00:00  -  Total Remote Usage
		Usr 0 00:00:00, Sys 0 00:00:00  -  Total Local Usage
	8144  -  Run Bytes Sent By Job
	2644  -  Run Bytes Received By Job
	8144  -  Total Bytes Sent By Job
	2644  -  Total Bytes Received By Job
	Partitionable Resources :    Usage  Request Allocated
	   Cpus                 :                 1         1
	   Disk (KB)            :   300833   750000    990564
	   Memory (MB)          :      242     3000      3000
...
000 (2020096.001.000) 06/12 14:52:55 Job submitted from host: <129.13.101.142:9618?addrs=129.13.101.142-9618&noUDP&sock=7538_ce86_4>
...
001 (2020096.001.000) 06/12 14:53:17 Job executing on host: <129.13.102.154:9618?addrs=129.13.102.154-9618&noUDP&sock=2865_68b4_4>
...
006 (2020096.001.000) 06/12 14:53:25 Image size of job updated: 459
	459  -  MemoryUsage of job (MB)
	470556  -  ResidentSetSize of job (KB)
...
005 (2020096.001.000) 06/12 14:53:26 Job terminated.
	(1) Normal termination (return value 0)
		Usr 0 00:00:00, Sys 0 00:00:00  -  Run Remote Usage
		Usr 0 00:00:00, Sys 0 00:00:00  -  Run Local Usage
		Usr 0 00:00:00, Sys 0 00:00:00  -  Total Remote Usage
		Usr 0 00:00:00, Sys 0 00:00:00  -  Total Local Usage
	8145  -  Run Bytes Sent By Job
	2644  -  Run Bytes Received By Job
	8145  -  Total Bytes Sent By Job
	2644  -  Total Bytes Received By Job
	Partitionable Resources :    Usage  Request Allocated
	   Cpus                 :                 1         1
	   Disk (KB)            :   300833   750000    990560
	   Memory (MB)          :      459     3000      3000
...
000 (2020249.001.000) 06/12 14:57:11 Job submitted from host: <129.13.101.142:9618?addrs=129.13.101.142-9618&noUDP&sock=7538_ce86_4>
...
001 (2020249.001.000) 06/12 14:57:19 Job executing on host: <129.13.102.217:9618?addrs=129.13.102.217-9618&noUDP&sock=1777_c44a_4>
...
006 (2020249.001.000) 06/12 14:57:27 Image size of job updated: 142
	142  -  MemoryUsage of job (MB)
	146264  -  ResidentSetSize of job (KB)
...
005 (2020249.001.000) 06/12 14:57:33 Job terminated.
	(1) Normal termination (return value 0)
		Usr 0 00:00:00, Sys 0 00:00:00  -  Run Remote Usage
		Usr 0 00:00:00, Sys 0 00:00:00  -  Run Local Usage
		Usr 0 00:00:00, Sys 0 00:00:00  -  Total Remote Usage
		Usr 0 00:00:00, Sys 0 00:00:00  -  Total Local Usage
	8144  -  Run Bytes Sent By Job
	2644  -  Run Bytes Received By Job
	8144  -  Total Bytes Sent By Job
	2644  -  Total Bytes Received By Job
	Partitionable Resources :    Usage  Request Allocated
	   Cpus                 :                 1         1
	   Disk (KB)            :   300833   750000   1021518
	   Memory (MB)          :      142     3000      3000
...
000 (2020278.001.000) 06/12 15:01:13 Job submitted from host: <129.13.101.142:9618?addrs=129.13.101.142-9618&noUDP&sock=7538_ce86_4>
...
001 (2020278.001.000) 06/12 15:01:18 Job executing on host: <129.13.102.217:9618?addrs=129.13.102.217-9618&noUDP&sock=1777_c44a_4>
...
006 (2020278.001.000) 06/12 15:01:26 Image size of job updated: 298
	298  -  MemoryUsage of job (MB)
	305888  -  ResidentSetSize of job (KB)
...
005 (2020278.001.000) 06/12 15:01:28 Job terminated.
	(1) Normal termination (return value 0)
		Usr 0 00:00:00, Sys 0 00:00:00  -  Run Remote Usage
		Usr 0 00:00:00, Sys 0 00:00:00  -  Run Local Usage
		Usr 0 00:00:00, Sys 0 00:00:00  -  Total Remote Usage
		Usr 0 00:00:00, Sys 0 00:00:00  -  Total Local Usage
	8144  -  Run Bytes Sent By Job
	2644  -  Run Bytes Received By Job
	8144  -  Total Bytes Sent By Job
	2644  -  Total Bytes Received By Job
	Partitionable Resources :    Usage  Request Allocated
	   Cpus                 :                 1         1
	   Disk (KB)            :   300833   750000   1021515
	   Memory (MB)          :      298     3000      3000
...
000 (2020279.001.000) 06/12 15:06:31 Job submitted from host: <129.13.101.142:9618?addrs=129.13.101.142-9618&noUDP&sock=7538_ce86_4>
...
001 (2020279.001.000) 06/12 15:06:50 Job executing on host: <129.13.102.217:9618?addrs=129.13.102.217-9618&noUDP&sock=1777_c44a_4>
...
006 (2020279.001.000) 06/12 15:06:58 Image size of job updated: 483
	483  -  MemoryUsage of job (MB)
	494848  -  ResidentSetSize of job (KB)
...
005 (2020279.001.000) 06/12 15:06:58 Job terminated.
	(1) Normal termination (return value 0)
		Usr 0 00:00:00, Sys 0 00:00:00  -  Run Remote Usage
		Usr 0 00:00:00, Sys 0 00:00:00  -  Run Local Usage
		Usr 0 00:00:00, Sys 0 00:00:00  -  Total Remote Usage
		Usr 0 00:00:00, Sys 0 00:00:00  -  Total Local Usage
	8144  -  Run Bytes Sent By Job
	2644  -  Run Bytes Received By Job
	8144  -  Total Bytes Sent By Job
	2644  -  Total Bytes Received By Job
	Partitionable Resources :    Usage  Request Allocated
	   Cpus                 :                 1         1
	   Disk (KB)            :   301732   750000   1021509
	   Memory (MB)          :      483     3000      3000
...
000 (2020282.001.000) 06/12 15:21:21 Job submitted from host: <129.13.101.142:9618?addrs=129.13.101.142-9618&noUDP&sock=7538_ce86_4>
...
001 (2020282.001.000) 06/12 15:21:46 Job executing on host: <129.13.102.154:9618?addrs=129.13.102.154-9618&noUDP&sock=2865_68b4_4>
...
006 (2020282.001.000) 06/12 15:21:54 Image size of job updated: 476
	476  -  MemoryUsage of job (MB)
	487584  -  ResidentSetSize of job (KB)
...
005 (2020282.001.000) 06/12 15:21:56 Job terminated.
	(1) Normal termination (return value 0)
		Usr 0 00:00:00, Sys 0 00:00:00  -  Run Remote Usage
		Usr 0 00:00:00, Sys 0 00:00:00  -  Run Local Usage
		Usr 0 00:00:00, Sys 0 00:00:00  -  Total Remote Usage
		Usr 0 00:00:00, Sys 0 00:00:00  -  Total Local Usage
	8145  -  Run Bytes Sent By Job
	2644  -  Run Bytes Received By Job
	8145  -  Total Bytes Sent By Job
	2644  -  Total Bytes Received By Job
	Partitionable Resources :    Usage  Request Allocated
	   Cpus                 :                 1         1
	   Disk (KB)            :   300833   750000    990536
	   Memory (MB)          :      476     3000      3000
...
000 (2020283.001.000) 06/12 15:22:10 Job submitted from host: <129.13.101.142:9618?addrs=129.13.101.142-9618&noUDP&sock=7538_ce86_4>
...
001 (2020283.001.000) 06/12 15:22:15 Job executing on host: <129.13.102.154:9618?addrs=129.13.102.154-9618&noUDP&sock=2865_68b4_4>
...
006 (2020283.001.000) 06/12 15:22:24 Image size of job updated: 453
	453  -  MemoryUsage of job (MB)
	464228  -  ResidentSetSize of job (KB)
...
005 (2020283.001.000) 06/12 15:22:26 Job terminated.
	(1) Normal termination (return value 0)
		Usr 0 00:00:00, Sys 0 00:00:00  -  Run Remote Usage
		Usr 0 00:00:00, Sys 0 00:00:00  -  Run Local Usage
		Usr 0 00:00:00, Sys 0 00:00:00  -  Total Remote Usage
		Usr 0 00:00:00, Sys 0 00:00:00  -  Total Local Usage
	8145  -  Run Bytes Sent By Job
	2644  -  Run Bytes Received By Job
	8145  -  Total Bytes Sent By Job
	2644  -  Total Bytes Received By Job
	Partitionable Resources :    Usage  Request Allocated
	   Cpus                 :                 1         1
	   Disk (KB)            :   302984   750000    990532
	   Memory (MB)          :      453     3000      3000
...
000 (2020284.001.000) 06/12 15:22:47 Job submitted from host: <129.13.101.142:9618?addrs=129.13.101.142-9618&noUDP&sock=7538_ce86_4>
...
001 (2020284.001.000) 06/12 15:23:16 Job executing on host: <129.13.102.154:9618?addrs=129.13.102.154-9618&noUDP&sock=2865_68b4_4>
...
006 (2020284.001.000) 06/12 15:23:24 Image size of job updated: 507
	507  -  MemoryUsage of job (MB)
	519900  -  ResidentSetSize of job (KB)
...
005 (2020284.001.000) 06/12 15:23:24 Job terminated.
	(1) Normal termination (return value 0)
		Usr 0 00:00:00, Sys 0 00:00:00  -  Run Remote Usage
		Usr 0 00:00:00, Sys 0 00:00:00  -  Run Local Usage
		Usr 0 00:00:00, Sys 0 00:00:00  -  Total Remote Usage
		Usr 0 00:00:00, Sys 0 00:00:00  -  Total Local Usage
	8145  -  Run Bytes Sent By Job
	2644  -  Run Bytes Received By Job
	8145  -  Total Bytes Sent By Job
	2644  -  Total Bytes Received By Job
	Partitionable Resources :    Usage  Request Allocated
	   Cpus                 :                 1         1
	   Disk (KB)            :   300833   750000    990528
	   Memory (MB)          :      507     3000      3000
...
000 (2020285.001.000) 06/12 15:24:02 Job submitted from host: <129.13.101.142:9618?addrs=129.13.101.142-9618&noUDP&sock=7538_ce86_4>
...
001 (2020285.001.000) 06/12 15:24:16 Job executing on host: <129.13.102.154:9618?addrs=129.13.102.154-9618&noUDP&sock=2865_68b4_4>
...
006 (2020285.001.000) 06/12 15:24:24 Image size of job updated: 375
	375  -  MemoryUsage of job (MB)
	384500  -  ResidentSetSize of job (KB)
...
005 (2020285.001.000) 06/12 15:24:27 Job terminated.
	(1) Normal termination (return value 0)
		Usr 0 00:00:00, Sys 0 00:00:00  -  Run Remote Usage
		Usr 0 00:00:00, Sys 0 00:00:00  -  Run Local Usage
		Usr 0 00:00:00, Sys 0 00:00:00  -  Total Remote Usage
		Usr 0 00:00:00, Sys 0 00:00:00  -  Total Local Usage
	8145  -  Run Bytes Sent By Job
	2644  -  Run Bytes Received By Job
	8145  -  Total Bytes Sent By Job
	2644  -  Total Bytes Received By Job
	Partitionable Resources :    Usage  Request Allocated
	   Cpus                 :                 1         1
	   Disk (KB)            :   300833   750000    990524
	   Memory (MB)          :      375     3000      3000
...
000 (2020286.001.000) 06/12 15:27:43 Job submitted from host: <129.13.101.142:9618?addrs=129.13.101.142-9618&noUDP&sock=7538_ce86_4>
...
001 (2020286.001.000) 06/12 15:27:46 Job executing on host: <129.13.102.180:9618?addrs=129.13.102.180-9618&noUDP&sock=3195_6595_4>
...
006 (2020286.001.000) 06/12 15:27:53 Image size of job updated: 301
	301  -  MemoryUsage of job (MB)
	308348  -  ResidentSetSize of job (KB)
...
005 (2020286.001.000) 06/12 15:27:59 Job terminated.
	(1) Normal termination (return value 0)
		Usr 0 00:00:00, Sys 0 00:00:00  -  Run Remote Usage
		Usr 0 00:00:00, Sys 0 00:00:00  -  Run Local Usage
		Usr 0 00:00:00, Sys 0 00:00:00  -  Total Remote Usage
		Usr 0 00:00:00, Sys 0 00:00:00  -  Total Local Usage
	8144  -  Run Bytes Sent By Job
	2644  -  Run Bytes Received By Job
	8144  -  Total Bytes Sent By Job
	2644  -  Total Bytes Received By Job
	Partitionable Resources :    Usage  Request Allocated
	   Cpus                 :                 1         1
	   Disk (KB)            :   300833   750000    865242
	   Memory (MB)          :      301     3000      3000
...
000 (2020287.001.000) 06/12 15:29:41 Job submitted from host: <129.13.101.142:9618?addrs=129.13.101.142-9618&noUDP&sock=7538_ce86_4>
...
001 (2020287.001.000) 06/12 15:29:46 Job executing on host: <129.13.102.180:9618?addrs=129.13.102.180-9618&noUDP&sock=3195_6595_4>
...
006 (2020287.001.000) 06/12 15:29:52 Image size of job updated: 646
	646  -  MemoryUsage of job (MB)
	662492  -  ResidentSetSize of job (KB)
...
005 (2020287.001.000) 06/12 15:29:52 Job terminated.
	(1) Normal termination (return value 0)
		Usr 0 00:00:01, Sys 0 00:00:00  -  Run Remote Usage
		Usr 0 00:00:00, Sys 0 00:00:00  -  Run Local Usage
		Usr 0 00:00:01, Sys 0 00:00:00  -  Total Remote Usage
		Usr 0 00:00:00, Sys 0 00:00:00  -  Total Local Usage
	8144  -  Run Bytes Sent By Job
	2644  -  Run Bytes Received By Job
	8144  -  Total Bytes Sent By Job
	2644  -  Total Bytes Received By Job
	Partitionable Resources :    Usage  Request Allocated
	   Cpus                 :                 1         1
	   Disk (KB)            :   300833   750000    865235
	   Memory (MB)          :      646     3000      3000
...
000 (2020288.001.000) 06/12 15:35:10 Job submitted from host: <129.13.101.142:9618?addrs=129.13.101.142-9618&noUDP&sock=7538_ce86_4>
...
001 (2020288.001.000) 06/12 15:35:16 Job executing on host: <129.13.102.180:9618?addrs=129.13.102.180-9618&noUDP&sock=3195_6595_4>
...
006 (2020288.001.000) 06/12 15:35:23 Image size of job updated: 605
	605  -  MemoryUsage of job (MB)
	620256  -  ResidentSetSize of job (KB)
...
005 (2020288.001.000) 06/12 15:35:24 Job terminated.
	(1) Normal termination (return value 0)
		Usr 0 00:00:01, Sys 0 00:00:00  -  Run Remote Usage
		Usr 0 00:00:00, Sys 0 00:00:00  -  Run Local Usage
		Usr 0 00:00:01, Sys 0 00:00:00  -  Total Remote Usage
		Usr 0 00:00:00, Sys 0 00:00:00  -  Total Local Usage
	8144  -  Run Bytes Sent By Job
	2644  -  Run Bytes Received By Job
	8144  -  Total Bytes Sent By Job
	2644  -  Total Bytes Received By Job
	Partitionable Resources :    Usage  Request Allocated
	   Cpus                 :                 1         1
	   Disk (KB)            :   300833   750000    865228
	   Memory (MB)          :      605     3000      3000
...
000 (2020293.001.000) 06/12 15:59:28 Job submitted from host: <129.13.101.142:9618?addrs=129.13.101.142-9618&noUDP&sock=7538_ce86_4>
...
001 (2020293.001.000) 06/12 15:59:47 Job executing on host: <129.13.102.167:9618?addrs=129.13.102.167-9618&noUDP&sock=2982_4be9_4>
...
006 (2020293.001.000) 06/12 15:59:55 Image size of job updated: 273
	273  -  MemoryUsage of job (MB)
	279688  -  ResidentSetSize of job (KB)
...
005 (2020293.001.000) 06/12 16:00:00 Job terminated.
	(1) Normal termination (return value 0)
		Usr 0 00:00:00, Sys 0 00:00:00  -  Run Remote Usage
		Usr 0 00:00:00, Sys 0 00:00:00  -  Run Local Usage
		Usr 0 00:00:00, Sys 0 00:00:00  -  Total Remote Usage
		Usr 0 00:00:00, Sys 0 00:00:00  -  Total Local Usage
	8274  -  Run Bytes Sent By Job
	2666  -  Run Bytes Received By Job
	8274  -  Total Bytes Sent By Job
	2666  -  Total Bytes Received By Job
	Partitionable Resources :    Usage  Request Allocated
	   Cpus                 :                 1         1
	   Disk (KB)            :   300833   750000   1214942
	   Memory (MB)          :      273     3000      3000
...
000 (2020297.001.000) 06/12 16:01:28 Job submitted from host: <129.13.101.142:9618?addrs=129.13.101.142-9618&noUDP&sock=7538_ce86_4>
...
001 (2020297.001.000) 06/12 16:01:48 Job executing on host: <129.13.102.167:9618?addrs=129.13.102.167-9618&noUDP&sock=2982_4be9_4>
...
006 (2020297.001.000) 06/12 16:01:53 Image size of job updated: 625
	625  -  MemoryUsage of job (MB)
	640548  -  ResidentSetSize of job (KB)
...
005 (2020297.001.000) 06/12 16:01:54 Job terminated.
	(1) Normal termination (return value 0)
		Usr 0 00:00:00, Sys 0 00:00:00  -  Run Remote Usage
		Usr 0 00:00:00, Sys 0 00:00:00  -  Run Local Usage
		Usr 0 00:00:00, Sys 0 00:00:00  -  Total Remote Usage
		Usr 0 00:00:00, Sys 0 00:00:00  -  Total Local Usage
	8274  -  Run Bytes Sent By Job
	2666  -  Run Bytes Received By Job
	8274  -  Total Bytes Sent By Job
	2666  -  Total Bytes Received By Job
	Partitionable Resources :    Usage  Request Allocated
	   Cpus                 :                 1         1
	   Disk (KB)            :   300833   750000   1214940
	   Memory (MB)          :      625     3000      3000
...
000 (2020307.001.000) 06/12 16:09:31 Job submitted from host: <129.13.101.142:9618?addrs=129.13.101.142-9618&noUDP&sock=7538_ce86_4>
...
001 (2020307.001.000) 06/12 16:09:47 Job executing on host: <129.13.102.167:9618?addrs=129.13.102.167-9618&noUDP&sock=2982_4be9_4>
...
006 (2020307.001.000) 06/12 16:09:55 Image size of job updated: 468
	468  -  MemoryUsage of job (MB)
	479964  -  ResidentSetSize of job (KB)
...
005 (2020307.001.000) 06/12 16:09:56 Job terminated.
	(1) Normal termination (return value 0)
		Usr 0 00:00:00, Sys 0 00:00:00  -  Run Remote Usage
		Usr 0 00:00:00, Sys 0 00:00:00  -  Run Local Usage
		Usr 0 00:00:00, Sys 0 00:00:00  -  Total Remote Usage
		Usr 0 00:00:00, Sys 0 00:00:00  -  Total Local Usage
	8463  -  Run Bytes Sent By Job
	2700  -  Run Bytes Received By Job
	8463  -  Total Bytes Sent By Job
	2700  -  Total Bytes Received By Job
	Partitionable Resources :    Usage  Request Allocated
	   Cpus                 :                 1         1
	   Disk (KB)            :   300834   750000   1214938
	   Memory (MB)          :      468     3000      3000
...
000 (2020308.001.000) 06/12 16:10:54 Job submitted from host: <129.13.101.142:9618?addrs=129.13.101.142-9618&noUDP&sock=7538_ce86_4>
...
001 (2020308.001.000) 06/12 16:11:18 Job executing on host: <129.13.102.167:9618?addrs=129.13.102.167-9618&noUDP&sock=2982_4be9_4>
...
006 (2020308.001.000) 06/12 16:11:26 Image size of job updated: 529
	529  -  MemoryUsage of job (MB)
	542332  -  ResidentSetSize of job (KB)
...
005 (2020308.001.000) 06/12 16:11:28 Job terminated.
	(1) Normal termination (return value 0)
		Usr 0 00:00:00, Sys 0 00:00:00  -  Run Remote Usage
		Usr 0 00:00:00, Sys 0 00:00:00  -  Run Local Usage
		Usr 0 00:00:00, Sys 0 00:00:00  -  Total Remote Usage
		Usr 0 00:00:00, Sys 0 00:00:00  -  Total Local Usage
	8463  -  Run Bytes Sent By Job
	2700  -  Run Bytes Received By Job
	8463  -  Total Bytes Sent By Job
	2700  -  Total Bytes Received By Job
	Partitionable Resources :    Usage  Request Allocated
	   Cpus                 :                 1         1
	   Disk (KB)            :   300834   750000   1214936
	   Memory (MB)          :      529     3000      3000
...
000 (2020318.001.000) 06/12 16:22:33 Job submitted from host: <129.13.101.142:9618?addrs=129.13.101.142-9618&noUDP&sock=7538_ce86_4>
...
001 (2020318.001.000) 06/12 16:22:48 Job executing on host: <129.13.102.223:9618?addrs=129.13.102.223-9618&noUDP&sock=1855_6b95_4>
...
006 (2020318.001.000) 06/12 16:22:58 Image size of job updated: 84
	84  -  MemoryUsage of job (MB)
	86772  -  ResidentSetSize of job (KB)
...
005 (2020318.001.000) 06/12 16:23:06 Job terminated.
	(1) Normal termination (return value 0)
		Usr 0 00:00:00, Sys 0 00:00:00  -  Run Remote Usage
		Usr 0 00:00:00, Sys 0 00:00:00  -  Run Local Usage
		Usr 0 00:00:00, Sys 0 00:00:00  -  Total Remote Usage
		Usr 0 00:00:00, Sys 0 00:00:00  -  Total Local Usage
	8463  -  Run Bytes Sent By Job
	2700  -  Run Bytes Received By Job
	8463  -  Total Bytes Sent By Job
	2700  -  Total Bytes Received By Job
	Partitionable Resources :    Usage  Request Allocated
	   Cpus                 :                 1         1
	   Disk (KB)            :   300834   750000   1126146
	   Memory (MB)          :       84     3000      3000
...
000 (2020324.001.000) 06/12 16:26:06 Job submitted from host: <129.13.101.142:9618?addrs=129.13.101.142-9618&noUDP&sock=7538_ce86_4>
...
001 (2020324.001.000) 06/12 16:26:18 Job executing on host: <129.13.102.217:9618?addrs=129.13.102.217-9618&noUDP&sock=1777_c44a_4>
...
006 (2020324.001.000) 06/12 16:26:26 Image size of job updated: 293
	293  -  MemoryUsage of job (MB)
	300400  -  ResidentSetSize of job (KB)
...
005 (2020324.001.000) 06/12 16:26:29 Job terminated.
	(1) Normal termination (return value 0)
		Usr 0 00:00:00, Sys 0 00:00:00  -  Run Remote Usage
		Usr 0 00:00:00, Sys 0 00:00:00  -  Run Local Usage
		Usr 0 00:00:00, Sys 0 00:00:00  -  Total Remote Usage
		Usr 0 00:00:00, Sys 0 00:00:00  -  Total Local Usage
	8462  -  Run Bytes Sent By Job
	2700  -  Run Bytes Received By Job
	8462  -  Total Bytes Sent By Job
	2700  -  Total Bytes Received By Job
	Partitionable Resources :    Usage  Request Allocated
	   Cpus                 :                 1         1
	   Disk (KB)            :   300834   750000   1021455
	   Memory (MB)          :      293     3000      3000
...
000 (2020327.001.000) 06/12 16:28:07 Job submitted from host: <129.13.101.142:9618?addrs=129.13.101.142-9618&noUDP&sock=7538_ce86_4>
...
001 (2020327.001.000) 06/12 16:28:19 Job executing on host: <129.13.101.150:9618?addrs=129.13.101.150-9618&noUDP&sock=2949723_85eb_8>
...
006 (2020327.001.000) 06/12 16:28:27 Image size of job updated: 213
	213  -  MemoryUsage of job (MB)
	218512  -  ResidentSetSize of job (KB)
...
005 (2020327.001.000) 06/12 16:28:40 Job terminated.
	(1) Normal termination (return value 0)
		Usr 0 00:00:00, Sys 0 00:00:00  -  Run Remote Usage
		Usr 0 00:00:00, Sys 0 00:00:00  -  Run Local Usage
		Usr 0 00:00:00, Sys 0 00:00:00  -  Total Remote Usage
		Usr 0 00:00:00, Sys 0 00:00:00  -  Total Local Usage
	8463  -  Run Bytes Sent By Job
	2700  -  Run Bytes Received By Job
	8463  -  Total Bytes Sent By Job
	2700  -  Total Bytes Received By Job
	Partitionable Resources :    Usage  Request Allocated
	   Cpus                 :                 1         1
	   Disk (KB)            :   300832   750000   6106158
	   Memory (MB)          :      213     3000      3000
...
000 (2020341.001.000) 06/12 16:52:08 Job submitted from host: <129.13.101.142:9618?addrs=129.13.101.142-9618&noUDP&sock=7538_ce86_4>
...
001 (2020341.001.000) 06/12 16:53:51 Job executing on host: <129.13.102.157:9618?addrs=129.13.102.157-9618&noUDP&sock=3500299_dd3a_4>
...
006 (2020341.001.000) 06/12 16:54:00 Image size of job updated: 166
	166  -  MemoryUsage of job (MB)
	170832  -  ResidentSetSize of job (KB)
...
005 (2020341.001.000) 06/12 16:54:12 Job terminated.
	(1) Normal termination (return value 0)
		Usr 0 00:00:00, Sys 0 00:00:00  -  Run Remote Usage
		Usr 0 00:00:00, Sys 0 00:00:00  -  Run Local Usage
		Usr 0 00:00:00, Sys 0 00:00:00  -  Total Remote Usage
		Usr 0 00:00:00, Sys 0 00:00:00  -  Total Local Usage
	8464  -  Run Bytes Sent By Job
	2700  -  Run Bytes Received By Job
	8464  -  Total Bytes Sent By Job
	2700  -  Total Bytes Received By Job
	Partitionable Resources :    Usage  Request Allocated
	   Cpus                 :                 1         1
	   Disk (KB)            :   300834   750000    885495
	   Memory (MB)          :      166     3000      3000
...
000 (2020346.001.000) 06/12 16:59:59 Job submitted from host: <129.13.101.142:9618?addrs=129.13.101.142-9618&noUDP&sock=7538_ce86_4>
...
001 (2020346.001.000) 06/12 17:00:51 Job executing on host: <129.13.102.167:9618?addrs=129.13.102.167-9618&noUDP&sock=2982_4be9_4>
...
006 (2020346.001.000) 06/12 17:00:58 Image size of job updated: 591
	591  -  MemoryUsage of job (MB)
	606108  -  ResidentSetSize of job (KB)
...
005 (2020346.001.000) 06/12 17:00:58 Job terminated.
	(1) Normal termination (return value 0)
		Usr 0 00:00:01, Sys 0 00:00:00  -  Run Remote Usage
		Usr 0 00:00:00, Sys 0 00:00:00  -  Run Local Usage
		Usr 0 00:00:01, Sys 0 00:00:00  -  Total Remote Usage
		Usr 0 00:00:00, Sys 0 00:00:00  -  Total Local Usage
	8463  -  Run Bytes Sent By Job
	2700  -  Run Bytes Received By Job
	8463  -  Total Bytes Sent By Job
	2700  -  Total Bytes Received By Job
	Partitionable Resources :    Usage  Request Allocated
	   Cpus                 :                 1         1
	   Disk (KB)            :   300834   750000   1214946
	   Memory (MB)          :      591     3000      3000
...
000 (2020916.001.000) 06/13 11:11:31 Job submitted from host: <129.13.101.142:9618?addrs=129.13.101.142-9618&noUDP&sock=7538_ce86_4>
...
001 (2020916.001.000) 06/13 11:11:56 Job executing on host: <129.13.102.219:9618?addrs=129.13.102.219-9618&noUDP&sock=96349_4ae7_4>
...
006 (2020916.001.000) 06/13 11:12:05 Image size of job updated: 24
	24  -  MemoryUsage of job (MB)
	24820  -  ResidentSetSize of job (KB)
...
005 (2020916.001.000) 06/13 11:12:17 Job terminated.
	(1) Normal termination (return value 0)
		Usr 0 00:00:00, Sys 0 00:00:00  -  Run Remote Usage
		Usr 0 00:00:00, Sys 0 00:00:00  -  Run Local Usage
		Usr 0 00:00:00, Sys 0 00:00:00  -  Total Remote Usage
		Usr 0 00:00:00, Sys 0 00:00:00  -  Total Local Usage
	8463  -  Run Bytes Sent By Job
	2700  -  Run Bytes Received By Job
	8463  -  Total Bytes Sent By Job
	2700  -  Total Bytes Received By Job
	Partitionable Resources :    Usage  Request Allocated
	   Cpus                 :                 1         1
	   Disk (KB)            :   300833   750000    836952
	   Memory (MB)          :       24     3000      3000
...
000 (2020917.001.000) 06/13 12:29:46 Job submitted from host: <129.13.101.142:9618?addrs=129.13.101.142-9618&noUDP&sock=7538_ce86_4>
...
001 (2020917.001.000) 06/13 12:31:10 Job executing on host: <129.13.102.219:9618?addrs=129.13.102.219-9618&noUDP&sock=96349_4ae7_4>
...
006 (2020917.001.000) 06/13 12:31:18 Image size of job updated: 185
	185  -  MemoryUsage of job (MB)
	189776  -  ResidentSetSize of job (KB)
...
005 (2020917.001.000) 06/13 12:31:18 Job terminated.
	(1) Normal termination (return value 0)
		Usr 0 00:00:00, Sys 0 00:00:00  -  Run Remote Usage
		Usr 0 00:00:00, Sys 0 00:00:00  -  Run Local Usage
		Usr 0 00:00:00, Sys 0 00:00:00  -  Total Remote Usage
		Usr 0 00:00:00, Sys 0 00:00:00  -  Total Local Usage
	5967  -  Run Bytes Sent By Job
	2700  -  Run Bytes Received By Job
	5967  -  Total Bytes Sent By Job
	2700  -  Total Bytes Received By Job
	Partitionable Resources :    Usage  Request Allocated
	   Cpus                 :                 1         1
	   Disk (KB)            :   300790   750000    836936
	   Memory (MB)          :      185     3000      3000
...
000 (2020918.001.000) 06/13 12:44:12 Job submitted from host: <129.13.101.142:9618?addrs=129.13.101.142-9618&noUDP&sock=7538_ce86_4>
...
001 (2020918.001.000) 06/13 12:45:37 Job executing on host: <129.13.102.219:9618?addrs=129.13.102.219-9618&noUDP&sock=96349_4ae7_4>
...
006 (2020918.001.000) 06/13 12:45:45 Image size of job updated: 188
	188  -  MemoryUsage of job (MB)
	193312  -  ResidentSetSize of job (KB)
...
005 (2020918.001.000) 06/13 12:45:49 Job terminated.
	(1) Normal termination (return value 0)
		Usr 0 00:00:00, Sys 0 00:00:00  -  Run Remote Usage
		Usr 0 00:00:00, Sys 0 00:00:00  -  Run Local Usage
		Usr 0 00:00:00, Sys 0 00:00:00  -  Total Remote Usage
		Usr 0 00:00:00, Sys 0 00:00:00  -  Total Local Usage
	8463  -  Run Bytes Sent By Job
	2700  -  Run Bytes Received By Job
	8463  -  Total Bytes Sent By Job
	2700  -  Total Bytes Received By Job
	Partitionable Resources :    Usage  Request Allocated
	   Cpus                 :                 1         1
	   Disk (KB)            :   300833   750000    836920
	   Memory (MB)          :      188     3000      3000
...
000 (2020940.001.000) 06/13 13:33:21 Job submitted from host: <129.13.101.142:9618?addrs=129.13.101.142-9618&noUDP&sock=7538_ce86_4>
...
001 (2020940.001.000) 06/13 13:34:44 Job executing on host: <129.13.102.219:9618?addrs=129.13.102.219-9618&noUDP&sock=96349_4ae7_4>
...
005 (2020940.001.000) 06/13 13:34:46 Job terminated.
	(1) Normal termination (return value 0)
		Usr 0 00:00:00, Sys 0 00:00:00  -  Run Remote Usage
		Usr 0 00:00:00, Sys 0 00:00:00  -  Run Local Usage
		Usr 0 00:00:00, Sys 0 00:00:00  -  Total Remote Usage
		Usr 0 00:00:00, Sys 0 00:00:00  -  Total Local Usage
	2185  -  Run Bytes Sent By Job
	2700  -  Run Bytes Received By Job
	2185  -  Total Bytes Sent By Job
	2700  -  Total Bytes Received By Job
	Partitionable Resources :    Usage  Request Allocated
	   Cpus                 :                 1         1
	   Disk (KB)            :       54   750000    836896
	   Memory (MB)          :              3000      3000
...
000 (2020943.001.000) 06/13 13:36:19 Job submitted from host: <129.13.101.142:9618?addrs=129.13.101.142-9618&noUDP&sock=7538_ce86_4>
...
001 (2020943.001.000) 06/13 13:37:10 Job executing on host: <129.13.102.219:9618?addrs=129.13.102.219-9618&noUDP&sock=96349_4ae7_4>
...
006 (2020943.001.000) 06/13 13:37:15 Image size of job updated: 114
	114  -  MemoryUsage of job (MB)
	116764  -  ResidentSetSize of job (KB)
...
005 (2020943.001.000) 06/13 13:37:16 Job terminated.
	(1) Normal termination (return value 0)
		Usr 0 00:00:00, Sys 0 00:00:00  -  Run Remote Usage
		Usr 0 00:00:00, Sys 0 00:00:00  -  Run Local Usage
		Usr 0 00:00:00, Sys 0 00:00:00  -  Total Remote Usage
		Usr 0 00:00:00, Sys 0 00:00:00  -  Total Local Usage
	234  -  Run Bytes Sent By Job
	1330  -  Run Bytes Received By Job
	234  -  Total Bytes Sent By Job
	1330  -  Total Bytes Received By Job
	Partitionable Resources :    Usage  Request Allocated
	   Cpus                 :                 1         1
	   Disk (KB)            :       51   750000    836880
	   Memory (MB)          :      114      100       100
...
000 (2020947.001.000) 06/13 13:49:04 Job submitted from host: <129.13.101.142:9618?addrs=129.13.101.142-9618&noUDP&sock=7538_ce86_4>
...
001 (2020947.001.000) 06/13 13:50:06 Job executing on host: <129.13.102.219:9618?addrs=129.13.102.219-9618&noUDP&sock=96349_4ae7_4>
...
005 (2020947.001.000) 06/13 13:50:08 Job terminated.
	(1) Normal termination (return value 0)
		Usr 0 00:00:00, Sys 0 00:00:00  -  Run Remote Usage
		Usr 0 00:00:00, Sys 0 00:00:00  -  Run Local Usage
		Usr 0 00:00:00, Sys 0 00:00:00  -  Total Remote Usage
		Usr 0 00:00:00, Sys 0 00:00:00  -  Total Local Usage
	548  -  Run Bytes Sent By Job
	1482  -  Run Bytes Received By Job
	548  -  Total Bytes Sent By Job
	1482  -  Total Bytes Received By Job
	Partitionable Resources :    Usage  Request Allocated
	   Cpus                 :                 1         1
	   Disk (KB)            :       51   750000    836864
	   Memory (MB)          :               100       100
...
000 (2020949.001.000) 06/13 13:52:23 Job submitted from host: <129.13.101.142:9618?addrs=129.13.101.142-9618&noUDP&sock=7538_ce86_4>
...
001 (2020949.001.000) 06/13 13:53:53 Job executing on host: <129.13.102.219:9618?addrs=129.13.102.219-9618&noUDP&sock=96349_4ae7_4>
...
005 (2020949.001.000) 06/13 13:54:00 Job terminated.
	(1) Normal termination (return value 0)
		Usr 0 00:00:00, Sys 0 00:00:00  -  Run Remote Usage
		Usr 0 00:00:00, Sys 0 00:00:00  -  Run Local Usage
		Usr 0 00:00:00, Sys 0 00:00:00  -  Total Remote Usage
		Usr 0 00:00:00, Sys 0 00:00:00  -  Total Local Usage
	425  -  Run Bytes Sent By Job
	1486  -  Run Bytes Received By Job
	425  -  Total Bytes Sent By Job
	1486  -  Total Bytes Received By Job
	Partitionable Resources :    Usage  Request Allocated
	   Cpus                 :                 1         1
	   Disk (KB)            :       51   750000    836848
	   Memory (MB)          :               100       100
...
000 (2020952.001.000) 06/13 13:59:49 Job submitted from host: <129.13.101.142:9618?addrs=129.13.101.142-9618&noUDP&sock=7538_ce86_4>
...
001 (2020952.001.000) 06/13 14:00:50 Job executing on host: <129.13.102.219:9618?addrs=129.13.102.219-9618&noUDP&sock=96349_4ae7_4>
...
005 (2020952.001.000) 06/13 14:00:57 Job terminated.
	(1) Normal termination (return value 0)
		Usr 0 00:00:00, Sys 0 00:00:00  -  Run Remote Usage
		Usr 0 00:00:00, Sys 0 00:00:00  -  Run Local Usage
		Usr 0 00:00:00, Sys 0 00:00:00  -  Total Remote Usage
		Usr 0 00:00:00, Sys 0 00:00:00  -  Total Local Usage
	935  -  Run Bytes Sent By Job
	1486  -  Run Bytes Received By Job
	935  -  Total Bytes Sent By Job
	1486  -  Total Bytes Received By Job
	Partitionable Resources :    Usage  Request Allocated
	   Cpus                 :                 1         1
	   Disk (KB)            :       52   750000    836832
	   Memory (MB)          :               100       100
...
000 (2020955.001.000) 06/13 14:09:50 Job submitted from host: <129.13.101.142:9618?addrs=129.13.101.142-9618&noUDP&sock=7538_ce86_4>
...
001 (2020955.001.000) 06/13 14:10:59 Job executing on host: <129.13.102.219:9618?addrs=129.13.102.219-9618&noUDP&sock=96349_4ae7_4>
...
006 (2020955.001.000) 06/13 14:11:07 Image size of job updated: 249
	249  -  MemoryUsage of job (MB)
	255208  -  ResidentSetSize of job (KB)
...
005 (2020955.001.000) 06/13 14:11:09 Job terminated.
	(1) Normal termination (return value 0)
		Usr 0 00:00:00, Sys 0 00:00:00  -  Run Remote Usage
		Usr 0 00:00:00, Sys 0 00:00:00  -  Run Local Usage
		Usr 0 00:00:00, Sys 0 00:00:00  -  Total Remote Usage
		Usr 0 00:00:00, Sys 0 00:00:00  -  Total Local Usage
	8462  -  Run Bytes Sent By Job
	2700  -  Run Bytes Received By Job
	8462  -  Total Bytes Sent By Job
	2700  -  Total Bytes Received By Job
	Partitionable Resources :    Usage  Request Allocated
	   Cpus                 :                 1         1
	   Disk (KB)            :   300833   750000    836816
	   Memory (MB)          :      249     3000      3000
...
000 (2021132.001.000) 06/13 15:11:11 Job submitted from host: <129.13.101.142:9618?addrs=129.13.101.142-9618&noUDP&sock=7538_ce86_4>
...
001 (2021132.001.000) 06/13 15:12:30 Job executing on host: <129.13.102.219:9618?addrs=129.13.102.219-9618&noUDP&sock=96349_4ae7_4>
...
006 (2021132.001.000) 06/13 15:12:38 Image size of job updated: 177
	177  -  MemoryUsage of job (MB)
	181620  -  ResidentSetSize of job (KB)
...
005 (2021132.001.000) 06/13 15:12:42 Job terminated.
	(1) Normal termination (return value 0)
		Usr 0 00:00:00, Sys 0 00:00:00  -  Run Remote Usage
		Usr 0 00:00:00, Sys 0 00:00:00  -  Run Local Usage
		Usr 0 00:00:00, Sys 0 00:00:00  -  Total Remote Usage
		Usr 0 00:00:00, Sys 0 00:00:00  -  Total Local Usage
	8463  -  Run Bytes Sent By Job
	2700  -  Run Bytes Received By Job
	8463  -  Total Bytes Sent By Job
	2700  -  Total Bytes Received By Job
	Partitionable Resources :    Usage  Request Allocated
	   Cpus                 :                 1         1
	   Disk (KB)            :   300833   750000    836792
	   Memory (MB)          :      177     3000      3000
...
000 (2021135.001.000) 06/13 15:18:38 Job submitted from host: <129.13.101.142:9618?addrs=129.13.101.142-9618&noUDP&sock=7538_ce86_4>
...
001 (2021135.001.000) 06/13 15:19:33 Job executing on host: <129.13.102.219:9618?addrs=129.13.102.219-9618&noUDP&sock=96349_4ae7_4>
...
006 (2021135.001.000) 06/13 15:19:41 Image size of job updated: 248
	248  -  MemoryUsage of job (MB)
	254940  -  ResidentSetSize of job (KB)
...
005 (2021135.001.000) 06/13 15:19:44 Job terminated.
	(1) Normal termination (return value 0)
		Usr 0 00:00:00, Sys 0 00:00:00  -  Run Remote Usage
		Usr 0 00:00:00, Sys 0 00:00:00  -  Run Local Usage
		Usr 0 00:00:00, Sys 0 00:00:00  -  Total Remote Usage
		Usr 0 00:00:00, Sys 0 00:00:00  -  Total Local Usage
	8463  -  Run Bytes Sent By Job
	2700  -  Run Bytes Received By Job
	8463  -  Total Bytes Sent By Job
	2700  -  Total Bytes Received By Job
	Partitionable Resources :    Usage  Request Allocated
	   Cpus                 :                 1         1
	   Disk (KB)            :   300833   750000    836768
	   Memory (MB)          :      248     3000      3000
...
000 (2021158.001.000) 06/13 15:50:27 Job submitted from host: <129.13.101.142:9618?addrs=129.13.101.142-9618&noUDP&sock=7538_ce86_4>
...
001 (2021158.001.000) 06/13 15:52:11 Job executing on host: <129.13.102.219:9618?addrs=129.13.102.219-9618&noUDP&sock=96349_4ae7_4>
...
005 (2021158.001.000) 06/13 15:52:18 Job terminated.
	(1) Normal termination (return value 0)
		Usr 0 00:00:00, Sys 0 00:00:00  -  Run Remote Usage
		Usr 0 00:00:00, Sys 0 00:00:00  -  Run Local Usage
		Usr 0 00:00:00, Sys 0 00:00:00  -  Total Remote Usage
		Usr 0 00:00:00, Sys 0 00:00:00  -  Total Local Usage
	935  -  Run Bytes Sent By Job
	1486  -  Run Bytes Received By Job
	935  -  Total Bytes Sent By Job
	1486  -  Total Bytes Received By Job
	Partitionable Resources :    Usage  Request Allocated
	   Cpus                 :                 1         1
	   Disk (KB)            :       52   750000    836752
	   Memory (MB)          :               100       100
...
000 (2021168.001.000) 06/13 16:05:21 Job submitted from host: <129.13.101.142:9618?addrs=129.13.101.142-9618&noUDP&sock=7538_ce86_4>
...
001 (2021168.001.000) 06/13 16:06:59 Job executing on host: <129.13.102.219:9618?addrs=129.13.102.219-9618&noUDP&sock=96349_4ae7_4>
...
005 (2021168.001.000) 06/13 16:07:06 Job terminated.
	(1) Normal termination (return value 0)
		Usr 0 00:00:00, Sys 0 00:00:00  -  Run Remote Usage
		Usr 0 00:00:00, Sys 0 00:00:00  -  Run Local Usage
		Usr 0 00:00:00, Sys 0 00:00:00  -  Total Remote Usage
		Usr 0 00:00:00, Sys 0 00:00:00  -  Total Local Usage
	935  -  Run Bytes Sent By Job
	1486  -  Run Bytes Received By Job
	935  -  Total Bytes Sent By Job
	1486  -  Total Bytes Received By Job
	Partitionable Resources :    Usage  Request Allocated
	   Cpus                 :                 1         1
	   Disk (KB)            :       52   750000    836736
	   Memory (MB)          :               100       100
...
000 (2021170.001.000) 06/13 16:08:10 Job submitted from host: <129.13.101.142:9618?addrs=129.13.101.142-9618&noUDP&sock=7538_ce86_4>
...
001 (2021170.001.000) 06/13 16:09:58 Job executing on host: <129.13.102.219:9618?addrs=129.13.102.219-9618&noUDP&sock=96349_4ae7_4>
...
005 (2021170.001.000) 06/13 16:10:05 Job terminated.
	(1) Normal termination (return value 0)
		Usr 0 00:00:00, Sys 0 00:00:00  -  Run Remote Usage
		Usr 0 00:00:00, Sys 0 00:00:00  -  Run Local Usage
		Usr 0 00:00:00, Sys 0 00:00:00  -  Total Remote Usage
		Usr 0 00:00:00, Sys 0 00:00:00  -  Total Local Usage
	935  -  Run Bytes Sent By Job
	1486  -  Run Bytes Received By Job
	935  -  Total Bytes Sent By Job
	1486  -  Total Bytes Received By Job
	Partitionable Resources :    Usage  Request Allocated
	   Cpus                 :                 1         1
	   Disk (KB)            :       52   750000    836720
	   Memory (MB)          :               100       100
...
000 (2021173.001.000) 06/13 16:12:43 Job submitted from host: <129.13.101.142:9618?addrs=129.13.101.142-9618&noUDP&sock=7538_ce86_4>
...
001 (2021173.001.000) 06/13 16:14:29 Job executing on host: <129.13.102.219:9618?addrs=129.13.102.219-9618&noUDP&sock=96349_4ae7_4>
...
005 (2021173.001.000) 06/13 16:14:36 Job terminated.
	(1) Normal termination (return value 0)
		Usr 0 00:00:00, Sys 0 00:00:00  -  Run Remote Usage
		Usr 0 00:00:00, Sys 0 00:00:00  -  Run Local Usage
		Usr 0 00:00:00, Sys 0 00:00:00  -  Total Remote Usage
		Usr 0 00:00:00, Sys 0 00:00:00  -  Total Local Usage
	935  -  Run Bytes Sent By Job
	1486  -  Run Bytes Received By Job
	935  -  Total Bytes Sent By Job
	1486  -  Total Bytes Received By Job
	Partitionable Resources :    Usage  Request Allocated
	   Cpus                 :                 1         1
	   Disk (KB)            :       52   750000    836704
	   Memory (MB)          :               100       100
...
000 (2021175.001.000) 06/13 16:14:44 Job submitted from host: <129.13.101.142:9618?addrs=129.13.101.142-9618&noUDP&sock=7538_ce86_4>
...
001 (2021175.001.000) 06/13 16:15:14 Job executing on host: <129.13.102.219:9618?addrs=129.13.102.219-9618&noUDP&sock=96349_4ae7_4>
...
005 (2021175.001.000) 06/13 16:15:17 Job terminated.
	(1) Normal termination (return value 0)
		Usr 0 00:00:00, Sys 0 00:00:00  -  Run Remote Usage
		Usr 0 00:00:00, Sys 0 00:00:00  -  Run Local Usage
		Usr 0 00:00:00, Sys 0 00:00:00  -  Total Remote Usage
		Usr 0 00:00:00, Sys 0 00:00:00  -  Total Local Usage
	724  -  Run Bytes Sent By Job
	1464  -  Run Bytes Received By Job
	724  -  Total Bytes Sent By Job
	1464  -  Total Bytes Received By Job
	Partitionable Resources :    Usage  Request Allocated
	   Cpus                 :                 1         1
	   Disk (KB)            :       51   750000    836688
	   Memory (MB)          :               100       100
...
000 (2021179.001.000) 06/13 16:19:42 Job submitted from host: <129.13.101.142:9618?addrs=129.13.101.142-9618&noUDP&sock=7538_ce86_4>
...
001 (2021179.001.000) 06/13 16:21:13 Job executing on host: <129.13.102.219:9618?addrs=129.13.102.219-9618&noUDP&sock=96349_4ae7_4>
...
005 (2021179.001.000) 06/13 16:21:15 Job terminated.
	(1) Normal termination (return value 0)
		Usr 0 00:00:00, Sys 0 00:00:00  -  Run Remote Usage
		Usr 0 00:00:00, Sys 0 00:00:00  -  Run Local Usage
		Usr 0 00:00:00, Sys 0 00:00:00  -  Total Remote Usage
		Usr 0 00:00:00, Sys 0 00:00:00  -  Total Local Usage
	746  -  Run Bytes Sent By Job
	1466  -  Run Bytes Received By Job
	746  -  Total Bytes Sent By Job
	1466  -  Total Bytes Received By Job
	Partitionable Resources :    Usage  Request Allocated
	   Cpus                 :                 1         1
	   Disk (KB)            :       51   750000    836672
	   Memory (MB)          :               100       100
...
000 (2021181.001.000) 06/13 16:23:04 Job submitted from host: <129.13.101.142:9618?addrs=129.13.101.142-9618&noUDP&sock=7538_ce86_4>
...
001 (2021181.001.000) 06/13 16:24:13 Job executing on host: <129.13.102.219:9618?addrs=129.13.102.219-9618&noUDP&sock=96349_4ae7_4>
...
006 (2021181.001.000) 06/13 16:24:21 Image size of job updated: 128
	128  -  MemoryUsage of job (MB)
	131072  -  ResidentSetSize of job (KB)
...
005 (2021181.001.000) 06/13 16:24:22 Job terminated.
	(1) Normal termination (return value 0)
		Usr 0 00:00:01, Sys 0 00:00:00  -  Run Remote Usage
		Usr 0 00:00:00, Sys 0 00:00:00  -  Run Local Usage
		Usr 0 00:00:01, Sys 0 00:00:00  -  Total Remote Usage
		Usr 0 00:00:00, Sys 0 00:00:00  -  Total Local Usage
	755  -  Run Bytes Sent By Job
	1474  -  Run Bytes Received By Job
	755  -  Total Bytes Sent By Job
	1474  -  Total Bytes Received By Job
	Partitionable Resources :    Usage  Request Allocated
	   Cpus                 :                 1         1
	   Disk (KB)            :       51   750000    836656
	   Memory (MB)          :      128      100       100
...
000 (2021201.001.000) 06/13 16:57:50 Job submitted from host: <129.13.101.142:9618?addrs=129.13.101.142-9618&noUDP&sock=7538_ce86_4>
...
001 (2021201.001.000) 06/13 16:58:51 Job executing on host: <129.13.102.219:9618?addrs=129.13.102.219-9618&noUDP&sock=96349_4ae7_4>
...
005 (2021201.001.000) 06/13 16:58:52 Job terminated.
	(0) Abnormal termination (signal 2)
	(0) No core file
		Usr 0 00:00:00, Sys 0 00:00:00  -  Run Remote Usage
		Usr 0 00:00:00, Sys 0 00:00:00  -  Run Local Usage
		Usr 0 00:00:00, Sys 0 00:00:00  -  Total Remote Usage
		Usr 0 00:00:00, Sys 0 00:00:00  -  Total Local Usage
	667  -  Run Bytes Sent By Job
	2086  -  Run Bytes Received By Job
	667  -  Total Bytes Sent By Job
	2086  -  Total Bytes Received By Job
	Partitionable Resources :    Usage  Request Allocated
	   Cpus                 :                 1         1
	   Disk (KB)            :       52   750000    836640
	   Memory (MB)          :               100       100
...
000 (2021204.001.000) 06/13 17:07:39 Job submitted from host: <129.13.101.142:9618?addrs=129.13.101.142-9618&noUDP&sock=7538_ce86_4>
...
001 (2021204.001.000) 06/13 17:08:52 Job executing on host: <129.13.102.219:9618?addrs=129.13.102.219-9618&noUDP&sock=96349_4ae7_4>
...
005 (2021204.001.000) 06/13 17:08:55 Job terminated.
	(0) Abnormal termination (signal 2)
	(0) No core file
		Usr 0 00:00:00, Sys 0 00:00:00  -  Run Remote Usage
		Usr 0 00:00:00, Sys 0 00:00:00  -  Run Local Usage
		Usr 0 00:00:00, Sys 0 00:00:00  -  Total Remote Usage
		Usr 0 00:00:00, Sys 0 00:00:00  -  Total Local Usage
	363  -  Run Bytes Sent By Job
	2152  -  Run Bytes Received By Job
	363  -  Total Bytes Sent By Job
	2152  -  Total Bytes Received By Job
	Partitionable Resources :    Usage  Request Allocated
	   Cpus                 :                 1         1
	   Disk (KB)            :       58   750000    836624
	   Memory (MB)          :               100       100
...
000 (2021206.001.000) 06/13 17:13:55 Job submitted from host: <129.13.101.142:9618?addrs=129.13.101.142-9618&noUDP&sock=7538_ce86_4>
...
001 (2021206.001.000) 06/13 17:15:08 Job executing on host: <129.13.102.219:9618?addrs=129.13.102.219-9618&noUDP&sock=96349_4ae7_4>
...
006 (2021206.001.000) 06/13 17:15:09 Image size of job updated: 16
	16  -  MemoryUsage of job (MB)
	16811  -  ResidentSetSize of job (KB)
...
005 (2021206.001.000) 06/13 17:15:09 Job terminated.
	(0) Abnormal termination (signal 2)
	(0) No core file
		Usr 0 00:00:00, Sys 0 00:00:00  -  Run Remote Usage
		Usr 0 00:00:00, Sys 0 00:00:00  -  Run Local Usage
		Usr 0 00:00:00, Sys 0 00:00:00  -  Total Remote Usage
		Usr 0 00:00:00, Sys 0 00:00:00  -  Total Local Usage
	279  -  Run Bytes Sent By Job
	2160  -  Run Bytes Received By Job
	279  -  Total Bytes Sent By Job
	2160  -  Total Bytes Received By Job
	Partitionable Resources :    Usage  Request Allocated
	   Cpus                 :                 1         1
	   Disk (KB)            :       58   750000    836608
	   Memory (MB)          :       16      100       100
...
000 (2021209.001.000) 06/13 17:28:43 Job submitted from host: <129.13.101.142:9618?addrs=129.13.101.142-9618&noUDP&sock=7538_ce86_4>
...
001 (2021209.001.000) 06/13 17:29:07 Job executing on host: <129.13.102.219:9618?addrs=129.13.102.219-9618&noUDP&sock=96349_4ae7_4>
...
005 (2021209.001.000) 06/13 17:29:09 Job terminated.
	(1) Normal termination (return value 0)
		Usr 0 00:00:00, Sys 0 00:00:00  -  Run Remote Usage
		Usr 0 00:00:00, Sys 0 00:00:00  -  Run Local Usage
		Usr 0 00:00:00, Sys 0 00:00:00  -  Total Remote Usage
		Usr 0 00:00:00, Sys 0 00:00:00  -  Total Local Usage
	821  -  Run Bytes Sent By Job
	2212  -  Run Bytes Received By Job
	821  -  Total Bytes Sent By Job
	2212  -  Total Bytes Received By Job
	Partitionable Resources :    Usage  Request Allocated
	   Cpus                 :                 1         1
	   Disk (KB)            :       52   750000    836584
	   Memory (MB)          :               100       100
...
000 (2021212.001.000) 06/13 17:32:02 Job submitted from host: <129.13.101.142:9618?addrs=129.13.101.142-9618&noUDP&sock=7538_ce86_4>
...
001 (2021212.001.000) 06/13 17:33:49 Job executing on host: <129.13.102.219:9618?addrs=129.13.102.219-9618&noUDP&sock=96349_4ae7_4>
...
006 (2021212.001.000) 06/13 17:33:51 Image size of job updated: 2
	0  -  MemoryUsage of job (MB)
	0  -  ResidentSetSize of job (KB)
...
005 (2021212.001.000) 06/13 17:33:51 Job terminated.
	(1) Normal termination (return value 0)
		Usr 0 00:00:00, Sys 0 00:00:00  -  Run Remote Usage
		Usr 0 00:00:00, Sys 0 00:00:00  -  Run Local Usage
		Usr 0 00:00:00, Sys 0 00:00:00  -  Total Remote Usage
		Usr 0 00:00:00, Sys 0 00:00:00  -  Total Local Usage
	821  -  Run Bytes Sent By Job
	2144  -  Run Bytes Received By Job
	821  -  Total Bytes Sent By Job
	2144  -  Total Bytes Received By Job
	Partitionable Resources :    Usage  Request Allocated
	   Cpus                 :                 1         1
	   Disk (KB)            :       52   750000    836576
	   Memory (MB)          :        0      100       100
...
000 (2021216.001.000) 06/13 17:42:41 Job submitted from host: <129.13.101.142:9618?addrs=129.13.101.142-9618&noUDP&sock=7538_ce86_4>
...
001 (2021216.001.000) 06/13 17:43:55 Job executing on host: <129.13.102.219:9618?addrs=129.13.102.219-9618&noUDP&sock=96349_4ae7_4>
...
005 (2021216.001.000) 06/13 17:43:56 Job terminated.
	(1) Normal termination (return value 0)
		Usr 0 00:00:00, Sys 0 00:00:00  -  Run Remote Usage
		Usr 0 00:00:00, Sys 0 00:00:00  -  Run Local Usage
		Usr 0 00:00:00, Sys 0 00:00:00  -  Total Remote Usage
		Usr 0 00:00:00, Sys 0 00:00:00  -  Total Local Usage
	334  -  Run Bytes Sent By Job
	2144  -  Run Bytes Received By Job
	334  -  Total Bytes Sent By Job
	2144  -  Total Bytes Received By Job
	Partitionable Resources :    Usage  Request Allocated
	   Cpus                 :                 1         1
	   Disk (KB)            :       58   750000    836560
	   Memory (MB)          :               100       100
...
000 (2021217.001.000) 06/13 17:45:10 Job submitted from host: <129.13.101.142:9618?addrs=129.13.101.142-9618&noUDP&sock=7538_ce86_4>
...
001 (2021217.001.000) 06/13 17:47:02 Job executing on host: <129.13.102.219:9618?addrs=129.13.102.219-9618&noUDP&sock=96349_4ae7_4>
...
005 (2021217.001.000) 06/13 17:47:04 Job terminated.
	(1) Normal termination (return value 0)
		Usr 0 00:00:00, Sys 0 00:00:00  -  Run Remote Usage
		Usr 0 00:00:00, Sys 0 00:00:00  -  Run Local Usage
		Usr 0 00:00:00, Sys 0 00:00:00  -  Total Remote Usage
		Usr 0 00:00:00, Sys 0 00:00:00  -  Total Local Usage
	334  -  Run Bytes Sent By Job
	2120  -  Run Bytes Received By Job
	334  -  Total Bytes Sent By Job
	2120  -  Total Bytes Received By Job
	Partitionable Resources :    Usage  Request Allocated
	   Cpus                 :                 1         1
	   Disk (KB)            :       57   750000    836544
	   Memory (MB)          :               100       100
...
000 (2021218.001.000) 06/13 17:52:09 Job submitted from host: <129.13.101.142:9618?addrs=129.13.101.142-9618&noUDP&sock=7538_ce86_4>
...
001 (2021218.001.000) 06/13 17:53:12 Job executing on host: <129.13.102.219:9618?addrs=129.13.102.219-9618&noUDP&sock=96349_4ae7_4>
...
005 (2021218.001.000) 06/13 17:53:14 Job terminated.
	(1) Normal termination (return value 0)
		Usr 0 00:00:00, Sys 0 00:00:00  -  Run Remote Usage
		Usr 0 00:00:00, Sys 0 00:00:00  -  Run Local Usage
		Usr 0 00:00:00, Sys 0 00:00:00  -  Total Remote Usage
		Usr 0 00:00:00, Sys 0 00:00:00  -  Total Local Usage
	760  -  Run Bytes Sent By Job
	2200  -  Run Bytes Received By Job
	760  -  Total Bytes Sent By Job
	2200  -  Total Bytes Received By Job
	Partitionable Resources :    Usage  Request Allocated
	   Cpus                 :                 1         1
	   Disk (KB)            :       58   750000    836528
	   Memory (MB)          :               100       100
...
000 (2023401.001.000) 06/14 09:52:14 Job submitted from host: <129.13.101.142:9618?addrs=129.13.101.142-9618&noUDP&sock=7538_ce86_4>
...
001 (2023401.001.000) 06/14 09:53:45 Job executing on host: <129.13.102.219:9618?addrs=129.13.102.219-9618&noUDP&sock=96349_4ae7_4>
...
006 (2023401.001.000) 06/14 09:54:29 Image size of job updated: 13
	13  -  MemoryUsage of job (MB)
	14284  -  ResidentSetSize of job (KB)
...
005 (2023401.001.000) 06/14 09:54:29 Job terminated.
	(1) Normal termination (return value 0)
		Usr 0 00:00:00, Sys 0 00:00:00  -  Run Remote Usage
		Usr 0 00:00:00, Sys 0 00:00:00  -  Run Local Usage
		Usr 0 00:00:00, Sys 0 00:00:00  -  Total Remote Usage
		Usr 0 00:00:00, Sys 0 00:00:00  -  Total Local Usage
	3783  -  Run Bytes Sent By Job
	2200  -  Run Bytes Received By Job
	3783  -  Total Bytes Sent By Job
	2200  -  Total Bytes Received By Job
	Partitionable Resources :    Usage  Request Allocated
	   Cpus                 :                 1         1
	   Disk (KB)            :       61   750000    834784
	   Memory (MB)          :       13      100       100
...
000 (2023417.001.000) 06/14 09:56:35 Job submitted from host: <129.13.101.142:9618?addrs=129.13.101.142-9618&noUDP&sock=7538_ce86_4>
...
001 (2023417.001.000) 06/14 09:58:20 Job executing on host: <129.13.102.219:9618?addrs=129.13.102.219-9618&noUDP&sock=96349_4ae7_4>
...
006 (2023417.001.000) 06/14 09:58:25 Image size of job updated: 128
	128  -  MemoryUsage of job (MB)
	131072  -  ResidentSetSize of job (KB)
...
005 (2023417.001.000) 06/14 09:58:25 Job terminated.
	(1) Normal termination (return value 0)
		Usr 0 00:00:00, Sys 0 00:00:00  -  Run Remote Usage
		Usr 0 00:00:00, Sys 0 00:00:00  -  Run Local Usage
		Usr 0 00:00:00, Sys 0 00:00:00  -  Total Remote Usage
		Usr 0 00:00:00, Sys 0 00:00:00  -  Total Local Usage
	3772  -  Run Bytes Sent By Job
	2212  -  Run Bytes Received By Job
	3772  -  Total Bytes Sent By Job
	2212  -  Total Bytes Received By Job
	Partitionable Resources :    Usage  Request Allocated
	   Cpus                 :                 1         1
	   Disk (KB)            :       61   750000    834784
	   Memory (MB)          :      128      100       100
...
000 (2023466.001.000) 06/14 10:06:31 Job submitted from host: <129.13.101.142:9618?addrs=129.13.101.142-9618&noUDP&sock=7538_ce86_4>
...
001 (2023466.001.000) 06/14 10:07:40 Job executing on host: <129.13.102.219:9618?addrs=129.13.102.219-9618&noUDP&sock=96349_4ae7_4>
...
006 (2023466.001.000) 06/14 10:07:49 Image size of job updated: 128
	128  -  MemoryUsage of job (MB)
	131072  -  ResidentSetSize of job (KB)
...
005 (2023466.001.000) 06/14 10:08:01 Job terminated.
	(1) Normal termination (return value 0)
		Usr 0 00:00:00, Sys 0 00:00:00  -  Run Remote Usage
		Usr 0 00:00:00, Sys 0 00:00:00  -  Run Local Usage
		Usr 0 00:00:00, Sys 0 00:00:00  -  Total Remote Usage
		Usr 0 00:00:00, Sys 0 00:00:00  -  Total Local Usage
	5734  -  Run Bytes Sent By Job
	2212  -  Run Bytes Received By Job
	5734  -  Total Bytes Sent By Job
	2212  -  Total Bytes Received By Job
	Partitionable Resources :    Usage  Request Allocated
	   Cpus                 :                 1         1
	   Disk (KB)            :       63   750000    834768
	   Memory (MB)          :      128      100       100
...
000 (2023528.001.000) 06/14 10:35:09 Job submitted from host: <129.13.101.142:9618?addrs=129.13.101.142-9618&noUDP&sock=7538_ce86_4>
...
001 (2023528.001.000) 06/14 10:36:12 Job executing on host: <129.13.102.219:9618?addrs=129.13.102.219-9618&noUDP&sock=96349_4ae7_4>
...
006 (2023528.001.000) 06/14 10:36:19 Image size of job updated: 106
	106  -  MemoryUsage of job (MB)
	109004  -  ResidentSetSize of job (KB)
...
005 (2023528.001.000) 06/14 10:36:19 Job terminated.
	(1) Normal termination (return value 0)
		Usr 0 00:00:00, Sys 0 00:00:00  -  Run Remote Usage
		Usr 0 00:00:00, Sys 0 00:00:00  -  Run Local Usage
		Usr 0 00:00:00, Sys 0 00:00:00  -  Total Remote Usage
		Usr 0 00:00:00, Sys 0 00:00:00  -  Total Local Usage
	935  -  Run Bytes Sent By Job
	3438  -  Run Bytes Received By Job
	935  -  Total Bytes Sent By Job
	3438  -  Total Bytes Received By Job
	Partitionable Resources :    Usage  Request Allocated
	   Cpus                 :                 1         1
	   Disk (KB)            :       54   750000    834744
	   Memory (MB)          :      106      100       100
...
000 (2023533.001.000) 06/14 10:36:30 Job submitted from host: <129.13.101.142:9618?addrs=129.13.101.142-9618&noUDP&sock=7538_ce86_4>
...
001 (2023533.001.000) 06/14 10:37:07 Job executing on host: <129.13.102.219:9618?addrs=129.13.102.219-9618&noUDP&sock=96349_4ae7_4>
...
006 (2023533.001.000) 06/14 10:37:16 Image size of job updated: 128
	128  -  MemoryUsage of job (MB)
	131072  -  ResidentSetSize of job (KB)
...
005 (2023533.001.000) 06/14 10:37:18 Job terminated.
	(1) Normal termination (return value 0)
		Usr 0 00:00:00, Sys 0 00:00:00  -  Run Remote Usage
		Usr 0 00:00:00, Sys 0 00:00:00  -  Run Local Usage
		Usr 0 00:00:00, Sys 0 00:00:00  -  Total Remote Usage
		Usr 0 00:00:00, Sys 0 00:00:00  -  Total Local Usage
	631  -  Run Bytes Sent By Job
	1408  -  Run Bytes Received By Job
	631  -  Total Bytes Sent By Job
	1408  -  Total Bytes Received By Job
	Partitionable Resources :    Usage  Request Allocated
	   Cpus                 :                 1         1
	   Disk (KB)            :       51   750000    834728
	   Memory (MB)          :      128      100       100
...
000 (2023547.001.000) 06/14 10:44:11 Job submitted from host: <129.13.101.142:9618?addrs=129.13.101.142-9618&noUDP&sock=7538_ce86_4>
...
001 (2023547.001.000) 06/14 10:46:20 Job executing on host: <129.13.102.219:9618?addrs=129.13.102.219-9618&noUDP&sock=96349_4ae7_4>
...
005 (2023547.001.000) 06/14 10:46:27 Job terminated.
	(1) Normal termination (return value 0)
		Usr 0 00:00:00, Sys 0 00:00:00  -  Run Remote Usage
		Usr 0 00:00:00, Sys 0 00:00:00  -  Run Local Usage
		Usr 0 00:00:00, Sys 0 00:00:00  -  Total Remote Usage
		Usr 0 00:00:00, Sys 0 00:00:00  -  Total Local Usage
	935  -  Run Bytes Sent By Job
	3438  -  Run Bytes Received By Job
	935  -  Total Bytes Sent By Job
	3438  -  Total Bytes Received By Job
	Partitionable Resources :    Usage  Request Allocated
	   Cpus                 :                 1         1
	   Disk (KB)            :       54   750000    834712
	   Memory (MB)          :               100       100
...
000 (2023561.001.000) 06/14 10:51:26 Job submitted from host: <129.13.101.142:9618?addrs=129.13.101.142-9618&noUDP&sock=7538_ce86_4>
...
001 (2023561.001.000) 06/14 10:52:40 Job executing on host: <129.13.102.219:9618?addrs=129.13.102.219-9618&noUDP&sock=96349_4ae7_4>
...
006 (2023561.001.000) 06/14 10:52:44 Image size of job updated: 128
	128  -  MemoryUsage of job (MB)
	131072  -  ResidentSetSize of job (KB)
...
005 (2023561.001.000) 06/14 10:52:45 Job terminated.
	(1) Normal termination (return value 0)
		Usr 0 00:00:00, Sys 0 00:00:00  -  Run Remote Usage
		Usr 0 00:00:00, Sys 0 00:00:00  -  Run Local Usage
		Usr 0 00:00:00, Sys 0 00:00:00  -  Total Remote Usage
		Usr 0 00:00:00, Sys 0 00:00:00  -  Total Local Usage
	77561  -  Run Bytes Sent By Job
	3438  -  Run Bytes Received By Job
	77561  -  Total Bytes Sent By Job
	3438  -  Total Bytes Received By Job
	Partitionable Resources :    Usage  Request Allocated
	   Cpus                 :                 1         1
	   Disk (KB)            :      128   750000    834696
	   Memory (MB)          :      128      100       100
...
000 (2023637.001.000) 06/14 11:29:02 Job submitted from host: <129.13.101.142:9618?addrs=129.13.101.142-9618&noUDP&sock=7538_ce86_4>
...
001 (2023637.001.000) 06/14 11:30:01 Job executing on host: <129.13.102.219:9618?addrs=129.13.102.219-9618&noUDP&sock=96349_4ae7_4>
...
006 (2023637.001.000) 06/14 11:30:06 Image size of job updated: 114
	114  -  MemoryUsage of job (MB)
	116780  -  ResidentSetSize of job (KB)
...
005 (2023637.001.000) 06/14 11:30:08 Job terminated.
	(1) Normal termination (return value 0)
		Usr 0 00:00:00, Sys 0 00:00:00  -  Run Remote Usage
		Usr 0 00:00:00, Sys 0 00:00:00  -  Run Local Usage
		Usr 0 00:00:00, Sys 0 00:00:00  -  Total Remote Usage
		Usr 0 00:00:00, Sys 0 00:00:00  -  Total Local Usage
	77578  -  Run Bytes Sent By Job
	3926  -  Run Bytes Received By Job
	77578  -  Total Bytes Sent By Job
	3926  -  Total Bytes Received By Job
	Partitionable Resources :    Usage  Request Allocated
	   Cpus                 :                 1         1
	   Disk (KB)            :      129   750000    834680
	   Memory (MB)          :      114      100       100
...
000 (2023640.001.000) 06/14 11:30:13 Job submitted from host: <129.13.101.142:9618?addrs=129.13.101.142-9618&noUDP&sock=7538_ce86_4>
...
001 (2023640.001.000) 06/14 11:30:54 Job executing on host: <129.13.102.219:9618?addrs=129.13.102.219-9618&noUDP&sock=96349_4ae7_4>
...
006 (2023640.001.000) 06/14 11:31:02 Image size of job updated: 128
	128  -  MemoryUsage of job (MB)
	131072  -  ResidentSetSize of job (KB)
...
005 (2023640.001.000) 06/14 11:31:03 Job terminated.
	(1) Normal termination (return value 0)
		Usr 0 00:00:01, Sys 0 00:00:00  -  Run Remote Usage
		Usr 0 00:00:00, Sys 0 00:00:00  -  Run Local Usage
		Usr 0 00:00:01, Sys 0 00:00:00  -  Total Remote Usage
		Usr 0 00:00:00, Sys 0 00:00:00  -  Total Local Usage
	630  -  Run Bytes Sent By Job
	2414  -  Run Bytes Received By Job
	630  -  Total Bytes Sent By Job
	2414  -  Total Bytes Received By Job
	Partitionable Resources :    Usage  Request Allocated
	   Cpus                 :                 1         1
	   Disk (KB)            :       52   750000    834664
	   Memory (MB)          :      128      100       100
...
000 (2023705.001.000) 06/14 11:58:13 Job submitted from host: <129.13.101.142:9618?addrs=129.13.101.142-9618&noUDP&sock=7538_ce86_4>
...
001 (2023705.001.000) 06/14 11:59:17 Job executing on host: <129.13.102.219:9618?addrs=129.13.102.219-9618&noUDP&sock=96349_4ae7_4>
...
006 (2023705.001.000) 06/14 11:59:26 Image size of job updated: 128
	128  -  MemoryUsage of job (MB)
	131072  -  ResidentSetSize of job (KB)
...
005 (2023705.001.000) 06/14 11:59:35 Job terminated.
	(1) Normal termination (return value 0)
		Usr 0 00:00:01, Sys 0 00:00:00  -  Run Remote Usage
		Usr 0 00:00:00, Sys 0 00:00:00  -  Run Local Usage
		Usr 0 00:00:01, Sys 0 00:00:00  -  Total Remote Usage
		Usr 0 00:00:00, Sys 0 00:00:00  -  Total Local Usage
	5734  -  Run Bytes Sent By Job
	2212  -  Run Bytes Received By Job
	5734  -  Total Bytes Sent By Job
	2212  -  Total Bytes Received By Job
	Partitionable Resources :    Usage  Request Allocated
	   Cpus                 :                 1         1
	   Disk (KB)            :       63   750000    834648
	   Memory (MB)          :      128      100       100
...
000 (2024129.001.000) 06/14 13:21:02 Job submitted from host: <129.13.101.142:9618?addrs=129.13.101.142-9618&noUDP&sock=7538_ce86_4>
...
001 (2024129.001.000) 06/14 13:22:35 Job executing on host: <129.13.102.219:9618?addrs=129.13.102.219-9618&noUDP&sock=96349_4ae7_4>
...
006 (2024129.001.000) 06/14 13:22:44 Image size of job updated: 128
	128  -  MemoryUsage of job (MB)
	131072  -  ResidentSetSize of job (KB)
...
005 (2024129.001.000) 06/14 13:22:52 Job terminated.
	(1) Normal termination (return value 0)
		Usr 0 00:00:01, Sys 0 00:00:00  -  Run Remote Usage
		Usr 0 00:00:00, Sys 0 00:00:00  -  Run Local Usage
		Usr 0 00:00:01, Sys 0 00:00:00  -  Total Remote Usage
		Usr 0 00:00:00, Sys 0 00:00:00  -  Total Local Usage
	5437  -  Run Bytes Sent By Job
	2212  -  Run Bytes Received By Job
	5437  -  Total Bytes Sent By Job
	2212  -  Total Bytes Received By Job
	Partitionable Resources :    Usage  Request Allocated
	   Cpus                 :                 1         1
	   Disk (KB)            :       63   750000    834624
	   Memory (MB)          :      128      100       100
...
000 (2024147.001.000) 06/14 13:27:41 Job submitted from host: <129.13.101.142:9618?addrs=129.13.101.142-9618&noUDP&sock=7538_ce86_4>
...
001 (2024147.001.000) 06/14 13:28:51 Job executing on host: <129.13.102.219:9618?addrs=129.13.102.219-9618&noUDP&sock=96349_4ae7_4>
...
005 (2024147.001.000) 06/14 13:28:53 Job terminated.
	(1) Normal termination (return value 0)
		Usr 0 00:00:00, Sys 0 00:00:00  -  Run Remote Usage
		Usr 0 00:00:00, Sys 0 00:00:00  -  Run Local Usage
		Usr 0 00:00:00, Sys 0 00:00:00  -  Total Remote Usage
		Usr 0 00:00:00, Sys 0 00:00:00  -  Total Local Usage
	4818  -  Run Bytes Sent By Job
	2212  -  Run Bytes Received By Job
	4818  -  Total Bytes Sent By Job
	2212  -  Total Bytes Received By Job
	Partitionable Resources :    Usage  Request Allocated
	   Cpus                 :                 1         1
	   Disk (KB)            :       62   750000    834608
	   Memory (MB)          :               100       100
...
000 (2024167.001.000) 06/14 13:36:46 Job submitted from host: <129.13.101.142:9618?addrs=129.13.101.142-9618&noUDP&sock=7538_ce86_4>
...
001 (2024167.001.000) 06/14 13:37:52 Job executing on host: <129.13.102.219:9618?addrs=129.13.102.219-9618&noUDP&sock=96349_4ae7_4>
...
006 (2024167.001.000) 06/14 13:38:01 Image size of job updated: 128
	128  -  MemoryUsage of job (MB)
	131072  -  ResidentSetSize of job (KB)
...
005 (2024167.001.000) 06/14 13:40:22 Job terminated.
	(1) Normal termination (return value 0)
		Usr 0 00:01:56, Sys 0 00:00:00  -  Run Remote Usage
		Usr 0 00:00:00, Sys 0 00:00:00  -  Run Local Usage
		Usr 0 00:01:56, Sys 0 00:00:00  -  Total Remote Usage
		Usr 0 00:00:00, Sys 0 00:00:00  -  Total Local Usage
	706932  -  Run Bytes Sent By Job
	2212  -  Run Bytes Received By Job
	706932  -  Total Bytes Sent By Job
	2212  -  Total Bytes Received By Job
	Partitionable Resources :    Usage  Request Allocated
	   Cpus                 :                 1         1
	   Disk (KB)            :      748   750000    834592
	   Memory (MB)          :      128      100       100
...
000 (2024792.001.000) 06/14 14:55:50 Job submitted from host: <129.13.101.142:9618?addrs=129.13.101.142-9618&noUDP&sock=7538_ce86_4>
...
001 (2024792.001.000) 06/14 14:57:34 Job executing on host: <129.13.102.219:9618?addrs=129.13.102.219-9618&noUDP&sock=96349_4ae7_4>
...
006 (2024792.001.000) 06/14 14:57:42 Image size of job updated: 128
	128  -  MemoryUsage of job (MB)
	131072  -  ResidentSetSize of job (KB)
...
005 (2024792.001.000) 06/14 15:00:08 Job terminated.
	(1) Normal termination (return value 0)
		Usr 0 00:01:59, Sys 0 00:00:00  -  Run Remote Usage
		Usr 0 00:00:00, Sys 0 00:00:00  -  Run Local Usage
		Usr 0 00:01:59, Sys 0 00:00:00  -  Total Remote Usage
		Usr 0 00:00:00, Sys 0 00:00:00  -  Total Local Usage
	707174  -  Run Bytes Sent By Job
	2870  -  Run Bytes Received By Job
	707174  -  Total Bytes Sent By Job
	2870  -  Total Bytes Received By Job
	Partitionable Resources :    Usage  Request Allocated
	   Cpus                 :                 1         1
	   Disk (KB)            :      749   750000    834640
	   Memory (MB)          :      128      100       100
...
000 (2024877.001.000) 06/14 15:08:16 Job submitted from host: <129.13.101.142:9618?addrs=129.13.101.142-9618&noUDP&sock=7538_ce86_4>
...
001 (2024877.001.000) 06/14 15:09:22 Job executing on host: <129.13.102.219:9618?addrs=129.13.102.219-9618&noUDP&sock=96349_4ae7_4>
...
006 (2024877.001.000) 06/14 15:09:31 Image size of job updated: 128
	128  -  MemoryUsage of job (MB)
	131072  -  ResidentSetSize of job (KB)
...
005 (2024877.001.000) 06/14 15:11:50 Job terminated.
	(1) Normal termination (return value 0)
		Usr 0 00:01:59, Sys 0 00:00:00  -  Run Remote Usage
		Usr 0 00:00:00, Sys 0 00:00:00  -  Run Local Usage
		Usr 0 00:01:59, Sys 0 00:00:00  -  Total Remote Usage
		Usr 0 00:00:00, Sys 0 00:00:00  -  Total Local Usage
	712895  -  Run Bytes Sent By Job
	2894  -  Run Bytes Received By Job
	712895  -  Total Bytes Sent By Job
	2894  -  Total Bytes Received By Job
	Partitionable Resources :    Usage  Request Allocated
	   Cpus                 :                 1         1
	   Disk (KB)            :      754   750000    834624
	   Memory (MB)          :      128      100       100
...
000 (2024895.001.000) 06/14 15:29:56 Job submitted from host: <129.13.101.142:9618?addrs=129.13.101.142-9618&noUDP&sock=7538_ce86_4>
...
001 (2024895.001.000) 06/14 15:31:39 Job executing on host: <129.13.102.219:9618?addrs=129.13.102.219-9618&noUDP&sock=96349_4ae7_4>
...
006 (2024895.001.000) 06/14 15:31:48 Image size of job updated: 128
	128  -  MemoryUsage of job (MB)
	131072  -  ResidentSetSize of job (KB)
...
005 (2024895.001.000) 06/14 15:34:07 Job terminated.
	(1) Normal termination (return value 0)
		Usr 0 00:01:57, Sys 0 00:00:00  -  Run Remote Usage
		Usr 0 00:00:00, Sys 0 00:00:00  -  Run Local Usage
		Usr 0 00:01:57, Sys 0 00:00:00  -  Total Remote Usage
		Usr 0 00:00:00, Sys 0 00:00:00  -  Total Local Usage
	713187  -  Run Bytes Sent By Job
	2894  -  Run Bytes Received By Job
	713187  -  Total Bytes Sent By Job
	2894  -  Total Bytes Received By Job
	Partitionable Resources :    Usage  Request Allocated
	   Cpus                 :                 1         1
	   Disk (KB)            :      754   750000    834600
	   Memory (MB)          :      128      100       100
...
000 (2024946.001.000) 06/14 16:24:11 Job submitted from host: <129.13.101.142:9618?addrs=129.13.101.142-9618&noUDP&sock=7538_ce86_4>
...
000 (2024947.001.000) 06/14 16:25:01 Job submitted from host: <129.13.101.142:9618?addrs=129.13.101.142-9618&noUDP&sock=7538_ce86_4>
...
001 (2024946.001.000) 06/14 16:26:02 Job executing on host: <129.13.102.219:9618?addrs=129.13.102.219-9618&noUDP&sock=96349_4ae7_4>
...
001 (2024947.001.000) 06/14 16:26:04 Job executing on host: <129.13.102.176:9618?addrs=129.13.102.176-9618&noUDP&sock=1426965_3154_4>
...
006 (2024946.001.000) 06/14 16:26:11 Image size of job updated: 9
	9  -  MemoryUsage of job (MB)
	10024  -  ResidentSetSize of job (KB)
...
006 (2024947.001.000) 06/14 16:26:13 Image size of job updated: 2
	1  -  MemoryUsage of job (MB)
	1616  -  ResidentSetSize of job (KB)
...
006 (2024946.001.000) 06/14 16:31:11 Image size of job updated: 128
	128  -  MemoryUsage of job (MB)
	131072  -  ResidentSetSize of job (KB)
...
006 (2024947.001.000) 06/14 16:31:13 Image size of job updated: 128
	128  -  MemoryUsage of job (MB)
	131072  -  ResidentSetSize of job (KB)
...
005 (2024946.001.000) 06/14 17:02:41 Job terminated.
	(1) Normal termination (return value 0)
		Usr 0 00:03:45, Sys 0 00:00:00  -  Run Remote Usage
		Usr 0 00:00:00, Sys 0 00:00:00  -  Run Local Usage
		Usr 0 00:03:45, Sys 0 00:00:00  -  Total Remote Usage
		Usr 0 00:00:00, Sys 0 00:00:00  -  Total Local Usage
	3175  -  Run Bytes Sent By Job
	3566  -  Run Bytes Received By Job
	3175  -  Total Bytes Sent By Job
	3566  -  Total Bytes Received By Job
	Partitionable Resources :    Usage  Request Allocated
	   Cpus                 :                 1         1
	   Disk (KB)            :      233   750000    834576
	   Memory (MB)          :      128      100       100
...
005 (2024947.001.000) 06/15 06:33:16 Job terminated.
	(1) Normal termination (return value 0)
		Usr 0 00:09:57, Sys 0 00:00:00  -  Run Remote Usage
		Usr 0 00:00:00, Sys 0 00:00:00  -  Run Local Usage
		Usr 0 00:09:57, Sys 0 00:00:00  -  Total Remote Usage
		Usr 0 00:00:00, Sys 0 00:00:00  -  Total Local Usage
	3178  -  Run Bytes Sent By Job
	3566  -  Run Bytes Received By Job
	3178  -  Total Bytes Sent By Job
	3566  -  Total Bytes Received By Job
	Partitionable Resources :    Usage  Request Allocated
	   Cpus                 :                 1         1
	   Disk (KB)            :      234   750000    755871
	   Memory (MB)          :      128      100       100
...
