000 (2024946.010.000) 06/14 16:24:11 Job submitted from host: <129.13.101.142:9618?addrs=129.13.101.142-9618&noUDP&sock=7538_ce86_4>
...
000 (2024947.010.000) 06/14 16:25:01 Job submitted from host: <129.13.101.142:9618?addrs=129.13.101.142-9618&noUDP&sock=7538_ce86_4>
...
001 (2024946.010.000) 06/14 16:26:03 Job executing on host: <129.13.102.173:9618?addrs=129.13.102.173-9618&noUDP&sock=2295_ec7a_4>
...
001 (2024947.010.000) 06/14 16:26:05 Job executing on host: <129.13.101.148:9618?addrs=129.13.101.148-9618&noUDP&sock=3597700_88dd_4>
...
006 (2024946.010.000) 06/14 16:26:12 Image size of job updated: 10
	10  -  MemoryUsage of job (MB)
	10784  -  ResidentSetSize of job (KB)
...
006 (2024947.010.000) 06/14 16:26:14 Image size of job updated: 3
	3  -  MemoryUsage of job (MB)
	3740  -  ResidentSetSize of job (KB)
...
005 (2024946.010.000) 06/14 16:28:16 Job terminated.
	(1) Normal termination (return value 0)
		Usr 0 00:00:00, Sys 0 00:00:00  -  Run Remote Usage
		Usr 0 00:00:00, Sys 0 00:00:00  -  Run Local Usage
		Usr 0 00:00:00, Sys 0 00:00:00  -  Total Remote Usage
		Usr 0 00:00:00, Sys 0 00:00:00  -  Total Local Usage
	2909  -  Run Bytes Sent By Job
	3566  -  Run Bytes Received By Job
	2909  -  Total Bytes Sent By Job
	3566  -  Total Bytes Received By Job
	Partitionable Resources :    Usage  Request Allocated
	   Cpus                 :                 1         1
	   Disk (KB)            :      194   750000    915116
	   Memory (MB)          :       10      100       100
...
006 (2024947.010.000) 06/14 16:28:23 Image size of job updated: 128
	128  -  MemoryUsage of job (MB)
	131072  -  ResidentSetSize of job (KB)
...
005 (2024947.010.000) 06/14 16:28:24 Job terminated.
	(1) Normal termination (return value 0)
		Usr 0 00:01:09, Sys 0 00:00:00  -  Run Remote Usage
		Usr 0 00:00:00, Sys 0 00:00:00  -  Run Local Usage
		Usr 0 00:01:09, Sys 0 00:00:00  -  Total Remote Usage
		Usr 0 00:00:00, Sys 0 00:00:00  -  Total Local Usage
	2819  -  Run Bytes Sent By Job
	3566  -  Run Bytes Received By Job
	2819  -  Total Bytes Sent By Job
	3566  -  Total Bytes Received By Job
	Partitionable Resources :    Usage  Request Allocated
	   Cpus                 :                 1         1
	   Disk (KB)            :      192   750000    797514
	   Memory (MB)          :      128      100       100
...
