000 (2024946.012.000) 06/14 16:24:11 Job submitted from host: <129.13.101.142:9618?addrs=129.13.101.142-9618&noUDP&sock=7538_ce86_4>
...
000 (2024947.012.000) 06/14 16:25:01 Job submitted from host: <129.13.101.142:9618?addrs=129.13.101.142-9618&noUDP&sock=7538_ce86_4>
...
001 (2024946.012.000) 06/14 16:26:03 Job executing on host: <129.13.102.200:9618?addrs=129.13.102.200-9618&noUDP&sock=2273_b476_4>
...
001 (2024947.012.000) 06/14 16:26:05 Job executing on host: <129.13.101.158:9618?addrs=129.13.101.158-9618&noUDP&sock=37260_d6dd_4>
...
006 (2024946.012.000) 06/14 16:26:12 Image size of job updated: 16
	16  -  MemoryUsage of job (MB)
	16944  -  ResidentSetSize of job (KB)
...
006 (2024947.012.000) 06/14 16:26:14 Image size of job updated: 16
	16  -  MemoryUsage of job (MB)
	17292  -  ResidentSetSize of job (KB)
...
006 (2024947.012.000) 06/14 16:26:37 Image size of job updated: 121
	121  -  MemoryUsage of job (MB)
	124040  -  ResidentSetSize of job (KB)
...
005 (2024947.012.000) 06/14 16:26:38 Job terminated.
	(1) Normal termination (return value 0)
		Usr 0 00:00:00, Sys 0 00:00:00  -  Run Remote Usage
		Usr 0 00:00:00, Sys 0 00:00:00  -  Run Local Usage
		Usr 0 00:00:00, Sys 0 00:00:00  -  Total Remote Usage
		Usr 0 00:00:00, Sys 0 00:00:00  -  Total Local Usage
	1828  -  Run Bytes Sent By Job
	3566  -  Run Bytes Received By Job
	1828  -  Total Bytes Sent By Job
	3566  -  Total Bytes Received By Job
	Partitionable Resources :    Usage  Request Allocated
	   Cpus                 :                 1         1
	   Disk (KB)            :      160   750000   8053313
	   Memory (MB)          :      121      100       100
...
006 (2024946.012.000) 06/14 16:26:44 Image size of job updated: 104
	104  -  MemoryUsage of job (MB)
	106764  -  ResidentSetSize of job (KB)
...
005 (2024946.012.000) 06/14 16:26:44 Job terminated.
	(1) Normal termination (return value 0)
		Usr 0 00:00:00, Sys 0 00:00:00  -  Run Remote Usage
		Usr 0 00:00:00, Sys 0 00:00:00  -  Run Local Usage
		Usr 0 00:00:00, Sys 0 00:00:00  -  Total Remote Usage
		Usr 0 00:00:00, Sys 0 00:00:00  -  Total Local Usage
	1402  -  Run Bytes Sent By Job
	3566  -  Run Bytes Received By Job
	1402  -  Total Bytes Sent By Job
	3566  -  Total Bytes Received By Job
	Partitionable Resources :    Usage  Request Allocated
	   Cpus                 :                 1         1
	   Disk (KB)            :      161   750000   1037346
	   Memory (MB)          :      104      100       100
...
