000 (2024946.013.000) 06/14 16:24:11 Job submitted from host: <129.13.101.142:9618?addrs=129.13.101.142-9618&noUDP&sock=7538_ce86_4>
...
000 (2024947.013.000) 06/14 16:25:01 Job submitted from host: <129.13.101.142:9618?addrs=129.13.101.142-9618&noUDP&sock=7538_ce86_4>
...
001 (2024946.013.000) 06/14 16:26:03 Job executing on host: <129.13.102.160:9618?addrs=129.13.102.160-9618&noUDP&sock=3710_f543_4>
...
001 (2024947.013.000) 06/14 16:26:05 Job executing on host: <129.13.101.157:9618?addrs=129.13.101.157-9618&noUDP&sock=24062_1bec_4>
...
006 (2024946.013.000) 06/14 16:26:11 Image size of job updated: 17
	17  -  MemoryUsage of job (MB)
	17972  -  ResidentSetSize of job (KB)
...
006 (2024947.013.000) 06/14 16:26:14 Image size of job updated: 16
	16  -  MemoryUsage of job (MB)
	16940  -  ResidentSetSize of job (KB)
...
006 (2024946.013.000) 06/14 16:27:55 Image size of job updated: 128
	128  -  MemoryUsage of job (MB)
	131072  -  ResidentSetSize of job (KB)
...
005 (2024946.013.000) 06/14 16:27:55 Job terminated.
	(1) Normal termination (return value 0)
		Usr 0 00:00:31, Sys 0 00:00:00  -  Run Remote Usage
		Usr 0 00:00:00, Sys 0 00:00:00  -  Run Local Usage
		Usr 0 00:00:31, Sys 0 00:00:00  -  Total Remote Usage
		Usr 0 00:00:00, Sys 0 00:00:00  -  Total Local Usage
	2911  -  Run Bytes Sent By Job
	3566  -  Run Bytes Received By Job
	2911  -  Total Bytes Sent By Job
	3566  -  Total Bytes Received By Job
	Partitionable Resources :    Usage  Request Allocated
	   Cpus                 :                 1         1
	   Disk (KB)            :      194   750000    782500
	   Memory (MB)          :      128      100       100
...
006 (2024947.013.000) 06/14 16:29:37 Image size of job updated: 128
	128  -  MemoryUsage of job (MB)
	131072  -  ResidentSetSize of job (KB)
...
005 (2024947.013.000) 06/14 16:29:38 Job terminated.
	(1) Normal termination (return value 0)
		Usr 0 00:01:47, Sys 0 00:00:00  -  Run Remote Usage
		Usr 0 00:00:00, Sys 0 00:00:00  -  Run Local Usage
		Usr 0 00:01:47, Sys 0 00:00:00  -  Total Remote Usage
		Usr 0 00:00:00, Sys 0 00:00:00  -  Total Local Usage
	3337  -  Run Bytes Sent By Job
	3566  -  Run Bytes Received By Job
	3337  -  Total Bytes Sent By Job
	3566  -  Total Bytes Received By Job
	Partitionable Resources :    Usage  Request Allocated
	   Cpus                 :                 1         1
	   Disk (KB)            :      192   750000   8110334
	   Memory (MB)          :      128      100       100
...
