000 (2024946.014.000) 06/14 16:24:11 Job submitted from host: <129.13.101.142:9618?addrs=129.13.101.142-9618&noUDP&sock=7538_ce86_4>
...
000 (2024947.014.000) 06/14 16:25:01 Job submitted from host: <129.13.101.142:9618?addrs=129.13.101.142-9618&noUDP&sock=7538_ce86_4>
...
022 (2024947.014.000) 06/14 16:26:04 Job disconnected, attempting to reconnect
    Socket between submit and execute hosts closed unexpectedly
    Trying to reconnect to slot1_1@ekpblus004.ekp.kit.edu <129.13.101.156:9618?addrs=129.13.101.156-9618&noUDP&sock=38455_828a_4>
...
024 (2024947.014.000) 06/14 16:26:04 Job reconnection failed
    Job not found at execution machine
    Can not reconnect to slot1_1@ekpblus004.ekp.kit.edu, rescheduling job
...
001 (2024946.014.000) 06/14 16:26:05 Job executing on host: <129.13.102.168:9618?addrs=129.13.102.168-9618&noUDP&sock=2871_c9b5_605>
...
006 (2024946.014.000) 06/14 16:26:13 Image size of job updated: 5
	5  -  MemoryUsage of job (MB)
	6016  -  ResidentSetSize of job (KB)
...
001 (2024947.014.000) 06/14 16:26:37 Job executing on host: <129.13.102.147:9618?addrs=129.13.102.147-9618&noUDP&sock=2066_88e2_5>
...
006 (2024947.014.000) 06/14 16:26:46 Image size of job updated: 128
	128  -  MemoryUsage of job (MB)
	131072  -  ResidentSetSize of job (KB)
...
005 (2024947.014.000) 06/14 16:28:17 Job terminated.
	(1) Normal termination (return value 0)
		Usr 0 00:00:55, Sys 0 00:00:00  -  Run Remote Usage
		Usr 0 00:00:00, Sys 0 00:00:00  -  Run Local Usage
		Usr 0 00:00:55, Sys 0 00:00:00  -  Total Remote Usage
		Usr 0 00:00:00, Sys 0 00:00:00  -  Total Local Usage
	3429  -  Run Bytes Sent By Job
	3566  -  Run Bytes Received By Job
	3429  -  Total Bytes Sent By Job
	3566  -  Total Bytes Received By Job
	Partitionable Resources :    Usage  Request Allocated
	   Cpus                 :                 1         1
	   Disk (KB)            :      194   750000    981684
	   Memory (MB)          :      128      100       100
...
006 (2024946.014.000) 06/14 16:29:22 Image size of job updated: 128
	128  -  MemoryUsage of job (MB)
	131072  -  ResidentSetSize of job (KB)
...
005 (2024946.014.000) 06/14 16:29:22 Job terminated.
	(1) Normal termination (return value 0)
		Usr 0 00:00:56, Sys 0 00:00:00  -  Run Remote Usage
		Usr 0 00:00:00, Sys 0 00:00:00  -  Run Local Usage
		Usr 0 00:00:56, Sys 0 00:00:00  -  Total Remote Usage
		Usr 0 00:00:00, Sys 0 00:00:00  -  Total Local Usage
	2913  -  Run Bytes Sent By Job
	3566  -  Run Bytes Received By Job
	2913  -  Total Bytes Sent By Job
	3566  -  Total Bytes Received By Job
	Partitionable Resources :    Usage  Request Allocated
	   Cpus                 :                 1         1
	   Disk (KB)            :      194   750000    750656
	   Memory (MB)          :      128      100       100
...
