000 (2024946.015.000) 06/14 16:24:11 Job submitted from host: <129.13.101.142:9618?addrs=129.13.101.142-9618&noUDP&sock=7538_ce86_4>
...
000 (2024947.015.000) 06/14 16:25:01 Job submitted from host: <129.13.101.142:9618?addrs=129.13.101.142-9618&noUDP&sock=7538_ce86_4>
...
001 (2024946.015.000) 06/14 16:26:03 Job executing on host: <129.13.102.230:9618?addrs=129.13.102.230-9618&noUDP&sock=3305_0bd6_4>
...
001 (2024947.015.000) 06/14 16:26:05 Job executing on host: <129.13.101.159:9618?addrs=129.13.101.159-9618&noUDP&sock=658033_7bcf_4>
...
006 (2024946.015.000) 06/14 16:26:12 Image size of job updated: 2
	1  -  MemoryUsage of job (MB)
	1536  -  ResidentSetSize of job (KB)
...
006 (2024947.015.000) 06/14 16:26:14 Image size of job updated: 16
	16  -  MemoryUsage of job (MB)
	17100  -  ResidentSetSize of job (KB)
...
006 (2024946.015.000) 06/14 16:28:56 Image size of job updated: 128
	128  -  MemoryUsage of job (MB)
	131072  -  ResidentSetSize of job (KB)
...
005 (2024946.015.000) 06/14 16:28:56 Job terminated.
	(1) Normal termination (return value 0)
		Usr 0 00:00:59, Sys 0 00:00:00  -  Run Remote Usage
		Usr 0 00:00:00, Sys 0 00:00:00  -  Run Local Usage
		Usr 0 00:00:59, Sys 0 00:00:00  -  Total Remote Usage
		Usr 0 00:00:00, Sys 0 00:00:00  -  Total Local Usage
	2865  -  Run Bytes Sent By Job
	3566  -  Run Bytes Received By Job
	2865  -  Total Bytes Sent By Job
	3566  -  Total Bytes Received By Job
	Partitionable Resources :    Usage  Request Allocated
	   Cpus                 :                 1         1
	   Disk (KB)            :      194   750000    825872
	   Memory (MB)          :      128      100       100
...
006 (2024947.015.000) 06/14 16:30:00 Image size of job updated: 128
	128  -  MemoryUsage of job (MB)
	131072  -  ResidentSetSize of job (KB)
...
005 (2024947.015.000) 06/14 16:30:01 Job terminated.
	(1) Normal termination (return value 0)
		Usr 0 00:02:28, Sys 0 00:00:00  -  Run Remote Usage
		Usr 0 00:00:00, Sys 0 00:00:00  -  Run Local Usage
		Usr 0 00:02:28, Sys 0 00:00:00  -  Total Remote Usage
		Usr 0 00:00:00, Sys 0 00:00:00  -  Total Local Usage
	3292  -  Run Bytes Sent By Job
	3566  -  Run Bytes Received By Job
	3292  -  Total Bytes Sent By Job
	3566  -  Total Bytes Received By Job
	Partitionable Resources :    Usage  Request Allocated
	   Cpus                 :                 1         1
	   Disk (KB)            :      192   750000   8278720
	   Memory (MB)          :      128      100       100
...
