000 (2024946.016.000) 06/14 16:24:11 Job submitted from host: <129.13.101.142:9618?addrs=129.13.101.142-9618&noUDP&sock=7538_ce86_4>
...
000 (2024947.016.000) 06/14 16:25:01 Job submitted from host: <129.13.101.142:9618?addrs=129.13.101.142-9618&noUDP&sock=7538_ce86_4>
...
001 (2024946.016.000) 06/14 16:26:03 Job executing on host: <129.13.102.166:9618?addrs=129.13.102.166-9618&noUDP&sock=2184_ef55_4>
...
001 (2024947.016.000) 06/14 16:26:05 Job executing on host: <129.13.101.154:9618?addrs=129.13.101.154-9618&noUDP&sock=1205_1bb6_4>
...
006 (2024946.016.000) 06/14 16:26:12 Image size of job updated: 2
	1  -  MemoryUsage of job (MB)
	1496  -  ResidentSetSize of job (KB)
...
006 (2024947.016.000) 06/14 16:26:14 Image size of job updated: 17
	17  -  MemoryUsage of job (MB)
	17456  -  ResidentSetSize of job (KB)
...
006 (2024946.016.000) 06/14 16:29:08 Image size of job updated: 128
	128  -  MemoryUsage of job (MB)
	131072  -  ResidentSetSize of job (KB)
...
005 (2024946.016.000) 06/14 16:29:08 Job terminated.
	(1) Normal termination (return value 0)
		Usr 0 00:01:28, Sys 0 00:00:00  -  Run Remote Usage
		Usr 0 00:00:00, Sys 0 00:00:00  -  Run Local Usage
		Usr 0 00:01:28, Sys 0 00:00:00  -  Total Remote Usage
		Usr 0 00:00:00, Sys 0 00:00:00  -  Total Local Usage
	2855  -  Run Bytes Sent By Job
	3566  -  Run Bytes Received By Job
	2855  -  Total Bytes Sent By Job
	3566  -  Total Bytes Received By Job
	Partitionable Resources :    Usage  Request Allocated
	   Cpus                 :                 1         1
	   Disk (KB)            :      194   750000   1033236
	   Memory (MB)          :      128      100       100
...
006 (2024947.016.000) 06/14 16:30:43 Image size of job updated: 128
	128  -  MemoryUsage of job (MB)
	131072  -  ResidentSetSize of job (KB)
...
005 (2024947.016.000) 06/14 16:30:44 Job terminated.
	(1) Normal termination (return value 0)
		Usr 0 00:03:00, Sys 0 00:00:00  -  Run Remote Usage
		Usr 0 00:00:00, Sys 0 00:00:00  -  Run Local Usage
		Usr 0 00:03:00, Sys 0 00:00:00  -  Total Remote Usage
		Usr 0 00:00:00, Sys 0 00:00:00  -  Total Local Usage
	3282  -  Run Bytes Sent By Job
	3566  -  Run Bytes Received By Job
	3282  -  Total Bytes Sent By Job
	3566  -  Total Bytes Received By Job
	Partitionable Resources :    Usage  Request Allocated
	   Cpus                 :                 1         1
	   Disk (KB)            :      192   750000   8170647
	   Memory (MB)          :      128      100       100
...
