000 (2024946.017.000) 06/14 16:24:11 Job submitted from host: <129.13.101.142:9618?addrs=129.13.101.142-9618&noUDP&sock=7538_ce86_4>
...
000 (2024947.017.000) 06/14 16:25:01 Job submitted from host: <129.13.101.142:9618?addrs=129.13.101.142-9618&noUDP&sock=7538_ce86_4>
...
001 (2024946.017.000) 06/14 16:26:03 Job executing on host: <129.13.102.175:9618?addrs=129.13.102.175-9618&noUDP&sock=3129_2055_4>
...
001 (2024947.017.000) 06/14 16:26:05 Job executing on host: <129.13.101.146:9618?addrs=129.13.101.146-9618&noUDP&sock=714612_f8ba_4>
...
006 (2024946.017.000) 06/14 16:26:11 Image size of job updated: 2
	1  -  MemoryUsage of job (MB)
	1612  -  ResidentSetSize of job (KB)
...
006 (2024947.017.000) 06/14 16:26:14 Image size of job updated: 2
	1  -  MemoryUsage of job (MB)
	2004  -  ResidentSetSize of job (KB)
...
006 (2024946.017.000) 06/14 16:26:43 Image size of job updated: 65
	65  -  MemoryUsage of job (MB)
	67224  -  ResidentSetSize of job (KB)
...
005 (2024946.017.000) 06/14 16:26:43 Job terminated.
	(1) Normal termination (return value 0)
		Usr 0 00:00:00, Sys 0 00:00:00  -  Run Remote Usage
		Usr 0 00:00:00, Sys 0 00:00:00  -  Run Local Usage
		Usr 0 00:00:00, Sys 0 00:00:00  -  Total Remote Usage
		Usr 0 00:00:00, Sys 0 00:00:00  -  Total Local Usage
	1402  -  Run Bytes Sent By Job
	3566  -  Run Bytes Received By Job
	1402  -  Total Bytes Sent By Job
	3566  -  Total Bytes Received By Job
	Partitionable Resources :    Usage  Request Allocated
	   Cpus                 :                 1         1
	   Disk (KB)            :      161   750000    790510
	   Memory (MB)          :       65      100       100
...
006 (2024947.017.000) 06/14 16:26:57 Image size of job updated: 128
	128  -  MemoryUsage of job (MB)
	131072  -  ResidentSetSize of job (KB)
...
005 (2024947.017.000) 06/14 16:26:58 Job terminated.
	(1) Normal termination (return value 0)
		Usr 0 00:00:00, Sys 0 00:00:00  -  Run Remote Usage
		Usr 0 00:00:00, Sys 0 00:00:00  -  Run Local Usage
		Usr 0 00:00:00, Sys 0 00:00:00  -  Total Remote Usage
		Usr 0 00:00:00, Sys 0 00:00:00  -  Total Local Usage
	1310  -  Run Bytes Sent By Job
	3566  -  Run Bytes Received By Job
	1310  -  Total Bytes Sent By Job
	3566  -  Total Bytes Received By Job
	Partitionable Resources :    Usage  Request Allocated
	   Cpus                 :                 1         1
	   Disk (KB)            :      159   750000   2995028
	   Memory (MB)          :      128      100       100
...
