000 (2018787.002.000) 06/09 14:21:51 Job submitted from host: <129.13.101.142:9618?addrs=129.13.101.142-9618&noUDP&sock=7538_ce86_4>
...
001 (2018787.002.000) 06/09 14:23:45 Job executing on host: <129.13.102.167:9618?addrs=129.13.102.167-9618&noUDP&sock=2982_4be9_4>
...
005 (2018787.002.000) 06/09 14:23:52 Job terminated.
	(1) Normal termination (return value 0)
		Usr 0 00:00:00, Sys 0 00:00:00  -  Run Remote Usage
		Usr 0 00:00:00, Sys 0 00:00:00  -  Run Local Usage
		Usr 0 00:00:00, Sys 0 00:00:00  -  Total Remote Usage
		Usr 0 00:00:00, Sys 0 00:00:00  -  Total Local Usage
	2296  -  Run Bytes Sent By Job
	3004  -  Run Bytes Received By Job
	2296  -  Total Bytes Sent By Job
	3004  -  Total Bytes Received By Job
	Partitionable Resources :    Usage  Request Allocated
	   Cpus                 :                 1         1
	   Disk (KB)            :      208   750000   1215138
	   Memory (MB)          :              3000      3000
...
000 (2018788.002.000) 06/09 14:30:12 Job submitted from host: <129.13.101.142:9618?addrs=129.13.101.142-9618&noUDP&sock=7538_ce86_4>
...
001 (2018788.002.000) 06/09 14:30:45 Job executing on host: <129.13.102.167:9618?addrs=129.13.102.167-9618&noUDP&sock=2982_4be9_4>
...
005 (2018788.002.000) 06/09 14:30:46 Job terminated.
	(1) Normal termination (return value 0)
		Usr 0 00:00:00, Sys 0 00:00:00  -  Run Remote Usage
		Usr 0 00:00:00, Sys 0 00:00:00  -  Run Local Usage
		Usr 0 00:00:00, Sys 0 00:00:00  -  Total Remote Usage
		Usr 0 00:00:00, Sys 0 00:00:00  -  Total Local Usage
	3393  -  Run Bytes Sent By Job
	3004  -  Run Bytes Received By Job
	3393  -  Total Bytes Sent By Job
	3004  -  Total Bytes Received By Job
	Partitionable Resources :    Usage  Request Allocated
	   Cpus                 :                 1         1
	   Disk (KB)            :      212   750000   1215136
	   Memory (MB)          :              3000      3000
...
000 (2018789.002.000) 06/09 14:34:22 Job submitted from host: <129.13.101.142:9618?addrs=129.13.101.142-9618&noUDP&sock=7538_ce86_4>
...
001 (2018789.002.000) 06/09 14:36:15 Job executing on host: <129.13.102.167:9618?addrs=129.13.102.167-9618&noUDP&sock=2982_4be9_4>
...
005 (2018789.002.000) 06/09 14:36:22 Job terminated.
	(1) Normal termination (return value 0)
		Usr 0 00:00:00, Sys 0 00:00:00  -  Run Remote Usage
		Usr 0 00:00:00, Sys 0 00:00:00  -  Run Local Usage
		Usr 0 00:00:00, Sys 0 00:00:00  -  Total Remote Usage
		Usr 0 00:00:00, Sys 0 00:00:00  -  Total Local Usage
	6716  -  Run Bytes Sent By Job
	3004  -  Run Bytes Received By Job
	6716  -  Total Bytes Sent By Job
	3004  -  Total Bytes Received By Job
	Partitionable Resources :    Usage  Request Allocated
	   Cpus                 :                 1         1
	   Disk (KB)            :      215   750000   1215134
	   Memory (MB)          :              3000      3000
...
000 (2018790.002.000) 06/09 14:36:44 Job submitted from host: <129.13.101.142:9618?addrs=129.13.101.142-9618&noUDP&sock=7538_ce86_4>
...
001 (2018790.002.000) 06/09 14:36:45 Job executing on host: <129.13.102.167:9618?addrs=129.13.102.167-9618&noUDP&sock=2982_4be9_4>
...
005 (2018790.002.000) 06/09 14:36:47 Job terminated.
	(1) Normal termination (return value 0)
		Usr 0 00:00:00, Sys 0 00:00:00  -  Run Remote Usage
		Usr 0 00:00:00, Sys 0 00:00:00  -  Run Local Usage
		Usr 0 00:00:00, Sys 0 00:00:00  -  Total Remote Usage
		Usr 0 00:00:00, Sys 0 00:00:00  -  Total Local Usage
	6644  -  Run Bytes Sent By Job
	3004  -  Run Bytes Received By Job
	6644  -  Total Bytes Sent By Job
	3004  -  Total Bytes Received By Job
	Partitionable Resources :    Usage  Request Allocated
	   Cpus                 :                 1         1
	   Disk (KB)            :      215   750000   1215130
	   Memory (MB)          :              3000      3000
...
000 (2018791.002.000) 06/09 14:38:34 Job submitted from host: <129.13.101.142:9618?addrs=129.13.101.142-9618&noUDP&sock=7538_ce86_4>
...
001 (2018791.002.000) 06/09 14:39:15 Job executing on host: <129.13.102.167:9618?addrs=129.13.102.167-9618&noUDP&sock=2982_4be9_4>
...
005 (2018791.002.000) 06/09 14:39:17 Job terminated.
	(1) Normal termination (return value 0)
		Usr 0 00:00:00, Sys 0 00:00:00  -  Run Remote Usage
		Usr 0 00:00:00, Sys 0 00:00:00  -  Run Local Usage
		Usr 0 00:00:00, Sys 0 00:00:00  -  Total Remote Usage
		Usr 0 00:00:00, Sys 0 00:00:00  -  Total Local Usage
	6624  -  Run Bytes Sent By Job
	2964  -  Run Bytes Received By Job
	6624  -  Total Bytes Sent By Job
	2964  -  Total Bytes Received By Job
	Partitionable Resources :    Usage  Request Allocated
	   Cpus                 :                 1         1
	   Disk (KB)            :      215   750000   1215130
	   Memory (MB)          :              3000      3000
...
000 (2018792.002.000) 06/09 14:41:43 Job submitted from host: <129.13.101.142:9618?addrs=129.13.101.142-9618&noUDP&sock=7538_ce86_4>
...
001 (2018792.002.000) 06/09 14:43:15 Job executing on host: <129.13.102.167:9618?addrs=129.13.102.167-9618&noUDP&sock=2982_4be9_4>
...
006 (2018792.002.000) 06/09 14:43:20 Image size of job updated: 382
	382  -  MemoryUsage of job (MB)
	391364  -  ResidentSetSize of job (KB)
...
005 (2018792.002.000) 06/09 14:43:20 Job terminated.
	(1) Normal termination (return value 0)
		Usr 0 00:00:00, Sys 0 00:00:00  -  Run Remote Usage
		Usr 0 00:00:00, Sys 0 00:00:00  -  Run Local Usage
		Usr 0 00:00:00, Sys 0 00:00:00  -  Total Remote Usage
		Usr 0 00:00:00, Sys 0 00:00:00  -  Total Local Usage
	10507  -  Run Bytes Sent By Job
	2964  -  Run Bytes Received By Job
	10507  -  Total Bytes Sent By Job
	2964  -  Total Bytes Received By Job
	Partitionable Resources :    Usage  Request Allocated
	   Cpus                 :                 1         1
	   Disk (KB)            :    62954   750000   1215128
	   Memory (MB)          :      382     3000      3000
...
000 (2018793.002.000) 06/09 14:54:05 Job submitted from host: <129.13.101.142:9618?addrs=129.13.101.142-9618&noUDP&sock=7538_ce86_4>
...
001 (2018793.002.000) 06/09 14:54:46 Job executing on host: <129.13.102.167:9618?addrs=129.13.102.167-9618&noUDP&sock=2982_4be9_4>
...
005 (2018793.002.000) 06/09 14:54:53 Job terminated.
	(1) Normal termination (return value 0)
		Usr 0 00:00:00, Sys 0 00:00:00  -  Run Remote Usage
		Usr 0 00:00:00, Sys 0 00:00:00  -  Run Local Usage
		Usr 0 00:00:00, Sys 0 00:00:00  -  Total Remote Usage
		Usr 0 00:00:00, Sys 0 00:00:00  -  Total Local Usage
	6589  -  Run Bytes Sent By Job
	2964  -  Run Bytes Received By Job
	6589  -  Total Bytes Sent By Job
	2964  -  Total Bytes Received By Job
	Partitionable Resources :    Usage  Request Allocated
	   Cpus                 :                 1         1
	   Disk (KB)            :    62950   750000   1215126
	   Memory (MB)          :              3000      3000
...
000 (2018794.002.000) 06/09 15:13:35 Job submitted from host: <129.13.101.142:9618?addrs=129.13.101.142-9618&noUDP&sock=7538_ce86_4>
...
001 (2018794.002.000) 06/09 15:15:15 Job executing on host: <129.13.102.167:9618?addrs=129.13.102.167-9618&noUDP&sock=2982_4be9_4>
...
005 (2018794.002.000) 06/09 15:15:17 Job terminated.
	(1) Normal termination (return value 0)
		Usr 0 00:00:00, Sys 0 00:00:00  -  Run Remote Usage
		Usr 0 00:00:00, Sys 0 00:00:00  -  Run Local Usage
		Usr 0 00:00:00, Sys 0 00:00:00  -  Total Remote Usage
		Usr 0 00:00:00, Sys 0 00:00:00  -  Total Local Usage
	7482  -  Run Bytes Sent By Job
	2678  -  Run Bytes Received By Job
	7482  -  Total Bytes Sent By Job
	2678  -  Total Bytes Received By Job
	Partitionable Resources :    Usage  Request Allocated
	   Cpus                 :                 1         1
	   Disk (KB)            :      216   750000   1215124
	   Memory (MB)          :              3000      3000
...
000 (2018795.002.000) 06/09 15:18:04 Job submitted from host: <129.13.101.142:9618?addrs=129.13.101.142-9618&noUDP&sock=7538_ce86_4>
...
001 (2018795.002.000) 06/09 15:19:16 Job executing on host: <129.13.102.167:9618?addrs=129.13.102.167-9618&noUDP&sock=2982_4be9_4>
...
005 (2018795.002.000) 06/09 15:19:18 Job terminated.
	(1) Normal termination (return value 0)
		Usr 0 00:00:00, Sys 0 00:00:00  -  Run Remote Usage
		Usr 0 00:00:00, Sys 0 00:00:00  -  Run Local Usage
		Usr 0 00:00:00, Sys 0 00:00:00  -  Total Remote Usage
		Usr 0 00:00:00, Sys 0 00:00:00  -  Total Local Usage
	7214  -  Run Bytes Sent By Job
	2678  -  Run Bytes Received By Job
	7214  -  Total Bytes Sent By Job
	2678  -  Total Bytes Received By Job
	Partitionable Resources :    Usage  Request Allocated
	   Cpus                 :                 1         1
	   Disk (KB)            :      215   750000   1215122
	   Memory (MB)          :              3000      3000
...
000 (2018796.002.000) 06/09 15:21:11 Job submitted from host: <129.13.101.142:9618?addrs=129.13.101.142-9618&noUDP&sock=7538_ce86_4>
...
001 (2018796.002.000) 06/09 15:21:45 Job executing on host: <129.13.102.167:9618?addrs=129.13.102.167-9618&noUDP&sock=2982_4be9_4>
...
005 (2018796.002.000) 06/09 15:21:46 Job terminated.
	(1) Normal termination (return value 0)
		Usr 0 00:00:00, Sys 0 00:00:00  -  Run Remote Usage
		Usr 0 00:00:00, Sys 0 00:00:00  -  Run Local Usage
		Usr 0 00:00:00, Sys 0 00:00:00  -  Total Remote Usage
		Usr 0 00:00:00, Sys 0 00:00:00  -  Total Local Usage
	1934  -  Run Bytes Sent By Job
	2636  -  Run Bytes Received By Job
	1934  -  Total Bytes Sent By Job
	2636  -  Total Bytes Received By Job
	Partitionable Resources :    Usage  Request Allocated
	   Cpus                 :                 1         1
	   Disk (KB)            :       58   750000   1215120
	   Memory (MB)          :              3000      3000
...
000 (2018797.002.000) 06/09 15:29:51 Job submitted from host: <129.13.101.142:9618?addrs=129.13.101.142-9618&noUDP&sock=7538_ce86_4>
...
001 (2018797.002.000) 06/09 15:31:46 Job executing on host: <129.13.102.167:9618?addrs=129.13.102.167-9618&noUDP&sock=2982_4be9_4>
...
005 (2018797.002.000) 06/09 15:31:53 Job terminated.
	(1) Normal termination (return value 0)
		Usr 0 00:00:00, Sys 0 00:00:00  -  Run Remote Usage
		Usr 0 00:00:00, Sys 0 00:00:00  -  Run Local Usage
		Usr 0 00:00:00, Sys 0 00:00:00  -  Total Remote Usage
		Usr 0 00:00:00, Sys 0 00:00:00  -  Total Local Usage
	6933  -  Run Bytes Sent By Job
	2562  -  Run Bytes Received By Job
	6933  -  Total Bytes Sent By Job
	2562  -  Total Bytes Received By Job
	Partitionable Resources :    Usage  Request Allocated
	   Cpus                 :                 1         1
	   Disk (KB)            :      215   750000   1215116
	   Memory (MB)          :              3000      3000
...
000 (2018798.002.000) 06/09 15:36:18 Job submitted from host: <129.13.101.142:9618?addrs=129.13.101.142-9618&noUDP&sock=7538_ce86_4>
...
001 (2018798.002.000) 06/09 15:37:15 Job executing on host: <129.13.102.167:9618?addrs=129.13.102.167-9618&noUDP&sock=2982_4be9_4>
...
005 (2018798.002.000) 06/09 15:37:23 Job terminated.
	(1) Normal termination (return value 0)
		Usr 0 00:00:00, Sys 0 00:00:00  -  Run Remote Usage
		Usr 0 00:00:00, Sys 0 00:00:00  -  Run Local Usage
		Usr 0 00:00:00, Sys 0 00:00:00  -  Total Remote Usage
		Usr 0 00:00:00, Sys 0 00:00:00  -  Total Local Usage
	6985  -  Run Bytes Sent By Job
	2644  -  Run Bytes Received By Job
	6985  -  Total Bytes Sent By Job
	2644  -  Total Bytes Received By Job
	Partitionable Resources :    Usage  Request Allocated
	   Cpus                 :                 1         1
	   Disk (KB)            :    62951   750000   1215114
	   Memory (MB)          :              3000      3000
...
000 (2018799.002.000) 06/09 15:44:47 Job submitted from host: <129.13.101.142:9618?addrs=129.13.101.142-9618&noUDP&sock=7538_ce86_4>
...
001 (2018799.002.000) 06/09 15:45:48 Job executing on host: <129.13.102.167:9618?addrs=129.13.102.167-9618&noUDP&sock=2982_4be9_4>
...
005 (2018799.002.000) 06/09 15:45:55 Job terminated.
	(1) Normal termination (return value 0)
		Usr 0 00:00:00, Sys 0 00:00:00  -  Run Remote Usage
		Usr 0 00:00:00, Sys 0 00:00:00  -  Run Local Usage
		Usr 0 00:00:00, Sys 0 00:00:00  -  Total Remote Usage
		Usr 0 00:00:00, Sys 0 00:00:00  -  Total Local Usage
	6985  -  Run Bytes Sent By Job
	2644  -  Run Bytes Received By Job
	6985  -  Total Bytes Sent By Job
	2644  -  Total Bytes Received By Job
	Partitionable Resources :    Usage  Request Allocated
	   Cpus                 :                 1         1
	   Disk (KB)            :    62951   750000   1215112
	   Memory (MB)          :              3000      3000
...
000 (2019842.002.000) 06/12 10:17:42 Job submitted from host: <129.13.101.142:9618?addrs=129.13.101.142-9618&noUDP&sock=7538_ce86_4>
...
001 (2019842.002.000) 06/12 10:18:06 Job executing on host: <129.13.102.167:9618?addrs=129.13.102.167-9618&noUDP&sock=2982_4be9_4>
...
006 (2019842.002.000) 06/12 10:18:14 Image size of job updated: 132
	132  -  MemoryUsage of job (MB)
	135812  -  ResidentSetSize of job (KB)
...
006 (2019842.002.000) 06/12 10:18:33 Image size of job updated: 322
	322  -  MemoryUsage of job (MB)
	329752  -  ResidentSetSize of job (KB)
...
005 (2019842.002.000) 06/12 10:18:33 Job terminated.
	(1) Normal termination (return value 0)
		Usr 0 00:00:00, Sys 0 00:00:00  -  Run Remote Usage
		Usr 0 00:00:00, Sys 0 00:00:00  -  Run Local Usage
		Usr 0 00:00:00, Sys 0 00:00:00  -  Total Remote Usage
		Usr 0 00:00:00, Sys 0 00:00:00  -  Total Local Usage
	6985  -  Run Bytes Sent By Job
	2644  -  Run Bytes Received By Job
	6985  -  Total Bytes Sent By Job
	2644  -  Total Bytes Received By Job
	Partitionable Resources :    Usage  Request Allocated
	   Cpus                 :                 1         1
	   Disk (KB)            :    62951   750000   1214980
	   Memory (MB)          :      322     3000      3000
...
000 (2019843.002.000) 06/12 10:34:32 Job submitted from host: <129.13.101.142:9618?addrs=129.13.101.142-9618&noUDP&sock=7538_ce86_4>
...
001 (2019843.002.000) 06/12 10:34:36 Job executing on host: <129.13.102.167:9618?addrs=129.13.102.167-9618&noUDP&sock=2982_4be9_4>
...
005 (2019843.002.000) 06/12 10:34:44 Job terminated.
	(1) Normal termination (return value 0)
		Usr 0 00:00:00, Sys 0 00:00:00  -  Run Remote Usage
		Usr 0 00:00:00, Sys 0 00:00:00  -  Run Local Usage
		Usr 0 00:00:00, Sys 0 00:00:00  -  Total Remote Usage
		Usr 0 00:00:00, Sys 0 00:00:00  -  Total Local Usage
	6985  -  Run Bytes Sent By Job
	2644  -  Run Bytes Received By Job
	6985  -  Total Bytes Sent By Job
	2644  -  Total Bytes Received By Job
	Partitionable Resources :    Usage  Request Allocated
	   Cpus                 :                 1         1
	   Disk (KB)            :    62951   750000   1214978
	   Memory (MB)          :              3000      3000
...
000 (2019845.002.000) 06/12 11:07:39 Job submitted from host: <129.13.101.142:9618?addrs=129.13.101.142-9618&noUDP&sock=7538_ce86_4>
...
001 (2019845.002.000) 06/12 11:08:09 Job executing on host: <129.13.102.167:9618?addrs=129.13.102.167-9618&noUDP&sock=2982_4be9_4>
...
005 (2019845.002.000) 06/12 11:08:16 Job terminated.
	(1) Normal termination (return value 0)
		Usr 0 00:00:00, Sys 0 00:00:00  -  Run Remote Usage
		Usr 0 00:00:00, Sys 0 00:00:00  -  Run Local Usage
		Usr 0 00:00:00, Sys 0 00:00:00  -  Total Remote Usage
		Usr 0 00:00:00, Sys 0 00:00:00  -  Total Local Usage
	6985  -  Run Bytes Sent By Job
	2644  -  Run Bytes Received By Job
	6985  -  Total Bytes Sent By Job
	2644  -  Total Bytes Received By Job
	Partitionable Resources :    Usage  Request Allocated
	   Cpus                 :                 1         1
	   Disk (KB)            :    62951   750000   1214976
	   Memory (MB)          :              3000      3000
...
000 (2019846.002.000) 06/12 11:08:57 Job submitted from host: <129.13.101.142:9618?addrs=129.13.101.142-9618&noUDP&sock=7538_ce86_4>
...
001 (2019846.002.000) 06/12 11:09:08 Job executing on host: <129.13.102.167:9618?addrs=129.13.102.167-9618&noUDP&sock=2982_4be9_4>
...
005 (2019846.002.000) 06/12 11:09:15 Job terminated.
	(1) Normal termination (return value 0)
		Usr 0 00:00:00, Sys 0 00:00:00  -  Run Remote Usage
		Usr 0 00:00:00, Sys 0 00:00:00  -  Run Local Usage
		Usr 0 00:00:00, Sys 0 00:00:00  -  Total Remote Usage
		Usr 0 00:00:00, Sys 0 00:00:00  -  Total Local Usage
	6985  -  Run Bytes Sent By Job
	2644  -  Run Bytes Received By Job
	6985  -  Total Bytes Sent By Job
	2644  -  Total Bytes Received By Job
	Partitionable Resources :    Usage  Request Allocated
	   Cpus                 :                 1         1
	   Disk (KB)            :    62951   750000   1214972
	   Memory (MB)          :              3000      3000
...
000 (2019847.002.000) 06/12 11:10:46 Job submitted from host: <129.13.101.142:9618?addrs=129.13.101.142-9618&noUDP&sock=7538_ce86_4>
...
001 (2019847.002.000) 06/12 11:11:08 Job executing on host: <129.13.102.167:9618?addrs=129.13.102.167-9618&noUDP&sock=2982_4be9_4>
...
005 (2019847.002.000) 06/12 11:11:15 Job terminated.
	(1) Normal termination (return value 0)
		Usr 0 00:00:00, Sys 0 00:00:00  -  Run Remote Usage
		Usr 0 00:00:00, Sys 0 00:00:00  -  Run Local Usage
		Usr 0 00:00:00, Sys 0 00:00:00  -  Total Remote Usage
		Usr 0 00:00:00, Sys 0 00:00:00  -  Total Local Usage
	6985  -  Run Bytes Sent By Job
	2644  -  Run Bytes Received By Job
	6985  -  Total Bytes Sent By Job
	2644  -  Total Bytes Received By Job
	Partitionable Resources :    Usage  Request Allocated
	   Cpus                 :                 1         1
	   Disk (KB)            :    62951   750000   1214972
	   Memory (MB)          :              3000      3000
...
000 (2019848.002.000) 06/12 11:11:43 Job submitted from host: <129.13.101.142:9618?addrs=129.13.101.142-9618&noUDP&sock=7538_ce86_4>
...
001 (2019848.002.000) 06/12 11:12:08 Job executing on host: <129.13.102.167:9618?addrs=129.13.102.167-9618&noUDP&sock=2982_4be9_4>
...
005 (2019848.002.000) 06/12 11:12:15 Job terminated.
	(1) Normal termination (return value 0)
		Usr 0 00:00:00, Sys 0 00:00:00  -  Run Remote Usage
		Usr 0 00:00:00, Sys 0 00:00:00  -  Run Local Usage
		Usr 0 00:00:00, Sys 0 00:00:00  -  Total Remote Usage
		Usr 0 00:00:00, Sys 0 00:00:00  -  Total Local Usage
	6985  -  Run Bytes Sent By Job
	2644  -  Run Bytes Received By Job
	6985  -  Total Bytes Sent By Job
	2644  -  Total Bytes Received By Job
	Partitionable Resources :    Usage  Request Allocated
	   Cpus                 :                 1         1
	   Disk (KB)            :    62951   750000   1214970
	   Memory (MB)          :              3000      3000
...
000 (2019849.002.000) 06/12 11:14:58 Job submitted from host: <129.13.101.142:9618?addrs=129.13.101.142-9618&noUDP&sock=7538_ce86_4>
...
001 (2019849.002.000) 06/12 11:15:08 Job executing on host: <129.13.102.167:9618?addrs=129.13.102.167-9618&noUDP&sock=2982_4be9_4>
...
005 (2019849.002.000) 06/12 11:15:15 Job terminated.
	(1) Normal termination (return value 0)
		Usr 0 00:00:00, Sys 0 00:00:00  -  Run Remote Usage
		Usr 0 00:00:00, Sys 0 00:00:00  -  Run Local Usage
		Usr 0 00:00:00, Sys 0 00:00:00  -  Total Remote Usage
		Usr 0 00:00:00, Sys 0 00:00:00  -  Total Local Usage
	6985  -  Run Bytes Sent By Job
	2644  -  Run Bytes Received By Job
	6985  -  Total Bytes Sent By Job
	2644  -  Total Bytes Received By Job
	Partitionable Resources :    Usage  Request Allocated
	   Cpus                 :                 1         1
	   Disk (KB)            :    62951   750000   1214968
	   Memory (MB)          :              3000      3000
...
000 (2019850.002.000) 06/12 13:22:00 Job submitted from host: <129.13.101.142:9618?addrs=129.13.101.142-9618&noUDP&sock=7538_ce86_4>
...
001 (2019850.002.000) 06/12 13:22:12 Job executing on host: <129.13.102.167:9618?addrs=129.13.102.167-9618&noUDP&sock=2982_4be9_4>
...
006 (2019850.002.000) 06/12 13:22:16 Image size of job updated: 339
	339  -  MemoryUsage of job (MB)
	347844  -  ResidentSetSize of job (KB)
...
005 (2019850.002.000) 06/12 13:22:16 Job terminated.
	(1) Normal termination (return value 0)
		Usr 0 00:00:00, Sys 0 00:00:00  -  Run Remote Usage
		Usr 0 00:00:00, Sys 0 00:00:00  -  Run Local Usage
		Usr 0 00:00:00, Sys 0 00:00:00  -  Total Remote Usage
		Usr 0 00:00:00, Sys 0 00:00:00  -  Total Local Usage
	6985  -  Run Bytes Sent By Job
	2644  -  Run Bytes Received By Job
	6985  -  Total Bytes Sent By Job
	2644  -  Total Bytes Received By Job
	Partitionable Resources :    Usage  Request Allocated
	   Cpus                 :                 1         1
	   Disk (KB)            :    62951   750000   1214960
	   Memory (MB)          :      339     3000      3000
...
000 (2019852.002.000) 06/12 13:30:04 Job submitted from host: <129.13.101.142:9618?addrs=129.13.101.142-9618&noUDP&sock=7538_ce86_4>
...
001 (2019852.002.000) 06/12 13:30:19 Job executing on host: <129.13.101.154:9618?addrs=129.13.101.154-9618&noUDP&sock=1205_1bb6_4>
...
006 (2019852.002.000) 06/12 13:30:28 Image size of job updated: 67
	67  -  MemoryUsage of job (MB)
	69064  -  ResidentSetSize of job (KB)
...
005 (2019852.002.000) 06/12 13:30:33 Job terminated.
	(1) Normal termination (return value 0)
		Usr 0 00:00:00, Sys 0 00:00:00  -  Run Remote Usage
		Usr 0 00:00:00, Sys 0 00:00:00  -  Run Local Usage
		Usr 0 00:00:00, Sys 0 00:00:00  -  Total Remote Usage
		Usr 0 00:00:00, Sys 0 00:00:00  -  Total Local Usage
	7410  -  Run Bytes Sent By Job
	2644  -  Run Bytes Received By Job
	7410  -  Total Bytes Sent By Job
	2644  -  Total Bytes Received By Job
	Partitionable Resources :    Usage  Request Allocated
	   Cpus                 :                 1         1
	   Disk (KB)            :    62949   750000   8201475
	   Memory (MB)          :       67     3000      3000
...
000 (2019853.002.000) 06/12 13:32:06 Job submitted from host: <129.13.101.142:9618?addrs=129.13.101.142-9618&noUDP&sock=7538_ce86_4>
...
001 (2019853.002.000) 06/12 13:32:12 Job executing on host: <129.13.102.166:9618?addrs=129.13.102.166-9618&noUDP&sock=2146_debc_4>
...
006 (2019853.002.000) 06/12 13:32:21 Image size of job updated: 102
	102  -  MemoryUsage of job (MB)
	105456  -  ResidentSetSize of job (KB)
...
005 (2019853.002.000) 06/12 13:32:23 Job terminated.
	(1) Normal termination (return value 0)
		Usr 0 00:00:00, Sys 0 00:00:00  -  Run Remote Usage
		Usr 0 00:00:00, Sys 0 00:00:00  -  Run Local Usage
		Usr 0 00:00:00, Sys 0 00:00:00  -  Total Remote Usage
		Usr 0 00:00:00, Sys 0 00:00:00  -  Total Local Usage
	6985  -  Run Bytes Sent By Job
	2644  -  Run Bytes Received By Job
	6985  -  Total Bytes Sent By Job
	2644  -  Total Bytes Received By Job
	Partitionable Resources :    Usage  Request Allocated
	   Cpus                 :                 1         1
	   Disk (KB)            :    62951   750000   1034292
	   Memory (MB)          :      102     3000      3000
...
000 (2019855.002.000) 06/12 13:42:32 Job submitted from host: <129.13.101.142:9618?addrs=129.13.101.142-9618&noUDP&sock=7538_ce86_4>
...
001 (2019855.002.000) 06/12 13:42:50 Job executing on host: <129.13.101.154:9618?addrs=129.13.101.154-9618&noUDP&sock=1205_1bb6_4>
...
006 (2019855.002.000) 06/12 13:42:57 Image size of job updated: 250
	250  -  MemoryUsage of job (MB)
	256548  -  ResidentSetSize of job (KB)
...
005 (2019855.002.000) 06/12 13:42:58 Job terminated.
	(1) Normal termination (return value 0)
		Usr 0 00:00:00, Sys 0 00:00:00  -  Run Remote Usage
		Usr 0 00:00:00, Sys 0 00:00:00  -  Run Local Usage
		Usr 0 00:00:00, Sys 0 00:00:00  -  Total Remote Usage
		Usr 0 00:00:00, Sys 0 00:00:00  -  Total Local Usage
	7410  -  Run Bytes Sent By Job
	2644  -  Run Bytes Received By Job
	7410  -  Total Bytes Sent By Job
	2644  -  Total Bytes Received By Job
	Partitionable Resources :    Usage  Request Allocated
	   Cpus                 :                 1         1
	   Disk (KB)            :    62949   750000   8199511
	   Memory (MB)          :      250     3000      3000
...
000 (2019856.002.000) 06/12 13:45:09 Job submitted from host: <129.13.101.142:9618?addrs=129.13.101.142-9618&noUDP&sock=7538_ce86_4>
...
001 (2019856.002.000) 06/12 13:45:14 Job executing on host: <129.13.102.180:9618?addrs=129.13.102.180-9618&noUDP&sock=3195_6595_4>
...
006 (2019856.002.000) 06/12 13:45:19 Image size of job updated: 319
	319  -  MemoryUsage of job (MB)
	326732  -  ResidentSetSize of job (KB)
...
005 (2019856.002.000) 06/12 13:45:19 Job terminated.
	(1) Normal termination (return value 0)
		Usr 0 00:00:00, Sys 0 00:00:00  -  Run Remote Usage
		Usr 0 00:00:00, Sys 0 00:00:00  -  Run Local Usage
		Usr 0 00:00:00, Sys 0 00:00:00  -  Total Remote Usage
		Usr 0 00:00:00, Sys 0 00:00:00  -  Total Local Usage
	6985  -  Run Bytes Sent By Job
	2644  -  Run Bytes Received By Job
	6985  -  Total Bytes Sent By Job
	2644  -  Total Bytes Received By Job
	Partitionable Resources :    Usage  Request Allocated
	   Cpus                 :                 1         1
	   Disk (KB)            :    62951   750000    865389
	   Memory (MB)          :      319     3000      3000
...
000 (2019879.002.000) 06/12 14:46:29 Job submitted from host: <129.13.101.142:9618?addrs=129.13.101.142-9618&noUDP&sock=7538_ce86_4>
...
001 (2019879.002.000) 06/12 14:46:45 Job executing on host: <129.13.102.180:9618?addrs=129.13.102.180-9618&noUDP&sock=3195_6595_4>
...
006 (2019879.002.000) 06/12 14:46:50 Image size of job updated: 341
	341  -  MemoryUsage of job (MB)
	349660  -  ResidentSetSize of job (KB)
...
005 (2019879.002.000) 06/12 14:46:50 Job terminated.
	(1) Normal termination (return value 0)
		Usr 0 00:00:00, Sys 0 00:00:00  -  Run Remote Usage
		Usr 0 00:00:00, Sys 0 00:00:00  -  Run Local Usage
		Usr 0 00:00:00, Sys 0 00:00:00  -  Total Remote Usage
		Usr 0 00:00:00, Sys 0 00:00:00  -  Total Local Usage
	6985  -  Run Bytes Sent By Job
	2644  -  Run Bytes Received By Job
	6985  -  Total Bytes Sent By Job
	2644  -  Total Bytes Received By Job
	Partitionable Resources :    Usage  Request Allocated
	   Cpus                 :                 1         1
	   Disk (KB)            :    62951   750000    865312
	   Memory (MB)          :      341     3000      3000
...
000 (2020096.002.000) 06/12 14:52:55 Job submitted from host: <129.13.101.142:9618?addrs=129.13.101.142-9618&noUDP&sock=7538_ce86_4>
...
001 (2020096.002.000) 06/12 14:53:17 Job executing on host: <129.13.102.180:9618?addrs=129.13.102.180-9618&noUDP&sock=3195_6595_4>
...
005 (2020096.002.000) 06/12 14:53:25 Job terminated.
	(1) Normal termination (return value 0)
		Usr 0 00:00:00, Sys 0 00:00:00  -  Run Remote Usage
		Usr 0 00:00:00, Sys 0 00:00:00  -  Run Local Usage
		Usr 0 00:00:00, Sys 0 00:00:00  -  Total Remote Usage
		Usr 0 00:00:00, Sys 0 00:00:00  -  Total Local Usage
	6985  -  Run Bytes Sent By Job
	2644  -  Run Bytes Received By Job
	6985  -  Total Bytes Sent By Job
	2644  -  Total Bytes Received By Job
	Partitionable Resources :    Usage  Request Allocated
	   Cpus                 :                 1         1
	   Disk (KB)            :    62951   750000    865298
	   Memory (MB)          :              3000      3000
...
000 (2020249.002.000) 06/12 14:57:11 Job submitted from host: <129.13.101.142:9618?addrs=129.13.101.142-9618&noUDP&sock=7538_ce86_4>
...
001 (2020249.002.000) 06/12 14:57:19 Job executing on host: <129.13.102.154:9618?addrs=129.13.102.154-9618&noUDP&sock=2865_68b4_4>
...
006 (2020249.002.000) 06/12 14:57:24 Image size of job updated: 391
	391  -  MemoryUsage of job (MB)
	400772  -  ResidentSetSize of job (KB)
...
005 (2020249.002.000) 06/12 14:57:25 Job terminated.
	(1) Normal termination (return value 0)
		Usr 0 00:00:00, Sys 0 00:00:00  -  Run Remote Usage
		Usr 0 00:00:00, Sys 0 00:00:00  -  Run Local Usage
		Usr 0 00:00:00, Sys 0 00:00:00  -  Total Remote Usage
		Usr 0 00:00:00, Sys 0 00:00:00  -  Total Local Usage
	6986  -  Run Bytes Sent By Job
	2644  -  Run Bytes Received By Job
	6986  -  Total Bytes Sent By Job
	2644  -  Total Bytes Received By Job
	Partitionable Resources :    Usage  Request Allocated
	   Cpus                 :                 1         1
	   Disk (KB)            :    62951   750000    990552
	   Memory (MB)          :      391     3000      3000
...
000 (2020278.002.000) 06/12 15:01:13 Job submitted from host: <129.13.101.142:9618?addrs=129.13.101.142-9618&noUDP&sock=7538_ce86_4>
...
001 (2020278.002.000) 06/12 15:01:17 Job executing on host: <129.13.102.154:9618?addrs=129.13.102.154-9618&noUDP&sock=2865_68b4_4>
...
005 (2020278.002.000) 06/12 15:01:26 Job terminated.
	(1) Normal termination (return value 0)
		Usr 0 00:00:00, Sys 0 00:00:00  -  Run Remote Usage
		Usr 0 00:00:00, Sys 0 00:00:00  -  Run Local Usage
		Usr 0 00:00:00, Sys 0 00:00:00  -  Total Remote Usage
		Usr 0 00:00:00, Sys 0 00:00:00  -  Total Local Usage
	6986  -  Run Bytes Sent By Job
	2644  -  Run Bytes Received By Job
	6986  -  Total Bytes Sent By Job
	2644  -  Total Bytes Received By Job
	Partitionable Resources :    Usage  Request Allocated
	   Cpus                 :                 1         1
	   Disk (KB)            :    62951   750000    990548
	   Memory (MB)          :              3000      3000
...
000 (2020279.002.000) 06/12 15:06:31 Job submitted from host: <129.13.101.142:9618?addrs=129.13.101.142-9618&noUDP&sock=7538_ce86_4>
...
001 (2020279.002.000) 06/12 15:06:50 Job executing on host: <129.13.102.154:9618?addrs=129.13.102.154-9618&noUDP&sock=2865_68b4_4>
...
005 (2020279.002.000) 06/12 15:06:57 Job terminated.
	(1) Normal termination (return value 0)
		Usr 0 00:00:00, Sys 0 00:00:00  -  Run Remote Usage
		Usr 0 00:00:00, Sys 0 00:00:00  -  Run Local Usage
		Usr 0 00:00:00, Sys 0 00:00:00  -  Total Remote Usage
		Usr 0 00:00:00, Sys 0 00:00:00  -  Total Local Usage
	6986  -  Run Bytes Sent By Job
	2644  -  Run Bytes Received By Job
	6986  -  Total Bytes Sent By Job
	2644  -  Total Bytes Received By Job
	Partitionable Resources :    Usage  Request Allocated
	   Cpus                 :                 1         1
	   Disk (KB)            :    62951   750000    990544
	   Memory (MB)          :              3000      3000
...
000 (2020282.002.000) 06/12 15:21:21 Job submitted from host: <129.13.101.142:9618?addrs=129.13.101.142-9618&noUDP&sock=7538_ce86_4>
...
001 (2020282.002.000) 06/12 15:21:46 Job executing on host: <129.13.102.180:9618?addrs=129.13.102.180-9618&noUDP&sock=3195_6595_4>
...
005 (2020282.002.000) 06/12 15:21:54 Job terminated.
	(1) Normal termination (return value 0)
		Usr 0 00:00:00, Sys 0 00:00:00  -  Run Remote Usage
		Usr 0 00:00:00, Sys 0 00:00:00  -  Run Local Usage
		Usr 0 00:00:00, Sys 0 00:00:00  -  Total Remote Usage
		Usr 0 00:00:00, Sys 0 00:00:00  -  Total Local Usage
	6985  -  Run Bytes Sent By Job
	2644  -  Run Bytes Received By Job
	6985  -  Total Bytes Sent By Job
	2644  -  Total Bytes Received By Job
	Partitionable Resources :    Usage  Request Allocated
	   Cpus                 :                 1         1
	   Disk (KB)            :    62951   750000    865263
	   Memory (MB)          :              3000      3000
...
000 (2020283.002.000) 06/12 15:22:10 Job submitted from host: <129.13.101.142:9618?addrs=129.13.101.142-9618&noUDP&sock=7538_ce86_4>
...
001 (2020283.002.000) 06/12 15:22:15 Job executing on host: <129.13.102.180:9618?addrs=129.13.102.180-9618&noUDP&sock=3195_6595_4>
...
005 (2020283.002.000) 06/12 15:22:23 Job terminated.
	(1) Normal termination (return value 0)
		Usr 0 00:00:00, Sys 0 00:00:00  -  Run Remote Usage
		Usr 0 00:00:00, Sys 0 00:00:00  -  Run Local Usage
		Usr 0 00:00:00, Sys 0 00:00:00  -  Total Remote Usage
		Usr 0 00:00:00, Sys 0 00:00:00  -  Total Local Usage
	6985  -  Run Bytes Sent By Job
	2644  -  Run Bytes Received By Job
	6985  -  Total Bytes Sent By Job
	2644  -  Total Bytes Received By Job
	Partitionable Resources :    Usage  Request Allocated
	   Cpus                 :                 1         1
	   Disk (KB)            :    62951   750000    865249
	   Memory (MB)          :              3000      3000
...
000 (2020284.002.000) 06/12 15:22:47 Job submitted from host: <129.13.101.142:9618?addrs=129.13.101.142-9618&noUDP&sock=7538_ce86_4>
...
001 (2020284.002.000) 06/12 15:23:18 Job executing on host: <129.13.102.188:9618?addrs=129.13.102.188-9618&noUDP&sock=1176601_5026_4>
...
006 (2020284.002.000) 06/12 15:23:22 Image size of job updated: 401
	401  -  MemoryUsage of job (MB)
	411224  -  ResidentSetSize of job (KB)
...
005 (2020284.002.000) 06/12 15:23:22 Job terminated.
	(1) Normal termination (return value 0)
		Usr 0 00:00:00, Sys 0 00:00:00  -  Run Remote Usage
		Usr 0 00:00:00, Sys 0 00:00:00  -  Run Local Usage
		Usr 0 00:00:00, Sys 0 00:00:00  -  Total Remote Usage
		Usr 0 00:00:00, Sys 0 00:00:00  -  Total Local Usage
	6985  -  Run Bytes Sent By Job
	2644  -  Run Bytes Received By Job
	6985  -  Total Bytes Sent By Job
	2644  -  Total Bytes Received By Job
	Partitionable Resources :    Usage  Request Allocated
	   Cpus                 :                 1         1
	   Disk (KB)            :    62951   750000    977804
	   Memory (MB)          :      401     3000      3000
...
000 (2020285.002.000) 06/12 15:24:02 Job submitted from host: <129.13.101.142:9618?addrs=129.13.101.142-9618&noUDP&sock=7538_ce86_4>
...
001 (2020285.002.000) 06/12 15:24:19 Job executing on host: <129.13.102.163:9618?addrs=129.13.102.163-9618&noUDP&sock=2814_1000_4>
...
005 (2020285.002.000) 06/12 15:24:26 Job terminated.
	(1) Normal termination (return value 0)
		Usr 0 00:00:00, Sys 0 00:00:00  -  Run Remote Usage
		Usr 0 00:00:00, Sys 0 00:00:00  -  Run Local Usage
		Usr 0 00:00:00, Sys 0 00:00:00  -  Total Remote Usage
		Usr 0 00:00:00, Sys 0 00:00:00  -  Total Local Usage
	6985  -  Run Bytes Sent By Job
	2644  -  Run Bytes Received By Job
	6985  -  Total Bytes Sent By Job
	2644  -  Total Bytes Received By Job
	Partitionable Resources :    Usage  Request Allocated
	   Cpus                 :                 1         1
	   Disk (KB)            :    62951   750000    757928
	   Memory (MB)          :              3000      3000
...
000 (2020286.002.000) 06/12 15:27:43 Job submitted from host: <129.13.101.142:9618?addrs=129.13.101.142-9618&noUDP&sock=7538_ce86_4>
...
001 (2020286.002.000) 06/12 15:27:46 Job executing on host: <129.13.102.217:9618?addrs=129.13.102.217-9618&noUDP&sock=1777_c44a_4>
...
006 (2020286.002.000) 06/12 15:27:51 Image size of job updated: 303
	303  -  MemoryUsage of job (MB)
	311240  -  ResidentSetSize of job (KB)
...
005 (2020286.002.000) 06/12 15:27:51 Job terminated.
	(1) Normal termination (return value 0)
		Usr 0 00:00:00, Sys 0 00:00:00  -  Run Remote Usage
		Usr 0 00:00:00, Sys 0 00:00:00  -  Run Local Usage
		Usr 0 00:00:00, Sys 0 00:00:00  -  Total Remote Usage
		Usr 0 00:00:00, Sys 0 00:00:00  -  Total Local Usage
	6985  -  Run Bytes Sent By Job
	2644  -  Run Bytes Received By Job
	6985  -  Total Bytes Sent By Job
	2644  -  Total Bytes Received By Job
	Partitionable Resources :    Usage  Request Allocated
	   Cpus                 :                 1         1
	   Disk (KB)            :    62951   750000   1021503
	   Memory (MB)          :      303     3000      3000
...
000 (2020287.002.000) 06/12 15:29:41 Job submitted from host: <129.13.101.142:9618?addrs=129.13.101.142-9618&noUDP&sock=7538_ce86_4>
...
001 (2020287.002.000) 06/12 15:29:46 Job executing on host: <129.13.102.217:9618?addrs=129.13.102.217-9618&noUDP&sock=1777_c44a_4>
...
006 (2020287.002.000) 06/12 15:29:49 Image size of job updated: 341
	341  -  MemoryUsage of job (MB)
	349692  -  ResidentSetSize of job (KB)
...
005 (2020287.002.000) 06/12 15:29:50 Job terminated.
	(1) Normal termination (return value 0)
		Usr 0 00:00:00, Sys 0 00:00:00  -  Run Remote Usage
		Usr 0 00:00:00, Sys 0 00:00:00  -  Run Local Usage
		Usr 0 00:00:00, Sys 0 00:00:00  -  Total Remote Usage
		Usr 0 00:00:00, Sys 0 00:00:00  -  Total Local Usage
	6985  -  Run Bytes Sent By Job
	2644  -  Run Bytes Received By Job
	6985  -  Total Bytes Sent By Job
	2644  -  Total Bytes Received By Job
	Partitionable Resources :    Usage  Request Allocated
	   Cpus                 :                 1         1
	   Disk (KB)            :    62951   750000   1021500
	   Memory (MB)          :      341     3000      3000
...
000 (2020288.002.000) 06/12 15:35:10 Job submitted from host: <129.13.101.142:9618?addrs=129.13.101.142-9618&noUDP&sock=7538_ce86_4>
...
001 (2020288.002.000) 06/12 15:35:16 Job executing on host: <129.13.102.217:9618?addrs=129.13.102.217-9618&noUDP&sock=1777_c44a_4>
...
005 (2020288.002.000) 06/12 15:35:23 Job terminated.
	(1) Normal termination (return value 0)
		Usr 0 00:00:00, Sys 0 00:00:00  -  Run Remote Usage
		Usr 0 00:00:00, Sys 0 00:00:00  -  Run Local Usage
		Usr 0 00:00:00, Sys 0 00:00:00  -  Total Remote Usage
		Usr 0 00:00:00, Sys 0 00:00:00  -  Total Local Usage
	6985  -  Run Bytes Sent By Job
	2644  -  Run Bytes Received By Job
	6985  -  Total Bytes Sent By Job
	2644  -  Total Bytes Received By Job
	Partitionable Resources :    Usage  Request Allocated
	   Cpus                 :                 1         1
	   Disk (KB)            :    62951   750000   1021494
	   Memory (MB)          :              3000      3000
...
000 (2020293.002.000) 06/12 15:59:28 Job submitted from host: <129.13.101.142:9618?addrs=129.13.101.142-9618&noUDP&sock=7538_ce86_4>
...
001 (2020293.002.000) 06/12 15:59:47 Job executing on host: <129.13.102.217:9618?addrs=129.13.102.217-9618&noUDP&sock=1777_c44a_4>
...
005 (2020293.002.000) 06/12 15:59:54 Job terminated.
	(1) Normal termination (return value 0)
		Usr 0 00:00:00, Sys 0 00:00:00  -  Run Remote Usage
		Usr 0 00:00:00, Sys 0 00:00:00  -  Run Local Usage
		Usr 0 00:00:00, Sys 0 00:00:00  -  Total Remote Usage
		Usr 0 00:00:00, Sys 0 00:00:00  -  Total Local Usage
	7115  -  Run Bytes Sent By Job
	2666  -  Run Bytes Received By Job
	7115  -  Total Bytes Sent By Job
	2666  -  Total Bytes Received By Job
	Partitionable Resources :    Usage  Request Allocated
	   Cpus                 :                 1         1
	   Disk (KB)            :    62951   750000   1021488
	   Memory (MB)          :              3000      3000
...
000 (2020297.002.000) 06/12 16:01:28 Job submitted from host: <129.13.101.142:9618?addrs=129.13.101.142-9618&noUDP&sock=7538_ce86_4>
...
001 (2020297.002.000) 06/12 16:01:48 Job executing on host: <129.13.102.217:9618?addrs=129.13.102.217-9618&noUDP&sock=1777_c44a_4>
...
006 (2020297.002.000) 06/12 16:01:51 Image size of job updated: 344
	344  -  MemoryUsage of job (MB)
	352264  -  ResidentSetSize of job (KB)
...
005 (2020297.002.000) 06/12 16:01:51 Job terminated.
	(1) Normal termination (return value 0)
		Usr 0 00:00:00, Sys 0 00:00:00  -  Run Remote Usage
		Usr 0 00:00:00, Sys 0 00:00:00  -  Run Local Usage
		Usr 0 00:00:00, Sys 0 00:00:00  -  Total Remote Usage
		Usr 0 00:00:00, Sys 0 00:00:00  -  Total Local Usage
	7115  -  Run Bytes Sent By Job
	2666  -  Run Bytes Received By Job
	7115  -  Total Bytes Sent By Job
	2666  -  Total Bytes Received By Job
	Partitionable Resources :    Usage  Request Allocated
	   Cpus                 :                 1         1
	   Disk (KB)            :    62951   750000   1021485
	   Memory (MB)          :      344     3000      3000
...
000 (2020307.002.000) 06/12 16:09:31 Job submitted from host: <129.13.101.142:9618?addrs=129.13.101.142-9618&noUDP&sock=7538_ce86_4>
...
001 (2020307.002.000) 06/12 16:09:47 Job executing on host: <129.13.102.217:9618?addrs=129.13.102.217-9618&noUDP&sock=1777_c44a_4>
...
006 (2020307.002.000) 06/12 16:09:52 Image size of job updated: 330
	330  -  MemoryUsage of job (MB)
	338740  -  ResidentSetSize of job (KB)
...
005 (2020307.002.000) 06/12 16:09:52 Job terminated.
	(1) Normal termination (return value 0)
		Usr 0 00:00:00, Sys 0 00:00:00  -  Run Remote Usage
		Usr 0 00:00:00, Sys 0 00:00:00  -  Run Local Usage
		Usr 0 00:00:00, Sys 0 00:00:00  -  Total Remote Usage
		Usr 0 00:00:00, Sys 0 00:00:00  -  Total Local Usage
	7304  -  Run Bytes Sent By Job
	2700  -  Run Bytes Received By Job
	7304  -  Total Bytes Sent By Job
	2700  -  Total Bytes Received By Job
	Partitionable Resources :    Usage  Request Allocated
	   Cpus                 :                 1         1
	   Disk (KB)            :    62951   750000   1021482
	   Memory (MB)          :      330     3000      3000
...
000 (2020308.002.000) 06/12 16:10:54 Job submitted from host: <129.13.101.142:9618?addrs=129.13.101.142-9618&noUDP&sock=7538_ce86_4>
...
001 (2020308.002.000) 06/12 16:11:18 Job executing on host: <129.13.102.217:9618?addrs=129.13.102.217-9618&noUDP&sock=1777_c44a_4>
...
006 (2020308.002.000) 06/12 16:11:22 Image size of job updated: 340
	340  -  MemoryUsage of job (MB)
	349088  -  ResidentSetSize of job (KB)
...
005 (2020308.002.000) 06/12 16:11:22 Job terminated.
	(1) Normal termination (return value 0)
		Usr 0 00:00:00, Sys 0 00:00:00  -  Run Remote Usage
		Usr 0 00:00:00, Sys 0 00:00:00  -  Run Local Usage
		Usr 0 00:00:00, Sys 0 00:00:00  -  Total Remote Usage
		Usr 0 00:00:00, Sys 0 00:00:00  -  Total Local Usage
	7304  -  Run Bytes Sent By Job
	2700  -  Run Bytes Received By Job
	7304  -  Total Bytes Sent By Job
	2700  -  Total Bytes Received By Job
	Partitionable Resources :    Usage  Request Allocated
	   Cpus                 :                 1         1
	   Disk (KB)            :    62951   750000   1021476
	   Memory (MB)          :      340     3000      3000
...
000 (2020318.002.000) 06/12 16:22:33 Job submitted from host: <129.13.101.142:9618?addrs=129.13.101.142-9618&noUDP&sock=7538_ce86_4>
...
001 (2020318.002.000) 06/12 16:22:48 Job executing on host: <129.13.102.206:9618?addrs=129.13.102.206-9618&noUDP&sock=1325765_6900_4>
...
006 (2020318.002.000) 06/12 16:22:57 Image size of job updated: 125
	125  -  MemoryUsage of job (MB)
	128436  -  ResidentSetSize of job (KB)
...
005 (2020318.002.000) 06/12 16:22:57 Job terminated.
	(1) Normal termination (return value 0)
		Usr 0 00:00:00, Sys 0 00:00:00  -  Run Remote Usage
		Usr 0 00:00:00, Sys 0 00:00:00  -  Run Local Usage
		Usr 0 00:00:00, Sys 0 00:00:00  -  Total Remote Usage
		Usr 0 00:00:00, Sys 0 00:00:00  -  Total Local Usage
	7305  -  Run Bytes Sent By Job
	2700  -  Run Bytes Received By Job
	7305  -  Total Bytes Sent By Job
	2700  -  Total Bytes Received By Job
	Partitionable Resources :    Usage  Request Allocated
	   Cpus                 :                 1         1
	   Disk (KB)            :    62951   750000   1268958
	   Memory (MB)          :      125     3000      3000
...
000 (2020324.002.000) 06/12 16:26:06 Job submitted from host: <129.13.101.142:9618?addrs=129.13.101.142-9618&noUDP&sock=7538_ce86_4>
...
001 (2020324.002.000) 06/12 16:26:18 Job executing on host: <129.13.102.185:9618?addrs=129.13.102.185-9618&noUDP&sock=2227_a889_4>
...
006 (2020324.002.000) 06/12 16:26:23 Image size of job updated: 303
	303  -  MemoryUsage of job (MB)
	310440  -  ResidentSetSize of job (KB)
...
005 (2020324.002.000) 06/12 16:26:24 Job terminated.
	(1) Normal termination (return value 0)
		Usr 0 00:00:00, Sys 0 00:00:00  -  Run Remote Usage
		Usr 0 00:00:00, Sys 0 00:00:00  -  Run Local Usage
		Usr 0 00:00:00, Sys 0 00:00:00  -  Total Remote Usage
		Usr 0 00:00:00, Sys 0 00:00:00  -  Total Local Usage
	7304  -  Run Bytes Sent By Job
	2700  -  Run Bytes Received By Job
	7304  -  Total Bytes Sent By Job
	2700  -  Total Bytes Received By Job
	Partitionable Resources :    Usage  Request Allocated
	   Cpus                 :                 1         1
	   Disk (KB)            :    62951   750000    991653
	   Memory (MB)          :      303     3000      3000
...
000 (2020327.002.000) 06/12 16:28:07 Job submitted from host: <129.13.101.142:9618?addrs=129.13.101.142-9618&noUDP&sock=7538_ce86_4>
...
001 (2020327.002.000) 06/12 16:28:18 Job executing on host: <129.13.102.217:9618?addrs=129.13.102.217-9618&noUDP&sock=1777_c44a_4>
...
006 (2020327.002.000) 06/12 16:28:23 Image size of job updated: 328
	328  -  MemoryUsage of job (MB)
	336264  -  ResidentSetSize of job (KB)
...
005 (2020327.002.000) 06/12 16:28:23 Job terminated.
	(1) Normal termination (return value 0)
		Usr 0 00:00:00, Sys 0 00:00:00  -  Run Remote Usage
		Usr 0 00:00:00, Sys 0 00:00:00  -  Run Local Usage
		Usr 0 00:00:00, Sys 0 00:00:00  -  Total Remote Usage
		Usr 0 00:00:00, Sys 0 00:00:00  -  Total Local Usage
	7304  -  Run Bytes Sent By Job
	2700  -  Run Bytes Received By Job
	7304  -  Total Bytes Sent By Job
	2700  -  Total Bytes Received By Job
	Partitionable Resources :    Usage  Request Allocated
	   Cpus                 :                 1         1
	   Disk (KB)            :    62951   750000   1021452
	   Memory (MB)          :      328     3000      3000
...
000 (2020341.002.000) 06/12 16:52:08 Job submitted from host: <129.13.101.142:9618?addrs=129.13.101.142-9618&noUDP&sock=7538_ce86_4>
...
001 (2020341.002.000) 06/12 16:53:50 Job executing on host: <129.13.102.185:9618?addrs=129.13.102.185-9618&noUDP&sock=2227_a889_4>
...
006 (2020341.002.000) 06/12 16:53:55 Image size of job updated: 272
	272  -  MemoryUsage of job (MB)
	278604  -  ResidentSetSize of job (KB)
...
005 (2020341.002.000) 06/12 16:53:55 Job terminated.
	(1) Normal termination (return value 0)
		Usr 0 00:00:00, Sys 0 00:00:00  -  Run Remote Usage
		Usr 0 00:00:00, Sys 0 00:00:00  -  Run Local Usage
		Usr 0 00:00:00, Sys 0 00:00:00  -  Total Remote Usage
		Usr 0 00:00:00, Sys 0 00:00:00  -  Total Local Usage
	7304  -  Run Bytes Sent By Job
	2700  -  Run Bytes Received By Job
	7304  -  Total Bytes Sent By Job
	2700  -  Total Bytes Received By Job
	Partitionable Resources :    Usage  Request Allocated
	   Cpus                 :                 1         1
	   Disk (KB)            :    62951   750000    991650
	   Memory (MB)          :      272     3000      3000
...
000 (2020346.002.000) 06/12 16:59:59 Job submitted from host: <129.13.101.142:9618?addrs=129.13.101.142-9618&noUDP&sock=7538_ce86_4>
...
001 (2020346.002.000) 06/12 17:00:51 Job executing on host: <129.13.102.185:9618?addrs=129.13.102.185-9618&noUDP&sock=2227_a889_4>
...
005 (2020346.002.000) 06/12 17:00:58 Job terminated.
	(1) Normal termination (return value 0)
		Usr 0 00:00:00, Sys 0 00:00:00  -  Run Remote Usage
		Usr 0 00:00:00, Sys 0 00:00:00  -  Run Local Usage
		Usr 0 00:00:00, Sys 0 00:00:00  -  Total Remote Usage
		Usr 0 00:00:00, Sys 0 00:00:00  -  Total Local Usage
	7304  -  Run Bytes Sent By Job
	2700  -  Run Bytes Received By Job
	7304  -  Total Bytes Sent By Job
	2700  -  Total Bytes Received By Job
	Partitionable Resources :    Usage  Request Allocated
	   Cpus                 :                 1         1
	   Disk (KB)            :    62951   750000    991647
	   Memory (MB)          :              3000      3000
...
000 (2020916.002.000) 06/13 11:11:31 Job submitted from host: <129.13.101.142:9618?addrs=129.13.101.142-9618&noUDP&sock=7538_ce86_4>
...
001 (2020916.002.000) 06/13 11:11:56 Job executing on host: <129.13.102.180:9618?addrs=129.13.102.180-9618&noUDP&sock=3195_6595_4>
...
006 (2020916.002.000) 06/13 11:12:04 Image size of job updated: 159
	159  -  MemoryUsage of job (MB)
	163324  -  ResidentSetSize of job (KB)
...
005 (2020916.002.000) 06/13 11:12:12 Job terminated.
	(1) Normal termination (return value 0)
		Usr 0 00:00:00, Sys 0 00:00:00  -  Run Remote Usage
		Usr 0 00:00:00, Sys 0 00:00:00  -  Run Local Usage
		Usr 0 00:00:00, Sys 0 00:00:00  -  Total Remote Usage
		Usr 0 00:00:00, Sys 0 00:00:00  -  Total Local Usage
	7304  -  Run Bytes Sent By Job
	2700  -  Run Bytes Received By Job
	7304  -  Total Bytes Sent By Job
	2700  -  Total Bytes Received By Job
	Partitionable Resources :    Usage  Request Allocated
	   Cpus                 :                 1         1
	   Disk (KB)            :    62951   750000    864269
	   Memory (MB)          :      159     3000      3000
...
000 (2020917.002.000) 06/13 12:29:46 Job submitted from host: <129.13.101.142:9618?addrs=129.13.101.142-9618&noUDP&sock=7538_ce86_4>
...
001 (2020917.002.000) 06/13 12:31:09 Job executing on host: <129.13.102.167:9618?addrs=129.13.102.167-9618&noUDP&sock=2982_4be9_4>
...
006 (2020917.002.000) 06/13 12:31:14 Image size of job updated: 300
	300  -  MemoryUsage of job (MB)
	308012  -  ResidentSetSize of job (KB)
...
005 (2020917.002.000) 06/13 12:31:14 Job terminated.
	(1) Normal termination (return value 0)
		Usr 0 00:00:00, Sys 0 00:00:00  -  Run Remote Usage
		Usr 0 00:00:00, Sys 0 00:00:00  -  Run Local Usage
		Usr 0 00:00:00, Sys 0 00:00:00  -  Total Remote Usage
		Usr 0 00:00:00, Sys 0 00:00:00  -  Total Local Usage
	5966  -  Run Bytes Sent By Job
	2700  -  Run Bytes Received By Job
	5966  -  Total Bytes Sent By Job
	2700  -  Total Bytes Received By Job
	Partitionable Resources :    Usage  Request Allocated
	   Cpus                 :                 1         1
	   Disk (KB)            :    62923   750000   1214704
	   Memory (MB)          :      300     3000      3000
...
000 (2020918.002.000) 06/13 12:44:12 Job submitted from host: <129.13.101.142:9618?addrs=129.13.101.142-9618&noUDP&sock=7538_ce86_4>
...
001 (2020918.002.000) 06/13 12:45:37 Job executing on host: <129.13.102.167:9618?addrs=129.13.102.167-9618&noUDP&sock=2982_4be9_4>
...
005 (2020918.002.000) 06/13 12:45:44 Job terminated.
	(1) Normal termination (return value 0)
		Usr 0 00:00:00, Sys 0 00:00:00  -  Run Remote Usage
		Usr 0 00:00:00, Sys 0 00:00:00  -  Run Local Usage
		Usr 0 00:00:00, Sys 0 00:00:00  -  Total Remote Usage
		Usr 0 00:00:00, Sys 0 00:00:00  -  Total Local Usage
	7304  -  Run Bytes Sent By Job
	2700  -  Run Bytes Received By Job
	7304  -  Total Bytes Sent By Job
	2700  -  Total Bytes Received By Job
	Partitionable Resources :    Usage  Request Allocated
	   Cpus                 :                 1         1
	   Disk (KB)            :    62951   750000   1214702
	   Memory (MB)          :              3000      3000
...
000 (2020955.002.000) 06/13 14:09:50 Job submitted from host: <129.13.101.142:9618?addrs=129.13.101.142-9618&noUDP&sock=7538_ce86_4>
...
001 (2020955.002.000) 06/13 14:11:00 Job executing on host: <129.13.102.167:9618?addrs=129.13.102.167-9618&noUDP&sock=2982_4be9_4>
...
005 (2020955.002.000) 06/13 14:11:07 Job terminated.
	(1) Normal termination (return value 0)
		Usr 0 00:00:00, Sys 0 00:00:00  -  Run Remote Usage
		Usr 0 00:00:00, Sys 0 00:00:00  -  Run Local Usage
		Usr 0 00:00:00, Sys 0 00:00:00  -  Total Remote Usage
		Usr 0 00:00:00, Sys 0 00:00:00  -  Total Local Usage
	7304  -  Run Bytes Sent By Job
	2700  -  Run Bytes Received By Job
	7304  -  Total Bytes Sent By Job
	2700  -  Total Bytes Received By Job
	Partitionable Resources :    Usage  Request Allocated
	   Cpus                 :                 1         1
	   Disk (KB)            :    62951   750000   1214696
	   Memory (MB)          :              3000      3000
...
000 (2021132.002.000) 06/13 15:11:11 Job submitted from host: <129.13.101.142:9618?addrs=129.13.101.142-9618&noUDP&sock=7538_ce86_4>
...
001 (2021132.002.000) 06/13 15:12:30 Job executing on host: <129.13.102.167:9618?addrs=129.13.102.167-9618&noUDP&sock=2982_4be9_4>
...
005 (2021132.002.000) 06/13 15:12:38 Job terminated.
	(1) Normal termination (return value 0)
		Usr 0 00:00:00, Sys 0 00:00:00  -  Run Remote Usage
		Usr 0 00:00:00, Sys 0 00:00:00  -  Run Local Usage
		Usr 0 00:00:00, Sys 0 00:00:00  -  Total Remote Usage
		Usr 0 00:00:00, Sys 0 00:00:00  -  Total Local Usage
	7304  -  Run Bytes Sent By Job
	2700  -  Run Bytes Received By Job
	7304  -  Total Bytes Sent By Job
	2700  -  Total Bytes Received By Job
	Partitionable Resources :    Usage  Request Allocated
	   Cpus                 :                 1         1
	   Disk (KB)            :    62951   750000   1214692
	   Memory (MB)          :              3000      3000
...
000 (2021135.002.000) 06/13 15:18:38 Job submitted from host: <129.13.101.142:9618?addrs=129.13.101.142-9618&noUDP&sock=7538_ce86_4>
...
001 (2021135.002.000) 06/13 15:19:33 Job executing on host: <129.13.102.167:9618?addrs=129.13.102.167-9618&noUDP&sock=2982_4be9_4>
...
005 (2021135.002.000) 06/13 15:19:40 Job terminated.
	(1) Normal termination (return value 0)
		Usr 0 00:00:00, Sys 0 00:00:00  -  Run Remote Usage
		Usr 0 00:00:00, Sys 0 00:00:00  -  Run Local Usage
		Usr 0 00:00:00, Sys 0 00:00:00  -  Total Remote Usage
		Usr 0 00:00:00, Sys 0 00:00:00  -  Total Local Usage
	7304  -  Run Bytes Sent By Job
	2700  -  Run Bytes Received By Job
	7304  -  Total Bytes Sent By Job
	2700  -  Total Bytes Received By Job
	Partitionable Resources :    Usage  Request Allocated
	   Cpus                 :                 1         1
	   Disk (KB)            :    62951   750000   1214688
	   Memory (MB)          :              3000      3000
...
000 (2021175.002.000) 06/13 16:14:44 Job submitted from host: <129.13.101.142:9618?addrs=129.13.101.142-9618&noUDP&sock=7538_ce86_4>
...
001 (2021175.002.000) 06/13 16:15:15 Job executing on host: <129.13.102.167:9618?addrs=129.13.102.167-9618&noUDP&sock=2982_4be9_4>
...
005 (2021175.002.000) 06/13 16:15:22 Job terminated.
	(1) Normal termination (return value 0)
		Usr 0 00:00:00, Sys 0 00:00:00  -  Run Remote Usage
		Usr 0 00:00:00, Sys 0 00:00:00  -  Run Local Usage
		Usr 0 00:00:00, Sys 0 00:00:00  -  Total Remote Usage
		Usr 0 00:00:00, Sys 0 00:00:00  -  Total Local Usage
	724  -  Run Bytes Sent By Job
	1464  -  Run Bytes Received By Job
	724  -  Total Bytes Sent By Job
	1464  -  Total Bytes Received By Job
	Partitionable Resources :    Usage  Request Allocated
	   Cpus                 :                 1         1
	   Disk (KB)            :       52   750000   1214658
	   Memory (MB)          :               100       100
...
000 (2021179.002.000) 06/13 16:19:42 Job submitted from host: <129.13.101.142:9618?addrs=129.13.101.142-9618&noUDP&sock=7538_ce86_4>
...
001 (2021179.002.000) 06/13 16:21:13 Job executing on host: <129.13.102.167:9618?addrs=129.13.102.167-9618&noUDP&sock=2982_4be9_4>
...
005 (2021179.002.000) 06/13 16:21:14 Job terminated.
	(1) Normal termination (return value 0)
		Usr 0 00:00:00, Sys 0 00:00:00  -  Run Remote Usage
		Usr 0 00:00:00, Sys 0 00:00:00  -  Run Local Usage
		Usr 0 00:00:00, Sys 0 00:00:00  -  Total Remote Usage
		Usr 0 00:00:00, Sys 0 00:00:00  -  Total Local Usage
	746  -  Run Bytes Sent By Job
	1466  -  Run Bytes Received By Job
	746  -  Total Bytes Sent By Job
	1466  -  Total Bytes Received By Job
	Partitionable Resources :    Usage  Request Allocated
	   Cpus                 :                 1         1
	   Disk (KB)            :       52   750000   1214656
	   Memory (MB)          :               100       100
...
000 (2021181.002.000) 06/13 16:23:04 Job submitted from host: <129.13.101.142:9618?addrs=129.13.101.142-9618&noUDP&sock=7538_ce86_4>
...
001 (2021181.002.000) 06/13 16:24:13 Job executing on host: <129.13.102.167:9618?addrs=129.13.102.167-9618&noUDP&sock=2982_4be9_4>
...
006 (2021181.002.000) 06/13 16:24:21 Image size of job updated: 128
	128  -  MemoryUsage of job (MB)
	131072  -  ResidentSetSize of job (KB)
...
005 (2021181.002.000) 06/13 16:24:21 Job terminated.
	(1) Normal termination (return value 0)
		Usr 0 00:00:01, Sys 0 00:00:00  -  Run Remote Usage
		Usr 0 00:00:00, Sys 0 00:00:00  -  Run Local Usage
		Usr 0 00:00:01, Sys 0 00:00:00  -  Total Remote Usage
		Usr 0 00:00:00, Sys 0 00:00:00  -  Total Local Usage
	752  -  Run Bytes Sent By Job
	1474  -  Run Bytes Received By Job
	752  -  Total Bytes Sent By Job
	1474  -  Total Bytes Received By Job
	Partitionable Resources :    Usage  Request Allocated
	   Cpus                 :                 1         1
	   Disk (KB)            :       52   750000   1214654
	   Memory (MB)          :      128      100       100
...
000 (2021201.002.000) 06/13 16:57:50 Job submitted from host: <129.13.101.142:9618?addrs=129.13.101.142-9618&noUDP&sock=7538_ce86_4>
...
001 (2021201.002.000) 06/13 16:58:48 Job executing on host: <129.13.102.167:9618?addrs=129.13.102.167-9618&noUDP&sock=2982_4be9_4>
...
005 (2021201.002.000) 06/13 16:58:49 Job terminated.
	(0) Abnormal termination (signal 2)
	(0) No core file
		Usr 0 00:00:00, Sys 0 00:00:00  -  Run Remote Usage
		Usr 0 00:00:00, Sys 0 00:00:00  -  Run Local Usage
		Usr 0 00:00:00, Sys 0 00:00:00  -  Total Remote Usage
		Usr 0 00:00:00, Sys 0 00:00:00  -  Total Local Usage
	667  -  Run Bytes Sent By Job
	2086  -  Run Bytes Received By Job
	667  -  Total Bytes Sent By Job
	2086  -  Total Bytes Received By Job
	Partitionable Resources :    Usage  Request Allocated
	   Cpus                 :                 1         1
	   Disk (KB)            :       52   750000   1214650
	   Memory (MB)          :               100       100
...
000 (2021204.002.000) 06/13 17:07:39 Job submitted from host: <129.13.101.142:9618?addrs=129.13.101.142-9618&noUDP&sock=7538_ce86_4>
...
001 (2021204.002.000) 06/13 17:08:52 Job executing on host: <129.13.102.167:9618?addrs=129.13.102.167-9618&noUDP&sock=2982_4be9_4>
...
005 (2021204.002.000) 06/13 17:08:53 Job terminated.
	(0) Abnormal termination (signal 2)
	(0) No core file
		Usr 0 00:00:00, Sys 0 00:00:00  -  Run Remote Usage
		Usr 0 00:00:00, Sys 0 00:00:00  -  Run Local Usage
		Usr 0 00:00:00, Sys 0 00:00:00  -  Total Remote Usage
		Usr 0 00:00:00, Sys 0 00:00:00  -  Total Local Usage
	363  -  Run Bytes Sent By Job
	2152  -  Run Bytes Received By Job
	363  -  Total Bytes Sent By Job
	2152  -  Total Bytes Received By Job
	Partitionable Resources :    Usage  Request Allocated
	   Cpus                 :                 1         1
	   Disk (KB)            :       58   750000   1214648
	   Memory (MB)          :               100       100
...
000 (2021206.002.000) 06/13 17:13:55 Job submitted from host: <129.13.101.142:9618?addrs=129.13.101.142-9618&noUDP&sock=7538_ce86_4>
...
001 (2021206.002.000) 06/13 17:15:07 Job executing on host: <129.13.102.167:9618?addrs=129.13.102.167-9618&noUDP&sock=2982_4be9_4>
...
005 (2021206.002.000) 06/13 17:15:08 Job terminated.
	(0) Abnormal termination (signal 2)
	(0) No core file
		Usr 0 00:00:00, Sys 0 00:00:00  -  Run Remote Usage
		Usr 0 00:00:00, Sys 0 00:00:00  -  Run Local Usage
		Usr 0 00:00:00, Sys 0 00:00:00  -  Total Remote Usage
		Usr 0 00:00:00, Sys 0 00:00:00  -  Total Local Usage
	279  -  Run Bytes Sent By Job
	2160  -  Run Bytes Received By Job
	279  -  Total Bytes Sent By Job
	2160  -  Total Bytes Received By Job
	Partitionable Resources :    Usage  Request Allocated
	   Cpus                 :                 1         1
	   Disk (KB)            :       58   750000   1214646
	   Memory (MB)          :               100       100
...
000 (2021209.002.000) 06/13 17:28:43 Job submitted from host: <129.13.101.142:9618?addrs=129.13.101.142-9618&noUDP&sock=7538_ce86_4>
...
001 (2021209.002.000) 06/13 17:29:07 Job executing on host: <129.13.102.167:9618?addrs=129.13.102.167-9618&noUDP&sock=2982_4be9_4>
...
005 (2021209.002.000) 06/13 17:29:08 Job terminated.
	(1) Normal termination (return value 0)
		Usr 0 00:00:00, Sys 0 00:00:00  -  Run Remote Usage
		Usr 0 00:00:00, Sys 0 00:00:00  -  Run Local Usage
		Usr 0 00:00:00, Sys 0 00:00:00  -  Total Remote Usage
		Usr 0 00:00:00, Sys 0 00:00:00  -  Total Local Usage
	821  -  Run Bytes Sent By Job
	2212  -  Run Bytes Received By Job
	821  -  Total Bytes Sent By Job
	2212  -  Total Bytes Received By Job
	Partitionable Resources :    Usage  Request Allocated
	   Cpus                 :                 1         1
	   Disk (KB)            :       53   750000   1214642
	   Memory (MB)          :               100       100
...
000 (2021212.002.000) 06/13 17:32:02 Job submitted from host: <129.13.101.142:9618?addrs=129.13.101.142-9618&noUDP&sock=7538_ce86_4>
...
001 (2021212.002.000) 06/13 17:33:49 Job executing on host: <129.13.102.167:9618?addrs=129.13.102.167-9618&noUDP&sock=2982_4be9_4>
...
005 (2021212.002.000) 06/13 17:33:50 Job terminated.
	(1) Normal termination (return value 0)
		Usr 0 00:00:00, Sys 0 00:00:00  -  Run Remote Usage
		Usr 0 00:00:00, Sys 0 00:00:00  -  Run Local Usage
		Usr 0 00:00:00, Sys 0 00:00:00  -  Total Remote Usage
		Usr 0 00:00:00, Sys 0 00:00:00  -  Total Local Usage
	821  -  Run Bytes Sent By Job
	2144  -  Run Bytes Received By Job
	821  -  Total Bytes Sent By Job
	2144  -  Total Bytes Received By Job
	Partitionable Resources :    Usage  Request Allocated
	   Cpus                 :                 1         1
	   Disk (KB)            :       53   750000   1214640
	   Memory (MB)          :               100       100
...
000 (2021216.002.000) 06/13 17:42:41 Job submitted from host: <129.13.101.142:9618?addrs=129.13.101.142-9618&noUDP&sock=7538_ce86_4>
...
001 (2021216.002.000) 06/13 17:43:55 Job executing on host: <129.13.102.167:9618?addrs=129.13.102.167-9618&noUDP&sock=2982_4be9_4>
...
005 (2021216.002.000) 06/13 17:43:57 Job terminated.
	(1) Normal termination (return value 0)
		Usr 0 00:00:00, Sys 0 00:00:00  -  Run Remote Usage
		Usr 0 00:00:00, Sys 0 00:00:00  -  Run Local Usage
		Usr 0 00:00:00, Sys 0 00:00:00  -  Total Remote Usage
		Usr 0 00:00:00, Sys 0 00:00:00  -  Total Local Usage
	334  -  Run Bytes Sent By Job
	2144  -  Run Bytes Received By Job
	334  -  Total Bytes Sent By Job
	2144  -  Total Bytes Received By Job
	Partitionable Resources :    Usage  Request Allocated
	   Cpus                 :                 1         1
	   Disk (KB)            :       58   750000   1214638
	   Memory (MB)          :               100       100
...
000 (2021217.002.000) 06/13 17:45:10 Job submitted from host: <129.13.101.142:9618?addrs=129.13.101.142-9618&noUDP&sock=7538_ce86_4>
...
001 (2021217.002.000) 06/13 17:47:02 Job executing on host: <129.13.102.167:9618?addrs=129.13.102.167-9618&noUDP&sock=2982_4be9_4>
...
005 (2021217.002.000) 06/13 17:47:03 Job terminated.
	(1) Normal termination (return value 0)
		Usr 0 00:00:00, Sys 0 00:00:00  -  Run Remote Usage
		Usr 0 00:00:00, Sys 0 00:00:00  -  Run Local Usage
		Usr 0 00:00:00, Sys 0 00:00:00  -  Total Remote Usage
		Usr 0 00:00:00, Sys 0 00:00:00  -  Total Local Usage
	334  -  Run Bytes Sent By Job
	2120  -  Run Bytes Received By Job
	334  -  Total Bytes Sent By Job
	2120  -  Total Bytes Received By Job
	Partitionable Resources :    Usage  Request Allocated
	   Cpus                 :                 1         1
	   Disk (KB)            :       58   750000   1214638
	   Memory (MB)          :               100       100
...
000 (2021218.002.000) 06/13 17:52:09 Job submitted from host: <129.13.101.142:9618?addrs=129.13.101.142-9618&noUDP&sock=7538_ce86_4>
...
001 (2021218.002.000) 06/13 17:53:12 Job executing on host: <129.13.102.167:9618?addrs=129.13.102.167-9618&noUDP&sock=2982_4be9_4>
...
005 (2021218.002.000) 06/13 17:53:14 Job terminated.
	(1) Normal termination (return value 0)
		Usr 0 00:00:00, Sys 0 00:00:00  -  Run Remote Usage
		Usr 0 00:00:00, Sys 0 00:00:00  -  Run Local Usage
		Usr 0 00:00:00, Sys 0 00:00:00  -  Total Remote Usage
		Usr 0 00:00:00, Sys 0 00:00:00  -  Total Local Usage
	760  -  Run Bytes Sent By Job
	2200  -  Run Bytes Received By Job
	760  -  Total Bytes Sent By Job
	2200  -  Total Bytes Received By Job
	Partitionable Resources :    Usage  Request Allocated
	   Cpus                 :                 1         1
	   Disk (KB)            :       58   750000   1214634
	   Memory (MB)          :               100       100
...
000 (2023401.002.000) 06/14 09:52:14 Job submitted from host: <129.13.101.142:9618?addrs=129.13.101.142-9618&noUDP&sock=7538_ce86_4>
...
001 (2023401.002.000) 06/14 09:53:44 Job executing on host: <129.13.102.167:9618?addrs=129.13.102.167-9618&noUDP&sock=2982_4be9_4>
...
006 (2023401.002.000) 06/14 09:53:53 Image size of job updated: 10
	10  -  MemoryUsage of job (MB)
	11084  -  ResidentSetSize of job (KB)
...
006 (2023401.002.000) 06/14 09:54:26 Image size of job updated: 18
	18  -  MemoryUsage of job (MB)
	19036  -  ResidentSetSize of job (KB)
...
005 (2023401.002.000) 06/14 09:54:26 Job terminated.
	(1) Normal termination (return value 0)
		Usr 0 00:00:00, Sys 0 00:00:00  -  Run Remote Usage
		Usr 0 00:00:00, Sys 0 00:00:00  -  Run Local Usage
		Usr 0 00:00:00, Sys 0 00:00:00  -  Total Remote Usage
		Usr 0 00:00:00, Sys 0 00:00:00  -  Total Local Usage
	3783  -  Run Bytes Sent By Job
	2200  -  Run Bytes Received By Job
	3783  -  Total Bytes Sent By Job
	2200  -  Total Bytes Received By Job
	Partitionable Resources :    Usage  Request Allocated
	   Cpus                 :                 1         1
	   Disk (KB)            :       61   750000   1214754
	   Memory (MB)          :       18      100       100
...
000 (2023417.002.000) 06/14 09:56:35 Job submitted from host: <129.13.101.142:9618?addrs=129.13.101.142-9618&noUDP&sock=7538_ce86_4>
...
001 (2023417.002.000) 06/14 09:58:20 Job executing on host: <129.13.102.167:9618?addrs=129.13.102.167-9618&noUDP&sock=2982_4be9_4>
...
005 (2023417.002.000) 06/14 09:58:27 Job terminated.
	(1) Normal termination (return value 0)
		Usr 0 00:00:00, Sys 0 00:00:00  -  Run Remote Usage
		Usr 0 00:00:00, Sys 0 00:00:00  -  Run Local Usage
		Usr 0 00:00:00, Sys 0 00:00:00  -  Total Remote Usage
		Usr 0 00:00:00, Sys 0 00:00:00  -  Total Local Usage
	3772  -  Run Bytes Sent By Job
	2212  -  Run Bytes Received By Job
	3772  -  Total Bytes Sent By Job
	2212  -  Total Bytes Received By Job
	Partitionable Resources :    Usage  Request Allocated
	   Cpus                 :                 1         1
	   Disk (KB)            :       61   750000   1214754
	   Memory (MB)          :               100       100
...
000 (2023466.002.000) 06/14 10:06:31 Job submitted from host: <129.13.101.142:9618?addrs=129.13.101.142-9618&noUDP&sock=7538_ce86_4>
...
001 (2023466.002.000) 06/14 10:07:40 Job executing on host: <129.13.102.167:9618?addrs=129.13.102.167-9618&noUDP&sock=2982_4be9_4>
...
007 (2023466.002.000) 06/14 10:07:47 Shadow exception!
	Error from slot1_1@ekplx27.ekp.kit.edu: Docker job has gone over memory limit of 128 Mb
	0  -  Run Bytes Sent By Job
	2212  -  Run Bytes Received By Job
...
012 (2023466.002.000) 06/14 10:07:47 Job was held.
	Error from slot1_1@ekplx27.ekp.kit.edu: Docker job has gone over memory limit of 128 Mb
	Code 34 Subcode 0
...
000 (2023533.002.000) 06/14 10:36:30 Job submitted from host: <129.13.101.142:9618?addrs=129.13.101.142-9618&noUDP&sock=7538_ce86_4>
...
001 (2023533.002.000) 06/14 10:37:08 Job executing on host: <129.13.102.167:9618?addrs=129.13.102.167-9618&noUDP&sock=2982_4be9_4>
...
006 (2023533.002.000) 06/14 10:37:16 Image size of job updated: 128
	128  -  MemoryUsage of job (MB)
	131072  -  ResidentSetSize of job (KB)
...
005 (2023533.002.000) 06/14 10:37:16 Job terminated.
	(1) Normal termination (return value 0)
		Usr 0 00:00:00, Sys 0 00:00:00  -  Run Remote Usage
		Usr 0 00:00:00, Sys 0 00:00:00  -  Run Local Usage
		Usr 0 00:00:00, Sys 0 00:00:00  -  Total Remote Usage
		Usr 0 00:00:00, Sys 0 00:00:00  -  Total Local Usage
	628  -  Run Bytes Sent By Job
	1408  -  Run Bytes Received By Job
	628  -  Total Bytes Sent By Job
	1408  -  Total Bytes Received By Job
	Partitionable Resources :    Usage  Request Allocated
	   Cpus                 :                 1         1
	   Disk (KB)            :       52   750000   1214746
	   Memory (MB)          :      128      100       100
...
000 (2023640.002.000) 06/14 11:30:13 Job submitted from host: <129.13.101.142:9618?addrs=129.13.101.142-9618&noUDP&sock=7538_ce86_4>
...
001 (2023640.002.000) 06/14 11:30:55 Job executing on host: <129.13.102.167:9618?addrs=129.13.102.167-9618&noUDP&sock=2982_4be9_4>
...
006 (2023640.002.000) 06/14 11:31:03 Image size of job updated: 128
	128  -  MemoryUsage of job (MB)
	131072  -  ResidentSetSize of job (KB)
...
005 (2023640.002.000) 06/14 11:31:03 Job terminated.
	(1) Normal termination (return value 0)
		Usr 0 00:00:00, Sys 0 00:00:00  -  Run Remote Usage
		Usr 0 00:00:00, Sys 0 00:00:00  -  Run Local Usage
		Usr 0 00:00:00, Sys 0 00:00:00  -  Total Remote Usage
		Usr 0 00:00:00, Sys 0 00:00:00  -  Total Local Usage
	629  -  Run Bytes Sent By Job
	2414  -  Run Bytes Received By Job
	629  -  Total Bytes Sent By Job
	2414  -  Total Bytes Received By Job
	Partitionable Resources :    Usage  Request Allocated
	   Cpus                 :                 1         1
	   Disk (KB)            :       53   750000   1213570
	   Memory (MB)          :      128      100       100
...
000 (2023705.002.000) 06/14 11:58:13 Job submitted from host: <129.13.101.142:9618?addrs=129.13.101.142-9618&noUDP&sock=7538_ce86_4>
...
001 (2023705.002.000) 06/14 11:59:17 Job executing on host: <129.13.102.167:9618?addrs=129.13.102.167-9618&noUDP&sock=2982_4be9_4>
...
007 (2023705.002.000) 06/14 11:59:24 Shadow exception!
	Error from slot1_1@ekplx27.ekp.kit.edu: Docker job has gone over memory limit of 128 Mb
	0  -  Run Bytes Sent By Job
	2212  -  Run Bytes Received By Job
...
012 (2023705.002.000) 06/14 11:59:24 Job was held.
	Error from slot1_1@ekplx27.ekp.kit.edu: Docker job has gone over memory limit of 128 Mb
	Code 34 Subcode 0
...
009 (2023705.002.000) 06/14 13:20:48 Job was aborted by the user.
	via condor_rm (by user dschaefer)
...
009 (2023466.002.000) 06/14 13:20:48 Job was aborted by the user.
	via condor_rm (by user dschaefer)
...
000 (2024129.002.000) 06/14 13:21:02 Job submitted from host: <129.13.101.142:9618?addrs=129.13.101.142-9618&noUDP&sock=7538_ce86_4>
...
001 (2024129.002.000) 06/14 13:22:34 Job executing on host: <129.13.102.167:9618?addrs=129.13.102.167-9618&noUDP&sock=2982_4be9_4>
...
007 (2024129.002.000) 06/14 13:22:38 Shadow exception!
	Error from slot1_1@ekplx27.ekp.kit.edu: Docker job has gone over memory limit of 128 Mb
	0  -  Run Bytes Sent By Job
	2212  -  Run Bytes Received By Job
...
012 (2024129.002.000) 06/14 13:22:38 Job was held.
	Error from slot1_1@ekplx27.ekp.kit.edu: Docker job has gone over memory limit of 128 Mb
	Code 34 Subcode 0
...
009 (2024129.002.000) 06/14 13:27:31 Job was aborted by the user.
	via condor_rm (by user dschaefer)
...
000 (2024147.002.000) 06/14 13:27:41 Job submitted from host: <129.13.101.142:9618?addrs=129.13.101.142-9618&noUDP&sock=7538_ce86_4>
...
001 (2024147.002.000) 06/14 13:28:51 Job executing on host: <129.13.102.167:9618?addrs=129.13.102.167-9618&noUDP&sock=2982_4be9_4>
...
005 (2024147.002.000) 06/14 13:28:52 Job terminated.
	(1) Normal termination (return value 0)
		Usr 0 00:00:00, Sys 0 00:00:00  -  Run Remote Usage
		Usr 0 00:00:00, Sys 0 00:00:00  -  Run Local Usage
		Usr 0 00:00:00, Sys 0 00:00:00  -  Total Remote Usage
		Usr 0 00:00:00, Sys 0 00:00:00  -  Total Local Usage
	4818  -  Run Bytes Sent By Job
	2212  -  Run Bytes Received By Job
	4818  -  Total Bytes Sent By Job
	2212  -  Total Bytes Received By Job
	Partitionable Resources :    Usage  Request Allocated
	   Cpus                 :                 1         1
	   Disk (KB)            :       63   750000   1213558
	   Memory (MB)          :               100       100
...
000 (2024167.002.000) 06/14 13:36:46 Job submitted from host: <129.13.101.142:9618?addrs=129.13.101.142-9618&noUDP&sock=7538_ce86_4>
...
001 (2024167.002.000) 06/14 13:37:52 Job executing on host: <129.13.102.167:9618?addrs=129.13.102.167-9618&noUDP&sock=2982_4be9_4>
...
007 (2024167.002.000) 06/14 13:37:59 Shadow exception!
	Error from slot1_1@ekplx27.ekp.kit.edu: Docker job has gone over memory limit of 128 Mb
	0  -  Run Bytes Sent By Job
	2212  -  Run Bytes Received By Job
...
012 (2024167.002.000) 06/14 13:37:59 Job was held.
	Error from slot1_1@ekplx27.ekp.kit.edu: Docker job has gone over memory limit of 128 Mb
	Code 34 Subcode 0
...
000 (2024792.002.000) 06/14 14:55:50 Job submitted from host: <129.13.101.142:9618?addrs=129.13.101.142-9618&noUDP&sock=7538_ce86_4>
...
001 (2024792.002.000) 06/14 14:57:34 Job executing on host: <129.13.102.167:9618?addrs=129.13.102.167-9618&noUDP&sock=2982_4be9_4>
...
007 (2024792.002.000) 06/14 14:57:41 Shadow exception!
	Error from slot1_1@ekplx27.ekp.kit.edu: Docker job has gone over memory limit of 128 Mb
	0  -  Run Bytes Sent By Job
	2870  -  Run Bytes Received By Job
...
012 (2024792.002.000) 06/14 14:57:41 Job was held.
	Error from slot1_1@ekplx27.ekp.kit.edu: Docker job has gone over memory limit of 128 Mb
	Code 34 Subcode 0
...
000 (2024877.002.000) 06/14 15:08:16 Job submitted from host: <129.13.101.142:9618?addrs=129.13.101.142-9618&noUDP&sock=7538_ce86_4>
...
001 (2024877.002.000) 06/14 15:09:22 Job executing on host: <129.13.102.167:9618?addrs=129.13.102.167-9618&noUDP&sock=2982_4be9_4>
...
007 (2024877.002.000) 06/14 15:09:28 Shadow exception!
	Error from slot1_1@ekplx27.ekp.kit.edu: Docker job has gone over memory limit of 128 Mb
	0  -  Run Bytes Sent By Job
	2894  -  Run Bytes Received By Job
...
012 (2024877.002.000) 06/14 15:09:28 Job was held.
	Error from slot1_1@ekplx27.ekp.kit.edu: Docker job has gone over memory limit of 128 Mb
	Code 34 Subcode 0
...
009 (2024877.002.000) 06/14 15:29:48 Job was aborted by the user.
	via condor_rm (by user dschaefer)
...
009 (2024167.002.000) 06/14 15:29:48 Job was aborted by the user.
	via condor_rm (by user dschaefer)
...
009 (2024792.002.000) 06/14 15:29:48 Job was aborted by the user.
	via condor_rm (by user dschaefer)
...
000 (2024895.002.000) 06/14 15:29:56 Job submitted from host: <129.13.101.142:9618?addrs=129.13.101.142-9618&noUDP&sock=7538_ce86_4>
...
001 (2024895.002.000) 06/14 15:31:39 Job executing on host: <129.13.102.167:9618?addrs=129.13.102.167-9618&noUDP&sock=2982_4be9_4>
...
007 (2024895.002.000) 06/14 15:31:46 Shadow exception!
	Error from slot1_1@ekplx27.ekp.kit.edu: Docker job has gone over memory limit of 128 Mb
	0  -  Run Bytes Sent By Job
	2894  -  Run Bytes Received By Job
...
012 (2024895.002.000) 06/14 15:31:46 Job was held.
	Error from slot1_1@ekplx27.ekp.kit.edu: Docker job has gone over memory limit of 128 Mb
	Code 34 Subcode 0
...
000 (2024946.002.000) 06/14 16:24:11 Job submitted from host: <129.13.101.142:9618?addrs=129.13.101.142-9618&noUDP&sock=7538_ce86_4>
...
000 (2024947.002.000) 06/14 16:25:01 Job submitted from host: <129.13.101.142:9618?addrs=129.13.101.142-9618&noUDP&sock=7538_ce86_4>
...
001 (2024946.002.000) 06/14 16:26:03 Job executing on host: <129.13.102.167:9618?addrs=129.13.102.167-9618&noUDP&sock=2982_4be9_4>
...
001 (2024947.002.000) 06/14 16:26:04 Job executing on host: <129.13.102.181:9618?addrs=129.13.102.181-9618&noUDP&sock=4186426_eaa5_4>
...
006 (2024946.002.000) 06/14 16:26:11 Image size of job updated: 12
	12  -  MemoryUsage of job (MB)
	12756  -  ResidentSetSize of job (KB)
...
006 (2024947.002.000) 06/14 16:26:13 Image size of job updated: 16
	16  -  MemoryUsage of job (MB)
	16444  -  ResidentSetSize of job (KB)
...
006 (2024946.002.000) 06/14 16:26:37 Image size of job updated: 73
	73  -  MemoryUsage of job (MB)
	75632  -  ResidentSetSize of job (KB)
...
005 (2024946.002.000) 06/14 16:26:38 Job terminated.
	(1) Normal termination (return value 0)
		Usr 0 00:00:00, Sys 0 00:00:00  -  Run Remote Usage
		Usr 0 00:00:00, Sys 0 00:00:00  -  Run Local Usage
		Usr 0 00:00:00, Sys 0 00:00:00  -  Total Remote Usage
		Usr 0 00:00:00, Sys 0 00:00:00  -  Total Local Usage
	1402  -  Run Bytes Sent By Job
	3566  -  Run Bytes Received By Job
	1402  -  Total Bytes Sent By Job
	3566  -  Total Bytes Received By Job
	Partitionable Resources :    Usage  Request Allocated
	   Cpus                 :                 1         1
	   Disk (KB)            :      161   750000   1213308
	   Memory (MB)          :       73      100       100
...
006 (2024947.002.000) 06/14 16:26:42 Image size of job updated: 115
	115  -  MemoryUsage of job (MB)
	118436  -  ResidentSetSize of job (KB)
...
005 (2024947.002.000) 06/14 16:26:42 Job terminated.
	(1) Normal termination (return value 0)
		Usr 0 00:00:00, Sys 0 00:00:00  -  Run Remote Usage
		Usr 0 00:00:00, Sys 0 00:00:00  -  Run Local Usage
		Usr 0 00:00:00, Sys 0 00:00:00  -  Total Remote Usage
		Usr 0 00:00:00, Sys 0 00:00:00  -  Total Local Usage
	1404  -  Run Bytes Sent By Job
	3566  -  Run Bytes Received By Job
	1404  -  Total Bytes Sent By Job
	3566  -  Total Bytes Received By Job
	Partitionable Resources :    Usage  Request Allocated
	   Cpus                 :                 1         1
	   Disk (KB)            :      161   750000    781506
	   Memory (MB)          :      115      100       100
...
009 (2024895.002.000) 06/21 15:32:23 Job was aborted by the user.
	The system macro SYSTEM_PERIODIC_REMOVE expression '( JobStatus == 5 && CurrentTime - EnteredCurrentStatus > 7 * ( 24 * ( 60 * 60 ) ) )' evaluated to TRUE
...
