000 (2024946.022.000) 06/14 16:24:11 Job submitted from host: <129.13.101.142:9618?addrs=129.13.101.142-9618&noUDP&sock=7538_ce86_4>
...
000 (2024947.022.000) 06/14 16:25:01 Job submitted from host: <129.13.101.142:9618?addrs=129.13.101.142-9618&noUDP&sock=7538_ce86_4>
...
001 (2024946.022.000) 06/14 16:26:04 Job executing on host: <129.13.102.183:9618?addrs=129.13.102.183-9618&noUDP&sock=1801586_0a00_4>
...
001 (2024947.022.000) 06/14 16:26:05 Job executing on host: <129.13.102.154:9618?addrs=129.13.102.154-9618&noUDP&sock=2865_68b4_4>
...
006 (2024946.022.000) 06/14 16:26:12 Image size of job updated: 2
	1  -  MemoryUsage of job (MB)
	1492  -  ResidentSetSize of job (KB)
...
006 (2024947.022.000) 06/14 16:26:13 Image size of job updated: 12
	12  -  MemoryUsage of job (MB)
	12844  -  ResidentSetSize of job (KB)
...
006 (2024947.022.000) 06/14 16:26:45 Image size of job updated: 64
	64  -  MemoryUsage of job (MB)
	66516  -  ResidentSetSize of job (KB)
...
005 (2024947.022.000) 06/14 16:26:45 Job terminated.
	(1) Normal termination (return value 0)
		Usr 0 00:00:00, Sys 0 00:00:00  -  Run Remote Usage
		Usr 0 00:00:00, Sys 0 00:00:00  -  Run Local Usage
		Usr 0 00:00:00, Sys 0 00:00:00  -  Total Remote Usage
		Usr 0 00:00:00, Sys 0 00:00:00  -  Total Local Usage
	1404  -  Run Bytes Sent By Job
	3566  -  Run Bytes Received By Job
	1404  -  Total Bytes Sent By Job
	3566  -  Total Bytes Received By Job
	Partitionable Resources :    Usage  Request Allocated
	   Cpus                 :                 1         1
	   Disk (KB)            :      161   750000    988712
	   Memory (MB)          :       64      100       100
...
006 (2024946.022.000) 06/14 16:26:52 Image size of job updated: 128
	128  -  MemoryUsage of job (MB)
	131072  -  ResidentSetSize of job (KB)
...
005 (2024946.022.000) 06/14 16:26:52 Job terminated.
	(1) Normal termination (return value 0)
		Usr 0 00:00:00, Sys 0 00:00:00  -  Run Remote Usage
		Usr 0 00:00:00, Sys 0 00:00:00  -  Run Local Usage
		Usr 0 00:00:00, Sys 0 00:00:00  -  Total Remote Usage
		Usr 0 00:00:00, Sys 0 00:00:00  -  Total Local Usage
	1404  -  Run Bytes Sent By Job
	3566  -  Run Bytes Received By Job
	1404  -  Total Bytes Sent By Job
	3566  -  Total Bytes Received By Job
	Partitionable Resources :    Usage  Request Allocated
	   Cpus                 :                 1         1
	   Disk (KB)            :      161   750000    854736
	   Memory (MB)          :      128      100       100
...
