000 (2024946.025.000) 06/14 16:24:11 Job submitted from host: <129.13.101.142:9618?addrs=129.13.101.142-9618&noUDP&sock=7538_ce86_4>
...
000 (2024947.025.000) 06/14 16:25:01 Job submitted from host: <129.13.101.142:9618?addrs=129.13.101.142-9618&noUDP&sock=7538_ce86_4>
...
001 (2024946.025.000) 06/14 16:26:04 Job executing on host: <129.13.102.193:9618?addrs=129.13.102.193-9618&noUDP&sock=1802_d142_4>
...
001 (2024947.025.000) 06/14 16:26:05 Job executing on host: <129.13.102.163:9618?addrs=129.13.102.163-9618&noUDP&sock=2814_1000_4>
...
006 (2024946.025.000) 06/14 16:26:12 Image size of job updated: 17
	17  -  MemoryUsage of job (MB)
	17944  -  ResidentSetSize of job (KB)
...
006 (2024947.025.000) 06/14 16:26:14 Image size of job updated: 10
	10  -  MemoryUsage of job (MB)
	10320  -  ResidentSetSize of job (KB)
...
005 (2024946.025.000) 06/14 16:27:40 Job terminated.
	(1) Normal termination (return value 0)
		Usr 0 00:00:00, Sys 0 00:00:00  -  Run Remote Usage
		Usr 0 00:00:00, Sys 0 00:00:00  -  Run Local Usage
		Usr 0 00:00:00, Sys 0 00:00:00  -  Total Remote Usage
		Usr 0 00:00:00, Sys 0 00:00:00  -  Total Local Usage
	2825  -  Run Bytes Sent By Job
	3566  -  Run Bytes Received By Job
	2825  -  Total Bytes Sent By Job
	3566  -  Total Bytes Received By Job
	Partitionable Resources :    Usage  Request Allocated
	   Cpus                 :                 1         1
	   Disk (KB)            :      194   750000    829290
	   Memory (MB)          :       17      100       100
...
006 (2024947.025.000) 06/14 16:27:59 Image size of job updated: 128
	128  -  MemoryUsage of job (MB)
	131072  -  ResidentSetSize of job (KB)
...
005 (2024947.025.000) 06/14 16:27:59 Job terminated.
	(1) Normal termination (return value 0)
		Usr 0 00:00:37, Sys 0 00:00:00  -  Run Remote Usage
		Usr 0 00:00:00, Sys 0 00:00:00  -  Run Local Usage
		Usr 0 00:00:37, Sys 0 00:00:00  -  Total Remote Usage
		Usr 0 00:00:00, Sys 0 00:00:00  -  Total Local Usage
	2825  -  Run Bytes Sent By Job
	3566  -  Run Bytes Received By Job
	2825  -  Total Bytes Sent By Job
	3566  -  Total Bytes Received By Job
	Partitionable Resources :    Usage  Request Allocated
	   Cpus                 :                 1         1
	   Disk (KB)            :      193   750000    754613
	   Memory (MB)          :      128      100       100
...
