000 (2024946.027.000) 06/14 16:24:11 Job submitted from host: <129.13.101.142:9618?addrs=129.13.101.142-9618&noUDP&sock=7538_ce86_4>
...
000 (2024947.027.000) 06/14 16:25:01 Job submitted from host: <129.13.101.142:9618?addrs=129.13.101.142-9618&noUDP&sock=7538_ce86_4>
...
001 (2024946.027.000) 06/14 16:26:04 Job executing on host: <129.13.102.206:9618?addrs=129.13.102.206-9618&noUDP&sock=1325765_6900_4>
...
001 (2024947.027.000) 06/14 16:26:05 Job executing on host: <129.13.102.172:9618?addrs=129.13.102.172-9618&noUDP&sock=3676647_ec97_4>
...
006 (2024946.027.000) 06/14 16:26:12 Image size of job updated: 19
	19  -  MemoryUsage of job (MB)
	20112  -  ResidentSetSize of job (KB)
...
006 (2024947.027.000) 06/14 16:26:14 Image size of job updated: 2
	1  -  MemoryUsage of job (MB)
	1372  -  ResidentSetSize of job (KB)
...
006 (2024946.027.000) 06/14 16:26:43 Image size of job updated: 98
	98  -  MemoryUsage of job (MB)
	100472  -  ResidentSetSize of job (KB)
...
005 (2024946.027.000) 06/14 16:26:43 Job terminated.
	(1) Normal termination (return value 0)
		Usr 0 00:00:00, Sys 0 00:00:00  -  Run Remote Usage
		Usr 0 00:00:00, Sys 0 00:00:00  -  Run Local Usage
		Usr 0 00:00:00, Sys 0 00:00:00  -  Total Remote Usage
		Usr 0 00:00:00, Sys 0 00:00:00  -  Total Local Usage
	1404  -  Run Bytes Sent By Job
	3566  -  Run Bytes Received By Job
	1404  -  Total Bytes Sent By Job
	3566  -  Total Bytes Received By Job
	Partitionable Resources :    Usage  Request Allocated
	   Cpus                 :                 1         1
	   Disk (KB)            :      161   750000   1190626
	   Memory (MB)          :       98      100       100
...
006 (2024947.027.000) 06/14 16:26:54 Image size of job updated: 118
	118  -  MemoryUsage of job (MB)
	121736  -  ResidentSetSize of job (KB)
...
005 (2024947.027.000) 06/14 16:26:54 Job terminated.
	(1) Normal termination (return value 0)
		Usr 0 00:00:00, Sys 0 00:00:00  -  Run Remote Usage
		Usr 0 00:00:00, Sys 0 00:00:00  -  Run Local Usage
		Usr 0 00:00:00, Sys 0 00:00:00  -  Total Remote Usage
		Usr 0 00:00:00, Sys 0 00:00:00  -  Total Local Usage
	1402  -  Run Bytes Sent By Job
	3566  -  Run Bytes Received By Job
	1402  -  Total Bytes Sent By Job
	3566  -  Total Bytes Received By Job
	Partitionable Resources :    Usage  Request Allocated
	   Cpus                 :                 1         1
	   Disk (KB)            :      161   750000    799476
	   Memory (MB)          :      118      100       100
...
