000 (2024946.028.000) 06/14 16:24:11 Job submitted from host: <129.13.101.142:9618?addrs=129.13.101.142-9618&noUDP&sock=7538_ce86_4>
...
000 (2024947.028.000) 06/14 16:25:01 Job submitted from host: <129.13.101.142:9618?addrs=129.13.101.142-9618&noUDP&sock=7538_ce86_4>
...
001 (2024946.028.000) 06/14 16:26:05 Job executing on host: <129.13.102.226:9618?addrs=129.13.102.226-9618&noUDP&sock=3821060_3afc_4>
...
001 (2024947.028.000) 06/14 16:26:05 Job executing on host: <129.13.102.173:9618?addrs=129.13.102.173-9618&noUDP&sock=2295_ec7a_4>
...
006 (2024946.028.000) 06/14 16:26:13 Image size of job updated: 2
	1  -  MemoryUsage of job (MB)
	1660  -  ResidentSetSize of job (KB)
...
006 (2024947.028.000) 06/14 16:26:14 Image size of job updated: 10
	10  -  MemoryUsage of job (MB)
	10752  -  ResidentSetSize of job (KB)
...
006 (2024946.028.000) 06/14 16:28:06 Image size of job updated: 128
	128  -  MemoryUsage of job (MB)
	131072  -  ResidentSetSize of job (KB)
...
005 (2024946.028.000) 06/14 16:28:06 Job terminated.
	(1) Normal termination (return value 0)
		Usr 0 00:00:43, Sys 0 00:00:00  -  Run Remote Usage
		Usr 0 00:00:00, Sys 0 00:00:00  -  Run Local Usage
		Usr 0 00:00:43, Sys 0 00:00:00  -  Total Remote Usage
		Usr 0 00:00:00, Sys 0 00:00:00  -  Total Local Usage
	2922  -  Run Bytes Sent By Job
	3566  -  Run Bytes Received By Job
	2922  -  Total Bytes Sent By Job
	3566  -  Total Bytes Received By Job
	Partitionable Resources :    Usage  Request Allocated
	   Cpus                 :                 1         1
	   Disk (KB)            :      194   750000   1154236
	   Memory (MB)          :      128      100       100
...
005 (2024947.028.000) 06/14 16:28:24 Job terminated.
	(1) Normal termination (return value 0)
		Usr 0 00:00:00, Sys 0 00:00:00  -  Run Remote Usage
		Usr 0 00:00:00, Sys 0 00:00:00  -  Run Local Usage
		Usr 0 00:00:00, Sys 0 00:00:00  -  Total Remote Usage
		Usr 0 00:00:00, Sys 0 00:00:00  -  Total Local Usage
	2920  -  Run Bytes Sent By Job
	3566  -  Run Bytes Received By Job
	2920  -  Total Bytes Sent By Job
	3566  -  Total Bytes Received By Job
	Partitionable Resources :    Usage  Request Allocated
	   Cpus                 :                 1         1
	   Disk (KB)            :      194   750000    915116
	   Memory (MB)          :       10      100       100
...
