000 (2024946.029.000) 06/14 16:24:11 Job submitted from host: <129.13.101.142:9618?addrs=129.13.101.142-9618&noUDP&sock=7538_ce86_4>
...
000 (2024947.029.000) 06/14 16:25:01 Job submitted from host: <129.13.101.142:9618?addrs=129.13.101.142-9618&noUDP&sock=7538_ce86_4>
...
001 (2024946.029.000) 06/14 16:26:04 Job executing on host: <129.13.102.182:9618?addrs=129.13.102.182-9618&noUDP&sock=1847_f0a4_4>
...
001 (2024947.029.000) 06/14 16:26:05 Job executing on host: <129.13.102.148:9618?addrs=129.13.102.148-9618&noUDP&sock=2938_1dbe_4>
...
006 (2024946.029.000) 06/14 16:26:13 Image size of job updated: 18
	18  -  MemoryUsage of job (MB)
	19252  -  ResidentSetSize of job (KB)
...
006 (2024947.029.000) 06/14 16:26:14 Image size of job updated: 14
	14  -  MemoryUsage of job (MB)
	14340  -  ResidentSetSize of job (KB)
...
006 (2024946.029.000) 06/14 16:27:31 Image size of job updated: 128
	128  -  MemoryUsage of job (MB)
	131072  -  ResidentSetSize of job (KB)
...
005 (2024946.029.000) 06/14 16:27:31 Job terminated.
	(1) Normal termination (return value 0)
		Usr 0 00:00:15, Sys 0 00:00:00  -  Run Remote Usage
		Usr 0 00:00:00, Sys 0 00:00:00  -  Run Local Usage
		Usr 0 00:00:15, Sys 0 00:00:00  -  Total Remote Usage
		Usr 0 00:00:00, Sys 0 00:00:00  -  Total Local Usage
	3014  -  Run Bytes Sent By Job
	3566  -  Run Bytes Received By Job
	3014  -  Total Bytes Sent By Job
	3566  -  Total Bytes Received By Job
	Partitionable Resources :    Usage  Request Allocated
	   Cpus                 :                 1         1
	   Disk (KB)            :      194   750000    752560
	   Memory (MB)          :      128      100       100
...
005 (2024947.029.000) 06/14 16:28:02 Job terminated.
	(1) Normal termination (return value 0)
		Usr 0 00:00:00, Sys 0 00:00:00  -  Run Remote Usage
		Usr 0 00:00:00, Sys 0 00:00:00  -  Run Local Usage
		Usr 0 00:00:00, Sys 0 00:00:00  -  Total Remote Usage
		Usr 0 00:00:00, Sys 0 00:00:00  -  Total Local Usage
	3013  -  Run Bytes Sent By Job
	3566  -  Run Bytes Received By Job
	3013  -  Total Bytes Sent By Job
	3566  -  Total Bytes Received By Job
	Partitionable Resources :    Usage  Request Allocated
	   Cpus                 :                 1         1
	   Disk (KB)            :      194   750000    802350
	   Memory (MB)          :       14      100       100
...
