000 (2018787.003.000) 06/09 14:21:51 Job submitted from host: <129.13.101.142:9618?addrs=129.13.101.142-9618&noUDP&sock=7538_ce86_4>
...
001 (2018787.003.000) 06/09 14:23:45 Job executing on host: <129.13.102.217:9618?addrs=129.13.102.217-9618&noUDP&sock=1777_c44a_4>
...
006 (2018787.003.000) 06/09 14:23:50 Image size of job updated: 169
	169  -  MemoryUsage of job (MB)
	174008  -  ResidentSetSize of job (KB)
...
005 (2018787.003.000) 06/09 14:23:50 Job terminated.
	(1) Normal termination (return value 0)
		Usr 0 00:00:00, Sys 0 00:00:00  -  Run Remote Usage
		Usr 0 00:00:00, Sys 0 00:00:00  -  Run Local Usage
		Usr 0 00:00:00, Sys 0 00:00:00  -  Total Remote Usage
		Usr 0 00:00:00, Sys 0 00:00:00  -  Total Local Usage
	2296  -  Run Bytes Sent By Job
	3004  -  Run Bytes Received By Job
	2296  -  Total Bytes Sent By Job
	3004  -  Total Bytes Received By Job
	Partitionable Resources :    Usage  Request Allocated
	   Cpus                 :                 1         1
	   Disk (KB)            :      208   750000   1021548
	   Memory (MB)          :      169     3000      3000
...
000 (2018788.003.000) 06/09 14:30:12 Job submitted from host: <129.13.101.142:9618?addrs=129.13.101.142-9618&noUDP&sock=7538_ce86_4>
...
001 (2018788.003.000) 06/09 14:30:45 Job executing on host: <129.13.102.217:9618?addrs=129.13.102.217-9618&noUDP&sock=1777_c44a_4>
...
005 (2018788.003.000) 06/09 14:30:47 Job terminated.
	(1) Normal termination (return value 0)
		Usr 0 00:00:00, Sys 0 00:00:00  -  Run Remote Usage
		Usr 0 00:00:00, Sys 0 00:00:00  -  Run Local Usage
		Usr 0 00:00:00, Sys 0 00:00:00  -  Total Remote Usage
		Usr 0 00:00:00, Sys 0 00:00:00  -  Total Local Usage
	3393  -  Run Bytes Sent By Job
	3004  -  Run Bytes Received By Job
	3393  -  Total Bytes Sent By Job
	3004  -  Total Bytes Received By Job
	Partitionable Resources :    Usage  Request Allocated
	   Cpus                 :                 1         1
	   Disk (KB)            :      212   750000   1021545
	   Memory (MB)          :              3000      3000
...
000 (2018789.003.000) 06/09 14:34:22 Job submitted from host: <129.13.101.142:9618?addrs=129.13.101.142-9618&noUDP&sock=7538_ce86_4>
...
001 (2018789.003.000) 06/09 14:36:15 Job executing on host: <129.13.102.217:9618?addrs=129.13.102.217-9618&noUDP&sock=1777_c44a_4>
...
005 (2018789.003.000) 06/09 14:36:22 Job terminated.
	(1) Normal termination (return value 0)
		Usr 0 00:00:00, Sys 0 00:00:00  -  Run Remote Usage
		Usr 0 00:00:00, Sys 0 00:00:00  -  Run Local Usage
		Usr 0 00:00:00, Sys 0 00:00:00  -  Total Remote Usage
		Usr 0 00:00:00, Sys 0 00:00:00  -  Total Local Usage
	6715  -  Run Bytes Sent By Job
	3004  -  Run Bytes Received By Job
	6715  -  Total Bytes Sent By Job
	3004  -  Total Bytes Received By Job
	Partitionable Resources :    Usage  Request Allocated
	   Cpus                 :                 1         1
	   Disk (KB)            :      215   750000   1021542
	   Memory (MB)          :              3000      3000
...
000 (2018790.003.000) 06/09 14:36:44 Job submitted from host: <129.13.101.142:9618?addrs=129.13.101.142-9618&noUDP&sock=7538_ce86_4>
...
001 (2018790.003.000) 06/09 14:36:45 Job executing on host: <129.13.102.217:9618?addrs=129.13.102.217-9618&noUDP&sock=1777_c44a_4>
...
005 (2018790.003.000) 06/09 14:36:53 Job terminated.
	(1) Normal termination (return value 0)
		Usr 0 00:00:00, Sys 0 00:00:00  -  Run Remote Usage
		Usr 0 00:00:00, Sys 0 00:00:00  -  Run Local Usage
		Usr 0 00:00:00, Sys 0 00:00:00  -  Total Remote Usage
		Usr 0 00:00:00, Sys 0 00:00:00  -  Total Local Usage
	6644  -  Run Bytes Sent By Job
	3004  -  Run Bytes Received By Job
	6644  -  Total Bytes Sent By Job
	3004  -  Total Bytes Received By Job
	Partitionable Resources :    Usage  Request Allocated
	   Cpus                 :                 1         1
	   Disk (KB)            :      215   750000   1021539
	   Memory (MB)          :              3000      3000
...
000 (2018791.003.000) 06/09 14:38:34 Job submitted from host: <129.13.101.142:9618?addrs=129.13.101.142-9618&noUDP&sock=7538_ce86_4>
...
001 (2018791.003.000) 06/09 14:39:15 Job executing on host: <129.13.102.217:9618?addrs=129.13.102.217-9618&noUDP&sock=1777_c44a_4>
...
005 (2018791.003.000) 06/09 14:39:22 Job terminated.
	(1) Normal termination (return value 0)
		Usr 0 00:00:00, Sys 0 00:00:00  -  Run Remote Usage
		Usr 0 00:00:00, Sys 0 00:00:00  -  Run Local Usage
		Usr 0 00:00:00, Sys 0 00:00:00  -  Total Remote Usage
		Usr 0 00:00:00, Sys 0 00:00:00  -  Total Local Usage
	6623  -  Run Bytes Sent By Job
	2964  -  Run Bytes Received By Job
	6623  -  Total Bytes Sent By Job
	2964  -  Total Bytes Received By Job
	Partitionable Resources :    Usage  Request Allocated
	   Cpus                 :                 1         1
	   Disk (KB)            :      215   750000   1021536
	   Memory (MB)          :              3000      3000
...
000 (2018792.003.000) 06/09 14:41:43 Job submitted from host: <129.13.101.142:9618?addrs=129.13.101.142-9618&noUDP&sock=7538_ce86_4>
...
001 (2018792.003.000) 06/09 14:43:15 Job executing on host: <129.13.102.217:9618?addrs=129.13.102.217-9618&noUDP&sock=1777_c44a_4>
...
006 (2018792.003.000) 06/09 14:43:23 Image size of job updated: 236
	236  -  MemoryUsage of job (MB)
	241684  -  ResidentSetSize of job (KB)
...
005 (2018792.003.000) 06/09 14:43:25 Job terminated.
	(1) Normal termination (return value 0)
		Usr 0 00:00:00, Sys 0 00:00:00  -  Run Remote Usage
		Usr 0 00:00:00, Sys 0 00:00:00  -  Run Local Usage
		Usr 0 00:00:00, Sys 0 00:00:00  -  Total Remote Usage
		Usr 0 00:00:00, Sys 0 00:00:00  -  Total Local Usage
	16646  -  Run Bytes Sent By Job
	2964  -  Run Bytes Received By Job
	16646  -  Total Bytes Sent By Job
	2964  -  Total Bytes Received By Job
	Partitionable Resources :    Usage  Request Allocated
	   Cpus                 :                 1         1
	   Disk (KB)            :   155169   750000   1021533
	   Memory (MB)          :      236     3000      3000
...
000 (2018793.003.000) 06/09 14:54:05 Job submitted from host: <129.13.101.142:9618?addrs=129.13.101.142-9618&noUDP&sock=7538_ce86_4>
...
001 (2018793.003.000) 06/09 14:54:46 Job executing on host: <129.13.102.217:9618?addrs=129.13.102.217-9618&noUDP&sock=1777_c44a_4>
...
006 (2018793.003.000) 06/09 14:54:53 Image size of job updated: 348
	348  -  MemoryUsage of job (MB)
	357156  -  ResidentSetSize of job (KB)
...
005 (2018793.003.000) 06/09 14:54:53 Job terminated.
	(1) Normal termination (return value 0)
		Usr 0 00:00:00, Sys 0 00:00:00  -  Run Remote Usage
		Usr 0 00:00:00, Sys 0 00:00:00  -  Run Local Usage
		Usr 0 00:00:00, Sys 0 00:00:00  -  Total Remote Usage
		Usr 0 00:00:00, Sys 0 00:00:00  -  Total Local Usage
	7059  -  Run Bytes Sent By Job
	2964  -  Run Bytes Received By Job
	7059  -  Total Bytes Sent By Job
	2964  -  Total Bytes Received By Job
	Partitionable Resources :    Usage  Request Allocated
	   Cpus                 :                 1         1
	   Disk (KB)            :   155160   750000   1021530
	   Memory (MB)          :      348     3000      3000
...
000 (2018794.003.000) 06/09 15:13:35 Job submitted from host: <129.13.101.142:9618?addrs=129.13.101.142-9618&noUDP&sock=7538_ce86_4>
...
001 (2018794.003.000) 06/09 15:15:16 Job executing on host: <129.13.102.217:9618?addrs=129.13.102.217-9618&noUDP&sock=1777_c44a_4>
...
005 (2018794.003.000) 06/09 15:15:23 Job terminated.
	(1) Normal termination (return value 0)
		Usr 0 00:00:00, Sys 0 00:00:00  -  Run Remote Usage
		Usr 0 00:00:00, Sys 0 00:00:00  -  Run Local Usage
		Usr 0 00:00:00, Sys 0 00:00:00  -  Total Remote Usage
		Usr 0 00:00:00, Sys 0 00:00:00  -  Total Local Usage
	7481  -  Run Bytes Sent By Job
	2678  -  Run Bytes Received By Job
	7481  -  Total Bytes Sent By Job
	2678  -  Total Bytes Received By Job
	Partitionable Resources :    Usage  Request Allocated
	   Cpus                 :                 1         1
	   Disk (KB)            :      216   750000   1021524
	   Memory (MB)          :              3000      3000
...
000 (2018795.003.000) 06/09 15:18:04 Job submitted from host: <129.13.101.142:9618?addrs=129.13.101.142-9618&noUDP&sock=7538_ce86_4>
...
001 (2018795.003.000) 06/09 15:19:16 Job executing on host: <129.13.102.217:9618?addrs=129.13.102.217-9618&noUDP&sock=1777_c44a_4>
...
005 (2018795.003.000) 06/09 15:19:23 Job terminated.
	(1) Normal termination (return value 0)
		Usr 0 00:00:00, Sys 0 00:00:00  -  Run Remote Usage
		Usr 0 00:00:00, Sys 0 00:00:00  -  Run Local Usage
		Usr 0 00:00:00, Sys 0 00:00:00  -  Total Remote Usage
		Usr 0 00:00:00, Sys 0 00:00:00  -  Total Local Usage
	7213  -  Run Bytes Sent By Job
	2678  -  Run Bytes Received By Job
	7213  -  Total Bytes Sent By Job
	2678  -  Total Bytes Received By Job
	Partitionable Resources :    Usage  Request Allocated
	   Cpus                 :                 1         1
	   Disk (KB)            :      215   750000   1021521
	   Memory (MB)          :              3000      3000
...
000 (2018796.003.000) 06/09 15:21:11 Job submitted from host: <129.13.101.142:9618?addrs=129.13.101.142-9618&noUDP&sock=7538_ce86_4>
...
001 (2018796.003.000) 06/09 15:21:46 Job executing on host: <129.13.102.217:9618?addrs=129.13.102.217-9618&noUDP&sock=1777_c44a_4>
...
005 (2018796.003.000) 06/09 15:21:47 Job terminated.
	(1) Normal termination (return value 0)
		Usr 0 00:00:00, Sys 0 00:00:00  -  Run Remote Usage
		Usr 0 00:00:00, Sys 0 00:00:00  -  Run Local Usage
		Usr 0 00:00:00, Sys 0 00:00:00  -  Total Remote Usage
		Usr 0 00:00:00, Sys 0 00:00:00  -  Total Local Usage
	1934  -  Run Bytes Sent By Job
	2636  -  Run Bytes Received By Job
	1934  -  Total Bytes Sent By Job
	2636  -  Total Bytes Received By Job
	Partitionable Resources :    Usage  Request Allocated
	   Cpus                 :                 1         1
	   Disk (KB)            :       58   750000   1021518
	   Memory (MB)          :              3000      3000
...
000 (2018797.003.000) 06/09 15:29:51 Job submitted from host: <129.13.101.142:9618?addrs=129.13.101.142-9618&noUDP&sock=7538_ce86_4>
...
001 (2018797.003.000) 06/09 15:31:46 Job executing on host: <129.13.102.217:9618?addrs=129.13.102.217-9618&noUDP&sock=1777_c44a_4>
...
005 (2018797.003.000) 06/09 15:31:53 Job terminated.
	(1) Normal termination (return value 0)
		Usr 0 00:00:00, Sys 0 00:00:00  -  Run Remote Usage
		Usr 0 00:00:00, Sys 0 00:00:00  -  Run Local Usage
		Usr 0 00:00:00, Sys 0 00:00:00  -  Total Remote Usage
		Usr 0 00:00:00, Sys 0 00:00:00  -  Total Local Usage
	6932  -  Run Bytes Sent By Job
	2562  -  Run Bytes Received By Job
	6932  -  Total Bytes Sent By Job
	2562  -  Total Bytes Received By Job
	Partitionable Resources :    Usage  Request Allocated
	   Cpus                 :                 1         1
	   Disk (KB)            :      215   750000   1021512
	   Memory (MB)          :              3000      3000
...
000 (2018798.003.000) 06/09 15:36:18 Job submitted from host: <129.13.101.142:9618?addrs=129.13.101.142-9618&noUDP&sock=7538_ce86_4>
...
001 (2018798.003.000) 06/09 15:37:15 Job executing on host: <129.13.102.217:9618?addrs=129.13.102.217-9618&noUDP&sock=1777_c44a_4>
...
006 (2018798.003.000) 06/09 15:37:21 Image size of job updated: 442
	442  -  MemoryUsage of job (MB)
	453096  -  ResidentSetSize of job (KB)
...
005 (2018798.003.000) 06/09 15:37:21 Job terminated.
	(1) Normal termination (return value 0)
		Usr 0 00:00:00, Sys 0 00:00:00  -  Run Remote Usage
		Usr 0 00:00:00, Sys 0 00:00:00  -  Run Local Usage
		Usr 0 00:00:00, Sys 0 00:00:00  -  Total Remote Usage
		Usr 0 00:00:00, Sys 0 00:00:00  -  Total Local Usage
	7455  -  Run Bytes Sent By Job
	2644  -  Run Bytes Received By Job
	7455  -  Total Bytes Sent By Job
	2644  -  Total Bytes Received By Job
	Partitionable Resources :    Usage  Request Allocated
	   Cpus                 :                 1         1
	   Disk (KB)            :   155160   750000   1021509
	   Memory (MB)          :      442     3000      3000
...
000 (2018799.003.000) 06/09 15:44:47 Job submitted from host: <129.13.101.142:9618?addrs=129.13.101.142-9618&noUDP&sock=7538_ce86_4>
...
001 (2018799.003.000) 06/09 15:45:48 Job executing on host: <129.13.102.217:9618?addrs=129.13.102.217-9618&noUDP&sock=1777_c44a_4>
...
006 (2018799.003.000) 06/09 15:45:54 Image size of job updated: 432
	432  -  MemoryUsage of job (MB)
	443132  -  ResidentSetSize of job (KB)
...
005 (2018799.003.000) 06/09 15:45:54 Job terminated.
	(1) Normal termination (return value 0)
		Usr 0 00:00:00, Sys 0 00:00:00  -  Run Remote Usage
		Usr 0 00:00:00, Sys 0 00:00:00  -  Run Local Usage
		Usr 0 00:00:00, Sys 0 00:00:00  -  Total Remote Usage
		Usr 0 00:00:00, Sys 0 00:00:00  -  Total Local Usage
	7455  -  Run Bytes Sent By Job
	2644  -  Run Bytes Received By Job
	7455  -  Total Bytes Sent By Job
	2644  -  Total Bytes Received By Job
	Partitionable Resources :    Usage  Request Allocated
	   Cpus                 :                 1         1
	   Disk (KB)            :   155160   750000   1021506
	   Memory (MB)          :      432     3000      3000
...
000 (2019842.003.000) 06/12 10:17:42 Job submitted from host: <129.13.101.142:9618?addrs=129.13.101.142-9618&noUDP&sock=7538_ce86_4>
...
001 (2019842.003.000) 06/12 10:18:06 Job executing on host: <129.13.102.217:9618?addrs=129.13.102.217-9618&noUDP&sock=1777_c44a_4>
...
006 (2019842.003.000) 06/12 10:18:15 Image size of job updated: 127
	127  -  MemoryUsage of job (MB)
	131036  -  ResidentSetSize of job (KB)
...
005 (2019842.003.000) 06/12 10:18:17 Job terminated.
	(1) Normal termination (return value 0)
		Usr 0 00:00:00, Sys 0 00:00:00  -  Run Remote Usage
		Usr 0 00:00:00, Sys 0 00:00:00  -  Run Local Usage
		Usr 0 00:00:00, Sys 0 00:00:00  -  Total Remote Usage
		Usr 0 00:00:00, Sys 0 00:00:00  -  Total Local Usage
	7455  -  Run Bytes Sent By Job
	2644  -  Run Bytes Received By Job
	7455  -  Total Bytes Sent By Job
	2644  -  Total Bytes Received By Job
	Partitionable Resources :    Usage  Request Allocated
	   Cpus                 :                 1         1
	   Disk (KB)            :   155160   750000   1021614
	   Memory (MB)          :      127     3000      3000
...
000 (2019843.003.000) 06/12 10:34:32 Job submitted from host: <129.13.101.142:9618?addrs=129.13.101.142-9618&noUDP&sock=7538_ce86_4>
...
001 (2019843.003.000) 06/12 10:34:36 Job executing on host: <129.13.102.217:9618?addrs=129.13.102.217-9618&noUDP&sock=1777_c44a_4>
...
006 (2019843.003.000) 06/12 10:34:42 Image size of job updated: 391
	391  -  MemoryUsage of job (MB)
	400416  -  ResidentSetSize of job (KB)
...
005 (2019843.003.000) 06/12 10:34:42 Job terminated.
	(1) Normal termination (return value 0)
		Usr 0 00:00:00, Sys 0 00:00:00  -  Run Remote Usage
		Usr 0 00:00:00, Sys 0 00:00:00  -  Run Local Usage
		Usr 0 00:00:00, Sys 0 00:00:00  -  Total Remote Usage
		Usr 0 00:00:00, Sys 0 00:00:00  -  Total Local Usage
	7455  -  Run Bytes Sent By Job
	2644  -  Run Bytes Received By Job
	7455  -  Total Bytes Sent By Job
	2644  -  Total Bytes Received By Job
	Partitionable Resources :    Usage  Request Allocated
	   Cpus                 :                 1         1
	   Disk (KB)            :   155160   750000   1021608
	   Memory (MB)          :      391     3000      3000
...
000 (2019845.003.000) 06/12 11:07:39 Job submitted from host: <129.13.101.142:9618?addrs=129.13.101.142-9618&noUDP&sock=7538_ce86_4>
...
001 (2019845.003.000) 06/12 11:08:09 Job executing on host: <129.13.102.217:9618?addrs=129.13.102.217-9618&noUDP&sock=1777_c44a_4>
...
006 (2019845.003.000) 06/12 11:08:15 Image size of job updated: 332
	332  -  MemoryUsage of job (MB)
	340688  -  ResidentSetSize of job (KB)
...
005 (2019845.003.000) 06/12 11:08:15 Job terminated.
	(1) Normal termination (return value 0)
		Usr 0 00:00:00, Sys 0 00:00:00  -  Run Remote Usage
		Usr 0 00:00:00, Sys 0 00:00:00  -  Run Local Usage
		Usr 0 00:00:00, Sys 0 00:00:00  -  Total Remote Usage
		Usr 0 00:00:00, Sys 0 00:00:00  -  Total Local Usage
	7455  -  Run Bytes Sent By Job
	2644  -  Run Bytes Received By Job
	7455  -  Total Bytes Sent By Job
	2644  -  Total Bytes Received By Job
	Partitionable Resources :    Usage  Request Allocated
	   Cpus                 :                 1         1
	   Disk (KB)            :   155160   750000   1021605
	   Memory (MB)          :      332     3000      3000
...
000 (2019846.003.000) 06/12 11:08:57 Job submitted from host: <129.13.101.142:9618?addrs=129.13.101.142-9618&noUDP&sock=7538_ce86_4>
...
001 (2019846.003.000) 06/12 11:09:08 Job executing on host: <129.13.102.217:9618?addrs=129.13.102.217-9618&noUDP&sock=1777_c44a_4>
...
006 (2019846.003.000) 06/12 11:09:13 Image size of job updated: 443
	443  -  MemoryUsage of job (MB)
	454536  -  ResidentSetSize of job (KB)
...
005 (2019846.003.000) 06/12 11:09:13 Job terminated.
	(1) Normal termination (return value 0)
		Usr 0 00:00:00, Sys 0 00:00:00  -  Run Remote Usage
		Usr 0 00:00:00, Sys 0 00:00:00  -  Run Local Usage
		Usr 0 00:00:00, Sys 0 00:00:00  -  Total Remote Usage
		Usr 0 00:00:00, Sys 0 00:00:00  -  Total Local Usage
	7455  -  Run Bytes Sent By Job
	2644  -  Run Bytes Received By Job
	7455  -  Total Bytes Sent By Job
	2644  -  Total Bytes Received By Job
	Partitionable Resources :    Usage  Request Allocated
	   Cpus                 :                 1         1
	   Disk (KB)            :   155160   750000   1021602
	   Memory (MB)          :      443     3000      3000
...
000 (2019847.003.000) 06/12 11:10:46 Job submitted from host: <129.13.101.142:9618?addrs=129.13.101.142-9618&noUDP&sock=7538_ce86_4>
...
001 (2019847.003.000) 06/12 11:11:08 Job executing on host: <129.13.102.217:9618?addrs=129.13.102.217-9618&noUDP&sock=1777_c44a_4>
...
006 (2019847.003.000) 06/12 11:11:14 Image size of job updated: 446
	446  -  MemoryUsage of job (MB)
	457672  -  ResidentSetSize of job (KB)
...
005 (2019847.003.000) 06/12 11:11:14 Job terminated.
	(1) Normal termination (return value 0)
		Usr 0 00:00:00, Sys 0 00:00:00  -  Run Remote Usage
		Usr 0 00:00:00, Sys 0 00:00:00  -  Run Local Usage
		Usr 0 00:00:00, Sys 0 00:00:00  -  Total Remote Usage
		Usr 0 00:00:00, Sys 0 00:00:00  -  Total Local Usage
	7455  -  Run Bytes Sent By Job
	2644  -  Run Bytes Received By Job
	7455  -  Total Bytes Sent By Job
	2644  -  Total Bytes Received By Job
	Partitionable Resources :    Usage  Request Allocated
	   Cpus                 :                 1         1
	   Disk (KB)            :   155160   750000   1021599
	   Memory (MB)          :      446     3000      3000
...
000 (2019848.003.000) 06/12 11:11:43 Job submitted from host: <129.13.101.142:9618?addrs=129.13.101.142-9618&noUDP&sock=7538_ce86_4>
...
001 (2019848.003.000) 06/12 11:12:08 Job executing on host: <129.13.102.217:9618?addrs=129.13.102.217-9618&noUDP&sock=1777_c44a_4>
...
006 (2019848.003.000) 06/12 11:12:13 Image size of job updated: 446
	446  -  MemoryUsage of job (MB)
	457640  -  ResidentSetSize of job (KB)
...
005 (2019848.003.000) 06/12 11:12:14 Job terminated.
	(1) Normal termination (return value 0)
		Usr 0 00:00:00, Sys 0 00:00:00  -  Run Remote Usage
		Usr 0 00:00:00, Sys 0 00:00:00  -  Run Local Usage
		Usr 0 00:00:00, Sys 0 00:00:00  -  Total Remote Usage
		Usr 0 00:00:00, Sys 0 00:00:00  -  Total Local Usage
	7455  -  Run Bytes Sent By Job
	2644  -  Run Bytes Received By Job
	7455  -  Total Bytes Sent By Job
	2644  -  Total Bytes Received By Job
	Partitionable Resources :    Usage  Request Allocated
	   Cpus                 :                 1         1
	   Disk (KB)            :   155160   750000   1021596
	   Memory (MB)          :      446     3000      3000
...
000 (2019849.003.000) 06/12 11:14:58 Job submitted from host: <129.13.101.142:9618?addrs=129.13.101.142-9618&noUDP&sock=7538_ce86_4>
...
001 (2019849.003.000) 06/12 11:15:08 Job executing on host: <129.13.102.217:9618?addrs=129.13.102.217-9618&noUDP&sock=1777_c44a_4>
...
006 (2019849.003.000) 06/12 11:15:13 Image size of job updated: 446
	446  -  MemoryUsage of job (MB)
	457720  -  ResidentSetSize of job (KB)
...
005 (2019849.003.000) 06/12 11:15:14 Job terminated.
	(1) Normal termination (return value 0)
		Usr 0 00:00:00, Sys 0 00:00:00  -  Run Remote Usage
		Usr 0 00:00:00, Sys 0 00:00:00  -  Run Local Usage
		Usr 0 00:00:00, Sys 0 00:00:00  -  Total Remote Usage
		Usr 0 00:00:00, Sys 0 00:00:00  -  Total Local Usage
	7455  -  Run Bytes Sent By Job
	2644  -  Run Bytes Received By Job
	7455  -  Total Bytes Sent By Job
	2644  -  Total Bytes Received By Job
	Partitionable Resources :    Usage  Request Allocated
	   Cpus                 :                 1         1
	   Disk (KB)            :   155160   750000   1021593
	   Memory (MB)          :      446     3000      3000
...
000 (2019850.003.000) 06/12 13:22:00 Job submitted from host: <129.13.101.142:9618?addrs=129.13.101.142-9618&noUDP&sock=7538_ce86_4>
...
001 (2019850.003.000) 06/12 13:22:12 Job executing on host: <129.13.102.217:9618?addrs=129.13.102.217-9618&noUDP&sock=1777_c44a_4>
...
006 (2019850.003.000) 06/12 13:22:19 Image size of job updated: 330
	330  -  MemoryUsage of job (MB)
	338720  -  ResidentSetSize of job (KB)
...
005 (2019850.003.000) 06/12 13:22:19 Job terminated.
	(1) Normal termination (return value 0)
		Usr 0 00:00:00, Sys 0 00:00:00  -  Run Remote Usage
		Usr 0 00:00:00, Sys 0 00:00:00  -  Run Local Usage
		Usr 0 00:00:00, Sys 0 00:00:00  -  Total Remote Usage
		Usr 0 00:00:00, Sys 0 00:00:00  -  Total Local Usage
	7455  -  Run Bytes Sent By Job
	2644  -  Run Bytes Received By Job
	7455  -  Total Bytes Sent By Job
	2644  -  Total Bytes Received By Job
	Partitionable Resources :    Usage  Request Allocated
	   Cpus                 :                 1         1
	   Disk (KB)            :   155160   750000   1021611
	   Memory (MB)          :      330     3000      3000
...
000 (2019852.003.000) 06/12 13:30:04 Job submitted from host: <129.13.101.142:9618?addrs=129.13.101.142-9618&noUDP&sock=7538_ce86_4>
...
022 (2019852.003.000) 06/12 13:30:17 Job disconnected, attempting to reconnect
    Socket between submit and execute hosts closed unexpectedly
    Trying to reconnect to slot1_1@ekpblus004.ekp.kit.edu <129.13.101.156:9618?addrs=129.13.101.156-9618&noUDP&sock=38455_828a_4>
...
024 (2019852.003.000) 06/12 13:30:17 Job reconnection failed
    Job not found at execution machine
    Can not reconnect to slot1_1@ekpblus004.ekp.kit.edu, rescheduling job
...
001 (2019852.003.000) 06/12 13:30:31 Job executing on host: <129.13.101.158:9618?addrs=129.13.101.158-9618&noUDP&sock=37260_d6dd_4>
...
006 (2019852.003.000) 06/12 13:30:40 Image size of job updated: 196
	196  -  MemoryUsage of job (MB)
	201460  -  ResidentSetSize of job (KB)
...
005 (2019852.003.000) 06/12 13:30:44 Job terminated.
	(1) Normal termination (return value 0)
		Usr 0 00:00:00, Sys 0 00:00:00  -  Run Remote Usage
		Usr 0 00:00:00, Sys 0 00:00:00  -  Run Local Usage
		Usr 0 00:00:00, Sys 0 00:00:00  -  Total Remote Usage
		Usr 0 00:00:00, Sys 0 00:00:00  -  Total Local Usage
	7880  -  Run Bytes Sent By Job
	2644  -  Run Bytes Received By Job
	7880  -  Total Bytes Sent By Job
	2644  -  Total Bytes Received By Job
	Partitionable Resources :    Usage  Request Allocated
	   Cpus                 :                 1         1
	   Disk (KB)            :   155159   750000   8085816
	   Memory (MB)          :      196     3000      3000
...
000 (2019853.003.000) 06/12 13:32:06 Job submitted from host: <129.13.101.142:9618?addrs=129.13.101.142-9618&noUDP&sock=7538_ce86_4>
...
001 (2019853.003.000) 06/12 13:32:13 Job executing on host: <129.13.102.163:9618?addrs=129.13.102.163-9618&noUDP&sock=2814_1000_4>
...
006 (2019853.003.000) 06/12 13:32:22 Image size of job updated: 255
	255  -  MemoryUsage of job (MB)
	261788  -  ResidentSetSize of job (KB)
...
005 (2019853.003.000) 06/12 13:32:26 Job terminated.
	(1) Normal termination (return value 0)
		Usr 0 00:00:00, Sys 0 00:00:00  -  Run Remote Usage
		Usr 0 00:00:00, Sys 0 00:00:00  -  Run Local Usage
		Usr 0 00:00:00, Sys 0 00:00:00  -  Total Remote Usage
		Usr 0 00:00:00, Sys 0 00:00:00  -  Total Local Usage
	7456  -  Run Bytes Sent By Job
	2644  -  Run Bytes Received By Job
	7456  -  Total Bytes Sent By Job
	2644  -  Total Bytes Received By Job
	Partitionable Resources :    Usage  Request Allocated
	   Cpus                 :                 1         1
	   Disk (KB)            :   155160   750000    758149
	   Memory (MB)          :      255     3000      3000
...
000 (2019855.003.000) 06/12 13:42:32 Job submitted from host: <129.13.101.142:9618?addrs=129.13.101.142-9618&noUDP&sock=7538_ce86_4>
...
022 (2019855.003.000) 06/12 13:42:49 Job disconnected, attempting to reconnect
    Socket between submit and execute hosts closed unexpectedly
    Trying to reconnect to slot1_1@ekpblus004.ekp.kit.edu <129.13.101.156:9618?addrs=129.13.101.156-9618&noUDP&sock=38455_828a_4>
...
024 (2019855.003.000) 06/12 13:42:49 Job reconnection failed
    Job not found at execution machine
    Can not reconnect to slot1_1@ekpblus004.ekp.kit.edu, rescheduling job
...
001 (2019855.003.000) 06/12 13:42:58 Job executing on host: <129.13.101.145:9618?addrs=129.13.101.145-9618&noUDP&sock=395578_2f07_4>
...
006 (2019855.003.000) 06/12 13:43:07 Image size of job updated: 311
	311  -  MemoryUsage of job (MB)
	319336  -  ResidentSetSize of job (KB)
...
005 (2019855.003.000) 06/12 13:43:09 Job terminated.
	(1) Normal termination (return value 0)
		Usr 0 00:00:00, Sys 0 00:00:00  -  Run Remote Usage
		Usr 0 00:00:00, Sys 0 00:00:00  -  Run Local Usage
		Usr 0 00:00:00, Sys 0 00:00:00  -  Total Remote Usage
		Usr 0 00:00:00, Sys 0 00:00:00  -  Total Local Usage
	7364  -  Run Bytes Sent By Job
	2644  -  Run Bytes Received By Job
	7364  -  Total Bytes Sent By Job
	2644  -  Total Bytes Received By Job
	Partitionable Resources :    Usage  Request Allocated
	   Cpus                 :                 1         1
	   Disk (KB)            :   155159   750000    895320
	   Memory (MB)          :      311     3000      3000
...
000 (2019856.003.000) 06/12 13:45:09 Job submitted from host: <129.13.101.142:9618?addrs=129.13.101.142-9618&noUDP&sock=7538_ce86_4>
...
001 (2019856.003.000) 06/12 13:45:14 Job executing on host: <129.13.102.185:9618?addrs=129.13.102.185-9618&noUDP&sock=2227_a889_4>
...
006 (2019856.003.000) 06/12 13:45:20 Image size of job updated: 485
	485  -  MemoryUsage of job (MB)
	497352  -  ResidentSetSize of job (KB)
...
005 (2019856.003.000) 06/12 13:45:20 Job terminated.
	(1) Normal termination (return value 0)
		Usr 0 00:00:00, Sys 0 00:00:00  -  Run Remote Usage
		Usr 0 00:00:00, Sys 0 00:00:00  -  Run Local Usage
		Usr 0 00:00:00, Sys 0 00:00:00  -  Total Remote Usage
		Usr 0 00:00:00, Sys 0 00:00:00  -  Total Local Usage
	7456  -  Run Bytes Sent By Job
	2644  -  Run Bytes Received By Job
	7456  -  Total Bytes Sent By Job
	2644  -  Total Bytes Received By Job
	Partitionable Resources :    Usage  Request Allocated
	   Cpus                 :                 1         1
	   Disk (KB)            :   155160   750000    991725
	   Memory (MB)          :      485     3000      3000
...
000 (2019879.003.000) 06/12 14:46:29 Job submitted from host: <129.13.101.142:9618?addrs=129.13.101.142-9618&noUDP&sock=7538_ce86_4>
...
001 (2019879.003.000) 06/12 14:46:45 Job executing on host: <129.13.102.185:9618?addrs=129.13.102.185-9618&noUDP&sock=2227_a889_4>
...
006 (2019879.003.000) 06/12 14:46:51 Image size of job updated: 454
	454  -  MemoryUsage of job (MB)
	465680  -  ResidentSetSize of job (KB)
...
005 (2019879.003.000) 06/12 14:46:51 Job terminated.
	(1) Normal termination (return value 0)
		Usr 0 00:00:00, Sys 0 00:00:00  -  Run Remote Usage
		Usr 0 00:00:00, Sys 0 00:00:00  -  Run Local Usage
		Usr 0 00:00:00, Sys 0 00:00:00  -  Total Remote Usage
		Usr 0 00:00:00, Sys 0 00:00:00  -  Total Local Usage
	7456  -  Run Bytes Sent By Job
	2644  -  Run Bytes Received By Job
	7456  -  Total Bytes Sent By Job
	2644  -  Total Bytes Received By Job
	Partitionable Resources :    Usage  Request Allocated
	   Cpus                 :                 1         1
	   Disk (KB)            :   155160   750000    991704
	   Memory (MB)          :      454     3000      3000
...
000 (2020096.003.000) 06/12 14:52:55 Job submitted from host: <129.13.101.142:9618?addrs=129.13.101.142-9618&noUDP&sock=7538_ce86_4>
...
001 (2020096.003.000) 06/12 14:53:17 Job executing on host: <129.13.102.185:9618?addrs=129.13.102.185-9618&noUDP&sock=2227_a889_4>
...
006 (2020096.003.000) 06/12 14:53:20 Image size of job updated: 445
	445  -  MemoryUsage of job (MB)
	455788  -  ResidentSetSize of job (KB)
...
005 (2020096.003.000) 06/12 14:53:20 Job terminated.
	(1) Normal termination (return value 0)
		Usr 0 00:00:00, Sys 0 00:00:00  -  Run Remote Usage
		Usr 0 00:00:00, Sys 0 00:00:00  -  Run Local Usage
		Usr 0 00:00:00, Sys 0 00:00:00  -  Total Remote Usage
		Usr 0 00:00:00, Sys 0 00:00:00  -  Total Local Usage
	7455  -  Run Bytes Sent By Job
	2644  -  Run Bytes Received By Job
	7455  -  Total Bytes Sent By Job
	2644  -  Total Bytes Received By Job
	Partitionable Resources :    Usage  Request Allocated
	   Cpus                 :                 1         1
	   Disk (KB)            :   155160   750000    991701
	   Memory (MB)          :      445     3000      3000
...
000 (2020249.003.000) 06/12 14:57:11 Job submitted from host: <129.13.101.142:9618?addrs=129.13.101.142-9618&noUDP&sock=7538_ce86_4>
...
001 (2020249.003.000) 06/12 14:57:19 Job executing on host: <129.13.102.180:9618?addrs=129.13.102.180-9618&noUDP&sock=3195_6595_4>
...
006 (2020249.003.000) 06/12 14:57:26 Image size of job updated: 203
	203  -  MemoryUsage of job (MB)
	208196  -  ResidentSetSize of job (KB)
...
005 (2020249.003.000) 06/12 14:57:29 Job terminated.
	(1) Normal termination (return value 0)
		Usr 0 00:00:00, Sys 0 00:00:00  -  Run Remote Usage
		Usr 0 00:00:00, Sys 0 00:00:00  -  Run Local Usage
		Usr 0 00:00:00, Sys 0 00:00:00  -  Total Remote Usage
		Usr 0 00:00:00, Sys 0 00:00:00  -  Total Local Usage
	7456  -  Run Bytes Sent By Job
	2644  -  Run Bytes Received By Job
	7456  -  Total Bytes Sent By Job
	2644  -  Total Bytes Received By Job
	Partitionable Resources :    Usage  Request Allocated
	   Cpus                 :                 1         1
	   Disk (KB)            :   155160   750000    865291
	   Memory (MB)          :      203     3000      3000
...
000 (2020278.003.000) 06/12 15:01:13 Job submitted from host: <129.13.101.142:9618?addrs=129.13.101.142-9618&noUDP&sock=7538_ce86_4>
...
001 (2020278.003.000) 06/12 15:01:17 Job executing on host: <129.13.102.180:9618?addrs=129.13.102.180-9618&noUDP&sock=3195_6595_4>
...
006 (2020278.003.000) 06/12 15:01:23 Image size of job updated: 448
	448  -  MemoryUsage of job (MB)
	458780  -  ResidentSetSize of job (KB)
...
005 (2020278.003.000) 06/12 15:01:23 Job terminated.
	(1) Normal termination (return value 0)
		Usr 0 00:00:00, Sys 0 00:00:00  -  Run Remote Usage
		Usr 0 00:00:00, Sys 0 00:00:00  -  Run Local Usage
		Usr 0 00:00:00, Sys 0 00:00:00  -  Total Remote Usage
		Usr 0 00:00:00, Sys 0 00:00:00  -  Total Local Usage
	7455  -  Run Bytes Sent By Job
	2644  -  Run Bytes Received By Job
	7455  -  Total Bytes Sent By Job
	2644  -  Total Bytes Received By Job
	Partitionable Resources :    Usage  Request Allocated
	   Cpus                 :                 1         1
	   Disk (KB)            :   155160   750000    865284
	   Memory (MB)          :      448     3000      3000
...
000 (2020279.003.000) 06/12 15:06:31 Job submitted from host: <129.13.101.142:9618?addrs=129.13.101.142-9618&noUDP&sock=7538_ce86_4>
...
001 (2020279.003.000) 06/12 15:06:50 Job executing on host: <129.13.102.180:9618?addrs=129.13.102.180-9618&noUDP&sock=3195_6595_4>
...
006 (2020279.003.000) 06/12 15:06:55 Image size of job updated: 448
	448  -  MemoryUsage of job (MB)
	459492  -  ResidentSetSize of job (KB)
...
005 (2020279.003.000) 06/12 15:06:55 Job terminated.
	(1) Normal termination (return value 0)
		Usr 0 00:00:00, Sys 0 00:00:00  -  Run Remote Usage
		Usr 0 00:00:00, Sys 0 00:00:00  -  Run Local Usage
		Usr 0 00:00:00, Sys 0 00:00:00  -  Total Remote Usage
		Usr 0 00:00:00, Sys 0 00:00:00  -  Total Local Usage
	7456  -  Run Bytes Sent By Job
	2644  -  Run Bytes Received By Job
	7456  -  Total Bytes Sent By Job
	2644  -  Total Bytes Received By Job
	Partitionable Resources :    Usage  Request Allocated
	   Cpus                 :                 1         1
	   Disk (KB)            :   155160   750000    865270
	   Memory (MB)          :      448     3000      3000
...
000 (2020282.003.000) 06/12 15:21:21 Job submitted from host: <129.13.101.142:9618?addrs=129.13.101.142-9618&noUDP&sock=7538_ce86_4>
...
001 (2020282.003.000) 06/12 15:21:46 Job executing on host: <129.13.102.185:9618?addrs=129.13.102.185-9618&noUDP&sock=2227_a889_4>
...
006 (2020282.003.000) 06/12 15:21:50 Image size of job updated: 440
	440  -  MemoryUsage of job (MB)
	451404  -  ResidentSetSize of job (KB)
...
005 (2020282.003.000) 06/12 15:21:50 Job terminated.
	(1) Normal termination (return value 0)
		Usr 0 00:00:01, Sys 0 00:00:00  -  Run Remote Usage
		Usr 0 00:00:00, Sys 0 00:00:00  -  Run Local Usage
		Usr 0 00:00:01, Sys 0 00:00:00  -  Total Remote Usage
		Usr 0 00:00:00, Sys 0 00:00:00  -  Total Local Usage
	7456  -  Run Bytes Sent By Job
	2644  -  Run Bytes Received By Job
	7456  -  Total Bytes Sent By Job
	2644  -  Total Bytes Received By Job
	Partitionable Resources :    Usage  Request Allocated
	   Cpus                 :                 1         1
	   Disk (KB)            :   155160   750000    991683
	   Memory (MB)          :      440     3000      3000
...
000 (2020283.003.000) 06/12 15:22:10 Job submitted from host: <129.13.101.142:9618?addrs=129.13.101.142-9618&noUDP&sock=7538_ce86_4>
...
001 (2020283.003.000) 06/12 15:22:15 Job executing on host: <129.13.102.185:9618?addrs=129.13.102.185-9618&noUDP&sock=2227_a889_4>
...
006 (2020283.003.000) 06/12 15:22:19 Image size of job updated: 450
	450  -  MemoryUsage of job (MB)
	461580  -  ResidentSetSize of job (KB)
...
005 (2020283.003.000) 06/12 15:22:20 Job terminated.
	(1) Normal termination (return value 0)
		Usr 0 00:00:01, Sys 0 00:00:00  -  Run Remote Usage
		Usr 0 00:00:00, Sys 0 00:00:00  -  Run Local Usage
		Usr 0 00:00:01, Sys 0 00:00:00  -  Total Remote Usage
		Usr 0 00:00:00, Sys 0 00:00:00  -  Total Local Usage
	7455  -  Run Bytes Sent By Job
	2644  -  Run Bytes Received By Job
	7455  -  Total Bytes Sent By Job
	2644  -  Total Bytes Received By Job
	Partitionable Resources :    Usage  Request Allocated
	   Cpus                 :                 1         1
	   Disk (KB)            :   155160   750000    991680
	   Memory (MB)          :      450     3000      3000
...
000 (2020284.003.000) 06/12 15:22:47 Job submitted from host: <129.13.101.142:9618?addrs=129.13.101.142-9618&noUDP&sock=7538_ce86_4>
...
001 (2020284.003.000) 06/12 15:23:16 Job executing on host: <129.13.102.185:9618?addrs=129.13.102.185-9618&noUDP&sock=2227_a889_4>
...
005 (2020284.003.000) 06/12 15:23:23 Job terminated.
	(1) Normal termination (return value 0)
		Usr 0 00:00:00, Sys 0 00:00:00  -  Run Remote Usage
		Usr 0 00:00:00, Sys 0 00:00:00  -  Run Local Usage
		Usr 0 00:00:00, Sys 0 00:00:00  -  Total Remote Usage
		Usr 0 00:00:00, Sys 0 00:00:00  -  Total Local Usage
	7455  -  Run Bytes Sent By Job
	2644  -  Run Bytes Received By Job
	7455  -  Total Bytes Sent By Job
	2644  -  Total Bytes Received By Job
	Partitionable Resources :    Usage  Request Allocated
	   Cpus                 :                 1         1
	   Disk (KB)            :   155160   750000    991677
	   Memory (MB)          :              3000      3000
...
000 (2020285.003.000) 06/12 15:24:02 Job submitted from host: <129.13.101.142:9618?addrs=129.13.101.142-9618&noUDP&sock=7538_ce86_4>
...
001 (2020285.003.000) 06/12 15:24:16 Job executing on host: <129.13.102.185:9618?addrs=129.13.102.185-9618&noUDP&sock=2227_a889_4>
...
005 (2020285.003.000) 06/12 15:24:23 Job terminated.
	(1) Normal termination (return value 0)
		Usr 0 00:00:00, Sys 0 00:00:00  -  Run Remote Usage
		Usr 0 00:00:00, Sys 0 00:00:00  -  Run Local Usage
		Usr 0 00:00:00, Sys 0 00:00:00  -  Total Remote Usage
		Usr 0 00:00:00, Sys 0 00:00:00  -  Total Local Usage
	7455  -  Run Bytes Sent By Job
	2644  -  Run Bytes Received By Job
	7455  -  Total Bytes Sent By Job
	2644  -  Total Bytes Received By Job
	Partitionable Resources :    Usage  Request Allocated
	   Cpus                 :                 1         1
	   Disk (KB)            :   155160   750000    991674
	   Memory (MB)          :              3000      3000
...
000 (2020286.003.000) 06/12 15:27:43 Job submitted from host: <129.13.101.142:9618?addrs=129.13.101.142-9618&noUDP&sock=7538_ce86_4>
...
001 (2020286.003.000) 06/12 15:27:46 Job executing on host: <129.13.102.185:9618?addrs=129.13.102.185-9618&noUDP&sock=2227_a889_4>
...
005 (2020286.003.000) 06/12 15:27:53 Job terminated.
	(1) Normal termination (return value 0)
		Usr 0 00:00:00, Sys 0 00:00:00  -  Run Remote Usage
		Usr 0 00:00:00, Sys 0 00:00:00  -  Run Local Usage
		Usr 0 00:00:00, Sys 0 00:00:00  -  Total Remote Usage
		Usr 0 00:00:00, Sys 0 00:00:00  -  Total Local Usage
	7456  -  Run Bytes Sent By Job
	2644  -  Run Bytes Received By Job
	7456  -  Total Bytes Sent By Job
	2644  -  Total Bytes Received By Job
	Partitionable Resources :    Usage  Request Allocated
	   Cpus                 :                 1         1
	   Disk (KB)            :   155160   750000    991671
	   Memory (MB)          :              3000      3000
...
000 (2020287.003.000) 06/12 15:29:41 Job submitted from host: <129.13.101.142:9618?addrs=129.13.101.142-9618&noUDP&sock=7538_ce86_4>
...
001 (2020287.003.000) 06/12 15:29:46 Job executing on host: <129.13.102.185:9618?addrs=129.13.102.185-9618&noUDP&sock=2227_a889_4>
...
005 (2020287.003.000) 06/12 15:29:53 Job terminated.
	(1) Normal termination (return value 0)
		Usr 0 00:00:00, Sys 0 00:00:00  -  Run Remote Usage
		Usr 0 00:00:00, Sys 0 00:00:00  -  Run Local Usage
		Usr 0 00:00:00, Sys 0 00:00:00  -  Total Remote Usage
		Usr 0 00:00:00, Sys 0 00:00:00  -  Total Local Usage
	7456  -  Run Bytes Sent By Job
	2644  -  Run Bytes Received By Job
	7456  -  Total Bytes Sent By Job
	2644  -  Total Bytes Received By Job
	Partitionable Resources :    Usage  Request Allocated
	   Cpus                 :                 1         1
	   Disk (KB)            :   155160   750000    991698
	   Memory (MB)          :              3000      3000
...
000 (2020288.003.000) 06/12 15:35:10 Job submitted from host: <129.13.101.142:9618?addrs=129.13.101.142-9618&noUDP&sock=7538_ce86_4>
...
001 (2020288.003.000) 06/12 15:35:16 Job executing on host: <129.13.102.185:9618?addrs=129.13.102.185-9618&noUDP&sock=2227_a889_4>
...
005 (2020288.003.000) 06/12 15:35:24 Job terminated.
	(1) Normal termination (return value 0)
		Usr 0 00:00:00, Sys 0 00:00:00  -  Run Remote Usage
		Usr 0 00:00:00, Sys 0 00:00:00  -  Run Local Usage
		Usr 0 00:00:00, Sys 0 00:00:00  -  Total Remote Usage
		Usr 0 00:00:00, Sys 0 00:00:00  -  Total Local Usage
	7456  -  Run Bytes Sent By Job
	2644  -  Run Bytes Received By Job
	7456  -  Total Bytes Sent By Job
	2644  -  Total Bytes Received By Job
	Partitionable Resources :    Usage  Request Allocated
	   Cpus                 :                 1         1
	   Disk (KB)            :   155160   750000    991692
	   Memory (MB)          :              3000      3000
...
000 (2020293.003.000) 06/12 15:59:28 Job submitted from host: <129.13.101.142:9618?addrs=129.13.101.142-9618&noUDP&sock=7538_ce86_4>
...
001 (2020293.003.000) 06/12 15:59:47 Job executing on host: <129.13.102.154:9618?addrs=129.13.102.154-9618&noUDP&sock=2865_68b4_4>
...
006 (2020293.003.000) 06/12 15:59:55 Image size of job updated: 214
	214  -  MemoryUsage of job (MB)
	219168  -  ResidentSetSize of job (KB)
...
005 (2020293.003.000) 06/12 15:59:56 Job terminated.
	(1) Normal termination (return value 0)
		Usr 0 00:00:00, Sys 0 00:00:00  -  Run Remote Usage
		Usr 0 00:00:00, Sys 0 00:00:00  -  Run Local Usage
		Usr 0 00:00:00, Sys 0 00:00:00  -  Total Remote Usage
		Usr 0 00:00:00, Sys 0 00:00:00  -  Total Local Usage
	7587  -  Run Bytes Sent By Job
	2666  -  Run Bytes Received By Job
	7587  -  Total Bytes Sent By Job
	2666  -  Total Bytes Received By Job
	Partitionable Resources :    Usage  Request Allocated
	   Cpus                 :                 1         1
	   Disk (KB)            :   155160   750000    990560
	   Memory (MB)          :      214     3000      3000
...
000 (2020297.003.000) 06/12 16:01:28 Job submitted from host: <129.13.101.142:9618?addrs=129.13.101.142-9618&noUDP&sock=7538_ce86_4>
...
001 (2020297.003.000) 06/12 16:01:48 Job executing on host: <129.13.102.154:9618?addrs=129.13.102.154-9618&noUDP&sock=2865_68b4_4>
...
006 (2020297.003.000) 06/12 16:01:52 Image size of job updated: 452
	452  -  MemoryUsage of job (MB)
	463828  -  ResidentSetSize of job (KB)
...
005 (2020297.003.000) 06/12 16:01:52 Job terminated.
	(1) Normal termination (return value 0)
		Usr 0 00:00:01, Sys 0 00:00:00  -  Run Remote Usage
		Usr 0 00:00:00, Sys 0 00:00:00  -  Run Local Usage
		Usr 0 00:00:01, Sys 0 00:00:00  -  Total Remote Usage
		Usr 0 00:00:00, Sys 0 00:00:00  -  Total Local Usage
	7586  -  Run Bytes Sent By Job
	2666  -  Run Bytes Received By Job
	7586  -  Total Bytes Sent By Job
	2666  -  Total Bytes Received By Job
	Partitionable Resources :    Usage  Request Allocated
	   Cpus                 :                 1         1
	   Disk (KB)            :   155160   750000    990556
	   Memory (MB)          :      452     3000      3000
...
000 (2020307.003.000) 06/12 16:09:31 Job submitted from host: <129.13.101.142:9618?addrs=129.13.101.142-9618&noUDP&sock=7538_ce86_4>
...
001 (2020307.003.000) 06/12 16:09:47 Job executing on host: <129.13.102.154:9618?addrs=129.13.102.154-9618&noUDP&sock=2865_68b4_4>
...
006 (2020307.003.000) 06/12 16:09:53 Image size of job updated: 385
	385  -  MemoryUsage of job (MB)
	394664  -  ResidentSetSize of job (KB)
...
005 (2020307.003.000) 06/12 16:09:53 Job terminated.
	(1) Normal termination (return value 0)
		Usr 0 00:00:00, Sys 0 00:00:00  -  Run Remote Usage
		Usr 0 00:00:00, Sys 0 00:00:00  -  Run Local Usage
		Usr 0 00:00:00, Sys 0 00:00:00  -  Total Remote Usage
		Usr 0 00:00:00, Sys 0 00:00:00  -  Total Local Usage
	7776  -  Run Bytes Sent By Job
	2700  -  Run Bytes Received By Job
	7776  -  Total Bytes Sent By Job
	2700  -  Total Bytes Received By Job
	Partitionable Resources :    Usage  Request Allocated
	   Cpus                 :                 1         1
	   Disk (KB)            :   155161   750000    990548
	   Memory (MB)          :      385     3000      3000
...
000 (2020308.003.000) 06/12 16:10:54 Job submitted from host: <129.13.101.142:9618?addrs=129.13.101.142-9618&noUDP&sock=7538_ce86_4>
...
001 (2020308.003.000) 06/12 16:11:18 Job executing on host: <129.13.102.154:9618?addrs=129.13.102.154-9618&noUDP&sock=2865_68b4_4>
...
006 (2020308.003.000) 06/12 16:11:23 Image size of job updated: 453
	453  -  MemoryUsage of job (MB)
	464076  -  ResidentSetSize of job (KB)
...
005 (2020308.003.000) 06/12 16:11:24 Job terminated.
	(1) Normal termination (return value 0)
		Usr 0 00:00:01, Sys 0 00:00:00  -  Run Remote Usage
		Usr 0 00:00:00, Sys 0 00:00:00  -  Run Local Usage
		Usr 0 00:00:01, Sys 0 00:00:00  -  Total Remote Usage
		Usr 0 00:00:00, Sys 0 00:00:00  -  Total Local Usage
	7776  -  Run Bytes Sent By Job
	2700  -  Run Bytes Received By Job
	7776  -  Total Bytes Sent By Job
	2700  -  Total Bytes Received By Job
	Partitionable Resources :    Usage  Request Allocated
	   Cpus                 :                 1         1
	   Disk (KB)            :   155161   750000    990544
	   Memory (MB)          :      453     3000      3000
...
000 (2020318.003.000) 06/12 16:22:33 Job submitted from host: <129.13.101.142:9618?addrs=129.13.101.142-9618&noUDP&sock=7538_ce86_4>
...
001 (2020318.003.000) 06/12 16:22:49 Job executing on host: <129.13.102.226:9618?addrs=129.13.102.226-9618&noUDP&sock=3821060_3afc_4>
...
006 (2020318.003.000) 06/12 16:22:57 Image size of job updated: 145
	145  -  MemoryUsage of job (MB)
	148668  -  ResidentSetSize of job (KB)
...
005 (2020318.003.000) 06/12 16:23:02 Job terminated.
	(1) Normal termination (return value 0)
		Usr 0 00:00:00, Sys 0 00:00:00  -  Run Remote Usage
		Usr 0 00:00:00, Sys 0 00:00:00  -  Run Local Usage
		Usr 0 00:00:00, Sys 0 00:00:00  -  Total Remote Usage
		Usr 0 00:00:00, Sys 0 00:00:00  -  Total Local Usage
	7776  -  Run Bytes Sent By Job
	2700  -  Run Bytes Received By Job
	7776  -  Total Bytes Sent By Job
	2700  -  Total Bytes Received By Job
	Partitionable Resources :    Usage  Request Allocated
	   Cpus                 :                 1         1
	   Disk (KB)            :   155161   750000   1097152
	   Memory (MB)          :      145     3000      3000
...
000 (2020324.003.000) 06/12 16:26:06 Job submitted from host: <129.13.101.142:9618?addrs=129.13.101.142-9618&noUDP&sock=7538_ce86_4>
...
001 (2020324.003.000) 06/12 16:26:18 Job executing on host: <129.13.102.148:9618?addrs=129.13.102.148-9618&noUDP&sock=614895_b7c0_4>
...
006 (2020324.003.000) 06/12 16:26:26 Image size of job updated: 358
	358  -  MemoryUsage of job (MB)
	366948  -  ResidentSetSize of job (KB)
...
005 (2020324.003.000) 06/12 16:26:26 Job terminated.
	(1) Normal termination (return value 0)
		Usr 0 00:00:00, Sys 0 00:00:00  -  Run Remote Usage
		Usr 0 00:00:00, Sys 0 00:00:00  -  Run Local Usage
		Usr 0 00:00:00, Sys 0 00:00:00  -  Total Remote Usage
		Usr 0 00:00:00, Sys 0 00:00:00  -  Total Local Usage
	7775  -  Run Bytes Sent By Job
	2700  -  Run Bytes Received By Job
	7775  -  Total Bytes Sent By Job
	2700  -  Total Bytes Received By Job
	Partitionable Resources :    Usage  Request Allocated
	   Cpus                 :                 1         1
	   Disk (KB)            :   155161   750000    857318
	   Memory (MB)          :      358     3000      3000
...
000 (2020327.003.000) 06/12 16:28:07 Job submitted from host: <129.13.101.142:9618?addrs=129.13.101.142-9618&noUDP&sock=7538_ce86_4>
...
001 (2020327.003.000) 06/12 16:28:18 Job executing on host: <129.13.102.185:9618?addrs=129.13.102.185-9618&noUDP&sock=2227_a889_4>
...
006 (2020327.003.000) 06/12 16:28:23 Image size of job updated: 453
	453  -  MemoryUsage of job (MB)
	464032  -  ResidentSetSize of job (KB)
...
005 (2020327.003.000) 06/12 16:28:23 Job terminated.
	(1) Normal termination (return value 0)
		Usr 0 00:00:00, Sys 0 00:00:00  -  Run Remote Usage
		Usr 0 00:00:00, Sys 0 00:00:00  -  Run Local Usage
		Usr 0 00:00:00, Sys 0 00:00:00  -  Total Remote Usage
		Usr 0 00:00:00, Sys 0 00:00:00  -  Total Local Usage
	7775  -  Run Bytes Sent By Job
	2700  -  Run Bytes Received By Job
	7775  -  Total Bytes Sent By Job
	2700  -  Total Bytes Received By Job
	Partitionable Resources :    Usage  Request Allocated
	   Cpus                 :                 1         1
	   Disk (KB)            :   155161   750000    991650
	   Memory (MB)          :      453     3000      3000
...
000 (2020341.003.000) 06/12 16:52:08 Job submitted from host: <129.13.101.142:9618?addrs=129.13.101.142-9618&noUDP&sock=7538_ce86_4>
...
001 (2020341.003.000) 06/12 16:53:51 Job executing on host: <129.13.102.230:9618?addrs=129.13.102.230-9618&noUDP&sock=3305_0bd6_4>
...
006 (2020341.003.000) 06/12 16:53:59 Image size of job updated: 68
	68  -  MemoryUsage of job (MB)
	69676  -  ResidentSetSize of job (KB)
...
005 (2020341.003.000) 06/12 16:54:09 Job terminated.
	(1) Normal termination (return value 0)
		Usr 0 00:00:00, Sys 0 00:00:00  -  Run Remote Usage
		Usr 0 00:00:00, Sys 0 00:00:00  -  Run Local Usage
		Usr 0 00:00:00, Sys 0 00:00:00  -  Total Remote Usage
		Usr 0 00:00:00, Sys 0 00:00:00  -  Total Local Usage
	7774  -  Run Bytes Sent By Job
	2700  -  Run Bytes Received By Job
	7774  -  Total Bytes Sent By Job
	2700  -  Total Bytes Received By Job
	Partitionable Resources :    Usage  Request Allocated
	   Cpus                 :                 1         1
	   Disk (KB)            :   155161   750000    760158
	   Memory (MB)          :       68     3000      3000
...
000 (2020346.003.000) 06/12 16:59:59 Job submitted from host: <129.13.101.142:9618?addrs=129.13.101.142-9618&noUDP&sock=7538_ce86_4>
...
001 (2020346.003.000) 06/12 17:00:51 Job executing on host: <129.13.102.217:9618?addrs=129.13.102.217-9618&noUDP&sock=1777_c44a_4>
...
006 (2020346.003.000) 06/12 17:00:58 Image size of job updated: 362
	362  -  MemoryUsage of job (MB)
	371636  -  ResidentSetSize of job (KB)
...
005 (2020346.003.000) 06/12 17:00:58 Job terminated.
	(1) Normal termination (return value 0)
		Usr 0 00:00:00, Sys 0 00:00:00  -  Run Remote Usage
		Usr 0 00:00:00, Sys 0 00:00:00  -  Run Local Usage
		Usr 0 00:00:00, Sys 0 00:00:00  -  Total Remote Usage
		Usr 0 00:00:00, Sys 0 00:00:00  -  Total Local Usage
	7774  -  Run Bytes Sent By Job
	2700  -  Run Bytes Received By Job
	7774  -  Total Bytes Sent By Job
	2700  -  Total Bytes Received By Job
	Partitionable Resources :    Usage  Request Allocated
	   Cpus                 :                 1         1
	   Disk (KB)            :   155161   750000   1021461
	   Memory (MB)          :      362     3000      3000
...
000 (2020916.003.000) 06/13 11:11:31 Job submitted from host: <129.13.101.142:9618?addrs=129.13.101.142-9618&noUDP&sock=7538_ce86_4>
...
001 (2020916.003.000) 06/13 11:11:56 Job executing on host: <129.13.102.185:9618?addrs=129.13.102.185-9618&noUDP&sock=2227_a889_4>
...
006 (2020916.003.000) 06/13 11:12:01 Image size of job updated: 476
	476  -  MemoryUsage of job (MB)
	487960  -  ResidentSetSize of job (KB)
...
005 (2020916.003.000) 06/13 11:12:03 Job terminated.
	(1) Normal termination (return value 0)
		Usr 0 00:00:00, Sys 0 00:00:00  -  Run Remote Usage
		Usr 0 00:00:00, Sys 0 00:00:00  -  Run Local Usage
		Usr 0 00:00:00, Sys 0 00:00:00  -  Total Remote Usage
		Usr 0 00:00:00, Sys 0 00:00:00  -  Total Local Usage
	7775  -  Run Bytes Sent By Job
	2700  -  Run Bytes Received By Job
	7775  -  Total Bytes Sent By Job
	2700  -  Total Bytes Received By Job
	Partitionable Resources :    Usage  Request Allocated
	   Cpus                 :                 1         1
	   Disk (KB)            :   155161   750000    991110
	   Memory (MB)          :      476     3000      3000
...
000 (2020917.003.000) 06/13 12:29:46 Job submitted from host: <129.13.101.142:9618?addrs=129.13.101.142-9618&noUDP&sock=7538_ce86_4>
...
001 (2020917.003.000) 06/13 12:31:10 Job executing on host: <129.13.102.217:9618?addrs=129.13.102.217-9618&noUDP&sock=1777_c44a_4>
...
006 (2020917.003.000) 06/13 12:31:15 Image size of job updated: 335
	335  -  MemoryUsage of job (MB)
	343628  -  ResidentSetSize of job (KB)
...
005 (2020917.003.000) 06/13 12:31:16 Job terminated.
	(1) Normal termination (return value 0)
		Usr 0 00:00:00, Sys 0 00:00:00  -  Run Remote Usage
		Usr 0 00:00:00, Sys 0 00:00:00  -  Run Local Usage
		Usr 0 00:00:00, Sys 0 00:00:00  -  Total Remote Usage
		Usr 0 00:00:00, Sys 0 00:00:00  -  Total Local Usage
	5966  -  Run Bytes Sent By Job
	2700  -  Run Bytes Received By Job
	5966  -  Total Bytes Sent By Job
	2700  -  Total Bytes Received By Job
	Partitionable Resources :    Usage  Request Allocated
	   Cpus                 :                 1         1
	   Disk (KB)            :   155127   750000   1020750
	   Memory (MB)          :      335     3000      3000
...
000 (2020918.003.000) 06/13 12:44:12 Job submitted from host: <129.13.101.142:9618?addrs=129.13.101.142-9618&noUDP&sock=7538_ce86_4>
...
001 (2020918.003.000) 06/13 12:45:37 Job executing on host: <129.13.102.217:9618?addrs=129.13.102.217-9618&noUDP&sock=1777_c44a_4>
...
006 (2020918.003.000) 06/13 12:45:44 Image size of job updated: 348
	348  -  MemoryUsage of job (MB)
	356364  -  ResidentSetSize of job (KB)
...
005 (2020918.003.000) 06/13 12:45:44 Job terminated.
	(1) Normal termination (return value 0)
		Usr 0 00:00:00, Sys 0 00:00:00  -  Run Remote Usage
		Usr 0 00:00:00, Sys 0 00:00:00  -  Run Local Usage
		Usr 0 00:00:00, Sys 0 00:00:00  -  Total Remote Usage
		Usr 0 00:00:00, Sys 0 00:00:00  -  Total Local Usage
	7774  -  Run Bytes Sent By Job
	2700  -  Run Bytes Received By Job
	7774  -  Total Bytes Sent By Job
	2700  -  Total Bytes Received By Job
	Partitionable Resources :    Usage  Request Allocated
	   Cpus                 :                 1         1
	   Disk (KB)            :   155161   750000   1020744
	   Memory (MB)          :      348     3000      3000
...
000 (2020955.003.000) 06/13 14:09:50 Job submitted from host: <129.13.101.142:9618?addrs=129.13.101.142-9618&noUDP&sock=7538_ce86_4>
...
001 (2020955.003.000) 06/13 14:11:01 Job executing on host: <129.13.102.217:9618?addrs=129.13.102.217-9618&noUDP&sock=1777_c44a_4>
...
006 (2020955.003.000) 06/13 14:11:08 Image size of job updated: 334
	334  -  MemoryUsage of job (MB)
	342388  -  ResidentSetSize of job (KB)
...
005 (2020955.003.000) 06/13 14:11:09 Job terminated.
	(1) Normal termination (return value 0)
		Usr 0 00:00:00, Sys 0 00:00:00  -  Run Remote Usage
		Usr 0 00:00:00, Sys 0 00:00:00  -  Run Local Usage
		Usr 0 00:00:00, Sys 0 00:00:00  -  Total Remote Usage
		Usr 0 00:00:00, Sys 0 00:00:00  -  Total Local Usage
	7774  -  Run Bytes Sent By Job
	2700  -  Run Bytes Received By Job
	7774  -  Total Bytes Sent By Job
	2700  -  Total Bytes Received By Job
	Partitionable Resources :    Usage  Request Allocated
	   Cpus                 :                 1         1
	   Disk (KB)            :   155161   750000   1020735
	   Memory (MB)          :      334     3000      3000
...
000 (2021132.003.000) 06/13 15:11:11 Job submitted from host: <129.13.101.142:9618?addrs=129.13.101.142-9618&noUDP&sock=7538_ce86_4>
...
001 (2021132.003.000) 06/13 15:12:30 Job executing on host: <129.13.102.217:9618?addrs=129.13.102.217-9618&noUDP&sock=1777_c44a_4>
...
006 (2021132.003.000) 06/13 15:12:37 Image size of job updated: 365
	365  -  MemoryUsage of job (MB)
	374316  -  ResidentSetSize of job (KB)
...
005 (2021132.003.000) 06/13 15:12:37 Job terminated.
	(1) Normal termination (return value 0)
		Usr 0 00:00:00, Sys 0 00:00:00  -  Run Remote Usage
		Usr 0 00:00:00, Sys 0 00:00:00  -  Run Local Usage
		Usr 0 00:00:00, Sys 0 00:00:00  -  Total Remote Usage
		Usr 0 00:00:00, Sys 0 00:00:00  -  Total Local Usage
	7774  -  Run Bytes Sent By Job
	2700  -  Run Bytes Received By Job
	7774  -  Total Bytes Sent By Job
	2700  -  Total Bytes Received By Job
	Partitionable Resources :    Usage  Request Allocated
	   Cpus                 :                 1         1
	   Disk (KB)            :   155161   750000   1020729
	   Memory (MB)          :      365     3000      3000
...
000 (2021135.003.000) 06/13 15:18:38 Job submitted from host: <129.13.101.142:9618?addrs=129.13.101.142-9618&noUDP&sock=7538_ce86_4>
...
001 (2021135.003.000) 06/13 15:19:33 Job executing on host: <129.13.102.217:9618?addrs=129.13.102.217-9618&noUDP&sock=1777_c44a_4>
...
006 (2021135.003.000) 06/13 15:19:39 Image size of job updated: 409
	409  -  MemoryUsage of job (MB)
	419124  -  ResidentSetSize of job (KB)
...
005 (2021135.003.000) 06/13 15:19:40 Job terminated.
	(1) Normal termination (return value 0)
		Usr 0 00:00:00, Sys 0 00:00:00  -  Run Remote Usage
		Usr 0 00:00:00, Sys 0 00:00:00  -  Run Local Usage
		Usr 0 00:00:00, Sys 0 00:00:00  -  Total Remote Usage
		Usr 0 00:00:00, Sys 0 00:00:00  -  Total Local Usage
	7774  -  Run Bytes Sent By Job
	2700  -  Run Bytes Received By Job
	7774  -  Total Bytes Sent By Job
	2700  -  Total Bytes Received By Job
	Partitionable Resources :    Usage  Request Allocated
	   Cpus                 :                 1         1
	   Disk (KB)            :   155161   750000   1020723
	   Memory (MB)          :      409     3000      3000
...
000 (2021175.003.000) 06/13 16:14:44 Job submitted from host: <129.13.101.142:9618?addrs=129.13.101.142-9618&noUDP&sock=7538_ce86_4>
...
001 (2021175.003.000) 06/13 16:15:16 Job executing on host: <129.13.102.217:9618?addrs=129.13.102.217-9618&noUDP&sock=1777_c44a_4>
...
006 (2021175.003.000) 06/13 16:15:22 Image size of job updated: 128
	128  -  MemoryUsage of job (MB)
	131072  -  ResidentSetSize of job (KB)
...
005 (2021175.003.000) 06/13 16:15:22 Job terminated.
	(1) Normal termination (return value 0)
		Usr 0 00:00:00, Sys 0 00:00:00  -  Run Remote Usage
		Usr 0 00:00:00, Sys 0 00:00:00  -  Run Local Usage
		Usr 0 00:00:00, Sys 0 00:00:00  -  Total Remote Usage
		Usr 0 00:00:00, Sys 0 00:00:00  -  Total Local Usage
	724  -  Run Bytes Sent By Job
	1464  -  Run Bytes Received By Job
	724  -  Total Bytes Sent By Job
	1464  -  Total Bytes Received By Job
	Partitionable Resources :    Usage  Request Allocated
	   Cpus                 :                 1         1
	   Disk (KB)            :       52   750000   1020714
	   Memory (MB)          :      128      100       100
...
000 (2021179.003.000) 06/13 16:19:42 Job submitted from host: <129.13.101.142:9618?addrs=129.13.101.142-9618&noUDP&sock=7538_ce86_4>
...
001 (2021179.003.000) 06/13 16:21:13 Job executing on host: <129.13.102.217:9618?addrs=129.13.102.217-9618&noUDP&sock=1777_c44a_4>
...
005 (2021179.003.000) 06/13 16:21:20 Job terminated.
	(1) Normal termination (return value 0)
		Usr 0 00:00:00, Sys 0 00:00:00  -  Run Remote Usage
		Usr 0 00:00:00, Sys 0 00:00:00  -  Run Local Usage
		Usr 0 00:00:00, Sys 0 00:00:00  -  Total Remote Usage
		Usr 0 00:00:00, Sys 0 00:00:00  -  Total Local Usage
	746  -  Run Bytes Sent By Job
	1466  -  Run Bytes Received By Job
	746  -  Total Bytes Sent By Job
	1466  -  Total Bytes Received By Job
	Partitionable Resources :    Usage  Request Allocated
	   Cpus                 :                 1         1
	   Disk (KB)            :       52   750000   1020711
	   Memory (MB)          :               100       100
...
000 (2021181.003.000) 06/13 16:23:04 Job submitted from host: <129.13.101.142:9618?addrs=129.13.101.142-9618&noUDP&sock=7538_ce86_4>
...
001 (2021181.003.000) 06/13 16:24:13 Job executing on host: <129.13.102.217:9618?addrs=129.13.102.217-9618&noUDP&sock=1777_c44a_4>
...
006 (2021181.003.000) 06/13 16:24:21 Image size of job updated: 10
	10  -  MemoryUsage of job (MB)
	11120  -  ResidentSetSize of job (KB)
...
005 (2021181.003.000) 06/13 16:24:34 Job terminated.
	(1) Normal termination (return value 0)
		Usr 0 00:00:00, Sys 0 00:00:00  -  Run Remote Usage
		Usr 0 00:00:00, Sys 0 00:00:00  -  Run Local Usage
		Usr 0 00:00:00, Sys 0 00:00:00  -  Total Remote Usage
		Usr 0 00:00:00, Sys 0 00:00:00  -  Total Local Usage
	754  -  Run Bytes Sent By Job
	1474  -  Run Bytes Received By Job
	754  -  Total Bytes Sent By Job
	1474  -  Total Bytes Received By Job
	Partitionable Resources :    Usage  Request Allocated
	   Cpus                 :                 1         1
	   Disk (KB)            :       52   750000   1020708
	   Memory (MB)          :       10      100       100
...
000 (2021201.003.000) 06/13 16:57:50 Job submitted from host: <129.13.101.142:9618?addrs=129.13.101.142-9618&noUDP&sock=7538_ce86_4>
...
001 (2021201.003.000) 06/13 16:58:51 Job executing on host: <129.13.102.217:9618?addrs=129.13.102.217-9618&noUDP&sock=1777_c44a_4>
...
005 (2021201.003.000) 06/13 16:58:52 Job terminated.
	(0) Abnormal termination (signal 2)
	(0) No core file
		Usr 0 00:00:00, Sys 0 00:00:00  -  Run Remote Usage
		Usr 0 00:00:00, Sys 0 00:00:00  -  Run Local Usage
		Usr 0 00:00:00, Sys 0 00:00:00  -  Total Remote Usage
		Usr 0 00:00:00, Sys 0 00:00:00  -  Total Local Usage
	667  -  Run Bytes Sent By Job
	2086  -  Run Bytes Received By Job
	667  -  Total Bytes Sent By Job
	2086  -  Total Bytes Received By Job
	Partitionable Resources :    Usage  Request Allocated
	   Cpus                 :                 1         1
	   Disk (KB)            :       52   750000   1020702
	   Memory (MB)          :               100       100
...
000 (2021204.003.000) 06/13 17:07:39 Job submitted from host: <129.13.101.142:9618?addrs=129.13.101.142-9618&noUDP&sock=7538_ce86_4>
...
001 (2021204.003.000) 06/13 17:08:52 Job executing on host: <129.13.102.217:9618?addrs=129.13.102.217-9618&noUDP&sock=1777_c44a_4>
...
005 (2021204.003.000) 06/13 17:08:54 Job terminated.
	(0) Abnormal termination (signal 2)
	(0) No core file
		Usr 0 00:00:00, Sys 0 00:00:00  -  Run Remote Usage
		Usr 0 00:00:00, Sys 0 00:00:00  -  Run Local Usage
		Usr 0 00:00:00, Sys 0 00:00:00  -  Total Remote Usage
		Usr 0 00:00:00, Sys 0 00:00:00  -  Total Local Usage
	363  -  Run Bytes Sent By Job
	2152  -  Run Bytes Received By Job
	363  -  Total Bytes Sent By Job
	2152  -  Total Bytes Received By Job
	Partitionable Resources :    Usage  Request Allocated
	   Cpus                 :                 1         1
	   Disk (KB)            :       58   750000   1020699
	   Memory (MB)          :               100       100
...
000 (2021206.003.000) 06/13 17:13:55 Job submitted from host: <129.13.101.142:9618?addrs=129.13.101.142-9618&noUDP&sock=7538_ce86_4>
...
001 (2021206.003.000) 06/13 17:15:08 Job executing on host: <129.13.102.217:9618?addrs=129.13.102.217-9618&noUDP&sock=1777_c44a_4>
...
005 (2021206.003.000) 06/13 17:15:09 Job terminated.
	(0) Abnormal termination (signal 2)
	(0) No core file
		Usr 0 00:00:00, Sys 0 00:00:00  -  Run Remote Usage
		Usr 0 00:00:00, Sys 0 00:00:00  -  Run Local Usage
		Usr 0 00:00:00, Sys 0 00:00:00  -  Total Remote Usage
		Usr 0 00:00:00, Sys 0 00:00:00  -  Total Local Usage
	279  -  Run Bytes Sent By Job
	2160  -  Run Bytes Received By Job
	279  -  Total Bytes Sent By Job
	2160  -  Total Bytes Received By Job
	Partitionable Resources :    Usage  Request Allocated
	   Cpus                 :                 1         1
	   Disk (KB)            :       58   750000   1020693
	   Memory (MB)          :               100       100
...
000 (2021209.003.000) 06/13 17:28:43 Job submitted from host: <129.13.101.142:9618?addrs=129.13.101.142-9618&noUDP&sock=7538_ce86_4>
...
001 (2021209.003.000) 06/13 17:29:07 Job executing on host: <129.13.102.217:9618?addrs=129.13.102.217-9618&noUDP&sock=1777_c44a_4>
...
005 (2021209.003.000) 06/13 17:29:08 Job terminated.
	(1) Normal termination (return value 0)
		Usr 0 00:00:00, Sys 0 00:00:00  -  Run Remote Usage
		Usr 0 00:00:00, Sys 0 00:00:00  -  Run Local Usage
		Usr 0 00:00:00, Sys 0 00:00:00  -  Total Remote Usage
		Usr 0 00:00:00, Sys 0 00:00:00  -  Total Local Usage
	821  -  Run Bytes Sent By Job
	2212  -  Run Bytes Received By Job
	821  -  Total Bytes Sent By Job
	2212  -  Total Bytes Received By Job
	Partitionable Resources :    Usage  Request Allocated
	   Cpus                 :                 1         1
	   Disk (KB)            :       53   750000   1020690
	   Memory (MB)          :               100       100
...
000 (2021212.003.000) 06/13 17:32:02 Job submitted from host: <129.13.101.142:9618?addrs=129.13.101.142-9618&noUDP&sock=7538_ce86_4>
...
001 (2021212.003.000) 06/13 17:33:50 Job executing on host: <129.13.102.217:9618?addrs=129.13.102.217-9618&noUDP&sock=1777_c44a_4>
...
005 (2021212.003.000) 06/13 17:33:51 Job terminated.
	(1) Normal termination (return value 0)
		Usr 0 00:00:00, Sys 0 00:00:00  -  Run Remote Usage
		Usr 0 00:00:00, Sys 0 00:00:00  -  Run Local Usage
		Usr 0 00:00:00, Sys 0 00:00:00  -  Total Remote Usage
		Usr 0 00:00:00, Sys 0 00:00:00  -  Total Local Usage
	821  -  Run Bytes Sent By Job
	2144  -  Run Bytes Received By Job
	821  -  Total Bytes Sent By Job
	2144  -  Total Bytes Received By Job
	Partitionable Resources :    Usage  Request Allocated
	   Cpus                 :                 1         1
	   Disk (KB)            :       53   750000   1020687
	   Memory (MB)          :               100       100
...
000 (2021216.003.000) 06/13 17:42:41 Job submitted from host: <129.13.101.142:9618?addrs=129.13.101.142-9618&noUDP&sock=7538_ce86_4>
...
001 (2021216.003.000) 06/13 17:43:55 Job executing on host: <129.13.102.217:9618?addrs=129.13.102.217-9618&noUDP&sock=1777_c44a_4>
...
005 (2021216.003.000) 06/13 17:43:56 Job terminated.
	(1) Normal termination (return value 0)
		Usr 0 00:00:00, Sys 0 00:00:00  -  Run Remote Usage
		Usr 0 00:00:00, Sys 0 00:00:00  -  Run Local Usage
		Usr 0 00:00:00, Sys 0 00:00:00  -  Total Remote Usage
		Usr 0 00:00:00, Sys 0 00:00:00  -  Total Local Usage
	334  -  Run Bytes Sent By Job
	2144  -  Run Bytes Received By Job
	334  -  Total Bytes Sent By Job
	2144  -  Total Bytes Received By Job
	Partitionable Resources :    Usage  Request Allocated
	   Cpus                 :                 1         1
	   Disk (KB)            :       58   750000   1020684
	   Memory (MB)          :               100       100
...
000 (2021217.003.000) 06/13 17:45:10 Job submitted from host: <129.13.101.142:9618?addrs=129.13.101.142-9618&noUDP&sock=7538_ce86_4>
...
001 (2021217.003.000) 06/13 17:47:02 Job executing on host: <129.13.102.217:9618?addrs=129.13.102.217-9618&noUDP&sock=1777_c44a_4>
...
005 (2021217.003.000) 06/13 17:47:03 Job terminated.
	(1) Normal termination (return value 0)
		Usr 0 00:00:00, Sys 0 00:00:00  -  Run Remote Usage
		Usr 0 00:00:00, Sys 0 00:00:00  -  Run Local Usage
		Usr 0 00:00:00, Sys 0 00:00:00  -  Total Remote Usage
		Usr 0 00:00:00, Sys 0 00:00:00  -  Total Local Usage
	334  -  Run Bytes Sent By Job
	2120  -  Run Bytes Received By Job
	334  -  Total Bytes Sent By Job
	2120  -  Total Bytes Received By Job
	Partitionable Resources :    Usage  Request Allocated
	   Cpus                 :                 1         1
	   Disk (KB)            :       58   750000   1020681
	   Memory (MB)          :               100       100
...
000 (2021218.003.000) 06/13 17:52:09 Job submitted from host: <129.13.101.142:9618?addrs=129.13.101.142-9618&noUDP&sock=7538_ce86_4>
...
001 (2021218.003.000) 06/13 17:53:12 Job executing on host: <129.13.102.217:9618?addrs=129.13.102.217-9618&noUDP&sock=1777_c44a_4>
...
005 (2021218.003.000) 06/13 17:53:14 Job terminated.
	(1) Normal termination (return value 0)
		Usr 0 00:00:00, Sys 0 00:00:00  -  Run Remote Usage
		Usr 0 00:00:00, Sys 0 00:00:00  -  Run Local Usage
		Usr 0 00:00:00, Sys 0 00:00:00  -  Total Remote Usage
		Usr 0 00:00:00, Sys 0 00:00:00  -  Total Local Usage
	760  -  Run Bytes Sent By Job
	2200  -  Run Bytes Received By Job
	760  -  Total Bytes Sent By Job
	2200  -  Total Bytes Received By Job
	Partitionable Resources :    Usage  Request Allocated
	   Cpus                 :                 1         1
	   Disk (KB)            :       59   750000   1020675
	   Memory (MB)          :               100       100
...
000 (2023401.003.000) 06/14 09:52:14 Job submitted from host: <129.13.101.142:9618?addrs=129.13.101.142-9618&noUDP&sock=7538_ce86_4>
...
001 (2023401.003.000) 06/14 09:53:44 Job executing on host: <129.13.102.217:9618?addrs=129.13.102.217-9618&noUDP&sock=1777_c44a_4>
...
006 (2023401.003.000) 06/14 09:53:53 Image size of job updated: 128
	128  -  MemoryUsage of job (MB)
	131072  -  ResidentSetSize of job (KB)
...
005 (2023401.003.000) 06/14 09:54:13 Job terminated.
	(1) Normal termination (return value 0)
		Usr 0 00:00:00, Sys 0 00:00:00  -  Run Remote Usage
		Usr 0 00:00:00, Sys 0 00:00:00  -  Run Local Usage
		Usr 0 00:00:00, Sys 0 00:00:00  -  Total Remote Usage
		Usr 0 00:00:00, Sys 0 00:00:00  -  Total Local Usage
	3783  -  Run Bytes Sent By Job
	2200  -  Run Bytes Received By Job
	3783  -  Total Bytes Sent By Job
	2200  -  Total Bytes Received By Job
	Partitionable Resources :    Usage  Request Allocated
	   Cpus                 :                 1         1
	   Disk (KB)            :       61   750000   1020621
	   Memory (MB)          :      128      100       100
...
000 (2023417.003.000) 06/14 09:56:35 Job submitted from host: <129.13.101.142:9618?addrs=129.13.101.142-9618&noUDP&sock=7538_ce86_4>
...
001 (2023417.003.000) 06/14 09:58:20 Job executing on host: <129.13.102.217:9618?addrs=129.13.102.217-9618&noUDP&sock=1777_c44a_4>
...
005 (2023417.003.000) 06/14 09:58:28 Job terminated.
	(1) Normal termination (return value 0)
		Usr 0 00:00:00, Sys 0 00:00:00  -  Run Remote Usage
		Usr 0 00:00:00, Sys 0 00:00:00  -  Run Local Usage
		Usr 0 00:00:00, Sys 0 00:00:00  -  Total Remote Usage
		Usr 0 00:00:00, Sys 0 00:00:00  -  Total Local Usage
	3772  -  Run Bytes Sent By Job
	2212  -  Run Bytes Received By Job
	3772  -  Total Bytes Sent By Job
	2212  -  Total Bytes Received By Job
	Partitionable Resources :    Usage  Request Allocated
	   Cpus                 :                 1         1
	   Disk (KB)            :       61   750000   1020618
	   Memory (MB)          :               100       100
...
000 (2023466.003.000) 06/14 10:06:31 Job submitted from host: <129.13.101.142:9618?addrs=129.13.101.142-9618&noUDP&sock=7538_ce86_4>
...
001 (2023466.003.000) 06/14 10:07:40 Job executing on host: <129.13.102.217:9618?addrs=129.13.102.217-9618&noUDP&sock=1777_c44a_4>
...
006 (2023466.003.000) 06/14 10:07:46 Image size of job updated: 128
	128  -  MemoryUsage of job (MB)
	131072  -  ResidentSetSize of job (KB)
...
005 (2023466.003.000) 06/14 10:07:46 Job terminated.
	(1) Normal termination (return value 0)
		Usr 0 00:00:01, Sys 0 00:00:00  -  Run Remote Usage
		Usr 0 00:00:00, Sys 0 00:00:00  -  Run Local Usage
		Usr 0 00:00:01, Sys 0 00:00:00  -  Total Remote Usage
		Usr 0 00:00:00, Sys 0 00:00:00  -  Total Local Usage
	4529  -  Run Bytes Sent By Job
	2212  -  Run Bytes Received By Job
	4529  -  Total Bytes Sent By Job
	2212  -  Total Bytes Received By Job
	Partitionable Resources :    Usage  Request Allocated
	   Cpus                 :                 1         1
	   Disk (KB)            :       62   750000   1020615
	   Memory (MB)          :      128      100       100
...
000 (2023533.003.000) 06/14 10:36:30 Job submitted from host: <129.13.101.142:9618?addrs=129.13.101.142-9618&noUDP&sock=7538_ce86_4>
...
001 (2023533.003.000) 06/14 10:37:08 Job executing on host: <129.13.102.217:9618?addrs=129.13.102.217-9618&noUDP&sock=1777_c44a_4>
...
006 (2023533.003.000) 06/14 10:37:16 Image size of job updated: 128
	128  -  MemoryUsage of job (MB)
	131072  -  ResidentSetSize of job (KB)
...
005 (2023533.003.000) 06/14 10:37:23 Job terminated.
	(1) Normal termination (return value 0)
		Usr 0 00:00:00, Sys 0 00:00:00  -  Run Remote Usage
		Usr 0 00:00:00, Sys 0 00:00:00  -  Run Local Usage
		Usr 0 00:00:00, Sys 0 00:00:00  -  Total Remote Usage
		Usr 0 00:00:00, Sys 0 00:00:00  -  Total Local Usage
	630  -  Run Bytes Sent By Job
	1408  -  Run Bytes Received By Job
	630  -  Total Bytes Sent By Job
	1408  -  Total Bytes Received By Job
	Partitionable Resources :    Usage  Request Allocated
	   Cpus                 :                 1         1
	   Disk (KB)            :       52   750000   1020612
	   Memory (MB)          :      128      100       100
...
000 (2023640.003.000) 06/14 11:30:13 Job submitted from host: <129.13.101.142:9618?addrs=129.13.101.142-9618&noUDP&sock=7538_ce86_4>
...
001 (2023640.003.000) 06/14 11:30:55 Job executing on host: <129.13.102.217:9618?addrs=129.13.102.217-9618&noUDP&sock=1777_c44a_4>
...
006 (2023640.003.000) 06/14 11:31:03 Image size of job updated: 128
	128  -  MemoryUsage of job (MB)
	131072  -  ResidentSetSize of job (KB)
...
005 (2023640.003.000) 06/14 11:31:09 Job terminated.
	(1) Normal termination (return value 0)
		Usr 0 00:00:00, Sys 0 00:00:00  -  Run Remote Usage
		Usr 0 00:00:00, Sys 0 00:00:00  -  Run Local Usage
		Usr 0 00:00:00, Sys 0 00:00:00  -  Total Remote Usage
		Usr 0 00:00:00, Sys 0 00:00:00  -  Total Local Usage
	630  -  Run Bytes Sent By Job
	2414  -  Run Bytes Received By Job
	630  -  Total Bytes Sent By Job
	2414  -  Total Bytes Received By Job
	Partitionable Resources :    Usage  Request Allocated
	   Cpus                 :                 1         1
	   Disk (KB)            :       53   750000   1020636
	   Memory (MB)          :      128      100       100
...
000 (2023705.003.000) 06/14 11:58:13 Job submitted from host: <129.13.101.142:9618?addrs=129.13.101.142-9618&noUDP&sock=7538_ce86_4>
...
001 (2023705.003.000) 06/14 11:59:17 Job executing on host: <129.13.102.217:9618?addrs=129.13.102.217-9618&noUDP&sock=1777_c44a_4>
...
006 (2023705.003.000) 06/14 11:59:22 Image size of job updated: 128
	128  -  MemoryUsage of job (MB)
	131072  -  ResidentSetSize of job (KB)
...
005 (2023705.003.000) 06/14 11:59:22 Job terminated.
	(1) Normal termination (return value 0)
		Usr 0 00:00:00, Sys 0 00:00:00  -  Run Remote Usage
		Usr 0 00:00:00, Sys 0 00:00:00  -  Run Local Usage
		Usr 0 00:00:00, Sys 0 00:00:00  -  Total Remote Usage
		Usr 0 00:00:00, Sys 0 00:00:00  -  Total Local Usage
	4529  -  Run Bytes Sent By Job
	2212  -  Run Bytes Received By Job
	4529  -  Total Bytes Sent By Job
	2212  -  Total Bytes Received By Job
	Partitionable Resources :    Usage  Request Allocated
	   Cpus                 :                 1         1
	   Disk (KB)            :       62   750000   1020630
	   Memory (MB)          :      128      100       100
...
000 (2024129.003.000) 06/14 13:21:02 Job submitted from host: <129.13.101.142:9618?addrs=129.13.101.142-9618&noUDP&sock=7538_ce86_4>
...
001 (2024129.003.000) 06/14 13:22:34 Job executing on host: <129.13.102.217:9618?addrs=129.13.102.217-9618&noUDP&sock=1777_c44a_4>
...
006 (2024129.003.000) 06/14 13:22:40 Image size of job updated: 128
	128  -  MemoryUsage of job (MB)
	131072  -  ResidentSetSize of job (KB)
...
005 (2024129.003.000) 06/14 13:22:40 Job terminated.
	(1) Normal termination (return value 0)
		Usr 0 00:00:00, Sys 0 00:00:00  -  Run Remote Usage
		Usr 0 00:00:00, Sys 0 00:00:00  -  Run Local Usage
		Usr 0 00:00:00, Sys 0 00:00:00  -  Total Remote Usage
		Usr 0 00:00:00, Sys 0 00:00:00  -  Total Local Usage
	4232  -  Run Bytes Sent By Job
	2212  -  Run Bytes Received By Job
	4232  -  Total Bytes Sent By Job
	2212  -  Total Bytes Received By Job
	Partitionable Resources :    Usage  Request Allocated
	   Cpus                 :                 1         1
	   Disk (KB)            :       62   750000   1020621
	   Memory (MB)          :      128      100       100
...
000 (2024147.003.000) 06/14 13:27:41 Job submitted from host: <129.13.101.142:9618?addrs=129.13.101.142-9618&noUDP&sock=7538_ce86_4>
...
001 (2024147.003.000) 06/14 13:28:51 Job executing on host: <129.13.102.217:9618?addrs=129.13.102.217-9618&noUDP&sock=1777_c44a_4>
...
006 (2024147.003.000) 06/14 13:28:55 Image size of job updated: 128
	128  -  MemoryUsage of job (MB)
	131072  -  ResidentSetSize of job (KB)
...
005 (2024147.003.000) 06/14 13:28:55 Job terminated.
	(1) Normal termination (return value 0)
		Usr 0 00:00:00, Sys 0 00:00:00  -  Run Remote Usage
		Usr 0 00:00:00, Sys 0 00:00:00  -  Run Local Usage
		Usr 0 00:00:00, Sys 0 00:00:00  -  Total Remote Usage
		Usr 0 00:00:00, Sys 0 00:00:00  -  Total Local Usage
	4818  -  Run Bytes Sent By Job
	2212  -  Run Bytes Received By Job
	4818  -  Total Bytes Sent By Job
	2212  -  Total Bytes Received By Job
	Partitionable Resources :    Usage  Request Allocated
	   Cpus                 :                 1         1
	   Disk (KB)            :       62   750000   1020618
	   Memory (MB)          :      128      100       100
...
000 (2024167.003.000) 06/14 13:36:46 Job submitted from host: <129.13.101.142:9618?addrs=129.13.101.142-9618&noUDP&sock=7538_ce86_4>
...
001 (2024167.003.000) 06/14 13:37:52 Job executing on host: <129.13.102.217:9618?addrs=129.13.102.217-9618&noUDP&sock=1777_c44a_4>
...
006 (2024167.003.000) 06/14 13:38:00 Image size of job updated: 128
	128  -  MemoryUsage of job (MB)
	131072  -  ResidentSetSize of job (KB)
...
005 (2024167.003.000) 06/14 13:39:50 Job terminated.
	(1) Normal termination (return value 0)
		Usr 0 00:01:32, Sys 0 00:00:00  -  Run Remote Usage
		Usr 0 00:00:00, Sys 0 00:00:00  -  Run Local Usage
		Usr 0 00:01:32, Sys 0 00:00:00  -  Total Remote Usage
		Usr 0 00:00:00, Sys 0 00:00:00  -  Total Local Usage
	704504  -  Run Bytes Sent By Job
	2212  -  Run Bytes Received By Job
	704504  -  Total Bytes Sent By Job
	2212  -  Total Bytes Received By Job
	Partitionable Resources :    Usage  Request Allocated
	   Cpus                 :                 1         1
	   Disk (KB)            :      746   750000   1020615
	   Memory (MB)          :      128      100       100
...
000 (2024792.003.000) 06/14 14:55:50 Job submitted from host: <129.13.101.142:9618?addrs=129.13.101.142-9618&noUDP&sock=7538_ce86_4>
...
001 (2024792.003.000) 06/14 14:57:35 Job executing on host: <129.13.102.217:9618?addrs=129.13.102.217-9618&noUDP&sock=1777_c44a_4>
...
006 (2024792.003.000) 06/14 14:57:43 Image size of job updated: 128
	128  -  MemoryUsage of job (MB)
	131072  -  ResidentSetSize of job (KB)
...
005 (2024792.003.000) 06/14 14:59:33 Job terminated.
	(1) Normal termination (return value 0)
		Usr 0 00:01:33, Sys 0 00:00:00  -  Run Remote Usage
		Usr 0 00:00:00, Sys 0 00:00:00  -  Run Local Usage
		Usr 0 00:01:33, Sys 0 00:00:00  -  Total Remote Usage
		Usr 0 00:00:00, Sys 0 00:00:00  -  Total Local Usage
	704746  -  Run Bytes Sent By Job
	2870  -  Run Bytes Received By Job
	704746  -  Total Bytes Sent By Job
	2870  -  Total Bytes Received By Job
	Partitionable Resources :    Usage  Request Allocated
	   Cpus                 :                 1         1
	   Disk (KB)            :      747   750000   1020603
	   Memory (MB)          :      128      100       100
...
000 (2024877.003.000) 06/14 15:08:16 Job submitted from host: <129.13.101.142:9618?addrs=129.13.101.142-9618&noUDP&sock=7538_ce86_4>
...
001 (2024877.003.000) 06/14 15:09:22 Job executing on host: <129.13.102.217:9618?addrs=129.13.102.217-9618&noUDP&sock=1777_c44a_4>
...
006 (2024877.003.000) 06/14 15:09:30 Image size of job updated: 128
	128  -  MemoryUsage of job (MB)
	131072  -  ResidentSetSize of job (KB)
...
005 (2024877.003.000) 06/14 15:11:24 Job terminated.
	(1) Normal termination (return value 0)
		Usr 0 00:01:34, Sys 0 00:00:00  -  Run Remote Usage
		Usr 0 00:00:00, Sys 0 00:00:00  -  Run Local Usage
		Usr 0 00:01:34, Sys 0 00:00:00  -  Total Remote Usage
		Usr 0 00:00:00, Sys 0 00:00:00  -  Total Local Usage
	710467  -  Run Bytes Sent By Job
	2894  -  Run Bytes Received By Job
	710467  -  Total Bytes Sent By Job
	2894  -  Total Bytes Received By Job
	Partitionable Resources :    Usage  Request Allocated
	   Cpus                 :                 1         1
	   Disk (KB)            :      752   750000   1020600
	   Memory (MB)          :      128      100       100
...
000 (2024895.003.000) 06/14 15:29:56 Job submitted from host: <129.13.101.142:9618?addrs=129.13.101.142-9618&noUDP&sock=7538_ce86_4>
...
001 (2024895.003.000) 06/14 15:31:39 Job executing on host: <129.13.102.217:9618?addrs=129.13.102.217-9618&noUDP&sock=1777_c44a_4>
...
006 (2024895.003.000) 06/14 15:31:48 Image size of job updated: 128
	128  -  MemoryUsage of job (MB)
	131072  -  ResidentSetSize of job (KB)
...
005 (2024895.003.000) 06/14 15:33:39 Job terminated.
	(1) Normal termination (return value 0)
		Usr 0 00:01:36, Sys 0 00:00:00  -  Run Remote Usage
		Usr 0 00:00:00, Sys 0 00:00:00  -  Run Local Usage
		Usr 0 00:01:36, Sys 0 00:00:00  -  Total Remote Usage
		Usr 0 00:00:00, Sys 0 00:00:00  -  Total Local Usage
	710939  -  Run Bytes Sent By Job
	2894  -  Run Bytes Received By Job
	710939  -  Total Bytes Sent By Job
	2894  -  Total Bytes Received By Job
	Partitionable Resources :    Usage  Request Allocated
	   Cpus                 :                 1         1
	   Disk (KB)            :      753   750000   1020597
	   Memory (MB)          :      128      100       100
...
000 (2024946.003.000) 06/14 16:24:11 Job submitted from host: <129.13.101.142:9618?addrs=129.13.101.142-9618&noUDP&sock=7538_ce86_4>
...
000 (2024947.003.000) 06/14 16:25:01 Job submitted from host: <129.13.101.142:9618?addrs=129.13.101.142-9618&noUDP&sock=7538_ce86_4>
...
001 (2024946.003.000) 06/14 16:26:03 Job executing on host: <129.13.102.217:9618?addrs=129.13.102.217-9618&noUDP&sock=1777_c44a_4>
...
001 (2024947.003.000) 06/14 16:26:05 Job executing on host: <129.13.102.197:9618?addrs=129.13.102.197-9618&noUDP&sock=1662453_5fa7_4>
...
006 (2024946.003.000) 06/14 16:26:11 Image size of job updated: 12
	12  -  MemoryUsage of job (MB)
	12452  -  ResidentSetSize of job (KB)
...
006 (2024947.003.000) 06/14 16:26:13 Image size of job updated: 17
	17  -  MemoryUsage of job (MB)
	17824  -  ResidentSetSize of job (KB)
...
006 (2024946.003.000) 06/14 16:31:11 Image size of job updated: 128
	128  -  MemoryUsage of job (MB)
	131072  -  ResidentSetSize of job (KB)
...
006 (2024947.003.000) 06/14 16:31:13 Image size of job updated: 128
	128  -  MemoryUsage of job (MB)
	131072  -  ResidentSetSize of job (KB)
...
005 (2024947.003.000) 06/14 16:40:36 Job terminated.
	(1) Normal termination (return value 0)
		Usr 0 00:03:33, Sys 0 00:00:00  -  Run Remote Usage
		Usr 0 00:00:00, Sys 0 00:00:00  -  Run Local Usage
		Usr 0 00:03:33, Sys 0 00:00:00  -  Total Remote Usage
		Usr 0 00:00:00, Sys 0 00:00:00  -  Total Local Usage
	3168  -  Run Bytes Sent By Job
	3566  -  Run Bytes Received By Job
	3168  -  Total Bytes Sent By Job
	3566  -  Total Bytes Received By Job
	Partitionable Resources :    Usage  Request Allocated
	   Cpus                 :                 1         1
	   Disk (KB)            :      233   750000    821784
	   Memory (MB)          :      128      100       100
...
005 (2024946.003.000) 06/14 16:51:12 Job terminated.
	(1) Normal termination (return value 0)
		Usr 0 00:04:44, Sys 0 00:00:00  -  Run Remote Usage
		Usr 0 00:00:00, Sys 0 00:00:00  -  Run Local Usage
		Usr 0 00:04:44, Sys 0 00:00:00  -  Total Remote Usage
		Usr 0 00:00:00, Sys 0 00:00:00  -  Total Local Usage
	3167  -  Run Bytes Sent By Job
	3566  -  Run Bytes Received By Job
	3167  -  Total Bytes Sent By Job
	3566  -  Total Bytes Received By Job
	Partitionable Resources :    Usage  Request Allocated
	   Cpus                 :                 1         1
	   Disk (KB)            :      231   750000   1020546
	   Memory (MB)          :      128      100       100
...
