000 (2019879.005.000) 06/12 14:46:29 Job submitted from host: <129.13.101.142:9618?addrs=129.13.101.142-9618&noUDP&sock=7538_ce86_4>
...
001 (2019879.005.000) 06/12 14:46:45 Job executing on host: <129.13.102.188:9618?addrs=129.13.102.188-9618&noUDP&sock=1176601_5026_4>
...
006 (2019879.005.000) 06/12 14:46:54 Image size of job updated: 239
	239  -  MemoryUsage of job (MB)
	245524  -  ResidentSetSize of job (KB)
...
005 (2019879.005.000) 06/12 14:47:10 Job terminated.
	(1) Normal termination (return value 0)
		Usr 0 00:00:00, Sys 0 00:00:00  -  Run Remote Usage
		Usr 0 00:00:00, Sys 0 00:00:00  -  Run Local Usage
		Usr 0 00:00:00, Sys 0 00:00:00  -  Total Remote Usage
		Usr 0 00:00:00, Sys 0 00:00:00  -  Total Local Usage
	7107  -  Run Bytes Sent By Job
	2644  -  Run Bytes Received By Job
	7107  -  Total Bytes Sent By Job
	2644  -  Total Bytes Received By Job
	Partitionable Resources :    Usage  Request Allocated
	   Cpus                 :                 1         1
	   Disk (KB)            :   600346   750000    977868
	   Memory (MB)          :      239     3000      3000
...
000 (2020096.005.000) 06/12 14:52:55 Job submitted from host: <129.13.101.142:9618?addrs=129.13.101.142-9618&noUDP&sock=7538_ce86_4>
...
001 (2020096.005.000) 06/12 14:53:17 Job executing on host: <129.13.102.188:9618?addrs=129.13.102.188-9618&noUDP&sock=1176601_5026_4>
...
006 (2020096.005.000) 06/12 14:53:25 Image size of job updated: 338
	338  -  MemoryUsage of job (MB)
	346492  -  ResidentSetSize of job (KB)
...
005 (2020096.005.000) 06/12 14:53:26 Job terminated.
	(1) Normal termination (return value 0)
		Usr 0 00:00:00, Sys 0 00:00:00  -  Run Remote Usage
		Usr 0 00:00:00, Sys 0 00:00:00  -  Run Local Usage
		Usr 0 00:00:00, Sys 0 00:00:00  -  Total Remote Usage
		Usr 0 00:00:00, Sys 0 00:00:00  -  Total Local Usage
	7108  -  Run Bytes Sent By Job
	2644  -  Run Bytes Received By Job
	7108  -  Total Bytes Sent By Job
	2644  -  Total Bytes Received By Job
	Partitionable Resources :    Usage  Request Allocated
	   Cpus                 :                 1         1
	   Disk (KB)            :   600346   750000    977852
	   Memory (MB)          :      338     3000      3000
...
000 (2020249.005.000) 06/12 14:57:11 Job submitted from host: <129.13.101.142:9618?addrs=129.13.101.142-9618&noUDP&sock=7538_ce86_4>
...
001 (2020249.005.000) 06/12 14:57:19 Job executing on host: <129.13.102.188:9618?addrs=129.13.102.188-9618&noUDP&sock=1176601_5026_4>
...
006 (2020249.005.000) 06/12 14:57:26 Image size of job updated: 385
	385  -  MemoryUsage of job (MB)
	394612  -  ResidentSetSize of job (KB)
...
005 (2020249.005.000) 06/12 14:57:26 Job terminated.
	(1) Normal termination (return value 0)
		Usr 0 00:00:00, Sys 0 00:00:00  -  Run Remote Usage
		Usr 0 00:00:00, Sys 0 00:00:00  -  Run Local Usage
		Usr 0 00:00:00, Sys 0 00:00:00  -  Total Remote Usage
		Usr 0 00:00:00, Sys 0 00:00:00  -  Total Local Usage
	7107  -  Run Bytes Sent By Job
	2644  -  Run Bytes Received By Job
	7107  -  Total Bytes Sent By Job
	2644  -  Total Bytes Received By Job
	Partitionable Resources :    Usage  Request Allocated
	   Cpus                 :                 1         1
	   Disk (KB)            :   600346   750000    977844
	   Memory (MB)          :      385     3000      3000
...
000 (2020278.005.000) 06/12 15:01:13 Job submitted from host: <129.13.101.142:9618?addrs=129.13.101.142-9618&noUDP&sock=7538_ce86_4>
...
001 (2020278.005.000) 06/12 15:01:18 Job executing on host: <129.13.102.188:9618?addrs=129.13.102.188-9618&noUDP&sock=1176601_5026_4>
...
006 (2020278.005.000) 06/12 15:01:25 Image size of job updated: 422
	422  -  MemoryUsage of job (MB)
	432864  -  ResidentSetSize of job (KB)
...
005 (2020278.005.000) 06/12 15:01:26 Job terminated.
	(1) Normal termination (return value 0)
		Usr 0 00:00:00, Sys 0 00:00:00  -  Run Remote Usage
		Usr 0 00:00:00, Sys 0 00:00:00  -  Run Local Usage
		Usr 0 00:00:00, Sys 0 00:00:00  -  Total Remote Usage
		Usr 0 00:00:00, Sys 0 00:00:00  -  Total Local Usage
	7108  -  Run Bytes Sent By Job
	2644  -  Run Bytes Received By Job
	7108  -  Total Bytes Sent By Job
	2644  -  Total Bytes Received By Job
	Partitionable Resources :    Usage  Request Allocated
	   Cpus                 :                 1         1
	   Disk (KB)            :   600346   750000    977836
	   Memory (MB)          :      422     3000      3000
...
000 (2020279.005.000) 06/12 15:06:31 Job submitted from host: <129.13.101.142:9618?addrs=129.13.101.142-9618&noUDP&sock=7538_ce86_4>
...
001 (2020279.005.000) 06/12 15:06:50 Job executing on host: <129.13.102.163:9618?addrs=129.13.102.163-9618&noUDP&sock=2814_1000_4>
...
006 (2020279.005.000) 06/12 15:06:58 Image size of job updated: 431
	431  -  MemoryUsage of job (MB)
	441428  -  ResidentSetSize of job (KB)
...
005 (2020279.005.000) 06/12 15:07:06 Job terminated.
	(1) Normal termination (return value 0)
		Usr 0 00:00:00, Sys 0 00:00:00  -  Run Remote Usage
		Usr 0 00:00:00, Sys 0 00:00:00  -  Run Local Usage
		Usr 0 00:00:00, Sys 0 00:00:00  -  Total Remote Usage
		Usr 0 00:00:00, Sys 0 00:00:00  -  Total Local Usage
	7107  -  Run Bytes Sent By Job
	2644  -  Run Bytes Received By Job
	7107  -  Total Bytes Sent By Job
	2644  -  Total Bytes Received By Job
	Partitionable Resources :    Usage  Request Allocated
	   Cpus                 :                 1         1
	   Disk (KB)            :   600346   750000    757996
	   Memory (MB)          :      431     3000      3000
...
000 (2020282.005.000) 06/12 15:21:21 Job submitted from host: <129.13.101.142:9618?addrs=129.13.101.142-9618&noUDP&sock=7538_ce86_4>
...
001 (2020282.005.000) 06/12 15:21:47 Job executing on host: <129.13.102.210:9618?addrs=129.13.102.210-9618&noUDP&sock=2913_f7e0_4>
...
006 (2020282.005.000) 06/12 15:21:54 Image size of job updated: 242
	242  -  MemoryUsage of job (MB)
	248524  -  ResidentSetSize of job (KB)
...
005 (2020282.005.000) 06/12 15:22:02 Job terminated.
	(1) Normal termination (return value 0)
		Usr 0 00:00:00, Sys 0 00:00:00  -  Run Remote Usage
		Usr 0 00:00:00, Sys 0 00:00:00  -  Run Local Usage
		Usr 0 00:00:00, Sys 0 00:00:00  -  Total Remote Usage
		Usr 0 00:00:00, Sys 0 00:00:00  -  Total Local Usage
	7108  -  Run Bytes Sent By Job
	2644  -  Run Bytes Received By Job
	7108  -  Total Bytes Sent By Job
	2644  -  Total Bytes Received By Job
	Partitionable Resources :    Usage  Request Allocated
	   Cpus                 :                 1         1
	   Disk (KB)            :   600346   750000   1169938
	   Memory (MB)          :      242     3000      3000
...
000 (2020283.005.000) 06/12 15:22:10 Job submitted from host: <129.13.101.142:9618?addrs=129.13.101.142-9618&noUDP&sock=7538_ce86_4>
...
001 (2020283.005.000) 06/12 15:22:16 Job executing on host: <129.13.102.210:9618?addrs=129.13.102.210-9618&noUDP&sock=2913_f7e0_4>
...
005 (2020283.005.000) 06/12 15:22:23 Job terminated.
	(1) Normal termination (return value 0)
		Usr 0 00:00:00, Sys 0 00:00:00  -  Run Remote Usage
		Usr 0 00:00:00, Sys 0 00:00:00  -  Run Local Usage
		Usr 0 00:00:00, Sys 0 00:00:00  -  Total Remote Usage
		Usr 0 00:00:00, Sys 0 00:00:00  -  Total Local Usage
	7108  -  Run Bytes Sent By Job
	2644  -  Run Bytes Received By Job
	7108  -  Total Bytes Sent By Job
	2644  -  Total Bytes Received By Job
	Partitionable Resources :    Usage  Request Allocated
	   Cpus                 :                 1         1
	   Disk (KB)            :   600346   750000   1169936
	   Memory (MB)          :              3000      3000
...
000 (2020284.005.000) 06/12 15:22:47 Job submitted from host: <129.13.101.142:9618?addrs=129.13.101.142-9618&noUDP&sock=7538_ce86_4>
...
001 (2020284.005.000) 06/12 15:23:16 Job executing on host: <129.13.102.210:9618?addrs=129.13.102.210-9618&noUDP&sock=2913_f7e0_4>
...
005 (2020284.005.000) 06/12 15:23:24 Job terminated.
	(1) Normal termination (return value 0)
		Usr 0 00:00:00, Sys 0 00:00:00  -  Run Remote Usage
		Usr 0 00:00:00, Sys 0 00:00:00  -  Run Local Usage
		Usr 0 00:00:00, Sys 0 00:00:00  -  Total Remote Usage
		Usr 0 00:00:00, Sys 0 00:00:00  -  Total Local Usage
	7108  -  Run Bytes Sent By Job
	2644  -  Run Bytes Received By Job
	7108  -  Total Bytes Sent By Job
	2644  -  Total Bytes Received By Job
	Partitionable Resources :    Usage  Request Allocated
	   Cpus                 :                 1         1
	   Disk (KB)            :   600346   750000   1169934
	   Memory (MB)          :              3000      3000
...
000 (2020285.005.000) 06/12 15:24:02 Job submitted from host: <129.13.101.142:9618?addrs=129.13.101.142-9618&noUDP&sock=7538_ce86_4>
...
001 (2020285.005.000) 06/12 15:24:16 Job executing on host: <129.13.102.210:9618?addrs=129.13.102.210-9618&noUDP&sock=2913_f7e0_4>
...
005 (2020285.005.000) 06/12 15:24:19 Job terminated.
	(1) Normal termination (return value 0)
		Usr 0 00:00:00, Sys 0 00:00:00  -  Run Remote Usage
		Usr 0 00:00:00, Sys 0 00:00:00  -  Run Local Usage
		Usr 0 00:00:00, Sys 0 00:00:00  -  Total Remote Usage
		Usr 0 00:00:00, Sys 0 00:00:00  -  Total Local Usage
	7108  -  Run Bytes Sent By Job
	2644  -  Run Bytes Received By Job
	7108  -  Total Bytes Sent By Job
	2644  -  Total Bytes Received By Job
	Partitionable Resources :    Usage  Request Allocated
	   Cpus                 :                 1         1
	   Disk (KB)            :   600346   750000   1169932
	   Memory (MB)          :              3000      3000
...
000 (2020286.005.000) 06/12 15:27:43 Job submitted from host: <129.13.101.142:9618?addrs=129.13.101.142-9618&noUDP&sock=7538_ce86_4>
...
001 (2020286.005.000) 06/12 15:27:46 Job executing on host: <129.13.102.210:9618?addrs=129.13.102.210-9618&noUDP&sock=2913_f7e0_4>
...
005 (2020286.005.000) 06/12 15:27:53 Job terminated.
	(1) Normal termination (return value 0)
		Usr 0 00:00:00, Sys 0 00:00:00  -  Run Remote Usage
		Usr 0 00:00:00, Sys 0 00:00:00  -  Run Local Usage
		Usr 0 00:00:00, Sys 0 00:00:00  -  Total Remote Usage
		Usr 0 00:00:00, Sys 0 00:00:00  -  Total Local Usage
	7108  -  Run Bytes Sent By Job
	2644  -  Run Bytes Received By Job
	7108  -  Total Bytes Sent By Job
	2644  -  Total Bytes Received By Job
	Partitionable Resources :    Usage  Request Allocated
	   Cpus                 :                 1         1
	   Disk (KB)            :   600346   750000   1169932
	   Memory (MB)          :              3000      3000
...
000 (2020287.005.000) 06/12 15:29:41 Job submitted from host: <129.13.101.142:9618?addrs=129.13.101.142-9618&noUDP&sock=7538_ce86_4>
...
001 (2020287.005.000) 06/12 15:29:46 Job executing on host: <129.13.102.210:9618?addrs=129.13.102.210-9618&noUDP&sock=2913_f7e0_4>
...
005 (2020287.005.000) 06/12 15:29:54 Job terminated.
	(1) Normal termination (return value 0)
		Usr 0 00:00:00, Sys 0 00:00:00  -  Run Remote Usage
		Usr 0 00:00:00, Sys 0 00:00:00  -  Run Local Usage
		Usr 0 00:00:00, Sys 0 00:00:00  -  Total Remote Usage
		Usr 0 00:00:00, Sys 0 00:00:00  -  Total Local Usage
	7108  -  Run Bytes Sent By Job
	2644  -  Run Bytes Received By Job
	7108  -  Total Bytes Sent By Job
	2644  -  Total Bytes Received By Job
	Partitionable Resources :    Usage  Request Allocated
	   Cpus                 :                 1         1
	   Disk (KB)            :   600346   750000   1169930
	   Memory (MB)          :              3000      3000
...
000 (2020288.005.000) 06/12 15:35:10 Job submitted from host: <129.13.101.142:9618?addrs=129.13.101.142-9618&noUDP&sock=7538_ce86_4>
...
001 (2020288.005.000) 06/12 15:35:16 Job executing on host: <129.13.102.210:9618?addrs=129.13.102.210-9618&noUDP&sock=2913_f7e0_4>
...
006 (2020288.005.000) 06/12 15:35:22 Image size of job updated: 768
	768  -  MemoryUsage of job (MB)
	787104  -  ResidentSetSize of job (KB)
...
005 (2020288.005.000) 06/12 15:35:22 Job terminated.
	(1) Normal termination (return value 0)
		Usr 0 00:00:00, Sys 0 00:00:00  -  Run Remote Usage
		Usr 0 00:00:00, Sys 0 00:00:00  -  Run Local Usage
		Usr 0 00:00:00, Sys 0 00:00:00  -  Total Remote Usage
		Usr 0 00:00:00, Sys 0 00:00:00  -  Total Local Usage
	7108  -  Run Bytes Sent By Job
	2644  -  Run Bytes Received By Job
	7108  -  Total Bytes Sent By Job
	2644  -  Total Bytes Received By Job
	Partitionable Resources :    Usage  Request Allocated
	   Cpus                 :                 1         1
	   Disk (KB)            :   600346   750000   1169926
	   Memory (MB)          :      768     3000      3000
...
000 (2020293.005.000) 06/12 15:59:28 Job submitted from host: <129.13.101.142:9618?addrs=129.13.101.142-9618&noUDP&sock=7538_ce86_4>
...
001 (2020293.005.000) 06/12 15:59:47 Job executing on host: <129.13.102.163:9618?addrs=129.13.102.163-9618&noUDP&sock=2814_1000_4>
...
006 (2020293.005.000) 06/12 15:59:54 Image size of job updated: 796
	796  -  MemoryUsage of job (MB)
	815636  -  ResidentSetSize of job (KB)
...
005 (2020293.005.000) 06/12 15:59:54 Job terminated.
	(1) Normal termination (return value 0)
		Usr 0 00:00:00, Sys 0 00:00:00  -  Run Remote Usage
		Usr 0 00:00:00, Sys 0 00:00:00  -  Run Local Usage
		Usr 0 00:00:00, Sys 0 00:00:00  -  Total Remote Usage
		Usr 0 00:00:00, Sys 0 00:00:00  -  Total Local Usage
	7238  -  Run Bytes Sent By Job
	2666  -  Run Bytes Received By Job
	7238  -  Total Bytes Sent By Job
	2666  -  Total Bytes Received By Job
	Partitionable Resources :    Usage  Request Allocated
	   Cpus                 :                 1         1
	   Disk (KB)            :   600346   750000    757843
	   Memory (MB)          :      796     3000      3000
...
000 (2020297.005.000) 06/12 16:01:28 Job submitted from host: <129.13.101.142:9618?addrs=129.13.101.142-9618&noUDP&sock=7538_ce86_4>
...
001 (2020297.005.000) 06/12 16:01:48 Job executing on host: <129.13.102.163:9618?addrs=129.13.102.163-9618&noUDP&sock=2814_1000_4>
...
006 (2020297.005.000) 06/12 16:01:55 Image size of job updated: 822
	822  -  MemoryUsage of job (MB)
	841972  -  ResidentSetSize of job (KB)
...
005 (2020297.005.000) 06/12 16:01:55 Job terminated.
	(1) Normal termination (return value 0)
		Usr 0 00:00:00, Sys 0 00:00:00  -  Run Remote Usage
		Usr 0 00:00:00, Sys 0 00:00:00  -  Run Local Usage
		Usr 0 00:00:00, Sys 0 00:00:00  -  Total Remote Usage
		Usr 0 00:00:00, Sys 0 00:00:00  -  Total Local Usage
	7238  -  Run Bytes Sent By Job
	2666  -  Run Bytes Received By Job
	7238  -  Total Bytes Sent By Job
	2666  -  Total Bytes Received By Job
	Partitionable Resources :    Usage  Request Allocated
	   Cpus                 :                 1         1
	   Disk (KB)            :   600346   750000    757826
	   Memory (MB)          :      822     3000      3000
...
000 (2020307.005.000) 06/12 16:09:31 Job submitted from host: <129.13.101.142:9618?addrs=129.13.101.142-9618&noUDP&sock=7538_ce86_4>
...
001 (2020307.005.000) 06/12 16:09:47 Job executing on host: <129.13.102.163:9618?addrs=129.13.102.163-9618&noUDP&sock=2814_1000_4>
...
006 (2020307.005.000) 06/12 16:09:56 Image size of job updated: 761
	761  -  MemoryUsage of job (MB)
	779920  -  ResidentSetSize of job (KB)
...
005 (2020307.005.000) 06/12 16:09:57 Job terminated.
	(1) Normal termination (return value 0)
		Usr 0 00:00:00, Sys 0 00:00:00  -  Run Remote Usage
		Usr 0 00:00:00, Sys 0 00:00:00  -  Run Local Usage
		Usr 0 00:00:00, Sys 0 00:00:00  -  Total Remote Usage
		Usr 0 00:00:00, Sys 0 00:00:00  -  Total Local Usage
	7426  -  Run Bytes Sent By Job
	2700  -  Run Bytes Received By Job
	7426  -  Total Bytes Sent By Job
	2700  -  Total Bytes Received By Job
	Partitionable Resources :    Usage  Request Allocated
	   Cpus                 :                 1         1
	   Disk (KB)            :   600357   750000    757809
	   Memory (MB)          :      761     3000      3000
...
000 (2020308.005.000) 06/12 16:10:54 Job submitted from host: <129.13.101.142:9618?addrs=129.13.101.142-9618&noUDP&sock=7538_ce86_4>
...
001 (2020308.005.000) 06/12 16:11:18 Job executing on host: <129.13.102.163:9618?addrs=129.13.102.163-9618&noUDP&sock=2814_1000_4>
...
006 (2020308.005.000) 06/12 16:11:26 Image size of job updated: 760
	760  -  MemoryUsage of job (MB)
	778388  -  ResidentSetSize of job (KB)
...
006 (2020308.005.000) 06/12 16:11:55 Image size of job updated: 863
	863  -  MemoryUsage of job (MB)
	884572  -  ResidentSetSize of job (KB)
...
005 (2020308.005.000) 06/12 16:11:56 Job terminated.
	(1) Normal termination (return value 0)
		Usr 0 00:00:00, Sys 0 00:00:00  -  Run Remote Usage
		Usr 0 00:00:00, Sys 0 00:00:00  -  Run Local Usage
		Usr 0 00:00:00, Sys 0 00:00:00  -  Total Remote Usage
		Usr 0 00:00:00, Sys 0 00:00:00  -  Total Local Usage
	9923  -  Run Bytes Sent By Job
	2700  -  Run Bytes Received By Job
	9923  -  Total Bytes Sent By Job
	2700  -  Total Bytes Received By Job
	Partitionable Resources :    Usage  Request Allocated
	   Cpus                 :                 1         1
	   Disk (KB)            :   600383   750000    757775
	   Memory (MB)          :      863     3000      3000
...
000 (2020318.005.000) 06/12 16:22:33 Job submitted from host: <129.13.101.142:9618?addrs=129.13.101.142-9618&noUDP&sock=7538_ce86_4>
...
001 (2020318.005.000) 06/12 16:22:49 Job executing on host: <129.13.102.197:9618?addrs=129.13.102.197-9618&noUDP&sock=1662453_5fa7_4>
...
006 (2020318.005.000) 06/12 16:22:57 Image size of job updated: 205
	205  -  MemoryUsage of job (MB)
	210532  -  ResidentSetSize of job (KB)
...
005 (2020318.005.000) 06/12 16:23:17 Job terminated.
	(1) Normal termination (return value 0)
		Usr 0 00:00:00, Sys 0 00:00:00  -  Run Remote Usage
		Usr 0 00:00:00, Sys 0 00:00:00  -  Run Local Usage
		Usr 0 00:00:00, Sys 0 00:00:00  -  Total Remote Usage
		Usr 0 00:00:00, Sys 0 00:00:00  -  Total Local Usage
	9924  -  Run Bytes Sent By Job
	2700  -  Run Bytes Received By Job
	9924  -  Total Bytes Sent By Job
	2700  -  Total Bytes Received By Job
	Partitionable Resources :    Usage  Request Allocated
	   Cpus                 :                 1         1
	   Disk (KB)            :   600383   750000    823492
	   Memory (MB)          :      205     3000      3000
...
000 (2020324.005.000) 06/12 16:26:06 Job submitted from host: <129.13.101.142:9618?addrs=129.13.101.142-9618&noUDP&sock=7538_ce86_4>
...
001 (2020324.005.000) 06/12 16:26:19 Job executing on host: <129.13.102.168:9618?addrs=129.13.102.168-9618&noUDP&sock=2871_c9b5_605>
...
006 (2020324.005.000) 06/12 16:26:27 Image size of job updated: 254
	254  -  MemoryUsage of job (MB)
	260740  -  ResidentSetSize of job (KB)
...
006 (2020324.005.000) 06/12 16:26:50 Image size of job updated: 1389
	1389  -  MemoryUsage of job (MB)
	1422596  -  ResidentSetSize of job (KB)
...
005 (2020324.005.000) 06/12 16:26:50 Job terminated.
	(1) Normal termination (return value 0)
		Usr 0 00:00:03, Sys 0 00:00:00  -  Run Remote Usage
		Usr 0 00:00:00, Sys 0 00:00:00  -  Run Local Usage
		Usr 0 00:00:03, Sys 0 00:00:00  -  Total Remote Usage
		Usr 0 00:00:00, Sys 0 00:00:00  -  Total Local Usage
	9923  -  Run Bytes Sent By Job
	2700  -  Run Bytes Received By Job
	9923  -  Total Bytes Sent By Job
	2700  -  Total Bytes Received By Job
	Partitionable Resources :    Usage  Request Allocated
	   Cpus                 :                 1         1
	   Disk (KB)            :   600383   750000    750928
	   Memory (MB)          :     1389     3000      3000
...
000 (2020327.005.000) 06/12 16:28:07 Job submitted from host: <129.13.101.142:9618?addrs=129.13.101.142-9618&noUDP&sock=7538_ce86_4>
...
001 (2020327.005.000) 06/12 16:28:18 Job executing on host: <129.13.102.160:9618?addrs=129.13.102.160-9618&noUDP&sock=3710_f543_4>
...
006 (2020327.005.000) 06/12 16:28:27 Image size of job updated: 335
	335  -  MemoryUsage of job (MB)
	343616  -  ResidentSetSize of job (KB)
...
005 (2020327.005.000) 06/12 16:28:41 Job terminated.
	(1) Normal termination (return value 0)
		Usr 0 00:00:00, Sys 0 00:00:00  -  Run Remote Usage
		Usr 0 00:00:00, Sys 0 00:00:00  -  Run Local Usage
		Usr 0 00:00:00, Sys 0 00:00:00  -  Total Remote Usage
		Usr 0 00:00:00, Sys 0 00:00:00  -  Total Local Usage
	9924  -  Run Bytes Sent By Job
	2700  -  Run Bytes Received By Job
	9924  -  Total Bytes Sent By Job
	2700  -  Total Bytes Received By Job
	Partitionable Resources :    Usage  Request Allocated
	   Cpus                 :                 1         1
	   Disk (KB)            :   600383   750000    782980
	   Memory (MB)          :      335     3000      3000
...
000 (2020341.005.000) 06/12 16:52:08 Job submitted from host: <129.13.101.142:9618?addrs=129.13.101.142-9618&noUDP&sock=7538_ce86_4>
...
001 (2020341.005.000) 06/12 16:53:51 Job executing on host: <129.13.102.183:9618?addrs=129.13.102.183-9618&noUDP&sock=1801586_0a00_4>
...
006 (2020341.005.000) 06/12 16:54:00 Image size of job updated: 170
	170  -  MemoryUsage of job (MB)
	174848  -  ResidentSetSize of job (KB)
...
006 (2020341.005.000) 06/12 16:54:19 Image size of job updated: 1362
	1362  -  MemoryUsage of job (MB)
	1394780  -  ResidentSetSize of job (KB)
...
005 (2020341.005.000) 06/12 16:54:20 Job terminated.
	(1) Normal termination (return value 0)
		Usr 0 00:00:03, Sys 0 00:00:00  -  Run Remote Usage
		Usr 0 00:00:00, Sys 0 00:00:00  -  Run Local Usage
		Usr 0 00:00:03, Sys 0 00:00:00  -  Total Remote Usage
		Usr 0 00:00:00, Sys 0 00:00:00  -  Total Local Usage
	9924  -  Run Bytes Sent By Job
	2700  -  Run Bytes Received By Job
	9924  -  Total Bytes Sent By Job
	2700  -  Total Bytes Received By Job
	Partitionable Resources :    Usage  Request Allocated
	   Cpus                 :                 1         1
	   Disk (KB)            :   600383   750000    855390
	   Memory (MB)          :     1362     3000      3000
...
000 (2020346.005.000) 06/12 16:59:59 Job submitted from host: <129.13.101.142:9618?addrs=129.13.101.142-9618&noUDP&sock=7538_ce86_4>
...
001 (2020346.005.000) 06/12 17:00:51 Job executing on host: <129.13.102.163:9618?addrs=129.13.102.163-9618&noUDP&sock=2814_1000_4>
...
006 (2020346.005.000) 06/12 17:01:00 Image size of job updated: 756
	756  -  MemoryUsage of job (MB)
	774328  -  ResidentSetSize of job (KB)
...
005 (2020346.005.000) 06/12 17:01:04 Job terminated.
	(1) Normal termination (return value 0)
		Usr 0 00:00:00, Sys 0 00:00:00  -  Run Remote Usage
		Usr 0 00:00:00, Sys 0 00:00:00  -  Run Local Usage
		Usr 0 00:00:00, Sys 0 00:00:00  -  Total Remote Usage
		Usr 0 00:00:00, Sys 0 00:00:00  -  Total Local Usage
	9923  -  Run Bytes Sent By Job
	2700  -  Run Bytes Received By Job
	9923  -  Total Bytes Sent By Job
	2700  -  Total Bytes Received By Job
	Partitionable Resources :    Usage  Request Allocated
	   Cpus                 :                 1         1
	   Disk (KB)            :   600383   750000    757673
	   Memory (MB)          :      756     3000      3000
...
000 (2020916.005.000) 06/13 11:11:31 Job submitted from host: <129.13.101.142:9618?addrs=129.13.101.142-9618&noUDP&sock=7538_ce86_4>
...
001 (2020916.005.000) 06/13 11:11:57 Job executing on host: <129.13.102.172:9618?addrs=129.13.102.172-9618&noUDP&sock=3676647_ec97_4>
...
006 (2020916.005.000) 06/13 11:12:06 Image size of job updated: 352
	352  -  MemoryUsage of job (MB)
	360624  -  ResidentSetSize of job (KB)
...
005 (2020916.005.000) 06/13 11:12:17 Job terminated.
	(1) Normal termination (return value 0)
		Usr 0 00:00:00, Sys 0 00:00:00  -  Run Remote Usage
		Usr 0 00:00:00, Sys 0 00:00:00  -  Run Local Usage
		Usr 0 00:00:00, Sys 0 00:00:00  -  Total Remote Usage
		Usr 0 00:00:00, Sys 0 00:00:00  -  Total Local Usage
	9923  -  Run Bytes Sent By Job
	2700  -  Run Bytes Received By Job
	9923  -  Total Bytes Sent By Job
	2700  -  Total Bytes Received By Job
	Partitionable Resources :    Usage  Request Allocated
	   Cpus                 :                 1         1
	   Disk (KB)            :   600383   750000    801984
	   Memory (MB)          :      352     3000      3000
...
000 (2020917.005.000) 06/13 12:29:46 Job submitted from host: <129.13.101.142:9618?addrs=129.13.101.142-9618&noUDP&sock=7538_ce86_4>
...
001 (2020917.005.000) 06/13 12:31:09 Job executing on host: <129.13.102.180:9618?addrs=129.13.102.180-9618&noUDP&sock=3195_6595_4>
...
006 (2020917.005.000) 06/13 12:31:18 Image size of job updated: 254
	254  -  MemoryUsage of job (MB)
	260320  -  ResidentSetSize of job (KB)
...
005 (2020917.005.000) 06/13 12:31:21 Job terminated.
	(1) Normal termination (return value 0)
		Usr 0 00:00:00, Sys 0 00:00:00  -  Run Remote Usage
		Usr 0 00:00:00, Sys 0 00:00:00  -  Run Local Usage
		Usr 0 00:00:00, Sys 0 00:00:00  -  Total Remote Usage
		Usr 0 00:00:00, Sys 0 00:00:00  -  Total Local Usage
	5953  -  Run Bytes Sent By Job
	2700  -  Run Bytes Received By Job
	5953  -  Total Bytes Sent By Job
	2700  -  Total Bytes Received By Job
	Partitionable Resources :    Usage  Request Allocated
	   Cpus                 :                 1         1
	   Disk (KB)            :   600321   750000    864269
	   Memory (MB)          :      254     3000      3000
...
000 (2020918.005.000) 06/13 12:44:12 Job submitted from host: <129.13.101.142:9618?addrs=129.13.101.142-9618&noUDP&sock=7538_ce86_4>
...
001 (2020918.005.000) 06/13 12:45:37 Job executing on host: <129.13.102.180:9618?addrs=129.13.102.180-9618&noUDP&sock=3195_6595_4>
...
006 (2020918.005.000) 06/13 12:45:46 Image size of job updated: 859
	859  -  MemoryUsage of job (MB)
	880588  -  ResidentSetSize of job (KB)
...
005 (2020918.005.000) 06/13 12:45:48 Job terminated.
	(1) Normal termination (return value 0)
		Usr 0 00:00:00, Sys 0 00:00:00  -  Run Remote Usage
		Usr 0 00:00:00, Sys 0 00:00:00  -  Run Local Usage
		Usr 0 00:00:00, Sys 0 00:00:00  -  Total Remote Usage
		Usr 0 00:00:00, Sys 0 00:00:00  -  Total Local Usage
	9923  -  Run Bytes Sent By Job
	2700  -  Run Bytes Received By Job
	9923  -  Total Bytes Sent By Job
	2700  -  Total Bytes Received By Job
	Partitionable Resources :    Usage  Request Allocated
	   Cpus                 :                 1         1
	   Disk (KB)            :   600383   750000    864262
	   Memory (MB)          :      859     3000      3000
...
000 (2020955.005.000) 06/13 14:09:50 Job submitted from host: <129.13.101.142:9618?addrs=129.13.101.142-9618&noUDP&sock=7538_ce86_4>
...
001 (2020955.005.000) 06/13 14:11:00 Job executing on host: <129.13.102.180:9618?addrs=129.13.102.180-9618&noUDP&sock=3195_6595_4>
...
006 (2020955.005.000) 06/13 14:11:08 Image size of job updated: 808
	808  -  MemoryUsage of job (MB)
	828324  -  ResidentSetSize of job (KB)
...
005 (2020955.005.000) 06/13 14:11:10 Job terminated.
	(1) Normal termination (return value 0)
		Usr 0 00:00:00, Sys 0 00:00:00  -  Run Remote Usage
		Usr 0 00:00:00, Sys 0 00:00:00  -  Run Local Usage
		Usr 0 00:00:00, Sys 0 00:00:00  -  Total Remote Usage
		Usr 0 00:00:00, Sys 0 00:00:00  -  Total Local Usage
	9921  -  Run Bytes Sent By Job
	2700  -  Run Bytes Received By Job
	9921  -  Total Bytes Sent By Job
	2700  -  Total Bytes Received By Job
	Partitionable Resources :    Usage  Request Allocated
	   Cpus                 :                 1         1
	   Disk (KB)            :   600383   750000    864234
	   Memory (MB)          :      808     3000      3000
...
000 (2021132.005.000) 06/13 15:11:11 Job submitted from host: <129.13.101.142:9618?addrs=129.13.101.142-9618&noUDP&sock=7538_ce86_4>
...
001 (2021132.005.000) 06/13 15:12:30 Job executing on host: <129.13.102.180:9618?addrs=129.13.102.180-9618&noUDP&sock=3195_6595_4>
...
006 (2021132.005.000) 06/13 15:12:39 Image size of job updated: 790
	790  -  MemoryUsage of job (MB)
	809084  -  ResidentSetSize of job (KB)
...
005 (2021132.005.000) 06/13 15:12:40 Job terminated.
	(1) Normal termination (return value 0)
		Usr 0 00:00:00, Sys 0 00:00:00  -  Run Remote Usage
		Usr 0 00:00:00, Sys 0 00:00:00  -  Run Local Usage
		Usr 0 00:00:00, Sys 0 00:00:00  -  Total Remote Usage
		Usr 0 00:00:00, Sys 0 00:00:00  -  Total Local Usage
	9923  -  Run Bytes Sent By Job
	2700  -  Run Bytes Received By Job
	9923  -  Total Bytes Sent By Job
	2700  -  Total Bytes Received By Job
	Partitionable Resources :    Usage  Request Allocated
	   Cpus                 :                 1         1
	   Disk (KB)            :   600385   750000    864213
	   Memory (MB)          :      790     3000      3000
...
000 (2021135.005.000) 06/13 15:18:38 Job submitted from host: <129.13.101.142:9618?addrs=129.13.101.142-9618&noUDP&sock=7538_ce86_4>
...
001 (2021135.005.000) 06/13 15:19:33 Job executing on host: <129.13.102.180:9618?addrs=129.13.102.180-9618&noUDP&sock=3195_6595_4>
...
006 (2021135.005.000) 06/13 15:19:42 Image size of job updated: 851
	851  -  MemoryUsage of job (MB)
	872148  -  ResidentSetSize of job (KB)
...
005 (2021135.005.000) 06/13 15:19:43 Job terminated.
	(1) Normal termination (return value 0)
		Usr 0 00:00:00, Sys 0 00:00:00  -  Run Remote Usage
		Usr 0 00:00:00, Sys 0 00:00:00  -  Run Local Usage
		Usr 0 00:00:00, Sys 0 00:00:00  -  Total Remote Usage
		Usr 0 00:00:00, Sys 0 00:00:00  -  Total Local Usage
	9923  -  Run Bytes Sent By Job
	2700  -  Run Bytes Received By Job
	9923  -  Total Bytes Sent By Job
	2700  -  Total Bytes Received By Job
	Partitionable Resources :    Usage  Request Allocated
	   Cpus                 :                 1         1
	   Disk (KB)            :   600383   750000    864206
	   Memory (MB)          :      851     3000      3000
...
000 (2024946.005.000) 06/14 16:24:11 Job submitted from host: <129.13.101.142:9618?addrs=129.13.101.142-9618&noUDP&sock=7538_ce86_4>
...
000 (2024947.005.000) 06/14 16:25:01 Job submitted from host: <129.13.101.142:9618?addrs=129.13.101.142-9618&noUDP&sock=7538_ce86_4>
...
001 (2024946.005.000) 06/14 16:26:03 Job executing on host: <129.13.102.180:9618?addrs=129.13.102.180-9618&noUDP&sock=3195_6595_4>
...
001 (2024947.005.000) 06/14 16:26:04 Job executing on host: <129.13.102.152:9618?addrs=129.13.102.152-9618&noUDP&sock=2075118_3d59_4>
...
006 (2024946.005.000) 06/14 16:26:11 Image size of job updated: 2
	1  -  MemoryUsage of job (MB)
	1304  -  ResidentSetSize of job (KB)
...
006 (2024947.005.000) 06/14 16:26:13 Image size of job updated: 4
	4  -  MemoryUsage of job (MB)
	4992  -  ResidentSetSize of job (KB)
...
006 (2024947.005.000) 06/14 16:28:04 Image size of job updated: 128
	128  -  MemoryUsage of job (MB)
	131072  -  ResidentSetSize of job (KB)
...
005 (2024947.005.000) 06/14 16:28:04 Job terminated.
	(1) Normal termination (return value 0)
		Usr 0 00:00:54, Sys 0 00:00:00  -  Run Remote Usage
		Usr 0 00:00:00, Sys 0 00:00:00  -  Run Local Usage
		Usr 0 00:00:54, Sys 0 00:00:00  -  Total Remote Usage
		Usr 0 00:00:00, Sys 0 00:00:00  -  Total Local Usage
	3109  -  Run Bytes Sent By Job
	3566  -  Run Bytes Received By Job
	3109  -  Total Bytes Sent By Job
	3566  -  Total Bytes Received By Job
	Partitionable Resources :    Usage  Request Allocated
	   Cpus                 :                 1         1
	   Disk (KB)            :      194   750000    978708
	   Memory (MB)          :      128      100       100
...
006 (2024946.005.000) 06/14 16:28:23 Image size of job updated: 128
	128  -  MemoryUsage of job (MB)
	131072  -  ResidentSetSize of job (KB)
...
005 (2024946.005.000) 06/14 16:28:23 Job terminated.
	(1) Normal termination (return value 0)
		Usr 0 00:01:09, Sys 0 00:00:00  -  Run Remote Usage
		Usr 0 00:00:00, Sys 0 00:00:00  -  Run Local Usage
		Usr 0 00:01:09, Sys 0 00:00:00  -  Total Remote Usage
		Usr 0 00:00:00, Sys 0 00:00:00  -  Total Local Usage
	3108  -  Run Bytes Sent By Job
	3566  -  Run Bytes Received By Job
	3108  -  Total Bytes Sent By Job
	3566  -  Total Bytes Received By Job
	Partitionable Resources :    Usage  Request Allocated
	   Cpus                 :                 1         1
	   Disk (KB)            :      194   750000    861693
	   Memory (MB)          :      128      100       100
...
