000 (2019879.007.000) 06/12 14:46:29 Job submitted from host: <129.13.101.142:9618?addrs=129.13.101.142-9618&noUDP&sock=7538_ce86_4>
...
001 (2019879.007.000) 06/12 14:46:45 Job executing on host: <129.13.102.172:9618?addrs=129.13.102.172-9618&noUDP&sock=3676647_ec97_4>
...
006 (2019879.007.000) 06/12 14:46:51 Image size of job updated: 79
	79  -  MemoryUsage of job (MB)
	81132  -  ResidentSetSize of job (KB)
...
005 (2019879.007.000) 06/12 14:46:51 Job terminated.
	(1) Normal termination (return value 0)
		Usr 0 00:00:00, Sys 0 00:00:00  -  Run Remote Usage
		Usr 0 00:00:00, Sys 0 00:00:00  -  Run Local Usage
		Usr 0 00:00:00, Sys 0 00:00:00  -  Total Remote Usage
		Usr 0 00:00:00, Sys 0 00:00:00  -  Total Local Usage
	7313  -  Run Bytes Sent By Job
	2644  -  Run Bytes Received By Job
	7313  -  Total Bytes Sent By Job
	2644  -  Total Bytes Received By Job
	Partitionable Resources :    Usage  Request Allocated
	   Cpus                 :                 1         1
	   Disk (KB)            :      215   750000    804456
	   Memory (MB)          :       79     3000      3000
...
000 (2020096.007.000) 06/12 14:52:55 Job submitted from host: <129.13.101.142:9618?addrs=129.13.101.142-9618&noUDP&sock=7538_ce86_4>
...
001 (2020096.007.000) 06/12 14:53:17 Job executing on host: <129.13.102.172:9618?addrs=129.13.102.172-9618&noUDP&sock=3676647_ec97_4>
...
005 (2020096.007.000) 06/12 14:53:19 Job terminated.
	(1) Normal termination (return value 0)
		Usr 0 00:00:00, Sys 0 00:00:00  -  Run Remote Usage
		Usr 0 00:00:00, Sys 0 00:00:00  -  Run Local Usage
		Usr 0 00:00:00, Sys 0 00:00:00  -  Total Remote Usage
		Usr 0 00:00:00, Sys 0 00:00:00  -  Total Local Usage
	7313  -  Run Bytes Sent By Job
	2644  -  Run Bytes Received By Job
	7313  -  Total Bytes Sent By Job
	2644  -  Total Bytes Received By Job
	Partitionable Resources :    Usage  Request Allocated
	   Cpus                 :                 1         1
	   Disk (KB)            :      215   750000    804444
	   Memory (MB)          :              3000      3000
...
000 (2020249.007.000) 06/12 14:57:11 Job submitted from host: <129.13.101.142:9618?addrs=129.13.101.142-9618&noUDP&sock=7538_ce86_4>
...
001 (2020249.007.000) 06/12 14:57:19 Job executing on host: <129.13.102.210:9618?addrs=129.13.102.210-9618&noUDP&sock=2913_f7e0_4>
...
005 (2020249.007.000) 06/12 14:57:21 Job terminated.
	(1) Normal termination (return value 0)
		Usr 0 00:00:00, Sys 0 00:00:00  -  Run Remote Usage
		Usr 0 00:00:00, Sys 0 00:00:00  -  Run Local Usage
		Usr 0 00:00:00, Sys 0 00:00:00  -  Total Remote Usage
		Usr 0 00:00:00, Sys 0 00:00:00  -  Total Local Usage
	7313  -  Run Bytes Sent By Job
	2644  -  Run Bytes Received By Job
	7313  -  Total Bytes Sent By Job
	2644  -  Total Bytes Received By Job
	Partitionable Resources :    Usage  Request Allocated
	   Cpus                 :                 1         1
	   Disk (KB)            :      215   750000   1169946
	   Memory (MB)          :              3000      3000
...
000 (2020278.007.000) 06/12 15:01:13 Job submitted from host: <129.13.101.142:9618?addrs=129.13.101.142-9618&noUDP&sock=7538_ce86_4>
...
001 (2020278.007.000) 06/12 15:01:18 Job executing on host: <129.13.102.210:9618?addrs=129.13.102.210-9618&noUDP&sock=2913_f7e0_4>
...
005 (2020278.007.000) 06/12 15:01:20 Job terminated.
	(1) Normal termination (return value 0)
		Usr 0 00:00:00, Sys 0 00:00:00  -  Run Remote Usage
		Usr 0 00:00:00, Sys 0 00:00:00  -  Run Local Usage
		Usr 0 00:00:00, Sys 0 00:00:00  -  Total Remote Usage
		Usr 0 00:00:00, Sys 0 00:00:00  -  Total Local Usage
	7313  -  Run Bytes Sent By Job
	2644  -  Run Bytes Received By Job
	7313  -  Total Bytes Sent By Job
	2644  -  Total Bytes Received By Job
	Partitionable Resources :    Usage  Request Allocated
	   Cpus                 :                 1         1
	   Disk (KB)            :      215   750000   1169942
	   Memory (MB)          :              3000      3000
...
000 (2020279.007.000) 06/12 15:06:31 Job submitted from host: <129.13.101.142:9618?addrs=129.13.101.142-9618&noUDP&sock=7538_ce86_4>
...
001 (2020279.007.000) 06/12 15:06:50 Job executing on host: <129.13.102.172:9618?addrs=129.13.102.172-9618&noUDP&sock=3676647_ec97_4>
...
005 (2020279.007.000) 06/12 15:06:53 Job terminated.
	(1) Normal termination (return value 0)
		Usr 0 00:00:00, Sys 0 00:00:00  -  Run Remote Usage
		Usr 0 00:00:00, Sys 0 00:00:00  -  Run Local Usage
		Usr 0 00:00:00, Sys 0 00:00:00  -  Total Remote Usage
		Usr 0 00:00:00, Sys 0 00:00:00  -  Total Local Usage
	7313  -  Run Bytes Sent By Job
	2644  -  Run Bytes Received By Job
	7313  -  Total Bytes Sent By Job
	2644  -  Total Bytes Received By Job
	Partitionable Resources :    Usage  Request Allocated
	   Cpus                 :                 1         1
	   Disk (KB)            :      215   750000    804408
	   Memory (MB)          :              3000      3000
...
000 (2020282.007.000) 06/12 15:21:21 Job submitted from host: <129.13.101.142:9618?addrs=129.13.101.142-9618&noUDP&sock=7538_ce86_4>
...
001 (2020282.007.000) 06/12 15:21:47 Job executing on host: <129.13.102.173:9618?addrs=129.13.102.173-9618&noUDP&sock=2295_ec7a_4>
...
005 (2020282.007.000) 06/12 15:21:49 Job terminated.
	(1) Normal termination (return value 0)
		Usr 0 00:00:00, Sys 0 00:00:00  -  Run Remote Usage
		Usr 0 00:00:00, Sys 0 00:00:00  -  Run Local Usage
		Usr 0 00:00:00, Sys 0 00:00:00  -  Total Remote Usage
		Usr 0 00:00:00, Sys 0 00:00:00  -  Total Local Usage
	7307  -  Run Bytes Sent By Job
	2644  -  Run Bytes Received By Job
	7307  -  Total Bytes Sent By Job
	2644  -  Total Bytes Received By Job
	Partitionable Resources :    Usage  Request Allocated
	   Cpus                 :                 1         1
	   Disk (KB)            :      215   750000    915416
	   Memory (MB)          :              3000      3000
...
000 (2020283.007.000) 06/12 15:22:10 Job submitted from host: <129.13.101.142:9618?addrs=129.13.101.142-9618&noUDP&sock=7538_ce86_4>
...
001 (2020283.007.000) 06/12 15:22:16 Job executing on host: <129.13.102.173:9618?addrs=129.13.102.173-9618&noUDP&sock=2295_ec7a_4>
...
005 (2020283.007.000) 06/12 15:22:18 Job terminated.
	(1) Normal termination (return value 0)
		Usr 0 00:00:00, Sys 0 00:00:00  -  Run Remote Usage
		Usr 0 00:00:00, Sys 0 00:00:00  -  Run Local Usage
		Usr 0 00:00:00, Sys 0 00:00:00  -  Total Remote Usage
		Usr 0 00:00:00, Sys 0 00:00:00  -  Total Local Usage
	7307  -  Run Bytes Sent By Job
	2644  -  Run Bytes Received By Job
	7307  -  Total Bytes Sent By Job
	2644  -  Total Bytes Received By Job
	Partitionable Resources :    Usage  Request Allocated
	   Cpus                 :                 1         1
	   Disk (KB)            :      215   750000    915412
	   Memory (MB)          :              3000      3000
...
000 (2020284.007.000) 06/12 15:22:47 Job submitted from host: <129.13.101.142:9618?addrs=129.13.101.142-9618&noUDP&sock=7538_ce86_4>
...
001 (2020284.007.000) 06/12 15:23:16 Job executing on host: <129.13.102.173:9618?addrs=129.13.102.173-9618&noUDP&sock=2295_ec7a_4>
...
005 (2020284.007.000) 06/12 15:23:18 Job terminated.
	(1) Normal termination (return value 0)
		Usr 0 00:00:00, Sys 0 00:00:00  -  Run Remote Usage
		Usr 0 00:00:00, Sys 0 00:00:00  -  Run Local Usage
		Usr 0 00:00:00, Sys 0 00:00:00  -  Total Remote Usage
		Usr 0 00:00:00, Sys 0 00:00:00  -  Total Local Usage
	7307  -  Run Bytes Sent By Job
	2644  -  Run Bytes Received By Job
	7307  -  Total Bytes Sent By Job
	2644  -  Total Bytes Received By Job
	Partitionable Resources :    Usage  Request Allocated
	   Cpus                 :                 1         1
	   Disk (KB)            :      215   750000    915408
	   Memory (MB)          :              3000      3000
...
000 (2020285.007.000) 06/12 15:24:02 Job submitted from host: <129.13.101.142:9618?addrs=129.13.101.142-9618&noUDP&sock=7538_ce86_4>
...
001 (2020285.007.000) 06/12 15:24:16 Job executing on host: <129.13.102.173:9618?addrs=129.13.102.173-9618&noUDP&sock=2295_ec7a_4>
...
005 (2020285.007.000) 06/12 15:24:19 Job terminated.
	(1) Normal termination (return value 0)
		Usr 0 00:00:00, Sys 0 00:00:00  -  Run Remote Usage
		Usr 0 00:00:00, Sys 0 00:00:00  -  Run Local Usage
		Usr 0 00:00:00, Sys 0 00:00:00  -  Total Remote Usage
		Usr 0 00:00:00, Sys 0 00:00:00  -  Total Local Usage
	7307  -  Run Bytes Sent By Job
	2644  -  Run Bytes Received By Job
	7307  -  Total Bytes Sent By Job
	2644  -  Total Bytes Received By Job
	Partitionable Resources :    Usage  Request Allocated
	   Cpus                 :                 1         1
	   Disk (KB)            :      215   750000    915404
	   Memory (MB)          :              3000      3000
...
000 (2020286.007.000) 06/12 15:27:43 Job submitted from host: <129.13.101.142:9618?addrs=129.13.101.142-9618&noUDP&sock=7538_ce86_4>
...
001 (2020286.007.000) 06/12 15:27:46 Job executing on host: <129.13.102.173:9618?addrs=129.13.102.173-9618&noUDP&sock=2295_ec7a_4>
...
005 (2020286.007.000) 06/12 15:27:49 Job terminated.
	(1) Normal termination (return value 0)
		Usr 0 00:00:00, Sys 0 00:00:00  -  Run Remote Usage
		Usr 0 00:00:00, Sys 0 00:00:00  -  Run Local Usage
		Usr 0 00:00:00, Sys 0 00:00:00  -  Total Remote Usage
		Usr 0 00:00:00, Sys 0 00:00:00  -  Total Local Usage
	7307  -  Run Bytes Sent By Job
	2644  -  Run Bytes Received By Job
	7307  -  Total Bytes Sent By Job
	2644  -  Total Bytes Received By Job
	Partitionable Resources :    Usage  Request Allocated
	   Cpus                 :                 1         1
	   Disk (KB)            :      215   750000    915400
	   Memory (MB)          :              3000      3000
...
000 (2020287.007.000) 06/12 15:29:41 Job submitted from host: <129.13.101.142:9618?addrs=129.13.101.142-9618&noUDP&sock=7538_ce86_4>
...
001 (2020287.007.000) 06/12 15:29:46 Job executing on host: <129.13.102.173:9618?addrs=129.13.102.173-9618&noUDP&sock=2295_ec7a_4>
...
005 (2020287.007.000) 06/12 15:29:48 Job terminated.
	(1) Normal termination (return value 0)
		Usr 0 00:00:00, Sys 0 00:00:00  -  Run Remote Usage
		Usr 0 00:00:00, Sys 0 00:00:00  -  Run Local Usage
		Usr 0 00:00:00, Sys 0 00:00:00  -  Total Remote Usage
		Usr 0 00:00:00, Sys 0 00:00:00  -  Total Local Usage
	7307  -  Run Bytes Sent By Job
	2644  -  Run Bytes Received By Job
	7307  -  Total Bytes Sent By Job
	2644  -  Total Bytes Received By Job
	Partitionable Resources :    Usage  Request Allocated
	   Cpus                 :                 1         1
	   Disk (KB)            :      215   750000    915396
	   Memory (MB)          :              3000      3000
...
000 (2020288.007.000) 06/12 15:35:10 Job submitted from host: <129.13.101.142:9618?addrs=129.13.101.142-9618&noUDP&sock=7538_ce86_4>
...
001 (2020288.007.000) 06/12 15:35:16 Job executing on host: <129.13.102.173:9618?addrs=129.13.102.173-9618&noUDP&sock=2295_ec7a_4>
...
005 (2020288.007.000) 06/12 15:35:18 Job terminated.
	(1) Normal termination (return value 0)
		Usr 0 00:00:00, Sys 0 00:00:00  -  Run Remote Usage
		Usr 0 00:00:00, Sys 0 00:00:00  -  Run Local Usage
		Usr 0 00:00:00, Sys 0 00:00:00  -  Total Remote Usage
		Usr 0 00:00:00, Sys 0 00:00:00  -  Total Local Usage
	7307  -  Run Bytes Sent By Job
	2644  -  Run Bytes Received By Job
	7307  -  Total Bytes Sent By Job
	2644  -  Total Bytes Received By Job
	Partitionable Resources :    Usage  Request Allocated
	   Cpus                 :                 1         1
	   Disk (KB)            :      215   750000    915392
	   Memory (MB)          :              3000      3000
...
000 (2020293.007.000) 06/12 15:59:28 Job submitted from host: <129.13.101.142:9618?addrs=129.13.101.142-9618&noUDP&sock=7538_ce86_4>
...
001 (2020293.007.000) 06/12 15:59:47 Job executing on host: <129.13.102.172:9618?addrs=129.13.102.172-9618&noUDP&sock=3676647_ec97_4>
...
005 (2020293.007.000) 06/12 15:59:55 Job terminated.
	(1) Normal termination (return value 0)
		Usr 0 00:00:00, Sys 0 00:00:00  -  Run Remote Usage
		Usr 0 00:00:00, Sys 0 00:00:00  -  Run Local Usage
		Usr 0 00:00:00, Sys 0 00:00:00  -  Total Remote Usage
		Usr 0 00:00:00, Sys 0 00:00:00  -  Total Local Usage
	7426  -  Run Bytes Sent By Job
	2666  -  Run Bytes Received By Job
	7426  -  Total Bytes Sent By Job
	2666  -  Total Bytes Received By Job
	Partitionable Resources :    Usage  Request Allocated
	   Cpus                 :                 1         1
	   Disk (KB)            :      216   750000    804312
	   Memory (MB)          :              3000      3000
...
000 (2020297.007.000) 06/12 16:01:28 Job submitted from host: <129.13.101.142:9618?addrs=129.13.101.142-9618&noUDP&sock=7538_ce86_4>
...
001 (2020297.007.000) 06/12 16:01:48 Job executing on host: <129.13.102.172:9618?addrs=129.13.102.172-9618&noUDP&sock=3676647_ec97_4>
...
005 (2020297.007.000) 06/12 16:01:50 Job terminated.
	(1) Normal termination (return value 0)
		Usr 0 00:00:00, Sys 0 00:00:00  -  Run Remote Usage
		Usr 0 00:00:00, Sys 0 00:00:00  -  Run Local Usage
		Usr 0 00:00:00, Sys 0 00:00:00  -  Total Remote Usage
		Usr 0 00:00:00, Sys 0 00:00:00  -  Total Local Usage
	7426  -  Run Bytes Sent By Job
	2666  -  Run Bytes Received By Job
	7426  -  Total Bytes Sent By Job
	2666  -  Total Bytes Received By Job
	Partitionable Resources :    Usage  Request Allocated
	   Cpus                 :                 1         1
	   Disk (KB)            :      216   750000    804300
	   Memory (MB)          :              3000      3000
...
000 (2020307.007.000) 06/12 16:09:31 Job submitted from host: <129.13.101.142:9618?addrs=129.13.101.142-9618&noUDP&sock=7538_ce86_4>
...
001 (2020307.007.000) 06/12 16:09:47 Job executing on host: <129.13.102.172:9618?addrs=129.13.102.172-9618&noUDP&sock=3676647_ec97_4>
...
005 (2020307.007.000) 06/12 16:09:55 Job terminated.
	(1) Normal termination (return value 0)
		Usr 0 00:00:00, Sys 0 00:00:00  -  Run Remote Usage
		Usr 0 00:00:00, Sys 0 00:00:00  -  Run Local Usage
		Usr 0 00:00:00, Sys 0 00:00:00  -  Total Remote Usage
		Usr 0 00:00:00, Sys 0 00:00:00  -  Total Local Usage
	7621  -  Run Bytes Sent By Job
	2700  -  Run Bytes Received By Job
	7621  -  Total Bytes Sent By Job
	2700  -  Total Bytes Received By Job
	Partitionable Resources :    Usage  Request Allocated
	   Cpus                 :                 1         1
	   Disk (KB)            :      216   750000    804288
	   Memory (MB)          :              3000      3000
...
000 (2020308.007.000) 06/12 16:10:54 Job submitted from host: <129.13.101.142:9618?addrs=129.13.101.142-9618&noUDP&sock=7538_ce86_4>
...
001 (2020308.007.000) 06/12 16:11:18 Job executing on host: <129.13.102.172:9618?addrs=129.13.102.172-9618&noUDP&sock=3676647_ec97_4>
...
005 (2020308.007.000) 06/12 16:11:25 Job terminated.
	(1) Normal termination (return value 0)
		Usr 0 00:00:00, Sys 0 00:00:00  -  Run Remote Usage
		Usr 0 00:00:00, Sys 0 00:00:00  -  Run Local Usage
		Usr 0 00:00:00, Sys 0 00:00:00  -  Total Remote Usage
		Usr 0 00:00:00, Sys 0 00:00:00  -  Total Local Usage
	7617  -  Run Bytes Sent By Job
	2700  -  Run Bytes Received By Job
	7617  -  Total Bytes Sent By Job
	2700  -  Total Bytes Received By Job
	Partitionable Resources :    Usage  Request Allocated
	   Cpus                 :                 1         1
	   Disk (KB)            :      216   750000    804276
	   Memory (MB)          :              3000      3000
...
000 (2020318.007.000) 06/12 16:22:33 Job submitted from host: <129.13.101.142:9618?addrs=129.13.101.142-9618&noUDP&sock=7538_ce86_4>
...
001 (2020318.007.000) 06/12 16:22:49 Job executing on host: <129.13.101.154:9618?addrs=129.13.101.154-9618&noUDP&sock=1205_1bb6_4>
...
006 (2020318.007.000) 06/12 16:22:58 Image size of job updated: 155
	155  -  MemoryUsage of job (MB)
	159584  -  ResidentSetSize of job (KB)
...
005 (2020318.007.000) 06/12 16:23:01 Job terminated.
	(1) Normal termination (return value 0)
		Usr 0 00:00:00, Sys 0 00:00:00  -  Run Remote Usage
		Usr 0 00:00:00, Sys 0 00:00:00  -  Run Local Usage
		Usr 0 00:00:00, Sys 0 00:00:00  -  Total Remote Usage
		Usr 0 00:00:00, Sys 0 00:00:00  -  Total Local Usage
	8040  -  Run Bytes Sent By Job
	2700  -  Run Bytes Received By Job
	8040  -  Total Bytes Sent By Job
	2700  -  Total Bytes Received By Job
	Partitionable Resources :    Usage  Request Allocated
	   Cpus                 :                 1         1
	   Disk (KB)            :      214   750000   8196444
	   Memory (MB)          :      155     3000      3000
...
000 (2020324.007.000) 06/12 16:26:06 Job submitted from host: <129.13.101.142:9618?addrs=129.13.101.142-9618&noUDP&sock=7538_ce86_4>
...
001 (2020324.007.000) 06/12 16:26:19 Job executing on host: <129.13.102.169:9618?addrs=129.13.102.169-9618&noUDP&sock=1073898_98f9_4>
...
006 (2020324.007.000) 06/12 16:26:25 Image size of job updated: 82
	82  -  MemoryUsage of job (MB)
	84236  -  ResidentSetSize of job (KB)
...
005 (2020324.007.000) 06/12 16:26:25 Job terminated.
	(1) Normal termination (return value 0)
		Usr 0 00:00:00, Sys 0 00:00:00  -  Run Remote Usage
		Usr 0 00:00:00, Sys 0 00:00:00  -  Run Local Usage
		Usr 0 00:00:00, Sys 0 00:00:00  -  Total Remote Usage
		Usr 0 00:00:00, Sys 0 00:00:00  -  Total Local Usage
	8139  -  Run Bytes Sent By Job
	2700  -  Run Bytes Received By Job
	8139  -  Total Bytes Sent By Job
	2700  -  Total Bytes Received By Job
	Partitionable Resources :    Usage  Request Allocated
	   Cpus                 :                 1         1
	   Disk (KB)            :      216   750000    984399
	   Memory (MB)          :       82     3000      3000
...
000 (2020327.007.000) 06/12 16:28:07 Job submitted from host: <129.13.101.142:9618?addrs=129.13.101.142-9618&noUDP&sock=7538_ce86_4>
...
001 (2020327.007.000) 06/12 16:28:19 Job executing on host: <129.13.102.175:9618?addrs=129.13.102.175-9618&noUDP&sock=3129_2055_4>
...
005 (2020327.007.000) 06/12 16:28:26 Job terminated.
	(1) Normal termination (return value 0)
		Usr 0 00:00:00, Sys 0 00:00:00  -  Run Remote Usage
		Usr 0 00:00:00, Sys 0 00:00:00  -  Run Local Usage
		Usr 0 00:00:00, Sys 0 00:00:00  -  Total Remote Usage
		Usr 0 00:00:00, Sys 0 00:00:00  -  Total Local Usage
	7618  -  Run Bytes Sent By Job
	2700  -  Run Bytes Received By Job
	7618  -  Total Bytes Sent By Job
	2700  -  Total Bytes Received By Job
	Partitionable Resources :    Usage  Request Allocated
	   Cpus                 :                 1         1
	   Disk (KB)            :      216   750000    794030
	   Memory (MB)          :              3000      3000
...
000 (2020341.007.000) 06/12 16:52:08 Job submitted from host: <129.13.101.142:9618?addrs=129.13.101.142-9618&noUDP&sock=7538_ce86_4>
...
001 (2020341.007.000) 06/12 16:53:51 Job executing on host: <129.13.102.174:9618?addrs=129.13.102.174-9618&noUDP&sock=2246301_8a0c_4>
...
006 (2020341.007.000) 06/12 16:53:56 Image size of job updated: 171
	171  -  MemoryUsage of job (MB)
	175372  -  ResidentSetSize of job (KB)
...
005 (2020341.007.000) 06/12 16:53:56 Job terminated.
	(1) Normal termination (return value 0)
		Usr 0 00:00:00, Sys 0 00:00:00  -  Run Remote Usage
		Usr 0 00:00:00, Sys 0 00:00:00  -  Run Local Usage
		Usr 0 00:00:00, Sys 0 00:00:00  -  Total Remote Usage
		Usr 0 00:00:00, Sys 0 00:00:00  -  Total Local Usage
	7617  -  Run Bytes Sent By Job
	2700  -  Run Bytes Received By Job
	7617  -  Total Bytes Sent By Job
	2700  -  Total Bytes Received By Job
	Partitionable Resources :    Usage  Request Allocated
	   Cpus                 :                 1         1
	   Disk (KB)            :      216   750000    965022
	   Memory (MB)          :      171     3000      3000
...
000 (2020346.007.000) 06/12 16:59:59 Job submitted from host: <129.13.101.142:9618?addrs=129.13.101.142-9618&noUDP&sock=7538_ce86_4>
...
001 (2020346.007.000) 06/12 17:00:55 Job executing on host: <129.13.102.172:9618?addrs=129.13.102.172-9618&noUDP&sock=3676647_ec97_4>
...
005 (2020346.007.000) 06/12 17:01:02 Job terminated.
	(1) Normal termination (return value 0)
		Usr 0 00:00:00, Sys 0 00:00:00  -  Run Remote Usage
		Usr 0 00:00:00, Sys 0 00:00:00  -  Run Local Usage
		Usr 0 00:00:00, Sys 0 00:00:00  -  Total Remote Usage
		Usr 0 00:00:00, Sys 0 00:00:00  -  Total Local Usage
	7618  -  Run Bytes Sent By Job
	2700  -  Run Bytes Received By Job
	7618  -  Total Bytes Sent By Job
	2700  -  Total Bytes Received By Job
	Partitionable Resources :    Usage  Request Allocated
	   Cpus                 :                 1         1
	   Disk (KB)            :      216   750000    804264
	   Memory (MB)          :              3000      3000
...
000 (2020916.007.000) 06/13 11:11:31 Job submitted from host: <129.13.101.142:9618?addrs=129.13.101.142-9618&noUDP&sock=7538_ce86_4>
...
001 (2020916.007.000) 06/13 11:11:56 Job executing on host: <129.13.102.217:9618?addrs=129.13.102.217-9618&noUDP&sock=1777_c44a_4>
...
005 (2020916.007.000) 06/13 11:12:03 Job terminated.
	(1) Normal termination (return value 0)
		Usr 0 00:00:00, Sys 0 00:00:00  -  Run Remote Usage
		Usr 0 00:00:00, Sys 0 00:00:00  -  Run Local Usage
		Usr 0 00:00:00, Sys 0 00:00:00  -  Total Remote Usage
		Usr 0 00:00:00, Sys 0 00:00:00  -  Total Local Usage
	7617  -  Run Bytes Sent By Job
	2700  -  Run Bytes Received By Job
	7617  -  Total Bytes Sent By Job
	2700  -  Total Bytes Received By Job
	Partitionable Resources :    Usage  Request Allocated
	   Cpus                 :                 1         1
	   Disk (KB)            :      216   750000   1020744
	   Memory (MB)          :              3000      3000
...
000 (2020917.007.000) 06/13 12:29:46 Job submitted from host: <129.13.101.142:9618?addrs=129.13.101.142-9618&noUDP&sock=7538_ce86_4>
...
001 (2020917.007.000) 06/13 12:31:09 Job executing on host: <129.13.102.163:9618?addrs=129.13.102.163-9618&noUDP&sock=2814_1000_4>
...
006 (2020917.007.000) 06/13 12:31:16 Image size of job updated: 72
	72  -  MemoryUsage of job (MB)
	73908  -  ResidentSetSize of job (KB)
...
005 (2020917.007.000) 06/13 12:31:16 Job terminated.
	(1) Normal termination (return value 0)
		Usr 0 00:00:00, Sys 0 00:00:00  -  Run Remote Usage
		Usr 0 00:00:00, Sys 0 00:00:00  -  Run Local Usage
		Usr 0 00:00:00, Sys 0 00:00:00  -  Total Remote Usage
		Usr 0 00:00:00, Sys 0 00:00:00  -  Total Local Usage
	7618  -  Run Bytes Sent By Job
	2700  -  Run Bytes Received By Job
	7618  -  Total Bytes Sent By Job
	2700  -  Total Bytes Received By Job
	Partitionable Resources :    Usage  Request Allocated
	   Cpus                 :                 1         1
	   Disk (KB)            :      192   750000    755820
	   Memory (MB)          :       72     3000      3000
...
000 (2020918.007.000) 06/13 12:44:12 Job submitted from host: <129.13.101.142:9618?addrs=129.13.101.142-9618&noUDP&sock=7538_ce86_4>
...
001 (2020918.007.000) 06/13 12:45:37 Job executing on host: <129.13.102.163:9618?addrs=129.13.102.163-9618&noUDP&sock=2814_1000_4>
...
005 (2020918.007.000) 06/13 12:45:45 Job terminated.
	(1) Normal termination (return value 0)
		Usr 0 00:00:00, Sys 0 00:00:00  -  Run Remote Usage
		Usr 0 00:00:00, Sys 0 00:00:00  -  Run Local Usage
		Usr 0 00:00:00, Sys 0 00:00:00  -  Total Remote Usage
		Usr 0 00:00:00, Sys 0 00:00:00  -  Total Local Usage
	7618  -  Run Bytes Sent By Job
	2700  -  Run Bytes Received By Job
	7618  -  Total Bytes Sent By Job
	2700  -  Total Bytes Received By Job
	Partitionable Resources :    Usage  Request Allocated
	   Cpus                 :                 1         1
	   Disk (KB)            :      216   750000    755803
	   Memory (MB)          :              3000      3000
...
000 (2020955.007.000) 06/13 14:09:50 Job submitted from host: <129.13.101.142:9618?addrs=129.13.101.142-9618&noUDP&sock=7538_ce86_4>
...
001 (2020955.007.000) 06/13 14:10:59 Job executing on host: <129.13.102.163:9618?addrs=129.13.102.163-9618&noUDP&sock=2814_1000_4>
...
005 (2020955.007.000) 06/13 14:11:06 Job terminated.
	(1) Normal termination (return value 0)
		Usr 0 00:00:00, Sys 0 00:00:00  -  Run Remote Usage
		Usr 0 00:00:00, Sys 0 00:00:00  -  Run Local Usage
		Usr 0 00:00:00, Sys 0 00:00:00  -  Total Remote Usage
		Usr 0 00:00:00, Sys 0 00:00:00  -  Total Local Usage
	7618  -  Run Bytes Sent By Job
	2700  -  Run Bytes Received By Job
	7618  -  Total Bytes Sent By Job
	2700  -  Total Bytes Received By Job
	Partitionable Resources :    Usage  Request Allocated
	   Cpus                 :                 1         1
	   Disk (KB)            :      216   750000    755752
	   Memory (MB)          :              3000      3000
...
000 (2021132.007.000) 06/13 15:11:11 Job submitted from host: <129.13.101.142:9618?addrs=129.13.101.142-9618&noUDP&sock=7538_ce86_4>
...
001 (2021132.007.000) 06/13 15:12:31 Job executing on host: <129.13.102.163:9618?addrs=129.13.102.163-9618&noUDP&sock=2814_1000_4>
...
005 (2021132.007.000) 06/13 15:12:33 Job terminated.
	(1) Normal termination (return value 0)
		Usr 0 00:00:00, Sys 0 00:00:00  -  Run Remote Usage
		Usr 0 00:00:00, Sys 0 00:00:00  -  Run Local Usage
		Usr 0 00:00:00, Sys 0 00:00:00  -  Total Remote Usage
		Usr 0 00:00:00, Sys 0 00:00:00  -  Total Local Usage
	7618  -  Run Bytes Sent By Job
	2700  -  Run Bytes Received By Job
	7618  -  Total Bytes Sent By Job
	2700  -  Total Bytes Received By Job
	Partitionable Resources :    Usage  Request Allocated
	   Cpus                 :                 1         1
	   Disk (KB)            :      216   750000    755718
	   Memory (MB)          :              3000      3000
...
000 (2021135.007.000) 06/13 15:18:38 Job submitted from host: <129.13.101.142:9618?addrs=129.13.101.142-9618&noUDP&sock=7538_ce86_4>
...
001 (2021135.007.000) 06/13 15:19:33 Job executing on host: <129.13.102.163:9618?addrs=129.13.102.163-9618&noUDP&sock=2814_1000_4>
...
005 (2021135.007.000) 06/13 15:19:35 Job terminated.
	(1) Normal termination (return value 0)
		Usr 0 00:00:00, Sys 0 00:00:00  -  Run Remote Usage
		Usr 0 00:00:00, Sys 0 00:00:00  -  Run Local Usage
		Usr 0 00:00:00, Sys 0 00:00:00  -  Total Remote Usage
		Usr 0 00:00:00, Sys 0 00:00:00  -  Total Local Usage
	7618  -  Run Bytes Sent By Job
	2700  -  Run Bytes Received By Job
	7618  -  Total Bytes Sent By Job
	2700  -  Total Bytes Received By Job
	Partitionable Resources :    Usage  Request Allocated
	   Cpus                 :                 1         1
	   Disk (KB)            :      216   750000    755701
	   Memory (MB)          :              3000      3000
...
000 (2024946.007.000) 06/14 16:24:11 Job submitted from host: <129.13.101.142:9618?addrs=129.13.101.142-9618&noUDP&sock=7538_ce86_4>
...
000 (2024947.007.000) 06/14 16:25:01 Job submitted from host: <129.13.101.142:9618?addrs=129.13.101.142-9618&noUDP&sock=7538_ce86_4>
...
001 (2024946.007.000) 06/14 16:26:03 Job executing on host: <129.13.102.163:9618?addrs=129.13.102.163-9618&noUDP&sock=2814_1000_4>
...
001 (2024947.007.000) 06/14 16:26:04 Job executing on host: <129.13.102.147:9618?addrs=129.13.102.147-9618&noUDP&sock=2066_88e2_5>
...
006 (2024946.007.000) 06/14 16:26:11 Image size of job updated: 16
	16  -  MemoryUsage of job (MB)
	17180  -  ResidentSetSize of job (KB)
...
006 (2024947.007.000) 06/14 16:26:13 Image size of job updated: 19
	19  -  MemoryUsage of job (MB)
	19896  -  ResidentSetSize of job (KB)
...
006 (2024947.007.000) 06/14 16:26:36 Image size of job updated: 120
	120  -  MemoryUsage of job (MB)
	123648  -  ResidentSetSize of job (KB)
...
005 (2024947.007.000) 06/14 16:26:36 Job terminated.
	(1) Normal termination (return value 0)
		Usr 0 00:00:00, Sys 0 00:00:00  -  Run Remote Usage
		Usr 0 00:00:00, Sys 0 00:00:00  -  Run Local Usage
		Usr 0 00:00:00, Sys 0 00:00:00  -  Total Remote Usage
		Usr 0 00:00:00, Sys 0 00:00:00  -  Total Local Usage
	1916  -  Run Bytes Sent By Job
	3566  -  Run Bytes Received By Job
	1916  -  Total Bytes Sent By Job
	3566  -  Total Bytes Received By Job
	Partitionable Resources :    Usage  Request Allocated
	   Cpus                 :                 1         1
	   Disk (KB)            :      161   750000    981684
	   Memory (MB)          :      120      100       100
...
006 (2024946.007.000) 06/14 16:26:43 Image size of job updated: 46
	46  -  MemoryUsage of job (MB)
	47460  -  ResidentSetSize of job (KB)
...
005 (2024946.007.000) 06/14 16:26:43 Job terminated.
	(1) Normal termination (return value 0)
		Usr 0 00:00:00, Sys 0 00:00:00  -  Run Remote Usage
		Usr 0 00:00:00, Sys 0 00:00:00  -  Run Local Usage
		Usr 0 00:00:00, Sys 0 00:00:00  -  Total Remote Usage
		Usr 0 00:00:00, Sys 0 00:00:00  -  Total Local Usage
	1402  -  Run Bytes Sent By Job
	3566  -  Run Bytes Received By Job
	1402  -  Total Bytes Sent By Job
	3566  -  Total Bytes Received By Job
	Partitionable Resources :    Usage  Request Allocated
	   Cpus                 :                 1         1
	   Disk (KB)            :      161   750000    754613
	   Memory (MB)          :       46      100       100
...
