000 (2019879.009.000) 06/12 14:46:29 Job submitted from host: <129.13.101.142:9618?addrs=129.13.101.142-9618&noUDP&sock=7538_ce86_4>
...
001 (2019879.009.000) 06/12 14:46:45 Job executing on host: <129.13.102.200:9618?addrs=129.13.102.200-9618&noUDP&sock=2273_b476_4>
...
006 (2019879.009.000) 06/12 14:46:50 Image size of job updated: 79
	79  -  MemoryUsage of job (MB)
	81516  -  ResidentSetSize of job (KB)
...
005 (2019879.009.000) 06/12 14:46:51 Job terminated.
	(1) Normal termination (return value 0)
		Usr 0 00:00:00, Sys 0 00:00:00  -  Run Remote Usage
		Usr 0 00:00:00, Sys 0 00:00:00  -  Run Local Usage
		Usr 0 00:00:00, Sys 0 00:00:00  -  Total Remote Usage
		Usr 0 00:00:00, Sys 0 00:00:00  -  Total Local Usage
	2849  -  Run Bytes Sent By Job
	2644  -  Run Bytes Received By Job
	2849  -  Total Bytes Sent By Job
	2644  -  Total Bytes Received By Job
	Partitionable Resources :    Usage  Request Allocated
	   Cpus                 :                 1         1
	   Disk (KB)            :      208   750000   1031226
	   Memory (MB)          :       79     3000      3000
...
000 (2020096.009.000) 06/12 14:52:55 Job submitted from host: <129.13.101.142:9618?addrs=129.13.101.142-9618&noUDP&sock=7538_ce86_4>
...
001 (2020096.009.000) 06/12 14:53:17 Job executing on host: <129.13.102.200:9618?addrs=129.13.102.200-9618&noUDP&sock=2273_b476_4>
...
005 (2020096.009.000) 06/12 14:53:18 Job terminated.
	(1) Normal termination (return value 0)
		Usr 0 00:00:00, Sys 0 00:00:00  -  Run Remote Usage
		Usr 0 00:00:00, Sys 0 00:00:00  -  Run Local Usage
		Usr 0 00:00:00, Sys 0 00:00:00  -  Total Remote Usage
		Usr 0 00:00:00, Sys 0 00:00:00  -  Total Local Usage
	2849  -  Run Bytes Sent By Job
	2644  -  Run Bytes Received By Job
	2849  -  Total Bytes Sent By Job
	2644  -  Total Bytes Received By Job
	Partitionable Resources :    Usage  Request Allocated
	   Cpus                 :                 1         1
	   Disk (KB)            :      208   750000   1031220
	   Memory (MB)          :              3000      3000
...
000 (2024946.009.000) 06/14 16:24:11 Job submitted from host: <129.13.101.142:9618?addrs=129.13.101.142-9618&noUDP&sock=7538_ce86_4>
...
000 (2024947.009.000) 06/14 16:25:01 Job submitted from host: <129.13.101.142:9618?addrs=129.13.101.142-9618&noUDP&sock=7538_ce86_4>
...
001 (2024946.009.000) 06/14 16:26:03 Job executing on host: <129.13.102.172:9618?addrs=129.13.102.172-9618&noUDP&sock=3676647_ec97_4>
...
001 (2024947.009.000) 06/14 16:26:05 Job executing on host: <129.13.101.150:9618?addrs=129.13.101.150-9618&noUDP&sock=2949723_85eb_8>
...
006 (2024946.009.000) 06/14 16:26:12 Image size of job updated: 17
	17  -  MemoryUsage of job (MB)
	18032  -  ResidentSetSize of job (KB)
...
006 (2024947.009.000) 06/14 16:26:14 Image size of job updated: 2
	2  -  MemoryUsage of job (MB)
	2432  -  ResidentSetSize of job (KB)
...
006 (2024946.009.000) 06/14 16:28:54 Image size of job updated: 128
	128  -  MemoryUsage of job (MB)
	131072  -  ResidentSetSize of job (KB)
...
005 (2024946.009.000) 06/14 16:28:54 Job terminated.
	(1) Normal termination (return value 0)
		Usr 0 00:01:19, Sys 0 00:00:00  -  Run Remote Usage
		Usr 0 00:00:00, Sys 0 00:00:00  -  Run Local Usage
		Usr 0 00:01:19, Sys 0 00:00:00  -  Total Remote Usage
		Usr 0 00:00:00, Sys 0 00:00:00  -  Total Local Usage
	3208  -  Run Bytes Sent By Job
	3566  -  Run Bytes Received By Job
	3208  -  Total Bytes Sent By Job
	3566  -  Total Bytes Received By Job
	Partitionable Resources :    Usage  Request Allocated
	   Cpus                 :                 1         1
	   Disk (KB)            :      194   750000    799476
	   Memory (MB)          :      128      100       100
...
006 (2024947.009.000) 06/14 16:31:14 Image size of job updated: 128
	128  -  MemoryUsage of job (MB)
	131072  -  ResidentSetSize of job (KB)
...
005 (2024947.009.000) 06/14 16:32:02 Job terminated.
	(1) Normal termination (return value 0)
		Usr 0 00:03:22, Sys 0 00:00:00  -  Run Remote Usage
		Usr 0 00:00:00, Sys 0 00:00:00  -  Run Local Usage
		Usr 0 00:03:22, Sys 0 00:00:00  -  Total Remote Usage
		Usr 0 00:00:00, Sys 0 00:00:00  -  Total Local Usage
	3208  -  Run Bytes Sent By Job
	3566  -  Run Bytes Received By Job
	3208  -  Total Bytes Sent By Job
	3566  -  Total Bytes Received By Job
	Partitionable Resources :    Usage  Request Allocated
	   Cpus                 :                 1         1
	   Disk (KB)            :      233   750000   6141719
	   Memory (MB)          :      128      100       100
...
