/var/lib/condor/execute/dir_900421
arguments:
CMS_jj_2000_ZprimeWW_13TeV_CMS_jj_WWHP_asymptoticCLs_new.root /usr/users/dschaefer/CMSSW_7_4_7/src/DijetCombineLimitCode/Limits/newSF/ 2000 CMS_jj_bkg_VValt_13TeV.root CMS_jj_altZprimeWW_2000_13TeV.root CMS_jj_altZprimeWW_2000_13TeV_CMS_jj_WWHP.txt /usr/users/dschaefer/CMSSW_7_4_7/src/DijetCombineLimitCode/ datacard: CMS_jj_altZprimeWW_2000_13TeV_CMS_jj_WWHP.txt
combine CMS_jj_altZprimeWW_2000_13TeV_CMS_jj_WWHP.txt.txt -M Asymptotic -m 2000 -n test --rMax 100 --rMin 0.000001
>>> including systematics
>>> method used to compute upper limit is Asymptotic
>>> random number generator seed is 123456
[?1034hComputing limit starting from observation
Will compute both limit(s) using minimizer Minuit2 with strategy 0 and tolerance 0.01
  [WARNING] Found [CMS_bkg_fit_slope1_CMS_jj_WWHP_13TeV] at boundary. 
  [WARNING] Found [bkg_fit_slope4_CMS_jj_WWHP] at boundary. 
Constraints of type RooGaussian: 2
Constraints of type SimpleGaussianConstraint: 3
Median for expected limits: 0.534668
Sigma  for expected limits: 0.272795
Constraints of type RooGaussian: 2
Constraints of type SimpleGaussianConstraint: 3
Constraints of type RooGaussian: 2
Constraints of type SimpleGaussianConstraint: 3
Restricting r to positive values.

Make global fit of real data
NLL at global minimum of data: -104.756 (r = 0.200975)

Make global fit of asimov data
NLL at global minimum of asimov: -112.076 (r = 0.00294181)
At r = 6.200975:	q_mu = 75.18704	q_A  = 107.88863	CLsb = 0.00000	CLb  = 0.95691	CLs  = 0.00000
At r = 3.200975:	q_mu = 27.00701	q_A  = 49.13422	CLsb = 0.00000	CLb  = 0.96507	CLs  = 0.00000
At r = 1.700975:	q_mu = 9.16372	q_A  = 21.41482	CLsb = 0.00123	CLb  = 0.94525	CLs  = 0.00131
At r = 0.950975:	q_mu = 2.61542	q_A  = 9.25127	CLsb = 0.05291	CLb  = 0.92283	CLs  = 0.05734
At r = 1.325975:	q_mu = 5.72601	q_A  = 15.08773	CLsb = 0.00836	CLb  = 0.93207	CLs  = 0.00897
At r = 1.138475:	q_mu = 4.16239	q_A  = 12.09736	CLsb = 0.02067	CLb  = 0.92477	CLs  = 0.02235
At r = 1.010278:	q_mu = 3.10092	q_A  = 10.13156	CLsb = 0.03912	CLb  = 0.92250	CLs  = 0.04241
At r = 0.984382:	q_mu = 2.88984	q_A  = 9.74500	CLsb = 0.04457	CLb  = 0.92245	CLs  = 0.04832
At r = 0.972355:	q_mu = 2.79136	q_A  = 9.56673	CLsb = 0.04739	CLb  = 0.92253	CLs  = 0.05137
At r = 0.978999:	q_mu = 2.84575	q_A  = 9.66511	CLsb = 0.04581	CLb  = 0.92248	CLs  = 0.04966
At r = 0.976590:	q_mu = 2.82603	q_A  = 9.62941	CLsb = 0.04637	CLb  = 0.92249	CLs  = 0.05027

 -- Asymptotic -- 
Observed Limit: r < 0.9766
Expected  2.5%: r < 0.2600
Expected 16.0%: r < 0.3619
Expected 50.0%: r < 0.5347
Expected 84.0%: r < 0.8096
Expected 97.5%: r < 1.1826

Done in 3.88 min (cpu), 21.97 min (real)
### end of job ###
