/var/lib/condor/execute/dir_709773
arguments:
CMS_jj_2300_ZprimeWW_13TeV_CMS_jj_WZHP_asymptoticCLs_new.root /usr/users/dschaefer/CMSSW_7_4_7/src/DijetCombineLimitCode/Limits/newSF/ 2300 CMS_jj_bkg_VValt_13TeV.root CMS_jj_altZprimeWW_2300_13TeV.root CMS_jj_altZprimeWW_2300_13TeV_CMS_jj_WZHP.txt /usr/users/dschaefer/CMSSW_7_4_7/src/DijetCombineLimitCode/ datacard: CMS_jj_altZprimeWW_2300_13TeV_CMS_jj_WZHP.txt
combine CMS_jj_altZprimeWW_2300_13TeV_CMS_jj_WZHP.txt.txt -M Asymptotic -m 2300 -n test --rMax 100 --rMin 0.000001
>>> including systematics
>>> method used to compute upper limit is Asymptotic
>>> random number generator seed is 123456
[?1034hComputing limit starting from observation
Will compute both limit(s) using minimizer Minuit2 with strategy 0 and tolerance 0.01
  [WARNING] Found [bkg_fit_slope4_CMS_jj_WZHP] at boundary. 
Constraints of type RooGaussian: 2
Constraints of type SimpleGaussianConstraint: 3
Median for expected limits: 0.661621
Sigma  for expected limits: 0.337568
Constraints of type RooGaussian: 2
Constraints of type SimpleGaussianConstraint: 3
Constraints of type RooGaussian: 2
Constraints of type SimpleGaussianConstraint: 3
Restricting r to positive values.

Make global fit of real data
NLL at global minimum of data: -84.7208 (r = 1.43398e-08)

Make global fit of asimov data
NLL at global minimum of asimov: -78.824 (r = 1.57368e-07)
At r = 6.000000:	q_mu = 54.40698	q_A  = 77.36474	CLsb = 0.00000	CLb  = 0.92214	CLs  = 0.00000
At r = 3.000000:	q_mu = 23.08875	q_A  = 33.29993	CLsb = 0.00000	CLb  = 0.83286	CLs  = 0.00000
At r = 1.500000:	q_mu = 12.28166	q_A  = 13.17319	CLsb = 0.00023	CLb  = 0.54973	CLs  = 0.00042
At r = 0.750000:	q_mu = 7.83168	q_A  = 4.69473	CLsb = 0.00192	CLb  = 0.23457	CLs  = 0.00820
At r = 0.375000:	q_mu = 4.88648	q_A  = 1.51052	CLsb = 0.00463	CLb  = 0.08481	CLs  = 0.05457
At r = 0.562500:	q_mu = 6.69498	q_A  = 2.96830	CLsb = 0.00252	CLb  = 0.13973	CLs  = 0.01804
At r = 0.424347:	q_mu = 5.48317	q_A  = 1.86249	CLsb = 0.00356	CLb  = 0.09233	CLs  = 0.03855
At r = 0.394800:	q_mu = 5.13256	q_A  = 1.64901	CLsb = 0.00414	CLb  = 0.08749	CLs  = 0.04731
At r = 0.384701:	q_mu = 5.00796	q_A  = 1.57462	CLsb = 0.00436	CLb  = 0.08565	CLs  = 0.05090
At r = 0.388689:	q_mu = 5.05738	q_A  = 1.60256	CLsb = 0.00426	CLb  = 0.08620	CLs  = 0.04946
At r = 0.386684:	q_mu = 5.03256	q_A  = 1.58849	CLsb = 0.00431	CLb  = 0.08592	CLs  = 0.05018
At r = 0.387480:	q_mu = 5.04242	q_A  = 1.59407	CLsb = 0.00429	CLb  = 0.08603	CLs  = 0.04989

 -- Asymptotic -- 
Observed Limit: r < 0.3875
Expected  2.5%: r < 0.3166
Expected 16.0%: r < 0.4419
Expected 50.0%: r < 0.6616
Expected 84.0%: r < 1.0124
Expected 97.5%: r < 1.4926

Done in 1.28 min (cpu), 1.28 min (real)
### end of job ###
