/var/lib/condor/execute/dir_1288635
arguments:
CMS_jj_2400_ZprimeWW_13TeV_CMS_jj_WWHP_asymptoticCLs_new.root /usr/users/dschaefer/CMSSW_7_4_7/src/DijetCombineLimitCode/Limits/newSF/ 2400 CMS_jj_bkg_VValt_13TeV.root CMS_jj_altZprimeWW_2400_13TeV.root CMS_jj_altZprimeWW_2400_13TeV_CMS_jj_WWHP.txt /usr/users/dschaefer/CMSSW_7_4_7/src/DijetCombineLimitCode/ datacard: CMS_jj_altZprimeWW_2400_13TeV_CMS_jj_WWHP.txt
combine CMS_jj_altZprimeWW_2400_13TeV_CMS_jj_WWHP.txt.txt -M Asymptotic -m 2400 -n test --rMax 100 --rMin 0.000001
>>> including systematics
>>> method used to compute upper limit is Asymptotic
>>> random number generator seed is 123456
[?1034hComputing limit starting from observation
Will compute both limit(s) using minimizer Minuit2 with strategy 0 and tolerance 0.01
  [WARNING] Found [CMS_bkg_fit_slope1_CMS_jj_WWHP_13TeV] at boundary. 
  [WARNING] Found [bkg_fit_slope4_CMS_jj_WWHP] at boundary. 
Constraints of type RooGaussian: 2
Constraints of type SimpleGaussianConstraint: 3
Median for expected limits: 0.418701
Sigma  for expected limits: 0.213627
Constraints of type RooGaussian: 2
Constraints of type SimpleGaussianConstraint: 3
Constraints of type RooGaussian: 2
Constraints of type SimpleGaussianConstraint: 3
Restricting r to positive values.

Make global fit of real data
NLL at global minimum of data: -109.521 (r = 4.82159e-09)

Make global fit of asimov data
NLL at global minimum of asimov: -101.79 (r = 9.35745e-06)
At r = 6.000000:	q_mu = 114.08076	q_A  = 107.02297	CLsb = 0.00000	CLb  = 0.36651	CLs  = 0.00000
At r = 3.000000:	q_mu = 56.90911	q_A  = 49.57753	CLsb = 0.00000	CLb  = 0.30131	CLs  = 0.00000
At r = 1.500000:	q_mu = 27.57899	q_A  = 21.60567	CLsb = 0.00000	CLb  = 0.26026	CLs  = 0.00000
At r = 0.750000:	q_mu = 12.85596	q_A  = 8.77923	CLsb = 0.00013	CLb  = 0.24574	CLs  = 0.00053
At r = 0.375000:	q_mu = 5.47696	q_A  = 3.26929	CLsb = 0.00779	CLb  = 0.27077	CLs  = 0.02877
At r = 0.187500:	q_mu = 1.77794	q_A  = 1.10449	CLsb = 0.08513	CLb  = 0.37433	CLs  = 0.22743
At r = 0.281250:	q_mu = 3.62860	q_A  = 2.10852	CLsb = 0.02411	CLb  = 0.30034	CLs  = 0.08026
At r = 0.334598:	q_mu = 4.68090	q_A  = 2.75323	CLsb = 0.01254	CLb  = 0.28066	CLs  = 0.04468
At r = 0.315733:	q_mu = 4.30879	q_A  = 2.52024	CLsb = 0.01574	CLb  = 0.28661	CLs  = 0.05493
At r = 0.326380:	q_mu = 4.51877	q_A  = 2.65106	CLsb = 0.01384	CLb  = 0.28314	CLs  = 0.04889
At r = 0.322605:	q_mu = 4.44429	q_A  = 2.60447	CLsb = 0.01449	CLb  = 0.28433	CLs  = 0.05095
At r = 0.324734:	q_mu = 4.48625	q_A  = 2.63068	CLsb = 0.01412	CLb  = 0.28365	CLs  = 0.04978
At r = 0.323980:	q_mu = 4.47137	q_A  = 2.62137	CLsb = 0.01425	CLb  = 0.28389	CLs  = 0.05019

 -- Asymptotic -- 
Observed Limit: r < 0.3240
Expected  2.5%: r < 0.1905
Expected 16.0%: r < 0.2716
Expected 50.0%: r < 0.4187
Expected 84.0%: r < 0.6640
Expected 97.5%: r < 1.0115

Done in 6.15 min (cpu), 63.26 min (real)
### end of job ###
